22:02:48.831 [main] DEBUG - Parsing relationship: /_rels/.rels
22:02:48.848 [main] DEBUG - Save content types part
22:02:48.849 [main] DEBUG - Save package relationships
22:02:48.849 [main] DEBUG - Save part 'docProps/app.xml'
22:02:48.849 [main] DEBUG - Save part 'docProps/core.xml'
22:02:48.850 [main] DEBUG - Save part 'docProps/custom.xml'
22:02:48.850 [main] DEBUG - Save part 'xl/sharedStrings.xml'
22:02:48.850 [main] DEBUG - Save part 'xl/styles.xml'
22:02:48.850 [main] DEBUG - Save part 'xl/theme/theme1.xml'
22:02:48.850 [main] DEBUG - Save part 'xl/workbook.xml'
22:02:48.851 [main] DEBUG - Save part 'xl/worksheets/sheet1.xml'
22:02:48.851 [main] DEBUG - Save part 'xl/worksheets/sheet2.xml'
22:02:48.851 [main] DEBUG - Save part 'xl/worksheets/sheet3.xml'
22:02:48.851 [main] DEBUG - Save part 'xl/worksheets/sheet4.xml'
22:02:48.853 [main] DEBUG - Parsing relationship: /xl/_rels/workbook.xml.rels
22:02:48.853 [main] DEBUG - Parsing relationship: /_rels/.rels
22:02:48.865 [main] DEBUG - Save content types part
22:02:48.866 [main] DEBUG - Save package relationships
22:02:48.866 [main] DEBUG - Save part 'docProps/app.xml'
22:02:48.866 [main] DEBUG - Save part 'docProps/core.xml'
22:02:48.867 [main] DEBUG - Save part 'docProps/custom.xml'
22:02:48.867 [main] DEBUG - Save part 'xl/sharedStrings.xml'
22:02:48.867 [main] DEBUG - Save part 'xl/styles.xml'
22:02:48.867 [main] DEBUG - Save part 'xl/theme/theme1.xml'
22:02:48.867 [main] DEBUG - Save part 'xl/workbook.xml'
22:02:48.868 [main] DEBUG - Save part 'xl/worksheets/sheet1.xml'
22:02:48.868 [main] DEBUG - Save part 'xl/worksheets/sheet2.xml'
22:02:48.868 [main] DEBUG - Save part 'xl/worksheets/sheet3.xml'
22:02:48.868 [main] DEBUG - Save part 'xl/worksheets/sheet4.xml'
22:02:48.886 [main] DEBUG - Parsing relationship: /xl/_rels/workbook.xml.rels
22:02:48.886 [main] DEBUG - Parsing relationship: /_rels/.rels
22:02:48.893 [main] DEBUG - Save content types part
22:02:48.893 [main] DEBUG - Save package relationships
22:02:48.893 [main] DEBUG - Save part 'docProps/app.xml'
22:02:48.894 [main] DEBUG - Save part 'docProps/core.xml'
22:02:48.894 [main] DEBUG - Save part 'docProps/custom.xml'
22:02:48.894 [main] DEBUG - Save part 'xl/sharedStrings.xml'
22:02:48.894 [main] DEBUG - Save part 'xl/styles.xml'
22:02:48.895 [main] DEBUG - Save part 'xl/theme/theme1.xml'
22:02:48.895 [main] DEBUG - Save part 'xl/workbook.xml'
22:02:48.895 [main] DEBUG - Save part 'xl/worksheets/sheet1.xml'
22:02:48.895 [main] DEBUG - Save part 'xl/worksheets/sheet2.xml'
22:02:48.895 [main] DEBUG - Save part 'xl/worksheets/sheet3.xml'
22:02:48.896 [main] DEBUG - Save part 'xl/worksheets/sheet4.xml'
22:02:48.898 [main] DEBUG - Parsing relationship: /xl/_rels/workbook.xml.rels
22:02:48.899 [main] DEBUG - Parsing relationship: /_rels/.rels
22:02:48.909 [main] DEBUG - Save content types part
22:02:48.910 [main] DEBUG - Save package relationships
22:02:48.910 [main] DEBUG - Save part 'docProps/app.xml'
22:02:48.910 [main] DEBUG - Save part 'docProps/core.xml'
22:02:48.911 [main] DEBUG - Save part 'docProps/custom.xml'
22:02:48.911 [main] DEBUG - Save part 'xl/sharedStrings.xml'
22:02:48.911 [main] DEBUG - Save part 'xl/styles.xml'
22:02:48.911 [main] DEBUG - Save part 'xl/theme/theme1.xml'
22:02:48.911 [main] DEBUG - Save part 'xl/workbook.xml'
22:02:48.911 [main] DEBUG - Save part 'xl/worksheets/sheet1.xml'
22:02:48.912 [main] DEBUG - Save part 'xl/worksheets/sheet2.xml'
22:02:48.912 [main] DEBUG - Save part 'xl/worksheets/sheet3.xml'
22:02:48.912 [main] DEBUG - Save part 'xl/worksheets/sheet4.xml'
22:02:48.914 [main] DEBUG - Parsing relationship: /xl/_rels/workbook.xml.rels
22:02:48.914 [main] DEBUG - Parsing relationship: /_rels/.rels
22:02:48.926 [main] DEBUG - Save content types part
22:02:48.927 [main] DEBUG - Save package relationships
22:02:48.927 [main] DEBUG - Save part 'docProps/app.xml'
22:02:48.927 [main] DEBUG - Save part 'docProps/core.xml'
22:02:48.928 [main] DEBUG - Save part 'docProps/custom.xml'
22:02:48.928 [main] DEBUG - Save part 'xl/sharedStrings.xml'
22:02:48.928 [main] DEBUG - Save part 'xl/styles.xml'
22:02:48.928 [main] DEBUG - Save part 'xl/theme/theme1.xml'
22:02:48.928 [main] DEBUG - Save part 'xl/workbook.xml'
22:02:48.929 [main] DEBUG - Save part 'xl/worksheets/sheet1.xml'
22:02:48.929 [main] DEBUG - Save part 'xl/worksheets/sheet2.xml'
22:02:48.929 [main] DEBUG - Save part 'xl/worksheets/sheet3.xml'
22:02:48.929 [main] DEBUG - Save part 'xl/worksheets/sheet4.xml'
22:02:48.955 [main] DEBUG - Parsing relationship: /xl/_rels/workbook.xml.rels
22:02:48.955 [main] DEBUG - Parsing relationship: /_rels/.rels
22:02:48.961 [main] DEBUG - Save content types part
22:02:48.962 [main] DEBUG - Save package relationships
22:02:48.963 [main] DEBUG - Save part 'docProps/app.xml'
22:02:48.963 [main] DEBUG - Save part 'docProps/core.xml'
22:02:48.963 [main] DEBUG - Save part 'docProps/custom.xml'
22:02:48.963 [main] DEBUG - Save part 'xl/sharedStrings.xml'
22:02:48.963 [main] DEBUG - Save part 'xl/styles.xml'
22:02:48.964 [main] DEBUG - Save part 'xl/theme/theme1.xml'
22:02:48.964 [main] DEBUG - Save part 'xl/workbook.xml'
22:02:48.965 [main] DEBUG - Save part 'xl/worksheets/sheet1.xml'
22:02:48.965 [main] DEBUG - Save part 'xl/worksheets/sheet2.xml'
22:02:48.965 [main] DEBUG - Save part 'xl/worksheets/sheet3.xml'
22:02:48.965 [main] DEBUG - Save part 'xl/worksheets/sheet4.xml'
22:02:48.967 [main] DEBUG - Parsing relationship: /xl/_rels/workbook.xml.rels
22:02:48.968 [main] DEBUG - Parsing relationship: /_rels/.rels
22:02:48.977 [main] DEBUG - Save content types part
22:02:48.978 [main] DEBUG - Save package relationships
22:02:48.978 [main] DEBUG - Save part 'docProps/app.xml'
22:02:48.978 [main] DEBUG - Save part 'docProps/core.xml'
22:02:48.979 [main] DEBUG - Save part 'docProps/custom.xml'
22:02:48.979 [main] DEBUG - Save part 'xl/sharedStrings.xml'
22:02:48.979 [main] DEBUG - Save part 'xl/styles.xml'
22:02:48.979 [main] DEBUG - Save part 'xl/theme/theme1.xml'
22:02:48.979 [main] DEBUG - Save part 'xl/workbook.xml'
22:02:48.980 [main] DEBUG - Save part 'xl/worksheets/sheet1.xml'
22:02:48.980 [main] DEBUG - Save part 'xl/worksheets/sheet2.xml'
22:02:48.980 [main] DEBUG - Save part 'xl/worksheets/sheet3.xml'
22:02:48.980 [main] DEBUG - Save part 'xl/worksheets/sheet4.xml'
22:02:48.982 [main] DEBUG - Parsing relationship: /xl/_rels/workbook.xml.rels
22:02:48.982 [main] DEBUG - Parsing relationship: /_rels/.rels
22:02:48.991 [main] DEBUG - Save content types part
22:02:48.991 [main] DEBUG - Save package relationships
22:02:48.991 [main] DEBUG - Save part 'docProps/app.xml'
22:02:48.991 [main] DEBUG - Save part 'docProps/core.xml'
22:02:48.992 [main] DEBUG - Save part 'docProps/custom.xml'
22:02:48.992 [main] DEBUG - Save part 'xl/sharedStrings.xml'
22:02:48.992 [main] DEBUG - Save part 'xl/styles.xml'
22:02:48.992 [main] DEBUG - Save part 'xl/theme/theme1.xml'
22:02:48.992 [main] DEBUG - Save part 'xl/workbook.xml'
22:02:48.993 [main] DEBUG - Save part 'xl/worksheets/sheet1.xml'
22:02:48.993 [main] DEBUG - Save part 'xl/worksheets/sheet2.xml'
22:02:48.993 [main] DEBUG - Save part 'xl/worksheets/sheet3.xml'
22:02:48.993 [main] DEBUG - Save part 'xl/worksheets/sheet4.xml'
22:02:49.010 [main] DEBUG - Parsing relationship: /xl/_rels/workbook.xml.rels
22:02:49.010 [main] DEBUG - Parsing relationship: /_rels/.rels
22:02:49.017 [main] DEBUG - Save content types part
22:02:49.018 [main] DEBUG - Save package relationships
22:02:49.018 [main] DEBUG - Save part 'docProps/app.xml'
22:02:49.019 [main] DEBUG - Save part 'docProps/core.xml'
22:02:49.019 [main] DEBUG - Save part 'docProps/custom.xml'
22:02:49.019 [main] DEBUG - Save part 'xl/sharedStrings.xml'
22:02:49.021 [main] DEBUG - Save part 'xl/styles.xml'
22:02:49.022 [main] DEBUG - Save part 'xl/theme/theme1.xml'
22:02:49.022 [main] DEBUG - Save part 'xl/workbook.xml'
22:02:49.023 [main] DEBUG - Save part 'xl/worksheets/sheet1.xml'
22:02:49.023 [main] DEBUG - Save part 'xl/worksheets/sheet2.xml'
22:02:49.024 [main] DEBUG - Save part 'xl/worksheets/sheet3.xml'
22:02:49.024 [main] DEBUG - Save part 'xl/worksheets/sheet4.xml'
22:02:49.033 [main] DEBUG - Parsing relationship: /xl/_rels/workbook.xml.rels
22:02:49.034 [main] DEBUG - Parsing relationship: /_rels/.rels
22:02:49.042 [main] DEBUG - Save content types part
22:02:49.042 [main] DEBUG - Save package relationships
22:02:49.043 [main] DEBUG - Save part 'docProps/app.xml'
22:02:49.043 [main] DEBUG - Save part 'docProps/core.xml'
22:02:49.043 [main] DEBUG - Save part 'docProps/custom.xml'
22:02:49.043 [main] DEBUG - Save part 'xl/sharedStrings.xml'
22:02:49.043 [main] DEBUG - Save part 'xl/styles.xml'
22:02:49.043 [main] DEBUG - Save part 'xl/theme/theme1.xml'
22:02:49.044 [main] DEBUG - Save part 'xl/workbook.xml'
22:02:49.044 [main] DEBUG - Save part 'xl/worksheets/sheet1.xml'
22:02:49.044 [main] DEBUG - Save part 'xl/worksheets/sheet2.xml'
22:02:49.044 [main] DEBUG - Save part 'xl/worksheets/sheet3.xml'
22:02:49.044 [main] DEBUG - Save part 'xl/worksheets/sheet4.xml'
22:02:49.046 [main] DEBUG - Parsing relationship: /xl/_rels/workbook.xml.rels
22:02:49.046 [main] DEBUG - Parsing relationship: /_rels/.rels
22:02:49.055 [main] DEBUG - Save content types part
22:02:49.055 [main] DEBUG - Save package relationships
22:02:49.055 [main] DEBUG - Save part 'docProps/app.xml'
22:02:49.055 [main] DEBUG - Save part 'docProps/core.xml'
22:02:49.056 [main] DEBUG - Save part 'docProps/custom.xml'
22:02:49.056 [main] DEBUG - Save part 'xl/sharedStrings.xml'
22:02:49.056 [main] DEBUG - Save part 'xl/styles.xml'
22:02:49.056 [main] DEBUG - Save part 'xl/theme/theme1.xml'
22:02:49.056 [main] DEBUG - Save part 'xl/workbook.xml'
22:02:49.057 [main] DEBUG - Save part 'xl/worksheets/sheet1.xml'
22:02:49.057 [main] DEBUG - Save part 'xl/worksheets/sheet2.xml'
22:02:49.057 [main] DEBUG - Save part 'xl/worksheets/sheet3.xml'
22:02:49.057 [main] DEBUG - Save part 'xl/worksheets/sheet4.xml'
22:02:49.075 [main] DEBUG - Parsing relationship: /xl/_rels/workbook.xml.rels
22:02:49.075 [main] DEBUG - Parsing relationship: /_rels/.rels
22:02:49.084 [main] DEBUG - Save content types part
22:02:49.084 [main] DEBUG - Save package relationships
22:02:49.085 [main] DEBUG - Save part 'docProps/app.xml'
22:02:49.085 [main] DEBUG - Save part 'docProps/core.xml'
22:02:49.085 [main] DEBUG - Save part 'docProps/custom.xml'
22:02:49.086 [main] DEBUG - Save part 'xl/sharedStrings.xml'
22:02:49.086 [main] DEBUG - Save part 'xl/styles.xml'
22:02:49.086 [main] DEBUG - Save part 'xl/theme/theme1.xml'
22:02:49.086 [main] DEBUG - Save part 'xl/workbook.xml'
22:02:49.087 [main] DEBUG - Save part 'xl/worksheets/sheet1.xml'
22:02:49.087 [main] DEBUG - Save part 'xl/worksheets/sheet2.xml'
22:02:49.087 [main] DEBUG - Save part 'xl/worksheets/sheet3.xml'
22:02:49.087 [main] DEBUG - Save part 'xl/worksheets/sheet4.xml'
22:02:49.090 [main] DEBUG - Parsing relationship: /xl/_rels/workbook.xml.rels
22:02:49.090 [main] DEBUG - Parsing relationship: /_rels/.rels
22:02:49.099 [main] DEBUG - Save content types part
22:02:49.099 [main] DEBUG - Save package relationships
22:02:49.099 [main] DEBUG - Save part 'docProps/app.xml'
22:02:49.099 [main] DEBUG - Save part 'docProps/core.xml'
22:02:49.100 [main] DEBUG - Save part 'docProps/custom.xml'
22:02:49.100 [main] DEBUG - Save part 'xl/sharedStrings.xml'
22:02:49.100 [main] DEBUG - Save part 'xl/styles.xml'
22:02:49.100 [main] DEBUG - Save part 'xl/theme/theme1.xml'
22:02:49.100 [main] DEBUG - Save part 'xl/workbook.xml'
22:02:49.100 [main] DEBUG - Save part 'xl/worksheets/sheet1.xml'
22:02:49.101 [main] DEBUG - Save part 'xl/worksheets/sheet2.xml'
22:02:49.101 [main] DEBUG - Save part 'xl/worksheets/sheet3.xml'
22:02:49.101 [main] DEBUG - Save part 'xl/worksheets/sheet4.xml'
22:02:49.103 [main] DEBUG - Parsing relationship: /xl/_rels/workbook.xml.rels
22:02:49.103 [main] DEBUG - Parsing relationship: /_rels/.rels
22:02:49.111 [main] DEBUG - Save content types part
22:02:49.112 [main] DEBUG - Save package relationships
22:02:49.112 [main] DEBUG - Save part 'docProps/app.xml'
22:02:49.112 [main] DEBUG - Save part 'docProps/core.xml'
22:02:49.113 [main] DEBUG - Save part 'docProps/custom.xml'
22:02:49.113 [main] DEBUG - Save part 'xl/sharedStrings.xml'
22:02:49.113 [main] DEBUG - Save part 'xl/styles.xml'
22:02:49.113 [main] DEBUG - Save part 'xl/theme/theme1.xml'
22:02:49.113 [main] DEBUG - Save part 'xl/workbook.xml'
22:02:49.114 [main] DEBUG - Save part 'xl/worksheets/sheet1.xml'
22:02:49.114 [main] DEBUG - Save part 'xl/worksheets/sheet2.xml'
22:02:49.114 [main] DEBUG - Save part 'xl/worksheets/sheet3.xml'
22:02:49.114 [main] DEBUG - Save part 'xl/worksheets/sheet4.xml'
22:02:49.131 [main] DEBUG - Parsing relationship: /xl/_rels/workbook.xml.rels
22:02:49.131 [main] DEBUG - Parsing relationship: /_rels/.rels
22:02:49.140 [main] DEBUG - Save content types part
22:02:49.140 [main] DEBUG - Save package relationships
22:02:49.140 [main] DEBUG - Save part 'docProps/app.xml'
22:02:49.141 [main] DEBUG - Save part 'docProps/core.xml'
22:02:49.141 [main] DEBUG - Save part 'docProps/custom.xml'
22:02:49.141 [main] DEBUG - Save part 'xl/sharedStrings.xml'
22:02:49.141 [main] DEBUG - Save part 'xl/styles.xml'
22:02:49.141 [main] DEBUG - Save part 'xl/theme/theme1.xml'
22:02:49.142 [main] DEBUG - Save part 'xl/workbook.xml'
22:02:49.142 [main] DEBUG - Save part 'xl/worksheets/sheet1.xml'
22:02:49.142 [main] DEBUG - Save part 'xl/worksheets/sheet2.xml'
22:02:49.142 [main] DEBUG - Save part 'xl/worksheets/sheet3.xml'
22:02:49.142 [main] DEBUG - Save part 'xl/worksheets/sheet4.xml'
22:02:49.144 [main] DEBUG - Parsing relationship: /xl/_rels/workbook.xml.rels
22:02:49.145 [main] DEBUG - Parsing relationship: /_rels/.rels
22:02:49.153 [main] DEBUG - Save content types part
22:02:49.154 [main] DEBUG - Save package relationships
22:02:49.154 [main] DEBUG - Save part 'docProps/app.xml'
22:02:49.154 [main] DEBUG - Save part 'docProps/core.xml'
22:02:49.154 [main] DEBUG - Save part 'docProps/custom.xml'
22:02:49.155 [main] DEBUG - Save part 'xl/sharedStrings.xml'
22:02:49.155 [main] DEBUG - Save part 'xl/styles.xml'
22:02:49.155 [main] DEBUG - Save part 'xl/theme/theme1.xml'
22:02:49.155 [main] DEBUG - Save part 'xl/workbook.xml'
22:02:49.155 [main] DEBUG - Save part 'xl/worksheets/sheet1.xml'
22:02:49.155 [main] DEBUG - Save part 'xl/worksheets/sheet2.xml'
22:02:49.155 [main] DEBUG - Save part 'xl/worksheets/sheet3.xml'
22:02:49.156 [main] DEBUG - Save part 'xl/worksheets/sheet4.xml'
22:02:49.158 [main] DEBUG - Parsing relationship: /xl/_rels/workbook.xml.rels
22:02:49.158 [main] DEBUG - Parsing relationship: /_rels/.rels
22:02:49.166 [main] DEBUG - Save content types part
22:02:49.167 [main] DEBUG - Save package relationships
22:02:49.167 [main] DEBUG - Save part 'docProps/app.xml'
22:02:49.167 [main] DEBUG - Save part 'docProps/core.xml'
22:02:49.167 [main] DEBUG - Save part 'docProps/custom.xml'
22:02:49.167 [main] DEBUG - Save part 'xl/sharedStrings.xml'
22:02:49.168 [main] DEBUG - Save part 'xl/styles.xml'
22:02:49.168 [main] DEBUG - Save part 'xl/theme/theme1.xml'
22:02:49.168 [main] DEBUG - Save part 'xl/workbook.xml'
22:02:49.168 [main] DEBUG - Save part 'xl/worksheets/sheet1.xml'
22:02:49.168 [main] DEBUG - Save part 'xl/worksheets/sheet2.xml'
22:02:49.168 [main] DEBUG - Save part 'xl/worksheets/sheet3.xml'
22:02:49.168 [main] DEBUG - Save part 'xl/worksheets/sheet4.xml'
23:18:52.179 [main] INFO  - Goto my account-->Click on Login.. 
23:18:52.524 [main] INFO  - Entering email and password.. 
23:19:06.323 [main] DEBUG - Parsing relationship: /xl/_rels/workbook.xml.rels
23:19:06.324 [main] DEBUG - Parsing relationship: /_rels/.rels
23:19:06.391 [main] TRACE - Loading type system org.apache.poi.schemas.ooxml.system.ooxml
23:19:06.392 [main] TRACE - Loading type system org.apache.xmlbeans.metadata.system.sXMLCONFIG
23:19:06.393 [main] TRACE - Loading type system org.apache.xmlbeans.metadata.system.sXMLLANG
23:19:06.393 [main] TRACE - Loading type system org.apache.xmlbeans.metadata.system.sXMLSCHEMA
23:19:06.393 [main] TRACE - Loading type system org.apache.xmlbeans.metadata.system.sXMLTOOLS
23:19:06.394 [main] TRACE - Reading unresolved handles for type system org.apache.xmlbeans.metadata.system.sXMLTOOLS
23:19:06.399 [main] TRACE - Finished loading type system org.apache.xmlbeans.metadata.system.sXMLTOOLS
23:19:06.400 [main] TRACE - Reading unresolved handles for type system org.apache.xmlbeans.metadata.system.sXMLSCHEMA
23:19:06.403 [main] TRACE - Finished loading type system org.apache.xmlbeans.metadata.system.sXMLSCHEMA
23:19:06.403 [main] TRACE - Reading unresolved handles for type system org.apache.xmlbeans.metadata.system.sXMLLANG
23:19:06.403 [main] TRACE - Finished loading type system org.apache.xmlbeans.metadata.system.sXMLLANG
23:19:06.403 [main] TRACE - Reading unresolved handles for type system org.apache.xmlbeans.metadata.system.sXMLCONFIG
23:19:06.404 [main] TRACE - Finished loading type system org.apache.xmlbeans.metadata.system.sXMLCONFIG
23:19:06.404 [main] TRACE - Reading unresolved handles for type system org.apache.poi.schemas.ooxml.system.ooxml
23:19:06.437 [main] TRACE - Finished loading type system org.apache.poi.schemas.ooxml.system.ooxml
23:19:06.438 [main] TRACE - Resolving type for handle themefd26doctype
23:19:06.459 [main] TRACE - Resolving type for handle stylesheet5d8bdoctype
23:19:06.469 [main] TRACE - Resolving type for handle ctstylesheet4257type
23:19:06.471 [main] TRACE - Resolving type for handle ctnumfmtsb58btype
23:19:06.472 [main] TRACE - Resolving type for handle ctnumfmt3870type
23:19:06.474 [main] TRACE - Resolving type for handle stnumfmtid76fbtype
23:19:06.476 [main] TRACE - Resolving type for handle stxstringf179type
23:19:06.477 [main] TRACE - Resolving type for handle ctfonts6623type
23:19:06.479 [main] TRACE - Resolving type for handle ctfont14d8type
23:19:06.481 [main] TRACE - Resolving type for handle ctfills2c6ftype
23:19:06.482 [main] TRACE - Resolving type for handle ctfill550ctype
23:19:06.483 [main] TRACE - Resolving type for handle ctborders0d66type
23:19:06.484 [main] TRACE - Resolving type for handle ctborderf935type
23:19:06.485 [main] TRACE - Resolving type for handle ctcellxfs1322type
23:19:06.486 [main] TRACE - Resolving type for handle ctxf97f7type
23:19:06.487 [main] TRACE - Resolving type for handle ctcellstylexfsa81ftype
23:19:06.488 [main] TRACE - Resolving type for handle cttablestyles872ftype
23:19:06.491 [main] TRACE - Resolving type for handle sstf81fdoctype
23:19:06.494 [main] TRACE - Resolving type for handle ctsst44f3type
23:19:06.496 [main] TRACE - Resolving type for handle ctrsta472type
23:19:06.505 [main] TRACE - Resolving type for handle workbookec17doctype
23:19:06.507 [main] TRACE - Resolving type for handle ctworkbook83c3type
23:19:06.509 [main] TRACE - Resolving type for handle ctsheets49fdtype
23:19:06.510 [main] TRACE - Resolving type for handle ctsheet4dbetype
23:19:06.511 [main] TRACE - Resolving type for handle strelationshipid1e94type
23:19:06.511 [main] TRACE - Resolving type for handle worksheetf539doctype
23:19:06.513 [main] TRACE - Resolving type for handle ctworksheet530dtype
23:19:06.515 [main] TRACE - Resolving type for handle ctsheetdata8408type
23:19:06.516 [main] TRACE - Resolving type for handle ctrowdd39type
23:19:06.517 [main] TRACE - Resolving type for handle ctcell842btype
23:19:06.520 [main] TRACE - Resolving type for handle stcellrefe4e0type
23:19:06.522 [main] TRACE - Resolving type for handle ctcols627ctype
23:19:06.524 [main] TRACE - Resolving type for handle ctcola95ftype
23:19:06.537 [main] TRACE - Resolving type for handle stcelltypebf95type
23:19:06.542 [main] DEBUG - Save content types part
23:19:06.570 [main] DEBUG - Save package relationships
23:19:06.571 [main] DEBUG - Save part 'docProps/app.xml'
23:19:06.572 [main] DEBUG - Save part 'docProps/core.xml'
23:19:06.573 [main] DEBUG - Save part 'docProps/custom.xml'
23:19:06.573 [main] DEBUG - Save part 'xl/sharedStrings.xml'
23:19:06.573 [main] DEBUG - Save part 'xl/styles.xml'
23:19:06.574 [main] DEBUG - Save part 'xl/theme/theme1.xml'
23:19:06.574 [main] DEBUG - Save part 'xl/workbook.xml'
23:19:06.575 [main] DEBUG - Save part 'xl/worksheets/sheet1.xml'
23:19:06.575 [main] DEBUG - Save part 'xl/worksheets/sheet2.xml'
23:19:06.575 [main] DEBUG - Save part 'xl/worksheets/sheet3.xml'
23:19:06.575 [main] DEBUG - Save part 'xl/worksheets/sheet4.xml'
23:19:06.583 [main] DEBUG - Parsing relationship: /xl/_rels/workbook.xml.rels
23:19:06.583 [main] DEBUG - Parsing relationship: /_rels/.rels
23:19:06.601 [main] TRACE - Resolving type for handle stcellstylexfid70c7type
23:19:06.602 [main] TRACE - Resolving type for handle ctsheetdimensiond310type
23:19:06.604 [main] TRACE - Resolving type for handle stref90a2type
23:19:06.614 [main] TRACE - Resolving type for handle propertiesee84doctype
23:19:06.614 [main] TRACE - Resolving type for handle ctproperties3f10type
23:19:06.616 [main] TRACE - Resolving type for handle properties288cdoctype
23:19:06.617 [main] TRACE - Resolving type for handle ctproperties2c18type
23:19:06.620 [main] DEBUG - Save content types part
23:19:06.620 [main] DEBUG - Save package relationships
23:19:06.621 [main] DEBUG - Save part 'docProps/app.xml'
23:19:06.621 [main] DEBUG - Save part 'docProps/core.xml'
23:19:06.622 [main] DEBUG - Save part 'docProps/custom.xml'
23:19:06.622 [main] DEBUG - Save part 'xl/sharedStrings.xml'
23:19:06.622 [main] DEBUG - Save part 'xl/styles.xml'
23:19:06.622 [main] DEBUG - Save part 'xl/theme/theme1.xml'
23:19:06.622 [main] DEBUG - Save part 'xl/workbook.xml'
23:19:06.623 [main] DEBUG - Save part 'xl/worksheets/sheet1.xml'
23:19:06.623 [main] DEBUG - Save part 'xl/worksheets/sheet2.xml'
23:19:06.623 [main] DEBUG - Save part 'xl/worksheets/sheet3.xml'
23:19:06.624 [main] DEBUG - Save part 'xl/worksheets/sheet4.xml'
23:19:06.628 [main] DEBUG - Parsing relationship: /xl/_rels/workbook.xml.rels
23:19:06.628 [main] DEBUG - Parsing relationship: /_rels/.rels
23:19:06.645 [main] DEBUG - Save content types part
23:19:06.646 [main] DEBUG - Save package relationships
23:19:06.647 [main] DEBUG - Save part 'docProps/app.xml'
23:19:06.647 [main] DEBUG - Save part 'docProps/core.xml'
23:19:06.647 [main] DEBUG - Save part 'docProps/custom.xml'
23:19:06.647 [main] DEBUG - Save part 'xl/sharedStrings.xml'
23:19:06.648 [main] DEBUG - Save part 'xl/styles.xml'
23:19:06.648 [main] DEBUG - Save part 'xl/theme/theme1.xml'
23:19:06.648 [main] DEBUG - Save part 'xl/workbook.xml'
23:19:06.649 [main] DEBUG - Save part 'xl/worksheets/sheet1.xml'
23:19:06.649 [main] DEBUG - Save part 'xl/worksheets/sheet2.xml'
23:19:06.649 [main] DEBUG - Save part 'xl/worksheets/sheet3.xml'
23:19:06.649 [main] DEBUG - Save part 'xl/worksheets/sheet4.xml'
23:19:06.667 [main] DEBUG - Parsing relationship: /xl/_rels/workbook.xml.rels
23:19:06.667 [main] DEBUG - Parsing relationship: /_rels/.rels
23:19:06.678 [main] DEBUG - Save content types part
23:19:06.678 [main] DEBUG - Save package relationships
23:19:06.679 [main] DEBUG - Save part 'docProps/app.xml'
23:19:06.679 [main] DEBUG - Save part 'docProps/core.xml'
23:19:06.679 [main] DEBUG - Save part 'docProps/custom.xml'
23:19:06.680 [main] DEBUG - Save part 'xl/sharedStrings.xml'
23:19:06.680 [main] DEBUG - Save part 'xl/styles.xml'
23:19:06.680 [main] DEBUG - Save part 'xl/theme/theme1.xml'
23:19:06.680 [main] DEBUG - Save part 'xl/workbook.xml'
23:19:06.681 [main] DEBUG - Save part 'xl/worksheets/sheet1.xml'
23:19:06.681 [main] DEBUG - Save part 'xl/worksheets/sheet2.xml'
23:19:06.681 [main] DEBUG - Save part 'xl/worksheets/sheet3.xml'
23:19:06.681 [main] DEBUG - Save part 'xl/worksheets/sheet4.xml'
23:19:06.685 [main] DEBUG - Parsing relationship: /xl/_rels/workbook.xml.rels
23:19:06.686 [main] DEBUG - Parsing relationship: /_rels/.rels
23:19:06.718 [main] DEBUG - Save content types part
23:19:06.719 [main] DEBUG - Save package relationships
23:19:06.719 [main] DEBUG - Save part 'docProps/app.xml'
23:19:06.719 [main] DEBUG - Save part 'docProps/core.xml'
23:19:06.720 [main] DEBUG - Save part 'docProps/custom.xml'
23:19:06.720 [main] DEBUG - Save part 'xl/sharedStrings.xml'
23:19:06.720 [main] DEBUG - Save part 'xl/styles.xml'
23:19:06.720 [main] DEBUG - Save part 'xl/theme/theme1.xml'
23:19:06.721 [main] DEBUG - Save part 'xl/workbook.xml'
23:19:06.721 [main] DEBUG - Save part 'xl/worksheets/sheet1.xml'
23:19:06.721 [main] DEBUG - Save part 'xl/worksheets/sheet2.xml'
23:19:06.721 [main] DEBUG - Save part 'xl/worksheets/sheet3.xml'
23:19:06.721 [main] DEBUG - Save part 'xl/worksheets/sheet4.xml'
23:19:06.724 [main] DEBUG - Parsing relationship: /xl/_rels/workbook.xml.rels
23:19:06.725 [main] DEBUG - Parsing relationship: /_rels/.rels
23:19:06.737 [main] DEBUG - Save content types part
23:19:06.738 [main] DEBUG - Save package relationships
23:19:06.738 [main] DEBUG - Save part 'docProps/app.xml'
23:19:06.738 [main] DEBUG - Save part 'docProps/core.xml'
23:19:06.739 [main] DEBUG - Save part 'docProps/custom.xml'
23:19:06.739 [main] DEBUG - Save part 'xl/sharedStrings.xml'
23:19:06.739 [main] DEBUG - Save part 'xl/styles.xml'
23:19:06.739 [main] DEBUG - Save part 'xl/theme/theme1.xml'
23:19:06.739 [main] DEBUG - Save part 'xl/workbook.xml'
23:19:06.740 [main] DEBUG - Save part 'xl/worksheets/sheet1.xml'
23:19:06.740 [main] DEBUG - Save part 'xl/worksheets/sheet2.xml'
23:19:06.740 [main] DEBUG - Save part 'xl/worksheets/sheet3.xml'
23:19:06.740 [main] DEBUG - Save part 'xl/worksheets/sheet4.xml'
23:19:06.762 [main] DEBUG - Parsing relationship: /xl/_rels/workbook.xml.rels
23:19:06.762 [main] DEBUG - Parsing relationship: /_rels/.rels
23:19:06.770 [main] DEBUG - Save content types part
23:19:06.770 [main] DEBUG - Save package relationships
23:19:06.771 [main] DEBUG - Save part 'docProps/app.xml'
23:19:06.771 [main] DEBUG - Save part 'docProps/core.xml'
23:19:06.771 [main] DEBUG - Save part 'docProps/custom.xml'
23:19:06.771 [main] DEBUG - Save part 'xl/sharedStrings.xml'
23:19:06.772 [main] DEBUG - Save part 'xl/styles.xml'
23:19:06.772 [main] DEBUG - Save part 'xl/theme/theme1.xml'
23:19:06.772 [main] DEBUG - Save part 'xl/workbook.xml'
23:19:06.773 [main] DEBUG - Save part 'xl/worksheets/sheet1.xml'
23:19:06.773 [main] DEBUG - Save part 'xl/worksheets/sheet2.xml'
23:19:06.773 [main] DEBUG - Save part 'xl/worksheets/sheet3.xml'
23:19:06.773 [main] DEBUG - Save part 'xl/worksheets/sheet4.xml'
23:19:06.776 [main] DEBUG - Parsing relationship: /xl/_rels/workbook.xml.rels
23:19:06.776 [main] DEBUG - Parsing relationship: /_rels/.rels
23:19:06.787 [main] DEBUG - Save content types part
23:19:06.788 [main] DEBUG - Save package relationships
23:19:06.788 [main] DEBUG - Save part 'docProps/app.xml'
23:19:06.788 [main] DEBUG - Save part 'docProps/core.xml'
23:19:06.789 [main] DEBUG - Save part 'docProps/custom.xml'
23:19:06.789 [main] DEBUG - Save part 'xl/sharedStrings.xml'
23:19:06.789 [main] DEBUG - Save part 'xl/styles.xml'
23:19:06.789 [main] DEBUG - Save part 'xl/theme/theme1.xml'
23:19:06.789 [main] DEBUG - Save part 'xl/workbook.xml'
23:19:06.790 [main] DEBUG - Save part 'xl/worksheets/sheet1.xml'
23:19:06.790 [main] DEBUG - Save part 'xl/worksheets/sheet2.xml'
23:19:06.790 [main] DEBUG - Save part 'xl/worksheets/sheet3.xml'
23:19:06.790 [main] DEBUG - Save part 'xl/worksheets/sheet4.xml'
23:19:06.792 [main] DEBUG - Parsing relationship: /xl/_rels/workbook.xml.rels
23:19:06.793 [main] DEBUG - Parsing relationship: /_rels/.rels
23:19:06.803 [main] DEBUG - Save content types part
23:19:06.804 [main] DEBUG - Save package relationships
23:19:06.804 [main] DEBUG - Save part 'docProps/app.xml'
23:19:06.804 [main] DEBUG - Save part 'docProps/core.xml'
23:19:06.806 [main] DEBUG - Save part 'docProps/custom.xml'
23:19:06.806 [main] DEBUG - Save part 'xl/sharedStrings.xml'
23:19:06.806 [main] DEBUG - Save part 'xl/styles.xml'
23:19:06.806 [main] DEBUG - Save part 'xl/theme/theme1.xml'
23:19:06.806 [main] DEBUG - Save part 'xl/workbook.xml'
23:19:06.807 [main] DEBUG - Save part 'xl/worksheets/sheet1.xml'
23:19:06.807 [main] DEBUG - Save part 'xl/worksheets/sheet2.xml'
23:19:06.807 [main] DEBUG - Save part 'xl/worksheets/sheet3.xml'
23:19:06.807 [main] DEBUG - Save part 'xl/worksheets/sheet4.xml'
23:19:06.824 [main] DEBUG - Parsing relationship: /xl/_rels/workbook.xml.rels
23:19:06.824 [main] DEBUG - Parsing relationship: /_rels/.rels
23:19:06.831 [main] DEBUG - Save content types part
23:19:06.833 [main] DEBUG - Save package relationships
23:19:06.834 [main] DEBUG - Save part 'docProps/app.xml'
23:19:06.834 [main] DEBUG - Save part 'docProps/core.xml'
23:19:06.835 [main] DEBUG - Save part 'docProps/custom.xml'
23:19:06.835 [main] DEBUG - Save part 'xl/sharedStrings.xml'
23:19:06.835 [main] DEBUG - Save part 'xl/styles.xml'
23:19:06.835 [main] DEBUG - Save part 'xl/theme/theme1.xml'
23:19:06.835 [main] DEBUG - Save part 'xl/workbook.xml'
23:19:06.836 [main] DEBUG - Save part 'xl/worksheets/sheet1.xml'
23:19:06.836 [main] DEBUG - Save part 'xl/worksheets/sheet2.xml'
23:19:06.836 [main] DEBUG - Save part 'xl/worksheets/sheet3.xml'
23:19:06.836 [main] DEBUG - Save part 'xl/worksheets/sheet4.xml'
23:19:06.839 [main] DEBUG - Parsing relationship: /xl/_rels/workbook.xml.rels
23:19:06.840 [main] DEBUG - Parsing relationship: /_rels/.rels
23:19:06.851 [main] DEBUG - Save content types part
23:19:06.851 [main] DEBUG - Save package relationships
23:19:06.851 [main] DEBUG - Save part 'docProps/app.xml'
23:19:06.851 [main] DEBUG - Save part 'docProps/core.xml'
23:19:06.852 [main] DEBUG - Save part 'docProps/custom.xml'
23:19:06.852 [main] DEBUG - Save part 'xl/sharedStrings.xml'
23:19:06.852 [main] DEBUG - Save part 'xl/styles.xml'
23:19:06.852 [main] DEBUG - Save part 'xl/theme/theme1.xml'
23:19:06.853 [main] DEBUG - Save part 'xl/workbook.xml'
23:19:06.853 [main] DEBUG - Save part 'xl/worksheets/sheet1.xml'
23:19:06.853 [main] DEBUG - Save part 'xl/worksheets/sheet2.xml'
23:19:06.853 [main] DEBUG - Save part 'xl/worksheets/sheet3.xml'
23:19:06.853 [main] DEBUG - Save part 'xl/worksheets/sheet4.xml'
23:19:06.855 [main] DEBUG - Parsing relationship: /xl/_rels/workbook.xml.rels
23:19:06.856 [main] DEBUG - Parsing relationship: /_rels/.rels
23:19:06.866 [main] DEBUG - Save content types part
23:19:06.867 [main] DEBUG - Save package relationships
23:19:06.867 [main] DEBUG - Save part 'docProps/app.xml'
23:19:06.867 [main] DEBUG - Save part 'docProps/core.xml'
23:19:06.868 [main] DEBUG - Save part 'docProps/custom.xml'
23:19:06.868 [main] DEBUG - Save part 'xl/sharedStrings.xml'
23:19:06.868 [main] DEBUG - Save part 'xl/styles.xml'
23:19:06.869 [main] DEBUG - Save part 'xl/theme/theme1.xml'
23:19:06.869 [main] DEBUG - Save part 'xl/workbook.xml'
23:19:06.869 [main] DEBUG - Save part 'xl/worksheets/sheet1.xml'
23:19:06.869 [main] DEBUG - Save part 'xl/worksheets/sheet2.xml'
23:19:06.869 [main] DEBUG - Save part 'xl/worksheets/sheet3.xml'
23:19:06.870 [main] DEBUG - Save part 'xl/worksheets/sheet4.xml'
23:19:06.885 [main] DEBUG - Parsing relationship: /xl/_rels/workbook.xml.rels
23:19:06.885 [main] DEBUG - Parsing relationship: /_rels/.rels
23:19:06.892 [main] DEBUG - Save content types part
23:19:06.892 [main] DEBUG - Save package relationships
23:19:06.892 [main] DEBUG - Save part 'docProps/app.xml'
23:19:06.893 [main] DEBUG - Save part 'docProps/core.xml'
23:19:06.893 [main] DEBUG - Save part 'docProps/custom.xml'
23:19:06.893 [main] DEBUG - Save part 'xl/sharedStrings.xml'
23:19:06.893 [main] DEBUG - Save part 'xl/styles.xml'
23:19:06.894 [main] DEBUG - Save part 'xl/theme/theme1.xml'
23:19:06.894 [main] DEBUG - Save part 'xl/workbook.xml'
23:19:06.894 [main] DEBUG - Save part 'xl/worksheets/sheet1.xml'
23:19:06.894 [main] DEBUG - Save part 'xl/worksheets/sheet2.xml'
23:19:06.895 [main] DEBUG - Save part 'xl/worksheets/sheet3.xml'
23:19:06.895 [main] DEBUG - Save part 'xl/worksheets/sheet4.xml'
23:19:06.897 [main] DEBUG - Parsing relationship: /xl/_rels/workbook.xml.rels
23:19:06.897 [main] DEBUG - Parsing relationship: /_rels/.rels
23:19:06.908 [main] DEBUG - Save content types part
23:19:06.908 [main] DEBUG - Save package relationships
23:19:06.909 [main] DEBUG - Save part 'docProps/app.xml'
23:19:06.909 [main] DEBUG - Save part 'docProps/core.xml'
23:19:06.909 [main] DEBUG - Save part 'docProps/custom.xml'
23:19:06.909 [main] DEBUG - Save part 'xl/sharedStrings.xml'
23:19:06.909 [main] DEBUG - Save part 'xl/styles.xml'
23:19:06.910 [main] DEBUG - Save part 'xl/theme/theme1.xml'
23:19:06.910 [main] DEBUG - Save part 'xl/workbook.xml'
23:19:06.910 [main] DEBUG - Save part 'xl/worksheets/sheet1.xml'
23:19:06.911 [main] DEBUG - Save part 'xl/worksheets/sheet2.xml'
23:19:06.911 [main] DEBUG - Save part 'xl/worksheets/sheet3.xml'
23:19:06.911 [main] DEBUG - Save part 'xl/worksheets/sheet4.xml'
23:19:06.914 [main] DEBUG - Parsing relationship: /xl/_rels/workbook.xml.rels
23:19:06.914 [main] DEBUG - Parsing relationship: /_rels/.rels
23:19:06.926 [main] DEBUG - Save content types part
23:19:06.927 [main] DEBUG - Save package relationships
23:19:06.927 [main] DEBUG - Save part 'docProps/app.xml'
23:19:06.927 [main] DEBUG - Save part 'docProps/core.xml'
23:19:06.927 [main] DEBUG - Save part 'docProps/custom.xml'
23:19:06.927 [main] DEBUG - Save part 'xl/sharedStrings.xml'
23:19:06.927 [main] DEBUG - Save part 'xl/styles.xml'
23:19:06.928 [main] DEBUG - Save part 'xl/theme/theme1.xml'
23:19:06.928 [main] DEBUG - Save part 'xl/workbook.xml'
23:19:06.928 [main] DEBUG - Save part 'xl/worksheets/sheet1.xml'
23:19:06.928 [main] DEBUG - Save part 'xl/worksheets/sheet2.xml'
23:19:06.928 [main] DEBUG - Save part 'xl/worksheets/sheet3.xml'
23:19:06.929 [main] DEBUG - Save part 'xl/worksheets/sheet4.xml'
23:19:06.944 [main] DEBUG - Parsing relationship: /xl/_rels/workbook.xml.rels
23:19:06.945 [main] DEBUG - Parsing relationship: /_rels/.rels
23:19:06.953 [main] DEBUG - Save content types part
23:19:06.954 [main] DEBUG - Save package relationships
23:19:06.954 [main] DEBUG - Save part 'docProps/app.xml'
23:19:06.954 [main] DEBUG - Save part 'docProps/core.xml'
23:19:06.954 [main] DEBUG - Save part 'docProps/custom.xml'
23:19:06.954 [main] DEBUG - Save part 'xl/sharedStrings.xml'
23:19:06.955 [main] DEBUG - Save part 'xl/styles.xml'
23:19:06.955 [main] DEBUG - Save part 'xl/theme/theme1.xml'
23:19:06.955 [main] DEBUG - Save part 'xl/workbook.xml'
23:19:06.955 [main] DEBUG - Save part 'xl/worksheets/sheet1.xml'
23:19:06.956 [main] DEBUG - Save part 'xl/worksheets/sheet2.xml'
23:19:06.956 [main] DEBUG - Save part 'xl/worksheets/sheet3.xml'
23:19:06.956 [main] DEBUG - Save part 'xl/worksheets/sheet4.xml'
23:19:06.958 [main] DEBUG - Parsing relationship: /xl/_rels/workbook.xml.rels
23:19:06.958 [main] DEBUG - Parsing relationship: /_rels/.rels
23:19:06.968 [main] DEBUG - Save content types part
23:19:06.969 [main] DEBUG - Save package relationships
23:19:06.970 [main] DEBUG - Save part 'docProps/app.xml'
23:19:06.970 [main] DEBUG - Save part 'docProps/core.xml'
23:19:06.970 [main] DEBUG - Save part 'docProps/custom.xml'
23:19:06.970 [main] DEBUG - Save part 'xl/sharedStrings.xml'
23:19:06.970 [main] DEBUG - Save part 'xl/styles.xml'
23:19:06.970 [main] DEBUG - Save part 'xl/theme/theme1.xml'
23:19:06.971 [main] DEBUG - Save part 'xl/workbook.xml'
23:19:06.971 [main] DEBUG - Save part 'xl/worksheets/sheet1.xml'
23:19:06.971 [main] DEBUG - Save part 'xl/worksheets/sheet2.xml'
23:19:06.971 [main] DEBUG - Save part 'xl/worksheets/sheet3.xml'
23:19:06.971 [main] DEBUG - Save part 'xl/worksheets/sheet4.xml'
23:19:06.973 [main] DEBUG - Parsing relationship: /xl/_rels/workbook.xml.rels
23:19:06.974 [main] DEBUG - Parsing relationship: /_rels/.rels
23:19:06.983 [main] DEBUG - Save content types part
23:19:06.984 [main] DEBUG - Save package relationships
23:19:06.984 [main] DEBUG - Save part 'docProps/app.xml'
23:19:06.984 [main] DEBUG - Save part 'docProps/core.xml'
23:19:06.984 [main] DEBUG - Save part 'docProps/custom.xml'
23:19:06.984 [main] DEBUG - Save part 'xl/sharedStrings.xml'
23:19:06.984 [main] DEBUG - Save part 'xl/styles.xml'
23:19:06.985 [main] DEBUG - Save part 'xl/theme/theme1.xml'
23:19:06.985 [main] DEBUG - Save part 'xl/workbook.xml'
23:19:06.985 [main] DEBUG - Save part 'xl/worksheets/sheet1.xml'
23:19:06.985 [main] DEBUG - Save part 'xl/worksheets/sheet2.xml'
23:19:06.985 [main] DEBUG - Save part 'xl/worksheets/sheet3.xml'
23:19:06.985 [main] DEBUG - Save part 'xl/worksheets/sheet4.xml'
23:19:07.001 [main] DEBUG - Parsing relationship: /xl/_rels/workbook.xml.rels
23:19:07.002 [main] DEBUG - Parsing relationship: /_rels/.rels
23:19:07.008 [main] DEBUG - Save content types part
23:19:07.009 [main] DEBUG - Save package relationships
23:19:07.009 [main] DEBUG - Save part 'docProps/app.xml'
23:19:07.009 [main] DEBUG - Save part 'docProps/core.xml'
23:19:07.010 [main] DEBUG - Save part 'docProps/custom.xml'
23:19:07.010 [main] DEBUG - Save part 'xl/sharedStrings.xml'
23:19:07.010 [main] DEBUG - Save part 'xl/styles.xml'
23:19:07.010 [main] DEBUG - Save part 'xl/theme/theme1.xml'
23:19:07.011 [main] DEBUG - Save part 'xl/workbook.xml'
23:19:07.011 [main] DEBUG - Save part 'xl/worksheets/sheet1.xml'
23:19:07.011 [main] DEBUG - Save part 'xl/worksheets/sheet2.xml'
23:19:07.011 [main] DEBUG - Save part 'xl/worksheets/sheet3.xml'
23:19:07.012 [main] DEBUG - Save part 'xl/worksheets/sheet4.xml'
23:19:07.014 [main] DEBUG - Parsing relationship: /xl/_rels/workbook.xml.rels
23:19:07.014 [main] DEBUG - Parsing relationship: /_rels/.rels
23:19:07.024 [main] DEBUG - Save content types part
23:19:07.025 [main] DEBUG - Save package relationships
23:19:07.025 [main] DEBUG - Save part 'docProps/app.xml'
23:19:07.025 [main] DEBUG - Save part 'docProps/core.xml'
23:19:07.026 [main] DEBUG - Save part 'docProps/custom.xml'
23:19:07.026 [main] DEBUG - Save part 'xl/sharedStrings.xml'
23:19:07.026 [main] DEBUG - Save part 'xl/styles.xml'
23:19:07.026 [main] DEBUG - Save part 'xl/theme/theme1.xml'
23:19:07.026 [main] DEBUG - Save part 'xl/workbook.xml'
23:19:07.027 [main] DEBUG - Save part 'xl/worksheets/sheet1.xml'
23:19:07.027 [main] DEBUG - Save part 'xl/worksheets/sheet2.xml'
23:19:07.027 [main] DEBUG - Save part 'xl/worksheets/sheet3.xml'
23:19:07.027 [main] DEBUG - Save part 'xl/worksheets/sheet4.xml'
23:19:07.029 [main] DEBUG - Parsing relationship: /xl/_rels/workbook.xml.rels
23:19:07.029 [main] DEBUG - Parsing relationship: /_rels/.rels
23:19:07.037 [main] DEBUG - Save content types part
23:19:07.037 [main] DEBUG - Save package relationships
23:19:07.037 [main] DEBUG - Save part 'docProps/app.xml'
23:19:07.037 [main] DEBUG - Save part 'docProps/core.xml'
23:19:07.038 [main] DEBUG - Save part 'docProps/custom.xml'
23:19:07.038 [main] DEBUG - Save part 'xl/sharedStrings.xml'
23:19:07.038 [main] DEBUG - Save part 'xl/styles.xml'
23:19:07.038 [main] DEBUG - Save part 'xl/theme/theme1.xml'
23:19:07.038 [main] DEBUG - Save part 'xl/workbook.xml'
23:19:07.039 [main] DEBUG - Save part 'xl/worksheets/sheet1.xml'
23:19:07.039 [main] DEBUG - Save part 'xl/worksheets/sheet2.xml'
23:19:07.039 [main] DEBUG - Save part 'xl/worksheets/sheet3.xml'
23:19:07.039 [main] DEBUG - Save part 'xl/worksheets/sheet4.xml'
23:19:07.054 [main] DEBUG - Parsing relationship: /xl/_rels/workbook.xml.rels
23:19:07.054 [main] DEBUG - Parsing relationship: /_rels/.rels
23:19:07.060 [main] DEBUG - Save content types part
23:19:07.060 [main] DEBUG - Save package relationships
23:19:07.061 [main] DEBUG - Save part 'docProps/app.xml'
23:19:07.061 [main] DEBUG - Save part 'docProps/core.xml'
23:19:07.061 [main] DEBUG - Save part 'docProps/custom.xml'
23:19:07.061 [main] DEBUG - Save part 'xl/sharedStrings.xml'
23:19:07.061 [main] DEBUG - Save part 'xl/styles.xml'
23:19:07.062 [main] DEBUG - Save part 'xl/theme/theme1.xml'
23:19:07.062 [main] DEBUG - Save part 'xl/workbook.xml'
23:19:07.062 [main] DEBUG - Save part 'xl/worksheets/sheet1.xml'
23:19:07.063 [main] DEBUG - Save part 'xl/worksheets/sheet2.xml'
23:19:07.063 [main] DEBUG - Save part 'xl/worksheets/sheet3.xml'
23:19:07.063 [main] DEBUG - Save part 'xl/worksheets/sheet4.xml'
23:19:07.065 [main] DEBUG - Parsing relationship: /xl/_rels/workbook.xml.rels
23:19:07.066 [main] DEBUG - Parsing relationship: /_rels/.rels
23:19:07.073 [main] DEBUG - Save content types part
23:19:07.073 [main] DEBUG - Save package relationships
23:19:07.074 [main] DEBUG - Save part 'docProps/app.xml'
23:19:07.074 [main] DEBUG - Save part 'docProps/core.xml'
23:19:07.074 [main] DEBUG - Save part 'docProps/custom.xml'
23:19:07.074 [main] DEBUG - Save part 'xl/sharedStrings.xml'
23:19:07.074 [main] DEBUG - Save part 'xl/styles.xml'
23:19:07.074 [main] DEBUG - Save part 'xl/theme/theme1.xml'
23:19:07.075 [main] DEBUG - Save part 'xl/workbook.xml'
23:19:07.075 [main] DEBUG - Save part 'xl/worksheets/sheet1.xml'
23:19:07.075 [main] DEBUG - Save part 'xl/worksheets/sheet2.xml'
23:19:07.075 [main] DEBUG - Save part 'xl/worksheets/sheet3.xml'
23:19:07.075 [main] DEBUG - Save part 'xl/worksheets/sheet4.xml'
23:19:07.078 [main] DEBUG - Parsing relationship: /xl/_rels/workbook.xml.rels
23:19:07.078 [main] DEBUG - Parsing relationship: /_rels/.rels
23:19:07.086 [main] DEBUG - Save content types part
23:19:07.087 [main] DEBUG - Save package relationships
23:19:07.087 [main] DEBUG - Save part 'docProps/app.xml'
23:19:07.087 [main] DEBUG - Save part 'docProps/core.xml'
23:19:07.087 [main] DEBUG - Save part 'docProps/custom.xml'
23:19:07.087 [main] DEBUG - Save part 'xl/sharedStrings.xml'
23:19:07.087 [main] DEBUG - Save part 'xl/styles.xml'
23:19:07.088 [main] DEBUG - Save part 'xl/theme/theme1.xml'
23:19:07.088 [main] DEBUG - Save part 'xl/workbook.xml'
23:19:07.088 [main] DEBUG - Save part 'xl/worksheets/sheet1.xml'
23:19:07.089 [main] DEBUG - Save part 'xl/worksheets/sheet2.xml'
23:19:07.089 [main] DEBUG - Save part 'xl/worksheets/sheet3.xml'
23:19:07.089 [main] DEBUG - Save part 'xl/worksheets/sheet4.xml'
23:19:07.105 [main] DEBUG - Parsing relationship: /xl/_rels/workbook.xml.rels
23:19:07.106 [main] DEBUG - Parsing relationship: /_rels/.rels
23:19:07.114 [main] DEBUG - Save content types part
23:19:07.115 [main] DEBUG - Save package relationships
23:19:07.115 [main] DEBUG - Save part 'docProps/app.xml'
23:19:07.115 [main] DEBUG - Save part 'docProps/core.xml'
23:19:07.115 [main] DEBUG - Save part 'docProps/custom.xml'
23:19:07.116 [main] DEBUG - Save part 'xl/sharedStrings.xml'
23:19:07.116 [main] DEBUG - Save part 'xl/styles.xml'
23:19:07.116 [main] DEBUG - Save part 'xl/theme/theme1.xml'
23:19:07.116 [main] DEBUG - Save part 'xl/workbook.xml'
23:19:07.117 [main] DEBUG - Save part 'xl/worksheets/sheet1.xml'
23:19:07.117 [main] DEBUG - Save part 'xl/worksheets/sheet2.xml'
23:19:07.117 [main] DEBUG - Save part 'xl/worksheets/sheet3.xml'
23:19:07.117 [main] DEBUG - Save part 'xl/worksheets/sheet4.xml'
23:19:07.119 [main] DEBUG - Parsing relationship: /xl/_rels/workbook.xml.rels
23:19:07.119 [main] DEBUG - Parsing relationship: /_rels/.rels
23:19:07.128 [main] DEBUG - Save content types part
23:19:07.128 [main] DEBUG - Save package relationships
23:19:07.130 [main] DEBUG - Save part 'docProps/app.xml'
23:19:07.130 [main] DEBUG - Save part 'docProps/core.xml'
23:19:07.130 [main] DEBUG - Save part 'docProps/custom.xml'
23:19:07.130 [main] DEBUG - Save part 'xl/sharedStrings.xml'
23:19:07.131 [main] DEBUG - Save part 'xl/styles.xml'
23:19:07.131 [main] DEBUG - Save part 'xl/theme/theme1.xml'
23:19:07.131 [main] DEBUG - Save part 'xl/workbook.xml'
23:19:07.131 [main] DEBUG - Save part 'xl/worksheets/sheet1.xml'
23:19:07.131 [main] DEBUG - Save part 'xl/worksheets/sheet2.xml'
23:19:07.131 [main] DEBUG - Save part 'xl/worksheets/sheet3.xml'
23:19:07.131 [main] DEBUG - Save part 'xl/worksheets/sheet4.xml'
23:19:07.133 [main] DEBUG - Parsing relationship: /xl/_rels/workbook.xml.rels
23:19:07.133 [main] DEBUG - Parsing relationship: /_rels/.rels
23:19:07.141 [main] DEBUG - Save content types part
23:19:07.141 [main] DEBUG - Save package relationships
23:19:07.141 [main] DEBUG - Save part 'docProps/app.xml'
23:19:07.141 [main] DEBUG - Save part 'docProps/core.xml'
23:19:07.142 [main] DEBUG - Save part 'docProps/custom.xml'
23:19:07.142 [main] DEBUG - Save part 'xl/sharedStrings.xml'
23:19:07.142 [main] DEBUG - Save part 'xl/styles.xml'
23:19:07.142 [main] DEBUG - Save part 'xl/theme/theme1.xml'
23:19:07.142 [main] DEBUG - Save part 'xl/workbook.xml'
23:19:07.143 [main] DEBUG - Save part 'xl/worksheets/sheet1.xml'
23:19:07.143 [main] DEBUG - Save part 'xl/worksheets/sheet2.xml'
23:19:07.143 [main] DEBUG - Save part 'xl/worksheets/sheet3.xml'
23:19:07.143 [main] DEBUG - Save part 'xl/worksheets/sheet4.xml'
23:19:07.158 [main] DEBUG - Parsing relationship: /xl/_rels/workbook.xml.rels
23:19:07.158 [main] DEBUG - Parsing relationship: /_rels/.rels
23:19:07.164 [main] DEBUG - Save content types part
23:19:07.164 [main] DEBUG - Save package relationships
23:19:07.164 [main] DEBUG - Save part 'docProps/app.xml'
23:19:07.164 [main] DEBUG - Save part 'docProps/core.xml'
23:19:07.165 [main] DEBUG - Save part 'docProps/custom.xml'
23:19:07.165 [main] DEBUG - Save part 'xl/sharedStrings.xml'
23:19:07.165 [main] DEBUG - Save part 'xl/styles.xml'
23:19:07.165 [main] DEBUG - Save part 'xl/theme/theme1.xml'
23:19:07.165 [main] DEBUG - Save part 'xl/workbook.xml'
23:19:07.166 [main] DEBUG - Save part 'xl/worksheets/sheet1.xml'
23:19:07.166 [main] DEBUG - Save part 'xl/worksheets/sheet2.xml'
23:19:07.166 [main] DEBUG - Save part 'xl/worksheets/sheet3.xml'
23:19:07.166 [main] DEBUG - Save part 'xl/worksheets/sheet4.xml'
23:19:07.168 [main] DEBUG - Parsing relationship: /xl/_rels/workbook.xml.rels
23:19:07.169 [main] DEBUG - Parsing relationship: /_rels/.rels
23:19:07.176 [main] DEBUG - Save content types part
23:19:07.177 [main] DEBUG - Save package relationships
23:19:07.177 [main] DEBUG - Save part 'docProps/app.xml'
23:19:07.177 [main] DEBUG - Save part 'docProps/core.xml'
23:19:07.178 [main] DEBUG - Save part 'docProps/custom.xml'
23:19:07.178 [main] DEBUG - Save part 'xl/sharedStrings.xml'
23:19:07.178 [main] DEBUG - Save part 'xl/styles.xml'
23:19:07.178 [main] DEBUG - Save part 'xl/theme/theme1.xml'
23:19:07.178 [main] DEBUG - Save part 'xl/workbook.xml'
23:19:07.178 [main] DEBUG - Save part 'xl/worksheets/sheet1.xml'
23:19:07.179 [main] DEBUG - Save part 'xl/worksheets/sheet2.xml'
23:19:07.179 [main] DEBUG - Save part 'xl/worksheets/sheet3.xml'
23:19:07.179 [main] DEBUG - Save part 'xl/worksheets/sheet4.xml'
23:19:07.180 [main] DEBUG - Parsing relationship: /xl/_rels/workbook.xml.rels
23:19:07.181 [main] DEBUG - Parsing relationship: /_rels/.rels
23:19:07.189 [main] DEBUG - Save content types part
23:19:07.189 [main] DEBUG - Save package relationships
23:19:07.189 [main] DEBUG - Save part 'docProps/app.xml'
23:19:07.189 [main] DEBUG - Save part 'docProps/core.xml'
23:19:07.190 [main] DEBUG - Save part 'docProps/custom.xml'
23:19:07.190 [main] DEBUG - Save part 'xl/sharedStrings.xml'
23:19:07.190 [main] DEBUG - Save part 'xl/styles.xml'
23:19:07.190 [main] DEBUG - Save part 'xl/theme/theme1.xml'
23:19:07.190 [main] DEBUG - Save part 'xl/workbook.xml'
23:19:07.191 [main] DEBUG - Save part 'xl/worksheets/sheet1.xml'
23:19:07.191 [main] DEBUG - Save part 'xl/worksheets/sheet2.xml'
23:19:07.191 [main] DEBUG - Save part 'xl/worksheets/sheet3.xml'
23:19:07.191 [main] DEBUG - Save part 'xl/worksheets/sheet4.xml'
23:20:09.005 [main] INFO  - Goto my account-->Click on Login.. 
23:20:09.282 [main] INFO  - Entering email and password.. 
23:20:22.981 [main] DEBUG - Parsing relationship: /xl/_rels/workbook.xml.rels
23:20:22.982 [main] DEBUG - Parsing relationship: /_rels/.rels
23:20:23.039 [main] TRACE - Loading type system org.apache.poi.schemas.ooxml.system.ooxml
23:20:23.044 [main] TRACE - Loading type system org.apache.xmlbeans.metadata.system.sXMLCONFIG
23:20:23.044 [main] TRACE - Loading type system org.apache.xmlbeans.metadata.system.sXMLLANG
23:20:23.045 [main] TRACE - Loading type system org.apache.xmlbeans.metadata.system.sXMLSCHEMA
23:20:23.045 [main] TRACE - Loading type system org.apache.xmlbeans.metadata.system.sXMLTOOLS
23:20:23.045 [main] TRACE - Reading unresolved handles for type system org.apache.xmlbeans.metadata.system.sXMLTOOLS
23:20:23.050 [main] TRACE - Finished loading type system org.apache.xmlbeans.metadata.system.sXMLTOOLS
23:20:23.050 [main] TRACE - Reading unresolved handles for type system org.apache.xmlbeans.metadata.system.sXMLSCHEMA
23:20:23.053 [main] TRACE - Finished loading type system org.apache.xmlbeans.metadata.system.sXMLSCHEMA
23:20:23.053 [main] TRACE - Reading unresolved handles for type system org.apache.xmlbeans.metadata.system.sXMLLANG
23:20:23.054 [main] TRACE - Finished loading type system org.apache.xmlbeans.metadata.system.sXMLLANG
23:20:23.054 [main] TRACE - Reading unresolved handles for type system org.apache.xmlbeans.metadata.system.sXMLCONFIG
23:20:23.054 [main] TRACE - Finished loading type system org.apache.xmlbeans.metadata.system.sXMLCONFIG
23:20:23.055 [main] TRACE - Reading unresolved handles for type system org.apache.poi.schemas.ooxml.system.ooxml
23:20:23.087 [main] TRACE - Finished loading type system org.apache.poi.schemas.ooxml.system.ooxml
23:20:23.087 [main] TRACE - Resolving type for handle themefd26doctype
23:20:23.107 [main] TRACE - Resolving type for handle stylesheet5d8bdoctype
23:20:23.116 [main] TRACE - Resolving type for handle ctstylesheet4257type
23:20:23.118 [main] TRACE - Resolving type for handle ctnumfmtsb58btype
23:20:23.119 [main] TRACE - Resolving type for handle ctnumfmt3870type
23:20:23.120 [main] TRACE - Resolving type for handle stnumfmtid76fbtype
23:20:23.122 [main] TRACE - Resolving type for handle stxstringf179type
23:20:23.123 [main] TRACE - Resolving type for handle ctfonts6623type
23:20:23.124 [main] TRACE - Resolving type for handle ctfont14d8type
