13:54:21.720 [main] DEBUG - Save part 'xl/styles.xml'
13:54:21.723 [main] DEBUG - Save part 'xl/theme/theme1.xml'
13:54:21.723 [main] DEBUG - Save part 'xl/workbook.xml'
13:54:21.723 [main] DEBUG - Save part 'xl/worksheets/sheet1.xml'
13:54:21.725 [main] DEBUG - Save part 'xl/worksheets/sheet2.xml'
13:54:21.725 [main] DEBUG - Save part 'xl/worksheets/sheet3.xml'
13:54:21.727 [main] DEBUG - Parsing relationship: /xl/_rels/workbook.xml.rels
13:54:21.727 [main] DEBUG - Parsing relationship: /_rels/.rels
13:54:21.734 [main] DEBUG - Save content types part
13:54:21.735 [main] DEBUG - Save package relationships
13:54:21.735 [main] DEBUG - Save part 'docProps/app.xml'
13:54:21.735 [main] DEBUG - Save part 'docProps/core.xml'
13:54:21.736 [main] DEBUG - Save part 'docProps/custom.xml'
13:54:21.736 [main] DEBUG - Save part 'xl/sharedStrings.xml'
13:54:21.736 [main] DEBUG - Save part 'xl/styles.xml'
13:54:21.736 [main] DEBUG - Save part 'xl/theme/theme1.xml'
13:54:21.736 [main] DEBUG - Save part 'xl/workbook.xml'
13:54:21.736 [main] DEBUG - Save part 'xl/worksheets/sheet1.xml'
13:54:21.736 [main] DEBUG - Save part 'xl/worksheets/sheet2.xml'
13:54:21.737 [main] DEBUG - Save part 'xl/worksheets/sheet3.xml'
13:54:21.738 [main] DEBUG - Parsing relationship: /xl/_rels/workbook.xml.rels
13:54:21.739 [main] DEBUG - Parsing relationship: /_rels/.rels
13:54:21.745 [main] DEBUG - Save content types part
13:54:21.746 [main] DEBUG - Save package relationships
13:54:21.746 [main] DEBUG - Save part 'docProps/app.xml'
13:54:21.746 [main] DEBUG - Save part 'docProps/core.xml'
13:54:21.746 [main] DEBUG - Save part 'docProps/custom.xml'
13:54:21.747 [main] DEBUG - Save part 'xl/sharedStrings.xml'
13:54:21.747 [main] DEBUG - Save part 'xl/styles.xml'
13:54:21.747 [main] DEBUG - Save part 'xl/theme/theme1.xml'
13:54:21.747 [main] DEBUG - Save part 'xl/workbook.xml'
13:54:21.747 [main] DEBUG - Save part 'xl/worksheets/sheet1.xml'
13:54:21.748 [main] DEBUG - Save part 'xl/worksheets/sheet2.xml'
13:54:21.748 [main] DEBUG - Save part 'xl/worksheets/sheet3.xml'
13:54:21.749 [main] DEBUG - Parsing relationship: /xl/_rels/workbook.xml.rels
13:54:21.750 [main] DEBUG - Parsing relationship: /_rels/.rels
13:54:21.754 [main] DEBUG - Save content types part
13:54:21.755 [main] DEBUG - Save package relationships
13:54:21.755 [main] DEBUG - Save part 'docProps/app.xml'
13:54:21.755 [main] DEBUG - Save part 'docProps/core.xml'
13:54:21.755 [main] DEBUG - Save part 'docProps/custom.xml'
13:54:21.755 [main] DEBUG - Save part 'xl/sharedStrings.xml'
13:54:21.756 [main] DEBUG - Save part 'xl/styles.xml'
13:54:21.756 [main] DEBUG - Save part 'xl/theme/theme1.xml'
13:54:21.756 [main] DEBUG - Save part 'xl/workbook.xml'
13:54:21.756 [main] DEBUG - Save part 'xl/worksheets/sheet1.xml'
13:54:21.757 [main] DEBUG - Save part 'xl/worksheets/sheet2.xml'
13:54:21.757 [main] DEBUG - Save part 'xl/worksheets/sheet3.xml'
13:54:21.759 [main] DEBUG - Parsing relationship: /xl/_rels/workbook.xml.rels
13:54:21.759 [main] DEBUG - Parsing relationship: /_rels/.rels
13:54:21.769 [main] DEBUG - Save content types part
13:54:21.769 [main] DEBUG - Save package relationships
13:54:21.769 [main] DEBUG - Save part 'docProps/app.xml'
13:54:21.769 [main] DEBUG - Save part 'docProps/core.xml'
13:54:21.770 [main] DEBUG - Save part 'docProps/custom.xml'
13:54:21.770 [main] DEBUG - Save part 'xl/sharedStrings.xml'
13:54:21.770 [main] DEBUG - Save part 'xl/styles.xml'
13:54:21.770 [main] DEBUG - Save part 'xl/theme/theme1.xml'
13:54:21.770 [main] DEBUG - Save part 'xl/workbook.xml'
13:54:21.771 [main] DEBUG - Save part 'xl/worksheets/sheet1.xml'
13:54:21.771 [main] DEBUG - Save part 'xl/worksheets/sheet2.xml'
13:54:21.771 [main] DEBUG - Save part 'xl/worksheets/sheet3.xml'
13:54:21.772 [main] DEBUG - Parsing relationship: /xl/_rels/workbook.xml.rels
13:54:21.773 [main] DEBUG - Parsing relationship: /_rels/.rels
13:54:21.781 [main] DEBUG - Save content types part
13:54:21.781 [main] DEBUG - Save package relationships
13:54:21.782 [main] DEBUG - Save part 'docProps/app.xml'
13:54:21.782 [main] DEBUG - Save part 'docProps/core.xml'
13:54:21.782 [main] DEBUG - Save part 'docProps/custom.xml'
13:54:21.782 [main] DEBUG - Save part 'xl/sharedStrings.xml'
13:54:21.782 [main] DEBUG - Save part 'xl/styles.xml'
13:54:21.783 [main] DEBUG - Save part 'xl/theme/theme1.xml'
13:54:21.783 [main] DEBUG - Save part 'xl/workbook.xml'
13:54:21.783 [main] DEBUG - Save part 'xl/worksheets/sheet1.xml'
13:54:21.783 [main] DEBUG - Save part 'xl/worksheets/sheet2.xml'
13:54:21.783 [main] DEBUG - Save part 'xl/worksheets/sheet3.xml'
13:54:21.785 [main] DEBUG - Parsing relationship: /xl/_rels/workbook.xml.rels
13:54:21.785 [main] DEBUG - Parsing relationship: /_rels/.rels
13:54:21.790 [main] DEBUG - Save content types part
13:54:21.790 [main] DEBUG - Save package relationships
13:54:21.790 [main] DEBUG - Save part 'docProps/app.xml'
13:54:21.790 [main] DEBUG - Save part 'docProps/core.xml'
13:54:21.791 [main] DEBUG - Save part 'docProps/custom.xml'
13:54:21.791 [main] DEBUG - Save part 'xl/sharedStrings.xml'
13:54:21.791 [main] DEBUG - Save part 'xl/styles.xml'
13:54:21.791 [main] DEBUG - Save part 'xl/theme/theme1.xml'
13:54:21.791 [main] DEBUG - Save part 'xl/workbook.xml'
13:54:21.792 [main] DEBUG - Save part 'xl/worksheets/sheet1.xml'
13:54:21.792 [main] DEBUG - Save part 'xl/worksheets/sheet2.xml'
13:54:21.792 [main] DEBUG - Save part 'xl/worksheets/sheet3.xml'
13:54:21.794 [main] DEBUG - Parsing relationship: /xl/_rels/workbook.xml.rels
13:54:21.794 [main] DEBUG - Parsing relationship: /_rels/.rels
13:54:21.803 [main] DEBUG - Save content types part
13:54:21.803 [main] DEBUG - Save package relationships
13:54:21.803 [main] DEBUG - Save part 'docProps/app.xml'
13:54:21.804 [main] DEBUG - Save part 'docProps/core.xml'
13:54:21.804 [main] DEBUG - Save part 'docProps/custom.xml'
13:54:21.804 [main] DEBUG - Save part 'xl/sharedStrings.xml'
13:54:21.804 [main] DEBUG - Save part 'xl/styles.xml'
13:54:21.804 [main] DEBUG - Save part 'xl/theme/theme1.xml'
13:54:21.804 [main] DEBUG - Save part 'xl/workbook.xml'
13:54:21.805 [main] DEBUG - Save part 'xl/worksheets/sheet1.xml'
13:54:21.805 [main] DEBUG - Save part 'xl/worksheets/sheet2.xml'
13:54:21.805 [main] DEBUG - Save part 'xl/worksheets/sheet3.xml'
13:54:21.806 [main] DEBUG - Parsing relationship: /xl/_rels/workbook.xml.rels
13:54:21.807 [main] DEBUG - Parsing relationship: /_rels/.rels
13:54:21.814 [main] DEBUG - Save content types part
13:54:21.815 [main] DEBUG - Save package relationships
13:54:21.816 [main] DEBUG - Save part 'docProps/app.xml'
13:54:21.816 [main] DEBUG - Save part 'docProps/core.xml'
13:54:21.817 [main] DEBUG - Save part 'docProps/custom.xml'
13:54:21.817 [main] DEBUG - Save part 'xl/sharedStrings.xml'
13:54:21.817 [main] DEBUG - Save part 'xl/styles.xml'
13:54:21.817 [main] DEBUG - Save part 'xl/theme/theme1.xml'
13:54:21.817 [main] DEBUG - Save part 'xl/workbook.xml'
13:54:21.817 [main] DEBUG - Save part 'xl/worksheets/sheet1.xml'
13:54:21.817 [main] DEBUG - Save part 'xl/worksheets/sheet2.xml'
13:54:21.817 [main] DEBUG - Save part 'xl/worksheets/sheet3.xml'
13:54:21.819 [main] DEBUG - Parsing relationship: /xl/_rels/workbook.xml.rels
13:54:21.819 [main] DEBUG - Parsing relationship: /_rels/.rels
13:54:21.824 [main] DEBUG - Save content types part
13:54:21.824 [main] DEBUG - Save package relationships
13:54:21.825 [main] DEBUG - Save part 'docProps/app.xml'
13:54:21.825 [main] DEBUG - Save part 'docProps/core.xml'
13:54:21.825 [main] DEBUG - Save part 'docProps/custom.xml'
13:54:21.825 [main] DEBUG - Save part 'xl/sharedStrings.xml'
13:54:21.825 [main] DEBUG - Save part 'xl/styles.xml'
13:54:21.826 [main] DEBUG - Save part 'xl/theme/theme1.xml'
13:54:21.826 [main] DEBUG - Save part 'xl/workbook.xml'
13:54:21.826 [main] DEBUG - Save part 'xl/worksheets/sheet1.xml'
13:54:21.826 [main] DEBUG - Save part 'xl/worksheets/sheet2.xml'
13:54:21.826 [main] DEBUG - Save part 'xl/worksheets/sheet3.xml'
13:54:21.828 [main] DEBUG - Parsing relationship: /xl/_rels/workbook.xml.rels
13:54:21.828 [main] DEBUG - Parsing relationship: /_rels/.rels
13:54:21.836 [main] DEBUG - Save content types part
13:54:21.837 [main] DEBUG - Save package relationships
13:54:21.837 [main] DEBUG - Save part 'docProps/app.xml'
13:54:21.837 [main] DEBUG - Save part 'docProps/core.xml'
13:54:21.838 [main] DEBUG - Save part 'docProps/custom.xml'
13:54:21.838 [main] DEBUG - Save part 'xl/sharedStrings.xml'
13:54:21.838 [main] DEBUG - Save part 'xl/styles.xml'
13:54:21.838 [main] DEBUG - Save part 'xl/theme/theme1.xml'
13:54:21.838 [main] DEBUG - Save part 'xl/workbook.xml'
13:54:21.838 [main] DEBUG - Save part 'xl/worksheets/sheet1.xml'
13:54:21.838 [main] DEBUG - Save part 'xl/worksheets/sheet2.xml'
13:54:21.838 [main] DEBUG - Save part 'xl/worksheets/sheet3.xml'
13:54:21.840 [main] DEBUG - Parsing relationship: /xl/_rels/workbook.xml.rels
13:54:21.841 [main] DEBUG - Parsing relationship: /_rels/.rels
13:54:21.849 [main] DEBUG - Save content types part
13:54:21.850 [main] DEBUG - Save package relationships
13:54:21.850 [main] DEBUG - Save part 'docProps/app.xml'
13:54:21.850 [main] DEBUG - Save part 'docProps/core.xml'
13:54:21.850 [main] DEBUG - Save part 'docProps/custom.xml'
13:54:21.850 [main] DEBUG - Save part 'xl/sharedStrings.xml'
13:54:21.850 [main] DEBUG - Save part 'xl/styles.xml'
13:54:21.851 [main] DEBUG - Save part 'xl/theme/theme1.xml'
13:54:21.851 [main] DEBUG - Save part 'xl/workbook.xml'
13:54:21.851 [main] DEBUG - Save part 'xl/worksheets/sheet1.xml'
13:54:21.851 [main] DEBUG - Save part 'xl/worksheets/sheet2.xml'
13:54:21.851 [main] DEBUG - Save part 'xl/worksheets/sheet3.xml'
13:54:21.853 [main] DEBUG - Parsing relationship: /xl/_rels/workbook.xml.rels
13:54:21.853 [main] DEBUG - Parsing relationship: /_rels/.rels
13:54:21.858 [main] DEBUG - Save content types part
13:54:21.858 [main] DEBUG - Save package relationships
13:54:21.858 [main] DEBUG - Save part 'docProps/app.xml'
13:54:21.858 [main] DEBUG - Save part 'docProps/core.xml'
13:54:21.859 [main] DEBUG - Save part 'docProps/custom.xml'
13:54:21.859 [main] DEBUG - Save part 'xl/sharedStrings.xml'
13:54:21.859 [main] DEBUG - Save part 'xl/styles.xml'
13:54:21.859 [main] DEBUG - Save part 'xl/theme/theme1.xml'
13:54:21.859 [main] DEBUG - Save part 'xl/workbook.xml'
13:54:21.860 [main] DEBUG - Save part 'xl/worksheets/sheet1.xml'
13:54:21.860 [main] DEBUG - Save part 'xl/worksheets/sheet2.xml'
13:54:21.860 [main] DEBUG - Save part 'xl/worksheets/sheet3.xml'
13:54:21.863 [main] DEBUG - Parsing relationship: /xl/_rels/workbook.xml.rels
13:54:21.865 [main] DEBUG - Parsing relationship: /_rels/.rels
13:54:21.872 [main] DEBUG - Save content types part
13:54:21.872 [main] DEBUG - Save package relationships
13:54:21.872 [main] DEBUG - Save part 'docProps/app.xml'
13:54:21.872 [main] DEBUG - Save part 'docProps/core.xml'
13:54:21.873 [main] DEBUG - Save part 'docProps/custom.xml'
13:54:21.873 [main] DEBUG - Save part 'xl/sharedStrings.xml'
13:54:21.873 [main] DEBUG - Save part 'xl/styles.xml'
13:54:21.873 [main] DEBUG - Save part 'xl/theme/theme1.xml'
13:54:21.873 [main] DEBUG - Save part 'xl/workbook.xml'
13:54:21.873 [main] DEBUG - Save part 'xl/worksheets/sheet1.xml'
13:54:21.873 [main] DEBUG - Save part 'xl/worksheets/sheet2.xml'
13:54:21.874 [main] DEBUG - Save part 'xl/worksheets/sheet3.xml'
13:54:21.875 [main] DEBUG - Parsing relationship: /xl/_rels/workbook.xml.rels
13:54:21.875 [main] DEBUG - Parsing relationship: /_rels/.rels
13:54:21.882 [main] DEBUG - Save content types part
13:54:21.883 [main] DEBUG - Save package relationships
13:54:21.883 [main] DEBUG - Save part 'docProps/app.xml'
13:54:21.883 [main] DEBUG - Save part 'docProps/core.xml'
13:54:21.883 [main] DEBUG - Save part 'docProps/custom.xml'
13:54:21.883 [main] DEBUG - Save part 'xl/sharedStrings.xml'
13:54:21.883 [main] DEBUG - Save part 'xl/styles.xml'
13:54:21.884 [main] DEBUG - Save part 'xl/theme/theme1.xml'
13:54:21.884 [main] DEBUG - Save part 'xl/workbook.xml'
13:54:21.884 [main] DEBUG - Save part 'xl/worksheets/sheet1.xml'
13:54:21.884 [main] DEBUG - Save part 'xl/worksheets/sheet2.xml'
13:54:21.884 [main] DEBUG - Save part 'xl/worksheets/sheet3.xml'
13:54:21.886 [main] DEBUG - Parsing relationship: /xl/_rels/workbook.xml.rels
13:54:21.886 [main] DEBUG - Parsing relationship: /_rels/.rels
13:54:21.891 [main] DEBUG - Save content types part
13:54:21.891 [main] DEBUG - Save package relationships
13:54:21.891 [main] DEBUG - Save part 'docProps/app.xml'
13:54:21.891 [main] DEBUG - Save part 'docProps/core.xml'
13:54:21.892 [main] DEBUG - Save part 'docProps/custom.xml'
13:54:21.892 [main] DEBUG - Save part 'xl/sharedStrings.xml'
13:54:21.892 [main] DEBUG - Save part 'xl/styles.xml'
13:54:21.892 [main] DEBUG - Save part 'xl/theme/theme1.xml'
13:54:21.892 [main] DEBUG - Save part 'xl/workbook.xml'
13:54:21.893 [main] DEBUG - Save part 'xl/worksheets/sheet1.xml'
13:54:21.893 [main] DEBUG - Save part 'xl/worksheets/sheet2.xml'
13:54:21.893 [main] DEBUG - Save part 'xl/worksheets/sheet3.xml'
13:54:21.895 [main] DEBUG - Parsing relationship: /xl/_rels/workbook.xml.rels
13:54:21.895 [main] DEBUG - Parsing relationship: /_rels/.rels
13:54:21.902 [main] DEBUG - Save content types part
13:54:21.903 [main] DEBUG - Save package relationships
13:54:21.903 [main] DEBUG - Save part 'docProps/app.xml'
13:54:21.903 [main] DEBUG - Save part 'docProps/core.xml'
13:54:21.903 [main] DEBUG - Save part 'docProps/custom.xml'
13:54:21.903 [main] DEBUG - Save part 'xl/sharedStrings.xml'
13:54:21.903 [main] DEBUG - Save part 'xl/styles.xml'
13:54:21.904 [main] DEBUG - Save part 'xl/theme/theme1.xml'
13:54:21.904 [main] DEBUG - Save part 'xl/workbook.xml'
13:54:21.904 [main] DEBUG - Save part 'xl/worksheets/sheet1.xml'
13:54:21.904 [main] DEBUG - Save part 'xl/worksheets/sheet2.xml'
13:54:21.904 [main] DEBUG - Save part 'xl/worksheets/sheet3.xml'
13:54:21.905 [main] DEBUG - Parsing relationship: /xl/_rels/workbook.xml.rels
13:54:21.906 [main] DEBUG - Parsing relationship: /_rels/.rels
13:54:21.913 [main] DEBUG - Save content types part
13:54:21.913 [main] DEBUG - Save package relationships
13:54:21.913 [main] DEBUG - Save part 'docProps/app.xml'
13:54:21.914 [main] DEBUG - Save part 'docProps/core.xml'
13:54:21.914 [main] DEBUG - Save part 'docProps/custom.xml'
13:54:21.914 [main] DEBUG - Save part 'xl/sharedStrings.xml'
13:54:21.914 [main] DEBUG - Save part 'xl/styles.xml'
13:54:21.914 [main] DEBUG - Save part 'xl/theme/theme1.xml'
13:54:21.914 [main] DEBUG - Save part 'xl/workbook.xml'
13:54:21.915 [main] DEBUG - Save part 'xl/worksheets/sheet1.xml'
13:54:21.915 [main] DEBUG - Save part 'xl/worksheets/sheet2.xml'
13:54:21.915 [main] DEBUG - Save part 'xl/worksheets/sheet3.xml'
13:54:21.916 [main] DEBUG - Parsing relationship: /xl/_rels/workbook.xml.rels
13:54:21.916 [main] DEBUG - Parsing relationship: /_rels/.rels
13:54:21.921 [main] DEBUG - Save content types part
13:54:21.922 [main] DEBUG - Save package relationships
13:54:21.922 [main] DEBUG - Save part 'docProps/app.xml'
13:54:21.922 [main] DEBUG - Save part 'docProps/core.xml'
13:54:21.922 [main] DEBUG - Save part 'docProps/custom.xml'
13:54:21.922 [main] DEBUG - Save part 'xl/sharedStrings.xml'
13:54:21.922 [main] DEBUG - Save part 'xl/styles.xml'
13:54:21.923 [main] DEBUG - Save part 'xl/theme/theme1.xml'
13:54:21.923 [main] DEBUG - Save part 'xl/workbook.xml'
13:54:21.923 [main] DEBUG - Save part 'xl/worksheets/sheet1.xml'
13:54:21.923 [main] DEBUG - Save part 'xl/worksheets/sheet2.xml'
13:54:21.923 [main] DEBUG - Save part 'xl/worksheets/sheet3.xml'
13:54:21.925 [main] DEBUG - Parsing relationship: /xl/_rels/workbook.xml.rels
13:54:21.925 [main] DEBUG - Parsing relationship: /_rels/.rels
13:54:21.934 [main] DEBUG - Save content types part
13:54:21.934 [main] DEBUG - Save package relationships
13:54:21.934 [main] DEBUG - Save part 'docProps/app.xml'
13:54:21.934 [main] DEBUG - Save part 'docProps/core.xml'
13:54:21.934 [main] DEBUG - Save part 'docProps/custom.xml'
13:54:21.935 [main] DEBUG - Save part 'xl/sharedStrings.xml'
13:54:21.935 [main] DEBUG - Save part 'xl/styles.xml'
13:54:21.935 [main] DEBUG - Save part 'xl/theme/theme1.xml'
13:54:21.935 [main] DEBUG - Save part 'xl/workbook.xml'
13:54:21.935 [main] DEBUG - Save part 'xl/worksheets/sheet1.xml'
13:54:21.935 [main] DEBUG - Save part 'xl/worksheets/sheet2.xml'
13:54:21.935 [main] DEBUG - Save part 'xl/worksheets/sheet3.xml'
13:54:21.937 [main] DEBUG - Parsing relationship: /xl/_rels/workbook.xml.rels
13:54:21.937 [main] DEBUG - Parsing relationship: /_rels/.rels
13:54:21.946 [main] DEBUG - Save content types part
13:54:21.946 [main] DEBUG - Save package relationships
13:54:21.946 [main] DEBUG - Save part 'docProps/app.xml'
13:54:21.946 [main] DEBUG - Save part 'docProps/core.xml'
13:54:21.947 [main] DEBUG - Save part 'docProps/custom.xml'
13:54:21.947 [main] DEBUG - Save part 'xl/sharedStrings.xml'
13:54:21.947 [main] DEBUG - Save part 'xl/styles.xml'
13:54:21.947 [main] DEBUG - Save part 'xl/theme/theme1.xml'
13:54:21.947 [main] DEBUG - Save part 'xl/workbook.xml'
13:54:21.948 [main] DEBUG - Save part 'xl/worksheets/sheet1.xml'
13:54:21.948 [main] DEBUG - Save part 'xl/worksheets/sheet2.xml'
13:54:21.948 [main] DEBUG - Save part 'xl/worksheets/sheet3.xml'
13:54:21.949 [main] DEBUG - Parsing relationship: /xl/_rels/workbook.xml.rels
13:54:21.949 [main] DEBUG - Parsing relationship: /_rels/.rels
13:54:21.955 [main] DEBUG - Save content types part
13:54:21.955 [main] DEBUG - Save package relationships
13:54:21.956 [main] DEBUG - Save part 'docProps/app.xml'
13:54:21.956 [main] DEBUG - Save part 'docProps/core.xml'
13:54:21.956 [main] DEBUG - Save part 'docProps/custom.xml'
13:54:21.956 [main] DEBUG - Save part 'xl/sharedStrings.xml'
13:54:21.956 [main] DEBUG - Save part 'xl/styles.xml'
13:54:21.956 [main] DEBUG - Save part 'xl/theme/theme1.xml'
13:54:21.956 [main] DEBUG - Save part 'xl/workbook.xml'
13:54:21.957 [main] DEBUG - Save part 'xl/worksheets/sheet1.xml'
13:54:21.957 [main] DEBUG - Save part 'xl/worksheets/sheet2.xml'
13:54:21.957 [main] DEBUG - Save part 'xl/worksheets/sheet3.xml'
13:54:21.959 [main] DEBUG - Parsing relationship: /xl/_rels/workbook.xml.rels
13:54:21.959 [main] DEBUG - Parsing relationship: /_rels/.rels
13:54:21.966 [main] DEBUG - Save content types part
13:54:21.967 [main] DEBUG - Save package relationships
13:54:21.967 [main] DEBUG - Save part 'docProps/app.xml'
13:54:21.967 [main] DEBUG - Save part 'docProps/core.xml'
13:54:21.967 [main] DEBUG - Save part 'docProps/custom.xml'
13:54:21.967 [main] DEBUG - Save part 'xl/sharedStrings.xml'
13:54:21.967 [main] DEBUG - Save part 'xl/styles.xml'
13:54:21.968 [main] DEBUG - Save part 'xl/theme/theme1.xml'
13:54:21.968 [main] DEBUG - Save part 'xl/workbook.xml'
13:54:21.968 [main] DEBUG - Save part 'xl/worksheets/sheet1.xml'
13:54:21.968 [main] DEBUG - Save part 'xl/worksheets/sheet2.xml'
13:54:21.968 [main] DEBUG - Save part 'xl/worksheets/sheet3.xml'
13:54:21.970 [main] DEBUG - Parsing relationship: /xl/_rels/workbook.xml.rels
13:54:21.970 [main] DEBUG - Parsing relationship: /_rels/.rels
13:54:21.977 [main] DEBUG - Save content types part
13:54:21.978 [main] DEBUG - Save package relationships
13:54:21.978 [main] DEBUG - Save part 'docProps/app.xml'
13:54:21.978 [main] DEBUG - Save part 'docProps/core.xml'
13:54:21.978 [main] DEBUG - Save part 'docProps/custom.xml'
13:54:21.978 [main] DEBUG - Save part 'xl/sharedStrings.xml'
13:54:21.978 [main] DEBUG - Save part 'xl/styles.xml'
13:54:21.979 [main] DEBUG - Save part 'xl/theme/theme1.xml'
13:54:21.979 [main] DEBUG - Save part 'xl/workbook.xml'
13:54:21.979 [main] DEBUG - Save part 'xl/worksheets/sheet1.xml'
13:54:21.979 [main] DEBUG - Save part 'xl/worksheets/sheet2.xml'
13:54:21.979 [main] DEBUG - Save part 'xl/worksheets/sheet3.xml'
13:54:21.981 [main] DEBUG - Parsing relationship: /xl/_rels/workbook.xml.rels
13:54:21.981 [main] DEBUG - Parsing relationship: /_rels/.rels
13:54:21.986 [main] DEBUG - Save content types part
13:54:21.986 [main] DEBUG - Save package relationships
13:54:21.986 [main] DEBUG - Save part 'docProps/app.xml'
13:54:21.986 [main] DEBUG - Save part 'docProps/core.xml'
13:54:21.987 [main] DEBUG - Save part 'docProps/custom.xml'
13:54:21.987 [main] DEBUG - Save part 'xl/sharedStrings.xml'
13:54:21.987 [main] DEBUG - Save part 'xl/styles.xml'
13:54:21.987 [main] DEBUG - Save part 'xl/theme/theme1.xml'
13:54:21.987 [main] DEBUG - Save part 'xl/workbook.xml'
13:54:21.987 [main] DEBUG - Save part 'xl/worksheets/sheet1.xml'
13:54:21.988 [main] DEBUG - Save part 'xl/worksheets/sheet2.xml'
13:54:21.988 [main] DEBUG - Save part 'xl/worksheets/sheet3.xml'
13:54:21.989 [main] DEBUG - Parsing relationship: /xl/_rels/workbook.xml.rels
13:54:21.990 [main] DEBUG - Parsing relationship: /_rels/.rels
13:54:21.996 [main] DEBUG - Save content types part
13:54:21.996 [main] DEBUG - Save package relationships
13:54:21.997 [main] DEBUG - Save part 'docProps/app.xml'
13:54:21.997 [main] DEBUG - Save part 'docProps/core.xml'
13:54:21.997 [main] DEBUG - Save part 'docProps/custom.xml'
13:54:21.997 [main] DEBUG - Save part 'xl/sharedStrings.xml'
13:54:21.997 [main] DEBUG - Save part 'xl/styles.xml'
13:54:21.997 [main] DEBUG - Save part 'xl/theme/theme1.xml'
13:54:21.997 [main] DEBUG - Save part 'xl/workbook.xml'
13:54:21.998 [main] DEBUG - Save part 'xl/worksheets/sheet1.xml'
13:54:21.998 [main] DEBUG - Save part 'xl/worksheets/sheet2.xml'
13:54:21.998 [main] DEBUG - Save part 'xl/worksheets/sheet3.xml'
13:54:21.999 [main] DEBUG - Parsing relationship: /xl/_rels/workbook.xml.rels
13:54:22.000 [main] DEBUG - Parsing relationship: /_rels/.rels
13:54:22.006 [main] DEBUG - Save content types part
13:54:22.006 [main] DEBUG - Save package relationships
13:54:22.006 [main] DEBUG - Save part 'docProps/app.xml'
13:54:22.006 [main] DEBUG - Save part 'docProps/core.xml'
13:54:22.007 [main] DEBUG - Save part 'docProps/custom.xml'
13:54:22.007 [main] DEBUG - Save part 'xl/sharedStrings.xml'
13:54:22.007 [main] DEBUG - Save part 'xl/styles.xml'
13:54:22.007 [main] DEBUG - Save part 'xl/theme/theme1.xml'
13:54:22.007 [main] DEBUG - Save part 'xl/workbook.xml'
13:54:22.007 [main] DEBUG - Save part 'xl/worksheets/sheet1.xml'
13:54:22.007 [main] DEBUG - Save part 'xl/worksheets/sheet2.xml'
13:54:22.007 [main] DEBUG - Save part 'xl/worksheets/sheet3.xml'
13:54:22.009 [main] DEBUG - Parsing relationship: /xl/_rels/workbook.xml.rels
13:54:22.009 [main] DEBUG - Parsing relationship: /_rels/.rels
13:54:22.014 [main] DEBUG - Save content types part
13:54:22.014 [main] DEBUG - Save package relationships
13:54:22.014 [main] DEBUG - Save part 'docProps/app.xml'
13:54:22.014 [main] DEBUG - Save part 'docProps/core.xml'
13:54:22.015 [main] DEBUG - Save part 'docProps/custom.xml'
13:54:22.015 [main] DEBUG - Save part 'xl/sharedStrings.xml'
13:54:22.015 [main] DEBUG - Save part 'xl/styles.xml'
13:54:22.015 [main] DEBUG - Save part 'xl/theme/theme1.xml'
13:54:22.015 [main] DEBUG - Save part 'xl/workbook.xml'
13:54:22.015 [main] DEBUG - Save part 'xl/worksheets/sheet1.xml'
13:54:22.015 [main] DEBUG - Save part 'xl/worksheets/sheet2.xml'
13:54:22.016 [main] DEBUG - Save part 'xl/worksheets/sheet3.xml'
13:54:22.017 [main] DEBUG - Parsing relationship: /xl/_rels/workbook.xml.rels
13:54:22.017 [main] DEBUG - Parsing relationship: /_rels/.rels
13:54:22.023 [main] DEBUG - Save content types part
13:54:22.024 [main] DEBUG - Save package relationships
13:54:22.024 [main] DEBUG - Save part 'docProps/app.xml'
13:54:22.024 [main] DEBUG - Save part 'docProps/core.xml'
13:54:22.024 [main] DEBUG - Save part 'docProps/custom.xml'
13:54:22.024 [main] DEBUG - Save part 'xl/sharedStrings.xml'
13:54:22.024 [main] DEBUG - Save part 'xl/styles.xml'
13:54:22.024 [main] DEBUG - Save part 'xl/theme/theme1.xml'
13:54:22.025 [main] DEBUG - Save part 'xl/workbook.xml'
13:54:22.025 [main] DEBUG - Save part 'xl/worksheets/sheet1.xml'
13:54:22.025 [main] DEBUG - Save part 'xl/worksheets/sheet2.xml'
13:54:22.025 [main] DEBUG - Save part 'xl/worksheets/sheet3.xml'
13:54:22.026 [main] DEBUG - Parsing relationship: /xl/_rels/workbook.xml.rels
13:54:22.027 [main] DEBUG - Parsing relationship: /_rels/.rels
13:54:22.033 [main] DEBUG - Save content types part
13:54:22.033 [main] DEBUG - Save package relationships
13:54:22.033 [main] DEBUG - Save part 'docProps/app.xml'
13:54:22.033 [main] DEBUG - Save part 'docProps/core.xml'
13:54:22.034 [main] DEBUG - Save part 'docProps/custom.xml'
13:54:22.034 [main] DEBUG - Save part 'xl/sharedStrings.xml'
13:54:22.034 [main] DEBUG - Save part 'xl/styles.xml'
13:54:22.034 [main] DEBUG - Save part 'xl/theme/theme1.xml'
13:54:22.034 [main] DEBUG - Save part 'xl/workbook.xml'
13:54:22.034 [main] DEBUG - Save part 'xl/worksheets/sheet1.xml'
13:54:22.034 [main] DEBUG - Save part 'xl/worksheets/sheet2.xml'
13:54:22.034 [main] DEBUG - Save part 'xl/worksheets/sheet3.xml'
13:54:22.036 [main] DEBUG - Parsing relationship: /xl/_rels/workbook.xml.rels
13:54:22.036 [main] DEBUG - Parsing relationship: /_rels/.rels
13:54:22.040 [main] DEBUG - Save content types part
13:54:22.041 [main] DEBUG - Save package relationships
13:54:22.041 [main] DEBUG - Save part 'docProps/app.xml'
13:54:22.041 [main] DEBUG - Save part 'docProps/core.xml'
13:54:22.041 [main] DEBUG - Save part 'docProps/custom.xml'
13:54:22.041 [main] DEBUG - Save part 'xl/sharedStrings.xml'
13:54:22.041 [main] DEBUG - Save part 'xl/styles.xml'
13:54:22.042 [main] DEBUG - Save part 'xl/theme/theme1.xml'
13:54:22.042 [main] DEBUG - Save part 'xl/workbook.xml'
13:54:22.042 [main] DEBUG - Save part 'xl/worksheets/sheet1.xml'
13:54:22.042 [main] DEBUG - Save part 'xl/worksheets/sheet2.xml'
13:54:22.042 [main] DEBUG - Save part 'xl/worksheets/sheet3.xml'
13:54:22.044 [main] DEBUG - Parsing relationship: /xl/_rels/workbook.xml.rels
13:54:22.044 [main] DEBUG - Parsing relationship: /_rels/.rels
13:54:22.051 [main] DEBUG - Save content types part
13:54:22.051 [main] DEBUG - Save package relationships
13:54:22.051 [main] DEBUG - Save part 'docProps/app.xml'
13:54:22.051 [main] DEBUG - Save part 'docProps/core.xml'
13:54:22.051 [main] DEBUG - Save part 'docProps/custom.xml'
13:54:22.051 [main] DEBUG - Save part 'xl/sharedStrings.xml'
13:54:22.052 [main] DEBUG - Save part 'xl/styles.xml'
13:54:22.052 [main] DEBUG - Save part 'xl/theme/theme1.xml'
13:54:22.052 [main] DEBUG - Save part 'xl/workbook.xml'
13:54:22.052 [main] DEBUG - Save part 'xl/worksheets/sheet1.xml'
13:54:22.052 [main] DEBUG - Save part 'xl/worksheets/sheet2.xml'
13:54:22.052 [main] DEBUG - Save part 'xl/worksheets/sheet3.xml'
13:54:22.054 [main] DEBUG - Parsing relationship: /xl/_rels/workbook.xml.rels
13:54:22.054 [main] DEBUG - Parsing relationship: /_rels/.rels
13:54:22.062 [main] DEBUG - Save content types part
13:54:22.063 [main] DEBUG - Save package relationships
13:54:22.063 [main] DEBUG - Save part 'docProps/app.xml'
13:54:22.063 [main] DEBUG - Save part 'docProps/core.xml'
13:54:22.063 [main] DEBUG - Save part 'docProps/custom.xml'
13:54:22.063 [main] DEBUG - Save part 'xl/sharedStrings.xml'
13:54:22.063 [main] DEBUG - Save part 'xl/styles.xml'
13:54:22.064 [main] DEBUG - Save part 'xl/theme/theme1.xml'
13:54:22.064 [main] DEBUG - Save part 'xl/workbook.xml'
13:54:22.064 [main] DEBUG - Save part 'xl/worksheets/sheet1.xml'
13:54:22.064 [main] DEBUG - Save part 'xl/worksheets/sheet2.xml'
13:54:22.064 [main] DEBUG - Save part 'xl/worksheets/sheet3.xml'
13:54:22.065 [main] DEBUG - Parsing relationship: /xl/_rels/workbook.xml.rels
13:54:22.066 [main] DEBUG - Parsing relationship: /_rels/.rels
13:54:22.070 [main] DEBUG - Save content types part
13:54:22.070 [main] DEBUG - Save package relationships
13:54:22.070 [main] DEBUG - Save part 'docProps/app.xml'
13:54:22.070 [main] DEBUG - Save part 'docProps/core.xml'
13:54:22.071 [main] DEBUG - Save part 'docProps/custom.xml'
13:54:22.071 [main] DEBUG - Save part 'xl/sharedStrings.xml'
13:54:22.071 [main] DEBUG - Save part 'xl/styles.xml'
13:54:22.071 [main] DEBUG - Save part 'xl/theme/theme1.xml'
13:54:22.071 [main] DEBUG - Save part 'xl/workbook.xml'
13:54:22.071 [main] DEBUG - Save part 'xl/worksheets/sheet1.xml'
13:54:22.072 [main] DEBUG - Save part 'xl/worksheets/sheet2.xml'
13:54:22.072 [main] DEBUG - Save part 'xl/worksheets/sheet3.xml'
13:54:22.073 [main] DEBUG - Parsing relationship: /xl/_rels/workbook.xml.rels
13:54:22.073 [main] DEBUG - Parsing relationship: /_rels/.rels
13:54:22.080 [main] DEBUG - Save content types part
13:54:22.080 [main] DEBUG - Save package relationships
13:54:22.080 [main] DEBUG - Save part 'docProps/app.xml'
13:54:22.080 [main] DEBUG - Save part 'docProps/core.xml'
13:54:22.081 [main] DEBUG - Save part 'docProps/custom.xml'
13:54:22.081 [main] DEBUG - Save part 'xl/sharedStrings.xml'
13:54:22.081 [main] DEBUG - Save part 'xl/styles.xml'
13:54:22.081 [main] DEBUG - Save part 'xl/theme/theme1.xml'
13:54:22.081 [main] DEBUG - Save part 'xl/workbook.xml'
13:54:22.081 [main] DEBUG - Save part 'xl/worksheets/sheet1.xml'
13:54:22.081 [main] DEBUG - Save part 'xl/worksheets/sheet2.xml'
13:54:22.081 [main] DEBUG - Save part 'xl/worksheets/sheet3.xml'
13:54:22.086 [main] DEBUG - Parsing relationship: /xl/_rels/workbook.xml.rels
13:54:22.086 [main] DEBUG - Parsing relationship: /_rels/.rels
13:54:22.092 [main] DEBUG - Save content types part
13:54:22.093 [main] DEBUG - Save package relationships
13:54:22.093 [main] DEBUG - Save part 'docProps/app.xml'
13:54:22.093 [main] DEBUG - Save part 'docProps/core.xml'
13:54:22.093 [main] DEBUG - Save part 'docProps/custom.xml'
13:54:22.093 [main] DEBUG - Save part 'xl/sharedStrings.xml'
13:54:22.093 [main] DEBUG - Save part 'xl/styles.xml'
13:54:22.093 [main] DEBUG - Save part 'xl/theme/theme1.xml'
13:54:22.094 [main] DEBUG - Save part 'xl/workbook.xml'
13:54:22.094 [main] DEBUG - Save part 'xl/worksheets/sheet1.xml'
13:54:22.094 [main] DEBUG - Save part 'xl/worksheets/sheet2.xml'
13:54:22.094 [main] DEBUG - Save part 'xl/worksheets/sheet3.xml'
13:54:22.095 [main] DEBUG - Parsing relationship: /xl/_rels/workbook.xml.rels
13:54:22.096 [main] DEBUG - Parsing relationship: /_rels/.rels
13:54:22.101 [main] DEBUG - Save content types part
13:54:22.102 [main] DEBUG - Save package relationships
13:54:22.102 [main] DEBUG - Save part 'docProps/app.xml'
13:54:22.102 [main] DEBUG - Save part 'docProps/core.xml'
13:54:22.102 [main] DEBUG - Save part 'docProps/custom.xml'
13:54:22.102 [main] DEBUG - Save part 'xl/sharedStrings.xml'
13:54:22.103 [main] DEBUG - Save part 'xl/styles.xml'
13:54:22.103 [main] DEBUG - Save part 'xl/theme/theme1.xml'
13:54:22.103 [main] DEBUG - Save part 'xl/workbook.xml'
13:54:22.103 [main] DEBUG - Save part 'xl/worksheets/sheet1.xml'
13:54:22.103 [main] DEBUG - Save part 'xl/worksheets/sheet2.xml'
13:54:22.103 [main] DEBUG - Save part 'xl/worksheets/sheet3.xml'
13:54:22.105 [main] DEBUG - Parsing relationship: /xl/_rels/workbook.xml.rels
13:54:22.105 [main] DEBUG - Parsing relationship: /_rels/.rels
13:54:22.111 [main] DEBUG - Save content types part
13:54:22.111 [main] DEBUG - Save package relationships
13:54:22.112 [main] DEBUG - Save part 'docProps/app.xml'
13:54:22.112 [main] DEBUG - Save part 'docProps/core.xml'
13:54:22.112 [main] DEBUG - Save part 'docProps/custom.xml'
13:54:22.112 [main] DEBUG - Save part 'xl/sharedStrings.xml'
13:54:22.112 [main] DEBUG - Save part 'xl/styles.xml'
13:54:22.112 [main] DEBUG - Save part 'xl/theme/theme1.xml'
13:54:22.112 [main] DEBUG - Save part 'xl/workbook.xml'
13:54:22.113 [main] DEBUG - Save part 'xl/worksheets/sheet1.xml'
13:54:22.113 [main] DEBUG - Save part 'xl/worksheets/sheet2.xml'
13:54:22.113 [main] DEBUG - Save part 'xl/worksheets/sheet3.xml'
13:54:22.114 [main] DEBUG - Parsing relationship: /xl/_rels/workbook.xml.rels
13:54:22.114 [main] DEBUG - Parsing relationship: /_rels/.rels
13:54:22.120 [main] DEBUG - Save content types part
13:54:22.121 [main] DEBUG - Save package relationships
13:54:22.121 [main] DEBUG - Save part 'docProps/app.xml'
13:54:22.121 [main] DEBUG - Save part 'docProps/core.xml'
13:54:22.121 [main] DEBUG - Save part 'docProps/custom.xml'
13:54:22.121 [main] DEBUG - Save part 'xl/sharedStrings.xml'
13:54:22.121 [main] DEBUG - Save part 'xl/styles.xml'
13:54:22.121 [main] DEBUG - Save part 'xl/theme/theme1.xml'
13:54:22.122 [main] DEBUG - Save part 'xl/workbook.xml'
13:54:22.122 [main] DEBUG - Save part 'xl/worksheets/sheet1.xml'
13:54:22.122 [main] DEBUG - Save part 'xl/worksheets/sheet2.xml'
13:54:22.122 [main] DEBUG - Save part 'xl/worksheets/sheet3.xml'
13:54:22.123 [main] DEBUG - Parsing relationship: /xl/_rels/workbook.xml.rels
13:54:22.123 [main] DEBUG - Parsing relationship: /_rels/.rels
13:54:22.128 [main] DEBUG - Save content types part
13:54:22.128 [main] DEBUG - Save package relationships
13:54:22.128 [main] DEBUG - Save part 'docProps/app.xml'
13:54:22.128 [main] DEBUG - Save part 'docProps/core.xml'
13:54:22.129 [main] DEBUG - Save part 'docProps/custom.xml'
13:54:22.129 [main] DEBUG - Save part 'xl/sharedStrings.xml'
13:54:22.129 [main] DEBUG - Save part 'xl/styles.xml'
13:54:22.129 [main] DEBUG - Save part 'xl/theme/theme1.xml'
13:54:22.129 [main] DEBUG - Save part 'xl/workbook.xml'
13:54:22.130 [main] DEBUG - Save part 'xl/worksheets/sheet1.xml'
13:54:22.130 [main] DEBUG - Save part 'xl/worksheets/sheet2.xml'
13:54:22.130 [main] DEBUG - Save part 'xl/worksheets/sheet3.xml'
13:54:22.132 [main] DEBUG - Parsing relationship: /xl/_rels/workbook.xml.rels
13:54:22.132 [main] DEBUG - Parsing relationship: /_rels/.rels
13:54:22.138 [main] DEBUG - Save content types part
13:54:22.138 [main] DEBUG - Save package relationships
13:54:22.138 [main] DEBUG - Save part 'docProps/app.xml'
13:54:22.138 [main] DEBUG - Save part 'docProps/core.xml'
13:54:22.138 [main] DEBUG - Save part 'docProps/custom.xml'
13:54:22.138 [main] DEBUG - Save part 'xl/sharedStrings.xml'
13:54:22.138 [main] DEBUG - Save part 'xl/styles.xml'
13:54:22.139 [main] DEBUG - Save part 'xl/theme/theme1.xml'
13:54:22.139 [main] DEBUG - Save part 'xl/workbook.xml'
13:54:22.139 [main] DEBUG - Save part 'xl/worksheets/sheet1.xml'
13:54:22.139 [main] DEBUG - Save part 'xl/worksheets/sheet2.xml'
13:54:22.139 [main] DEBUG - Save part 'xl/worksheets/sheet3.xml'
13:54:22.141 [main] DEBUG - Parsing relationship: /xl/_rels/workbook.xml.rels
13:54:22.141 [main] DEBUG - Parsing relationship: /_rels/.rels
13:54:22.147 [main] DEBUG - Save content types part
13:54:22.148 [main] DEBUG - Save package relationships
13:54:22.148 [main] DEBUG - Save part 'docProps/app.xml'
13:54:22.148 [main] DEBUG - Save part 'docProps/core.xml'
13:54:22.148 [main] DEBUG - Save part 'docProps/custom.xml'
13:54:22.148 [main] DEBUG - Save part 'xl/sharedStrings.xml'
13:54:22.148 [main] DEBUG - Save part 'xl/styles.xml'
13:54:22.149 [main] DEBUG - Save part 'xl/theme/theme1.xml'
13:54:22.149 [main] DEBUG - Save part 'xl/workbook.xml'
13:54:22.149 [main] DEBUG - Save part 'xl/worksheets/sheet1.xml'
13:54:22.149 [main] DEBUG - Save part 'xl/worksheets/sheet2.xml'
13:54:22.149 [main] DEBUG - Save part 'xl/worksheets/sheet3.xml'
13:54:22.151 [main] DEBUG - Parsing relationship: /xl/_rels/workbook.xml.rels
13:54:22.151 [main] DEBUG - Parsing relationship: /_rels/.rels
13:54:22.155 [main] DEBUG - Save content types part
13:54:22.155 [main] DEBUG - Save package relationships
13:54:22.156 [main] DEBUG - Save part 'docProps/app.xml'
13:54:22.156 [main] DEBUG - Save part 'docProps/core.xml'
13:54:22.156 [main] DEBUG - Save part 'docProps/custom.xml'
13:54:22.156 [main] DEBUG - Save part 'xl/sharedStrings.xml'
13:54:22.156 [main] DEBUG - Save part 'xl/styles.xml'
13:54:22.156 [main] DEBUG - Save part 'xl/theme/theme1.xml'
13:54:22.157 [main] DEBUG - Save part 'xl/workbook.xml'
13:54:22.157 [main] DEBUG - Save part 'xl/worksheets/sheet1.xml'
13:54:22.157 [main] DEBUG - Save part 'xl/worksheets/sheet2.xml'
13:54:22.157 [main] DEBUG - Save part 'xl/worksheets/sheet3.xml'
13:54:22.159 [main] DEBUG - Parsing relationship: /xl/_rels/workbook.xml.rels
13:54:22.159 [main] DEBUG - Parsing relationship: /_rels/.rels
13:54:22.164 [main] DEBUG - Save content types part
13:54:22.164 [main] DEBUG - Save package relationships
13:54:22.165 [main] DEBUG - Save part 'docProps/app.xml'
13:54:22.165 [main] DEBUG - Save part 'docProps/core.xml'
13:54:22.165 [main] DEBUG - Save part 'docProps/custom.xml'
13:54:22.165 [main] DEBUG - Save part 'xl/sharedStrings.xml'
13:54:22.165 [main] DEBUG - Save part 'xl/styles.xml'
13:54:22.165 [main] DEBUG - Save part 'xl/theme/theme1.xml'
13:54:22.165 [main] DEBUG - Save part 'xl/workbook.xml'
13:54:22.166 [main] DEBUG - Save part 'xl/worksheets/sheet1.xml'
13:54:22.166 [main] DEBUG - Save part 'xl/worksheets/sheet2.xml'
13:54:22.166 [main] DEBUG - Save part 'xl/worksheets/sheet3.xml'
13:54:22.167 [main] DEBUG - Parsing relationship: /xl/_rels/workbook.xml.rels
13:54:22.167 [main] DEBUG - Parsing relationship: /_rels/.rels
13:54:22.174 [main] DEBUG - Save content types part
13:54:22.174 [main] DEBUG - Save package relationships
13:54:22.175 [main] DEBUG - Save part 'docProps/app.xml'
13:54:22.175 [main] DEBUG - Save part 'docProps/core.xml'
13:54:22.175 [main] DEBUG - Save part 'docProps/custom.xml'
13:54:22.175 [main] DEBUG - Save part 'xl/sharedStrings.xml'
13:54:22.175 [main] DEBUG - Save part 'xl/styles.xml'
13:54:22.175 [main] DEBUG - Save part 'xl/theme/theme1.xml'
13:54:22.175 [main] DEBUG - Save part 'xl/workbook.xml'
13:54:22.176 [main] DEBUG - Save part 'xl/worksheets/sheet1.xml'
13:54:22.176 [main] DEBUG - Save part 'xl/worksheets/sheet2.xml'
13:54:22.176 [main] DEBUG - Save part 'xl/worksheets/sheet3.xml'
13:54:22.177 [main] DEBUG - Parsing relationship: /xl/_rels/workbook.xml.rels
13:54:22.178 [main] DEBUG - Parsing relationship: /_rels/.rels
13:54:22.181 [main] DEBUG - Save content types part
13:54:22.182 [main] DEBUG - Save package relationships
13:54:22.182 [main] DEBUG - Save part 'docProps/app.xml'
13:54:22.182 [main] DEBUG - Save part 'docProps/core.xml'
13:54:22.182 [main] DEBUG - Save part 'docProps/custom.xml'
13:54:22.182 [main] DEBUG - Save part 'xl/sharedStrings.xml'
13:54:22.182 [main] DEBUG - Save part 'xl/styles.xml'
13:54:22.183 [main] DEBUG - Save part 'xl/theme/theme1.xml'
13:54:22.183 [main] DEBUG - Save part 'xl/workbook.xml'
13:54:22.183 [main] DEBUG - Save part 'xl/worksheets/sheet1.xml'
13:54:22.183 [main] DEBUG - Save part 'xl/worksheets/sheet2.xml'
13:54:22.183 [main] DEBUG - Save part 'xl/worksheets/sheet3.xml'
13:54:22.185 [main] DEBUG - Parsing relationship: /xl/_rels/workbook.xml.rels
13:54:22.185 [main] DEBUG - Parsing relationship: /_rels/.rels
13:54:22.190 [main] DEBUG - Save content types part
13:54:22.191 [main] DEBUG - Save package relationships
13:54:22.191 [main] DEBUG - Save part 'docProps/app.xml'
13:54:22.191 [main] DEBUG - Save part 'docProps/core.xml'
13:54:22.191 [main] DEBUG - Save part 'docProps/custom.xml'
13:54:22.191 [main] DEBUG - Save part 'xl/sharedStrings.xml'
13:54:22.191 [main] DEBUG - Save part 'xl/styles.xml'
13:54:22.191 [main] DEBUG - Save part 'xl/theme/theme1.xml'
13:54:22.192 [main] DEBUG - Save part 'xl/workbook.xml'
13:54:22.192 [main] DEBUG - Save part 'xl/worksheets/sheet1.xml'
13:54:22.192 [main] DEBUG - Save part 'xl/worksheets/sheet2.xml'
13:54:22.192 [main] DEBUG - Save part 'xl/worksheets/sheet3.xml'
13:54:22.193 [main] DEBUG - Parsing relationship: /xl/_rels/workbook.xml.rels
13:54:22.193 [main] DEBUG - Parsing relationship: /_rels/.rels
13:54:22.198 [main] DEBUG - Save content types part
13:54:22.199 [main] DEBUG - Save package relationships
13:54:22.199 [main] DEBUG - Save part 'docProps/app.xml'
13:54:22.199 [main] DEBUG - Save part 'docProps/core.xml'
13:54:22.199 [main] DEBUG - Save part 'docProps/custom.xml'
13:54:22.199 [main] DEBUG - Save part 'xl/sharedStrings.xml'
13:54:22.199 [main] DEBUG - Save part 'xl/styles.xml'
13:54:22.199 [main] DEBUG - Save part 'xl/theme/theme1.xml'
13:54:22.199 [main] DEBUG - Save part 'xl/workbook.xml'
13:54:22.200 [main] DEBUG - Save part 'xl/worksheets/sheet1.xml'
13:54:22.200 [main] DEBUG - Save part 'xl/worksheets/sheet2.xml'
13:54:22.200 [main] DEBUG - Save part 'xl/worksheets/sheet3.xml'
13:54:22.201 [main] DEBUG - Parsing relationship: /xl/_rels/workbook.xml.rels
13:54:22.201 [main] DEBUG - Parsing relationship: /_rels/.rels
13:54:22.205 [main] DEBUG - Save content types part
13:54:22.205 [main] DEBUG - Save package relationships
13:54:22.205 [main] DEBUG - Save part 'docProps/app.xml'
13:54:22.205 [main] DEBUG - Save part 'docProps/core.xml'
13:54:22.206 [main] DEBUG - Save part 'docProps/custom.xml'
13:54:22.206 [main] DEBUG - Save part 'xl/sharedStrings.xml'
13:54:22.206 [main] DEBUG - Save part 'xl/styles.xml'
13:54:22.206 [main] DEBUG - Save part 'xl/theme/theme1.xml'
13:54:22.206 [main] DEBUG - Save part 'xl/workbook.xml'
13:54:22.206 [main] DEBUG - Save part 'xl/worksheets/sheet1.xml'
13:54:22.206 [main] DEBUG - Save part 'xl/worksheets/sheet2.xml'
13:54:22.206 [main] DEBUG - Save part 'xl/worksheets/sheet3.xml'
13:54:22.208 [main] DEBUG - Parsing relationship: /xl/_rels/workbook.xml.rels
13:54:22.208 [main] DEBUG - Parsing relationship: /_rels/.rels
13:54:22.213 [main] DEBUG - Save content types part
13:54:22.213 [main] DEBUG - Save package relationships
13:54:22.213 [main] DEBUG - Save part 'docProps/app.xml'
13:54:22.213 [main] DEBUG - Save part 'docProps/core.xml'
13:54:22.214 [main] DEBUG - Save part 'docProps/custom.xml'
13:54:22.214 [main] DEBUG - Save part 'xl/sharedStrings.xml'
13:54:22.214 [main] DEBUG - Save part 'xl/styles.xml'
13:54:22.214 [main] DEBUG - Save part 'xl/theme/theme1.xml'
13:54:22.214 [main] DEBUG - Save part 'xl/workbook.xml'
13:54:22.214 [main] DEBUG - Save part 'xl/worksheets/sheet1.xml'
13:54:22.214 [main] DEBUG - Save part 'xl/worksheets/sheet2.xml'
13:54:22.214 [main] DEBUG - Save part 'xl/worksheets/sheet3.xml'
13:54:22.216 [main] DEBUG - Parsing relationship: /xl/_rels/workbook.xml.rels
13:54:22.216 [main] DEBUG - Parsing relationship: /_rels/.rels
13:54:22.221 [main] DEBUG - Save content types part
13:54:22.221 [main] DEBUG - Save package relationships
13:54:22.221 [main] DEBUG - Save part 'docProps/app.xml'
13:54:22.221 [main] DEBUG - Save part 'docProps/core.xml'
13:54:22.221 [main] DEBUG - Save part 'docProps/custom.xml'
13:54:22.221 [main] DEBUG - Save part 'xl/sharedStrings.xml'
13:54:22.222 [main] DEBUG - Save part 'xl/styles.xml'
13:54:22.222 [main] DEBUG - Save part 'xl/theme/theme1.xml'
13:54:22.222 [main] DEBUG - Save part 'xl/workbook.xml'
13:54:22.222 [main] DEBUG - Save part 'xl/worksheets/sheet1.xml'
13:54:22.222 [main] DEBUG - Save part 'xl/worksheets/sheet2.xml'
13:54:22.222 [main] DEBUG - Save part 'xl/worksheets/sheet3.xml'
13:54:22.224 [main] DEBUG - Parsing relationship: /xl/_rels/workbook.xml.rels
13:54:22.224 [main] DEBUG - Parsing relationship: /_rels/.rels
13:54:22.228 [main] DEBUG - Save content types part
13:54:22.228 [main] DEBUG - Save package relationships
13:54:22.228 [main] DEBUG - Save part 'docProps/app.xml'
13:54:22.228 [main] DEBUG - Save part 'docProps/core.xml'
13:54:22.229 [main] DEBUG - Save part 'docProps/custom.xml'
13:54:22.229 [main] DEBUG - Save part 'xl/sharedStrings.xml'
13:54:22.229 [main] DEBUG - Save part 'xl/styles.xml'
13:54:22.229 [main] DEBUG - Save part 'xl/theme/theme1.xml'
13:54:22.229 [main] DEBUG - Save part 'xl/workbook.xml'
13:54:22.229 [main] DEBUG - Save part 'xl/worksheets/sheet1.xml'
13:54:22.229 [main] DEBUG - Save part 'xl/worksheets/sheet2.xml'
13:54:22.230 [main] DEBUG - Save part 'xl/worksheets/sheet3.xml'
13:54:22.231 [main] DEBUG - Parsing relationship: /xl/_rels/workbook.xml.rels
13:54:22.231 [main] DEBUG - Parsing relationship: /_rels/.rels
13:54:22.237 [main] DEBUG - Save content types part
13:54:22.237 [main] DEBUG - Save package relationships
13:54:22.237 [main] DEBUG - Save part 'docProps/app.xml'
13:54:22.237 [main] DEBUG - Save part 'docProps/core.xml'
13:54:22.237 [main] DEBUG - Save part 'docProps/custom.xml'
13:54:22.237 [main] DEBUG - Save part 'xl/sharedStrings.xml'
13:54:22.238 [main] DEBUG - Save part 'xl/styles.xml'
13:54:22.238 [main] DEBUG - Save part 'xl/theme/theme1.xml'
13:54:22.238 [main] DEBUG - Save part 'xl/workbook.xml'
13:54:22.238 [main] DEBUG - Save part 'xl/worksheets/sheet1.xml'
13:54:22.238 [main] DEBUG - Save part 'xl/worksheets/sheet2.xml'
13:54:22.238 [main] DEBUG - Save part 'xl/worksheets/sheet3.xml'
13:54:22.240 [main] DEBUG - Parsing relationship: /xl/_rels/workbook.xml.rels
13:54:22.240 [main] DEBUG - Parsing relationship: /_rels/.rels
13:54:22.245 [main] DEBUG - Save content types part
13:54:22.245 [main] DEBUG - Save package relationships
13:54:22.246 [main] DEBUG - Save part 'docProps/app.xml'
13:54:22.246 [main] DEBUG - Save part 'docProps/core.xml'
13:54:22.246 [main] DEBUG - Save part 'docProps/custom.xml'
13:54:22.246 [main] DEBUG - Save part 'xl/sharedStrings.xml'
13:54:22.246 [main] DEBUG - Save part 'xl/styles.xml'
13:54:22.246 [main] DEBUG - Save part 'xl/theme/theme1.xml'
13:54:22.246 [main] DEBUG - Save part 'xl/workbook.xml'
13:54:22.247 [main] DEBUG - Save part 'xl/worksheets/sheet1.xml'
13:54:22.247 [main] DEBUG - Save part 'xl/worksheets/sheet2.xml'
13:54:22.247 [main] DEBUG - Save part 'xl/worksheets/sheet3.xml'
13:54:22.249 [main] DEBUG - Parsing relationship: /xl/_rels/workbook.xml.rels
13:54:22.249 [main] DEBUG - Parsing relationship: /_rels/.rels
13:54:22.253 [main] DEBUG - Save content types part
13:54:22.253 [main] DEBUG - Save package relationships
13:54:22.253 [main] DEBUG - Save part 'docProps/app.xml'
13:54:22.253 [main] DEBUG - Save part 'docProps/core.xml'
13:54:22.253 [main] DEBUG - Save part 'docProps/custom.xml'
13:54:22.254 [main] DEBUG - Save part 'xl/sharedStrings.xml'
13:54:22.254 [main] DEBUG - Save part 'xl/styles.xml'
13:54:22.254 [main] DEBUG - Save part 'xl/theme/theme1.xml'
13:54:22.254 [main] DEBUG - Save part 'xl/workbook.xml'
13:54:22.254 [main] DEBUG - Save part 'xl/worksheets/sheet1.xml'
13:54:22.254 [main] DEBUG - Save part 'xl/worksheets/sheet2.xml'
13:54:22.254 [main] DEBUG - Save part 'xl/worksheets/sheet3.xml'
13:54:22.256 [main] DEBUG - Parsing relationship: /xl/_rels/workbook.xml.rels
13:54:22.256 [main] DEBUG - Parsing relationship: /_rels/.rels
13:54:22.261 [main] DEBUG - Save content types part
13:54:22.261 [main] DEBUG - Save package relationships
13:54:22.261 [main] DEBUG - Save part 'docProps/app.xml'
13:54:22.261 [main] DEBUG - Save part 'docProps/core.xml'
13:54:22.262 [main] DEBUG - Save part 'docProps/custom.xml'
13:54:22.262 [main] DEBUG - Save part 'xl/sharedStrings.xml'
13:54:22.262 [main] DEBUG - Save part 'xl/styles.xml'
13:54:22.262 [main] DEBUG - Save part 'xl/theme/theme1.xml'
13:54:22.262 [main] DEBUG - Save part 'xl/workbook.xml'
13:54:22.262 [main] DEBUG - Save part 'xl/worksheets/sheet1.xml'
13:54:22.262 [main] DEBUG - Save part 'xl/worksheets/sheet2.xml'
13:54:22.262 [main] DEBUG - Save part 'xl/worksheets/sheet3.xml'
13:54:22.265 [main] DEBUG - Parsing relationship: /xl/_rels/workbook.xml.rels
13:54:22.266 [main] DEBUG - Parsing relationship: /_rels/.rels
13:54:22.270 [main] DEBUG - Save content types part
13:54:22.271 [main] DEBUG - Save package relationships
13:54:22.271 [main] DEBUG - Save part 'docProps/app.xml'
13:54:22.271 [main] DEBUG - Save part 'docProps/core.xml'
13:54:22.271 [main] DEBUG - Save part 'docProps/custom.xml'
13:54:22.271 [main] DEBUG - Save part 'xl/sharedStrings.xml'
13:54:22.271 [main] DEBUG - Save part 'xl/styles.xml'
13:54:22.271 [main] DEBUG - Save part 'xl/theme/theme1.xml'
13:54:22.272 [main] DEBUG - Save part 'xl/workbook.xml'
13:54:22.272 [main] DEBUG - Save part 'xl/worksheets/sheet1.xml'
13:54:22.272 [main] DEBUG - Save part 'xl/worksheets/sheet2.xml'
13:54:22.272 [main] DEBUG - Save part 'xl/worksheets/sheet3.xml'
13:54:22.273 [main] DEBUG - Parsing relationship: /xl/_rels/workbook.xml.rels
13:54:22.273 [main] DEBUG - Parsing relationship: /_rels/.rels
13:54:22.278 [main] DEBUG - Save content types part
13:54:22.278 [main] DEBUG - Save package relationships
13:54:22.278 [main] DEBUG - Save part 'docProps/app.xml'
13:54:22.278 [main] DEBUG - Save part 'docProps/core.xml'
13:54:22.278 [main] DEBUG - Save part 'docProps/custom.xml'
13:54:22.278 [main] DEBUG - Save part 'xl/sharedStrings.xml'
13:54:22.278 [main] DEBUG - Save part 'xl/styles.xml'
13:54:22.279 [main] DEBUG - Save part 'xl/theme/theme1.xml'
13:54:22.279 [main] DEBUG - Save part 'xl/workbook.xml'
13:54:22.279 [main] DEBUG - Save part 'xl/worksheets/sheet1.xml'
13:54:22.279 [main] DEBUG - Save part 'xl/worksheets/sheet2.xml'
13:54:22.279 [main] DEBUG - Save part 'xl/worksheets/sheet3.xml'
13:54:22.281 [main] DEBUG - Parsing relationship: /xl/_rels/workbook.xml.rels
13:54:22.281 [main] DEBUG - Parsing relationship: /_rels/.rels
13:54:22.286 [main] DEBUG - Save content types part
13:54:22.286 [main] DEBUG - Save package relationships
13:54:22.286 [main] DEBUG - Save part 'docProps/app.xml'
13:54:22.286 [main] DEBUG - Save part 'docProps/core.xml'
13:54:22.287 [main] DEBUG - Save part 'docProps/custom.xml'
13:54:22.287 [main] DEBUG - Save part 'xl/sharedStrings.xml'
13:54:22.287 [main] DEBUG - Save part 'xl/styles.xml'
13:54:22.287 [main] DEBUG - Save part 'xl/theme/theme1.xml'
13:54:22.287 [main] DEBUG - Save part 'xl/workbook.xml'
13:54:22.287 [main] DEBUG - Save part 'xl/worksheets/sheet1.xml'
13:54:22.287 [main] DEBUG - Save part 'xl/worksheets/sheet2.xml'
13:54:22.287 [main] DEBUG - Save part 'xl/worksheets/sheet3.xml'
13:54:22.289 [main] DEBUG - Parsing relationship: /xl/_rels/workbook.xml.rels
13:54:22.289 [main] DEBUG - Parsing relationship: /_rels/.rels
13:54:22.294 [main] DEBUG - Save content types part
13:54:22.294 [main] DEBUG - Save package relationships
13:54:22.294 [main] DEBUG - Save part 'docProps/app.xml'
13:54:22.294 [main] DEBUG - Save part 'docProps/core.xml'
13:54:22.295 [main] DEBUG - Save part 'docProps/custom.xml'
