21:55:26.697 [main] DEBUG - Save part 'xl/workbook.xml'
21:55:26.701 [main] DEBUG - Save part 'xl/worksheets/sheet1.xml'
21:55:26.701 [main] DEBUG - Save part 'xl/worksheets/sheet2.xml'
21:55:26.701 [main] DEBUG - Save part 'xl/worksheets/sheet3.xml'
21:55:26.701 [main] DEBUG - Save part 'xl/worksheets/sheet4.xml'
21:55:26.704 [main] DEBUG - Parsing relationship: /xl/_rels/workbook.xml.rels
21:55:26.704 [main] DEBUG - Parsing relationship: /_rels/.rels
21:55:26.716 [main] DEBUG - Save content types part
21:55:26.716 [main] DEBUG - Save package relationships
21:55:26.717 [main] DEBUG - Save part 'docProps/app.xml'
21:55:26.717 [main] DEBUG - Save part 'docProps/core.xml'
21:55:26.717 [main] DEBUG - Save part 'docProps/custom.xml'
21:55:26.718 [main] DEBUG - Save part 'xl/sharedStrings.xml'
21:55:26.718 [main] DEBUG - Save part 'xl/styles.xml'
21:55:26.718 [main] DEBUG - Save part 'xl/theme/theme1.xml'
21:55:26.718 [main] DEBUG - Save part 'xl/workbook.xml'
21:55:26.719 [main] DEBUG - Save part 'xl/worksheets/sheet1.xml'
21:55:26.719 [main] DEBUG - Save part 'xl/worksheets/sheet2.xml'
21:55:26.719 [main] DEBUG - Save part 'xl/worksheets/sheet3.xml'
21:55:26.719 [main] DEBUG - Save part 'xl/worksheets/sheet4.xml'
21:55:26.736 [main] DEBUG - Parsing relationship: /xl/_rels/workbook.xml.rels
21:55:26.736 [main] DEBUG - Parsing relationship: /_rels/.rels
21:55:26.744 [main] DEBUG - Save content types part
21:55:26.744 [main] DEBUG - Save package relationships
21:55:26.745 [main] DEBUG - Save part 'docProps/app.xml'
21:55:26.745 [main] DEBUG - Save part 'docProps/core.xml'
21:55:26.745 [main] DEBUG - Save part 'docProps/custom.xml'
21:55:26.745 [main] DEBUG - Save part 'xl/sharedStrings.xml'
21:55:26.746 [main] DEBUG - Save part 'xl/styles.xml'
21:55:26.746 [main] DEBUG - Save part 'xl/theme/theme1.xml'
21:55:26.746 [main] DEBUG - Save part 'xl/workbook.xml'
21:55:26.747 [main] DEBUG - Save part 'xl/worksheets/sheet1.xml'
21:55:26.747 [main] DEBUG - Save part 'xl/worksheets/sheet2.xml'
21:55:26.747 [main] DEBUG - Save part 'xl/worksheets/sheet3.xml'
21:55:26.748 [main] DEBUG - Save part 'xl/worksheets/sheet4.xml'
21:55:26.750 [main] DEBUG - Parsing relationship: /xl/_rels/workbook.xml.rels
21:55:26.751 [main] DEBUG - Parsing relationship: /_rels/.rels
21:55:26.762 [main] DEBUG - Save content types part
21:55:26.762 [main] DEBUG - Save package relationships
21:55:26.763 [main] DEBUG - Save part 'docProps/app.xml'
21:55:26.763 [main] DEBUG - Save part 'docProps/core.xml'
21:55:26.763 [main] DEBUG - Save part 'docProps/custom.xml'
21:55:26.763 [main] DEBUG - Save part 'xl/sharedStrings.xml'
21:55:26.764 [main] DEBUG - Save part 'xl/styles.xml'
21:55:26.764 [main] DEBUG - Save part 'xl/theme/theme1.xml'
21:55:26.764 [main] DEBUG - Save part 'xl/workbook.xml'
21:55:26.764 [main] DEBUG - Save part 'xl/worksheets/sheet1.xml'
21:55:26.765 [main] DEBUG - Save part 'xl/worksheets/sheet2.xml'
21:55:26.765 [main] DEBUG - Save part 'xl/worksheets/sheet3.xml'
21:55:26.765 [main] DEBUG - Save part 'xl/worksheets/sheet4.xml'
21:55:26.767 [main] DEBUG - Parsing relationship: /xl/_rels/workbook.xml.rels
21:55:26.768 [main] DEBUG - Parsing relationship: /_rels/.rels
21:55:26.778 [main] DEBUG - Save content types part
21:55:26.778 [main] DEBUG - Save package relationships
21:55:26.778 [main] DEBUG - Save part 'docProps/app.xml'
21:55:26.779 [main] DEBUG - Save part 'docProps/core.xml'
21:55:26.780 [main] DEBUG - Save part 'docProps/custom.xml'
21:55:26.780 [main] DEBUG - Save part 'xl/sharedStrings.xml'
21:55:26.781 [main] DEBUG - Save part 'xl/styles.xml'
21:55:26.781 [main] DEBUG - Save part 'xl/theme/theme1.xml'
21:55:26.781 [main] DEBUG - Save part 'xl/workbook.xml'
21:55:26.781 [main] DEBUG - Save part 'xl/worksheets/sheet1.xml'
21:55:26.782 [main] DEBUG - Save part 'xl/worksheets/sheet2.xml'
21:55:26.782 [main] DEBUG - Save part 'xl/worksheets/sheet3.xml'
21:55:26.782 [main] DEBUG - Save part 'xl/worksheets/sheet4.xml'
21:55:26.802 [main] DEBUG - Parsing relationship: /xl/_rels/workbook.xml.rels
21:55:26.802 [main] DEBUG - Parsing relationship: /_rels/.rels
21:55:26.809 [main] DEBUG - Save content types part
21:55:26.809 [main] DEBUG - Save package relationships
21:55:26.810 [main] DEBUG - Save part 'docProps/app.xml'
21:55:26.810 [main] DEBUG - Save part 'docProps/core.xml'
21:55:26.810 [main] DEBUG - Save part 'docProps/custom.xml'
21:55:26.810 [main] DEBUG - Save part 'xl/sharedStrings.xml'
21:55:26.810 [main] DEBUG - Save part 'xl/styles.xml'
21:55:26.811 [main] DEBUG - Save part 'xl/theme/theme1.xml'
21:55:26.811 [main] DEBUG - Save part 'xl/workbook.xml'
21:55:26.811 [main] DEBUG - Save part 'xl/worksheets/sheet1.xml'
21:55:26.811 [main] DEBUG - Save part 'xl/worksheets/sheet2.xml'
21:55:26.812 [main] DEBUG - Save part 'xl/worksheets/sheet3.xml'
21:55:26.812 [main] DEBUG - Save part 'xl/worksheets/sheet4.xml'
21:55:26.814 [main] DEBUG - Parsing relationship: /xl/_rels/workbook.xml.rels
21:55:26.815 [main] DEBUG - Parsing relationship: /_rels/.rels
21:55:26.825 [main] DEBUG - Save content types part
21:55:26.826 [main] DEBUG - Save package relationships
21:55:26.826 [main] DEBUG - Save part 'docProps/app.xml'
21:55:26.826 [main] DEBUG - Save part 'docProps/core.xml'
21:55:26.827 [main] DEBUG - Save part 'docProps/custom.xml'
21:55:26.827 [main] DEBUG - Save part 'xl/sharedStrings.xml'
21:55:26.827 [main] DEBUG - Save part 'xl/styles.xml'
21:55:26.827 [main] DEBUG - Save part 'xl/theme/theme1.xml'
21:55:26.827 [main] DEBUG - Save part 'xl/workbook.xml'
21:55:26.828 [main] DEBUG - Save part 'xl/worksheets/sheet1.xml'
21:55:26.828 [main] DEBUG - Save part 'xl/worksheets/sheet2.xml'
21:55:26.828 [main] DEBUG - Save part 'xl/worksheets/sheet3.xml'
21:55:26.828 [main] DEBUG - Save part 'xl/worksheets/sheet4.xml'
21:55:26.830 [main] DEBUG - Parsing relationship: /xl/_rels/workbook.xml.rels
21:55:26.831 [main] DEBUG - Parsing relationship: /_rels/.rels
21:55:26.842 [main] DEBUG - Save content types part
21:55:26.843 [main] DEBUG - Save package relationships
21:55:26.843 [main] DEBUG - Save part 'docProps/app.xml'
21:55:26.843 [main] DEBUG - Save part 'docProps/core.xml'
21:55:26.844 [main] DEBUG - Save part 'docProps/custom.xml'
21:55:26.844 [main] DEBUG - Save part 'xl/sharedStrings.xml'
21:55:26.844 [main] DEBUG - Save part 'xl/styles.xml'
21:55:26.844 [main] DEBUG - Save part 'xl/theme/theme1.xml'
21:55:26.844 [main] DEBUG - Save part 'xl/workbook.xml'
21:55:26.845 [main] DEBUG - Save part 'xl/worksheets/sheet1.xml'
21:55:26.845 [main] DEBUG - Save part 'xl/worksheets/sheet2.xml'
21:55:26.845 [main] DEBUG - Save part 'xl/worksheets/sheet3.xml'
21:55:26.845 [main] DEBUG - Save part 'xl/worksheets/sheet4.xml'
21:55:26.861 [main] DEBUG - Parsing relationship: /xl/_rels/workbook.xml.rels
21:55:26.861 [main] DEBUG - Parsing relationship: /_rels/.rels
21:55:26.867 [main] DEBUG - Save content types part
21:55:26.868 [main] DEBUG - Save package relationships
21:55:26.868 [main] DEBUG - Save part 'docProps/app.xml'
21:55:26.868 [main] DEBUG - Save part 'docProps/core.xml'
21:55:26.869 [main] DEBUG - Save part 'docProps/custom.xml'
21:55:26.869 [main] DEBUG - Save part 'xl/sharedStrings.xml'
21:55:26.869 [main] DEBUG - Save part 'xl/styles.xml'
21:55:26.869 [main] DEBUG - Save part 'xl/theme/theme1.xml'
21:55:26.869 [main] DEBUG - Save part 'xl/workbook.xml'
21:55:26.870 [main] DEBUG - Save part 'xl/worksheets/sheet1.xml'
21:55:26.870 [main] DEBUG - Save part 'xl/worksheets/sheet2.xml'
21:55:26.870 [main] DEBUG - Save part 'xl/worksheets/sheet3.xml'
21:55:26.870 [main] DEBUG - Save part 'xl/worksheets/sheet4.xml'
21:55:26.873 [main] DEBUG - Parsing relationship: /xl/_rels/workbook.xml.rels
21:55:26.873 [main] DEBUG - Parsing relationship: /_rels/.rels
21:55:26.885 [main] DEBUG - Save content types part
21:55:26.886 [main] DEBUG - Save package relationships
21:55:26.886 [main] DEBUG - Save part 'docProps/app.xml'
21:55:26.886 [main] DEBUG - Save part 'docProps/core.xml'
21:55:26.887 [main] DEBUG - Save part 'docProps/custom.xml'
21:55:26.887 [main] DEBUG - Save part 'xl/sharedStrings.xml'
21:55:26.887 [main] DEBUG - Save part 'xl/styles.xml'
21:55:26.887 [main] DEBUG - Save part 'xl/theme/theme1.xml'
21:55:26.887 [main] DEBUG - Save part 'xl/workbook.xml'
21:55:26.888 [main] DEBUG - Save part 'xl/worksheets/sheet1.xml'
21:55:26.888 [main] DEBUG - Save part 'xl/worksheets/sheet2.xml'
21:55:26.888 [main] DEBUG - Save part 'xl/worksheets/sheet3.xml'
21:55:26.888 [main] DEBUG - Save part 'xl/worksheets/sheet4.xml'
21:55:26.890 [main] DEBUG - Parsing relationship: /xl/_rels/workbook.xml.rels
21:55:26.890 [main] DEBUG - Parsing relationship: /_rels/.rels
21:55:26.901 [main] DEBUG - Save content types part
21:55:26.902 [main] DEBUG - Save package relationships
21:55:26.902 [main] DEBUG - Save part 'docProps/app.xml'
21:55:26.902 [main] DEBUG - Save part 'docProps/core.xml'
21:55:26.903 [main] DEBUG - Save part 'docProps/custom.xml'
21:55:26.903 [main] DEBUG - Save part 'xl/sharedStrings.xml'
21:55:26.903 [main] DEBUG - Save part 'xl/styles.xml'
21:55:26.903 [main] DEBUG - Save part 'xl/theme/theme1.xml'
21:55:26.903 [main] DEBUG - Save part 'xl/workbook.xml'
21:55:26.904 [main] DEBUG - Save part 'xl/worksheets/sheet1.xml'
21:55:26.904 [main] DEBUG - Save part 'xl/worksheets/sheet2.xml'
21:55:26.904 [main] DEBUG - Save part 'xl/worksheets/sheet3.xml'
21:55:26.904 [main] DEBUG - Save part 'xl/worksheets/sheet4.xml'
21:55:26.920 [main] DEBUG - Parsing relationship: /xl/_rels/workbook.xml.rels
21:55:26.920 [main] DEBUG - Parsing relationship: /_rels/.rels
21:55:26.926 [main] DEBUG - Save content types part
21:55:26.927 [main] DEBUG - Save package relationships
21:55:26.927 [main] DEBUG - Save part 'docProps/app.xml'
21:55:26.927 [main] DEBUG - Save part 'docProps/core.xml'
21:55:26.927 [main] DEBUG - Save part 'docProps/custom.xml'
21:55:26.928 [main] DEBUG - Save part 'xl/sharedStrings.xml'
21:55:26.928 [main] DEBUG - Save part 'xl/styles.xml'
21:55:26.928 [main] DEBUG - Save part 'xl/theme/theme1.xml'
21:55:26.928 [main] DEBUG - Save part 'xl/workbook.xml'
21:55:26.929 [main] DEBUG - Save part 'xl/worksheets/sheet1.xml'
21:55:26.929 [main] DEBUG - Save part 'xl/worksheets/sheet2.xml'
21:55:26.929 [main] DEBUG - Save part 'xl/worksheets/sheet3.xml'
21:55:26.929 [main] DEBUG - Save part 'xl/worksheets/sheet4.xml'
21:55:26.931 [main] DEBUG - Parsing relationship: /xl/_rels/workbook.xml.rels
21:55:26.932 [main] DEBUG - Parsing relationship: /_rels/.rels
21:55:26.942 [main] DEBUG - Save content types part
21:55:26.942 [main] DEBUG - Save package relationships
21:55:26.943 [main] DEBUG - Save part 'docProps/app.xml'
21:55:26.943 [main] DEBUG - Save part 'docProps/core.xml'
21:55:26.943 [main] DEBUG - Save part 'docProps/custom.xml'
21:55:26.943 [main] DEBUG - Save part 'xl/sharedStrings.xml'
21:55:26.943 [main] DEBUG - Save part 'xl/styles.xml'
21:55:26.944 [main] DEBUG - Save part 'xl/theme/theme1.xml'
21:55:26.944 [main] DEBUG - Save part 'xl/workbook.xml'
21:55:26.944 [main] DEBUG - Save part 'xl/worksheets/sheet1.xml'
21:55:26.944 [main] DEBUG - Save part 'xl/worksheets/sheet2.xml'
21:55:26.944 [main] DEBUG - Save part 'xl/worksheets/sheet3.xml'
21:55:26.944 [main] DEBUG - Save part 'xl/worksheets/sheet4.xml'
21:55:26.947 [main] DEBUG - Parsing relationship: /xl/_rels/workbook.xml.rels
21:55:26.947 [main] DEBUG - Parsing relationship: /_rels/.rels
21:55:26.957 [main] DEBUG - Save content types part
21:55:26.957 [main] DEBUG - Save package relationships
21:55:26.958 [main] DEBUG - Save part 'docProps/app.xml'
21:55:26.958 [main] DEBUG - Save part 'docProps/core.xml'
21:55:26.958 [main] DEBUG - Save part 'docProps/custom.xml'
21:55:26.958 [main] DEBUG - Save part 'xl/sharedStrings.xml'
21:55:26.958 [main] DEBUG - Save part 'xl/styles.xml'
21:55:26.959 [main] DEBUG - Save part 'xl/theme/theme1.xml'
21:55:26.959 [main] DEBUG - Save part 'xl/workbook.xml'
21:55:26.959 [main] DEBUG - Save part 'xl/worksheets/sheet1.xml'
21:55:26.959 [main] DEBUG - Save part 'xl/worksheets/sheet2.xml'
21:55:26.959 [main] DEBUG - Save part 'xl/worksheets/sheet3.xml'
21:55:26.959 [main] DEBUG - Save part 'xl/worksheets/sheet4.xml'
21:55:26.974 [main] DEBUG - Parsing relationship: /xl/_rels/workbook.xml.rels
21:55:26.975 [main] DEBUG - Parsing relationship: /_rels/.rels
21:55:26.981 [main] DEBUG - Save content types part
21:55:26.981 [main] DEBUG - Save package relationships
21:55:26.981 [main] DEBUG - Save part 'docProps/app.xml'
21:55:26.981 [main] DEBUG - Save part 'docProps/core.xml'
21:55:26.982 [main] DEBUG - Save part 'docProps/custom.xml'
21:55:26.982 [main] DEBUG - Save part 'xl/sharedStrings.xml'
21:55:26.982 [main] DEBUG - Save part 'xl/styles.xml'
21:55:26.982 [main] DEBUG - Save part 'xl/theme/theme1.xml'
21:55:26.983 [main] DEBUG - Save part 'xl/workbook.xml'
21:55:26.983 [main] DEBUG - Save part 'xl/worksheets/sheet1.xml'
21:55:26.983 [main] DEBUG - Save part 'xl/worksheets/sheet2.xml'
21:55:26.983 [main] DEBUG - Save part 'xl/worksheets/sheet3.xml'
21:55:26.983 [main] DEBUG - Save part 'xl/worksheets/sheet4.xml'
21:55:26.986 [main] DEBUG - Parsing relationship: /xl/_rels/workbook.xml.rels
21:55:26.986 [main] DEBUG - Parsing relationship: /_rels/.rels
21:55:26.997 [main] DEBUG - Save content types part
21:55:26.997 [main] DEBUG - Save package relationships
21:55:26.997 [main] DEBUG - Save part 'docProps/app.xml'
21:55:26.997 [main] DEBUG - Save part 'docProps/core.xml'
21:55:26.998 [main] DEBUG - Save part 'docProps/custom.xml'
21:55:26.998 [main] DEBUG - Save part 'xl/sharedStrings.xml'
21:55:26.998 [main] DEBUG - Save part 'xl/styles.xml'
21:55:26.998 [main] DEBUG - Save part 'xl/theme/theme1.xml'
21:55:26.998 [main] DEBUG - Save part 'xl/workbook.xml'
21:55:26.999 [main] DEBUG - Save part 'xl/worksheets/sheet1.xml'
21:55:26.999 [main] DEBUG - Save part 'xl/worksheets/sheet2.xml'
21:55:26.999 [main] DEBUG - Save part 'xl/worksheets/sheet3.xml'
21:55:26.999 [main] DEBUG - Save part 'xl/worksheets/sheet4.xml'
21:55:27.001 [main] DEBUG - Parsing relationship: /xl/_rels/workbook.xml.rels
21:55:27.001 [main] DEBUG - Parsing relationship: /_rels/.rels
21:55:27.009 [main] DEBUG - Save content types part
21:55:27.009 [main] DEBUG - Save package relationships
21:55:27.009 [main] DEBUG - Save part 'docProps/app.xml'
21:55:27.009 [main] DEBUG - Save part 'docProps/core.xml'
21:55:27.010 [main] DEBUG - Save part 'docProps/custom.xml'
21:55:27.010 [main] DEBUG - Save part 'xl/sharedStrings.xml'
21:55:27.010 [main] DEBUG - Save part 'xl/styles.xml'
21:55:27.010 [main] DEBUG - Save part 'xl/theme/theme1.xml'
21:55:27.010 [main] DEBUG - Save part 'xl/workbook.xml'
21:55:27.011 [main] DEBUG - Save part 'xl/worksheets/sheet1.xml'
21:55:27.011 [main] DEBUG - Save part 'xl/worksheets/sheet2.xml'
21:55:27.011 [main] DEBUG - Save part 'xl/worksheets/sheet3.xml'
21:55:27.011 [main] DEBUG - Save part 'xl/worksheets/sheet4.xml'
21:55:27.026 [main] DEBUG - Parsing relationship: /xl/_rels/workbook.xml.rels
21:55:27.027 [main] DEBUG - Parsing relationship: /_rels/.rels
21:55:27.032 [main] DEBUG - Save content types part
21:55:27.032 [main] DEBUG - Save package relationships
21:55:27.033 [main] DEBUG - Save part 'docProps/app.xml'
21:55:27.033 [main] DEBUG - Save part 'docProps/core.xml'
21:55:27.033 [main] DEBUG - Save part 'docProps/custom.xml'
21:55:27.033 [main] DEBUG - Save part 'xl/sharedStrings.xml'
21:55:27.033 [main] DEBUG - Save part 'xl/styles.xml'
21:55:27.034 [main] DEBUG - Save part 'xl/theme/theme1.xml'
21:55:27.034 [main] DEBUG - Save part 'xl/workbook.xml'
21:55:27.034 [main] DEBUG - Save part 'xl/worksheets/sheet1.xml'
21:55:27.035 [main] DEBUG - Save part 'xl/worksheets/sheet2.xml'
21:55:27.035 [main] DEBUG - Save part 'xl/worksheets/sheet3.xml'
21:55:27.035 [main] DEBUG - Save part 'xl/worksheets/sheet4.xml'
21:55:27.037 [main] DEBUG - Parsing relationship: /xl/_rels/workbook.xml.rels
21:55:27.038 [main] DEBUG - Parsing relationship: /_rels/.rels
21:55:27.045 [main] DEBUG - Save content types part
21:55:27.045 [main] DEBUG - Save package relationships
21:55:27.046 [main] DEBUG - Save part 'docProps/app.xml'
21:55:27.046 [main] DEBUG - Save part 'docProps/core.xml'
21:55:27.046 [main] DEBUG - Save part 'docProps/custom.xml'
21:55:27.046 [main] DEBUG - Save part 'xl/sharedStrings.xml'
21:55:27.046 [main] DEBUG - Save part 'xl/styles.xml'
21:55:27.046 [main] DEBUG - Save part 'xl/theme/theme1.xml'
21:55:27.047 [main] DEBUG - Save part 'xl/workbook.xml'
21:55:27.047 [main] DEBUG - Save part 'xl/worksheets/sheet1.xml'
21:55:27.047 [main] DEBUG - Save part 'xl/worksheets/sheet2.xml'
21:55:27.047 [main] DEBUG - Save part 'xl/worksheets/sheet3.xml'
21:55:27.047 [main] DEBUG - Save part 'xl/worksheets/sheet4.xml'
21:55:27.049 [main] DEBUG - Parsing relationship: /xl/_rels/workbook.xml.rels
21:55:27.049 [main] DEBUG - Parsing relationship: /_rels/.rels
21:55:27.056 [main] DEBUG - Save content types part
21:55:27.057 [main] DEBUG - Save package relationships
21:55:27.057 [main] DEBUG - Save part 'docProps/app.xml'
21:55:27.057 [main] DEBUG - Save part 'docProps/core.xml'
21:55:27.058 [main] DEBUG - Save part 'docProps/custom.xml'
21:55:27.058 [main] DEBUG - Save part 'xl/sharedStrings.xml'
21:55:27.058 [main] DEBUG - Save part 'xl/styles.xml'
21:55:27.058 [main] DEBUG - Save part 'xl/theme/theme1.xml'
21:55:27.058 [main] DEBUG - Save part 'xl/workbook.xml'
21:55:27.059 [main] DEBUG - Save part 'xl/worksheets/sheet1.xml'
21:55:27.059 [main] DEBUG - Save part 'xl/worksheets/sheet2.xml'
21:55:27.059 [main] DEBUG - Save part 'xl/worksheets/sheet3.xml'
21:55:27.059 [main] DEBUG - Save part 'xl/worksheets/sheet4.xml'
21:55:27.074 [main] DEBUG - Parsing relationship: /xl/_rels/workbook.xml.rels
21:55:27.075 [main] DEBUG - Parsing relationship: /_rels/.rels
21:55:27.083 [main] DEBUG - Save content types part
21:55:27.083 [main] DEBUG - Save package relationships
21:55:27.083 [main] DEBUG - Save part 'docProps/app.xml'
21:55:27.083 [main] DEBUG - Save part 'docProps/core.xml'
21:55:27.084 [main] DEBUG - Save part 'docProps/custom.xml'
21:55:27.084 [main] DEBUG - Save part 'xl/sharedStrings.xml'
21:55:27.084 [main] DEBUG - Save part 'xl/styles.xml'
21:55:27.084 [main] DEBUG - Save part 'xl/theme/theme1.xml'
21:55:27.084 [main] DEBUG - Save part 'xl/workbook.xml'
21:55:27.085 [main] DEBUG - Save part 'xl/worksheets/sheet1.xml'
21:55:27.085 [main] DEBUG - Save part 'xl/worksheets/sheet2.xml'
21:55:27.085 [main] DEBUG - Save part 'xl/worksheets/sheet3.xml'
21:55:27.085 [main] DEBUG - Save part 'xl/worksheets/sheet4.xml'
21:55:27.087 [main] DEBUG - Parsing relationship: /xl/_rels/workbook.xml.rels
21:55:27.087 [main] DEBUG - Parsing relationship: /_rels/.rels
21:55:27.095 [main] DEBUG - Save content types part
21:55:27.095 [main] DEBUG - Save package relationships
21:55:27.096 [main] DEBUG - Save part 'docProps/app.xml'
21:55:27.096 [main] DEBUG - Save part 'docProps/core.xml'
21:55:27.096 [main] DEBUG - Save part 'docProps/custom.xml'
21:55:27.096 [main] DEBUG - Save part 'xl/sharedStrings.xml'
21:55:27.096 [main] DEBUG - Save part 'xl/styles.xml'
21:55:27.096 [main] DEBUG - Save part 'xl/theme/theme1.xml'
21:55:27.096 [main] DEBUG - Save part 'xl/workbook.xml'
21:55:27.097 [main] DEBUG - Save part 'xl/worksheets/sheet1.xml'
21:55:27.097 [main] DEBUG - Save part 'xl/worksheets/sheet2.xml'
21:55:27.097 [main] DEBUG - Save part 'xl/worksheets/sheet3.xml'
21:55:27.097 [main] DEBUG - Save part 'xl/worksheets/sheet4.xml'
21:55:27.099 [main] DEBUG - Parsing relationship: /xl/_rels/workbook.xml.rels
21:55:27.099 [main] DEBUG - Parsing relationship: /_rels/.rels
21:55:27.106 [main] DEBUG - Save content types part
21:55:27.106 [main] DEBUG - Save package relationships
21:55:27.107 [main] DEBUG - Save part 'docProps/app.xml'
21:55:27.107 [main] DEBUG - Save part 'docProps/core.xml'
21:55:27.107 [main] DEBUG - Save part 'docProps/custom.xml'
21:55:27.107 [main] DEBUG - Save part 'xl/sharedStrings.xml'
21:55:27.107 [main] DEBUG - Save part 'xl/styles.xml'
21:55:27.107 [main] DEBUG - Save part 'xl/theme/theme1.xml'
21:55:27.107 [main] DEBUG - Save part 'xl/workbook.xml'
21:55:27.108 [main] DEBUG - Save part 'xl/worksheets/sheet1.xml'
21:55:27.108 [main] DEBUG - Save part 'xl/worksheets/sheet2.xml'
21:55:27.108 [main] DEBUG - Save part 'xl/worksheets/sheet3.xml'
21:55:27.108 [main] DEBUG - Save part 'xl/worksheets/sheet4.xml'
21:55:27.123 [main] DEBUG - Parsing relationship: /xl/_rels/workbook.xml.rels
21:55:27.123 [main] DEBUG - Parsing relationship: /_rels/.rels
21:55:27.131 [main] DEBUG - Save content types part
21:55:27.132 [main] DEBUG - Save package relationships
21:55:27.132 [main] DEBUG - Save part 'docProps/app.xml'
21:55:27.132 [main] DEBUG - Save part 'docProps/core.xml'
21:55:27.133 [main] DEBUG - Save part 'docProps/custom.xml'
21:55:27.133 [main] DEBUG - Save part 'xl/sharedStrings.xml'
21:55:27.133 [main] DEBUG - Save part 'xl/styles.xml'
21:55:27.133 [main] DEBUG - Save part 'xl/theme/theme1.xml'
21:55:27.133 [main] DEBUG - Save part 'xl/workbook.xml'
21:55:27.134 [main] DEBUG - Save part 'xl/worksheets/sheet1.xml'
21:55:27.134 [main] DEBUG - Save part 'xl/worksheets/sheet2.xml'
21:55:27.134 [main] DEBUG - Save part 'xl/worksheets/sheet3.xml'
21:55:27.134 [main] DEBUG - Save part 'xl/worksheets/sheet4.xml'
21:55:27.136 [main] DEBUG - Parsing relationship: /xl/_rels/workbook.xml.rels
21:55:27.137 [main] DEBUG - Parsing relationship: /_rels/.rels
21:55:27.145 [main] DEBUG - Save content types part
21:55:27.145 [main] DEBUG - Save package relationships
21:55:27.146 [main] DEBUG - Save part 'docProps/app.xml'
21:55:27.146 [main] DEBUG - Save part 'docProps/core.xml'
21:55:27.146 [main] DEBUG - Save part 'docProps/custom.xml'
21:55:27.146 [main] DEBUG - Save part 'xl/sharedStrings.xml'
21:55:27.146 [main] DEBUG - Save part 'xl/styles.xml'
21:55:27.146 [main] DEBUG - Save part 'xl/theme/theme1.xml'
21:55:27.146 [main] DEBUG - Save part 'xl/workbook.xml'
21:55:27.147 [main] DEBUG - Save part 'xl/worksheets/sheet1.xml'
21:55:27.147 [main] DEBUG - Save part 'xl/worksheets/sheet2.xml'
21:55:27.147 [main] DEBUG - Save part 'xl/worksheets/sheet3.xml'
21:55:27.147 [main] DEBUG - Save part 'xl/worksheets/sheet4.xml'
21:55:27.149 [main] DEBUG - Parsing relationship: /xl/_rels/workbook.xml.rels
21:55:27.149 [main] DEBUG - Parsing relationship: /_rels/.rels
21:55:27.157 [main] DEBUG - Save content types part
21:55:27.158 [main] DEBUG - Save package relationships
21:55:27.158 [main] DEBUG - Save part 'docProps/app.xml'
21:55:27.158 [main] DEBUG - Save part 'docProps/core.xml'
21:55:27.158 [main] DEBUG - Save part 'docProps/custom.xml'
21:55:27.158 [main] DEBUG - Save part 'xl/sharedStrings.xml'
21:55:27.159 [main] DEBUG - Save part 'xl/styles.xml'
21:55:27.159 [main] DEBUG - Save part 'xl/theme/theme1.xml'
21:55:27.159 [main] DEBUG - Save part 'xl/workbook.xml'
21:55:27.159 [main] DEBUG - Save part 'xl/worksheets/sheet1.xml'
21:55:27.159 [main] DEBUG - Save part 'xl/worksheets/sheet2.xml'
21:55:27.159 [main] DEBUG - Save part 'xl/worksheets/sheet3.xml'
21:55:27.159 [main] DEBUG - Save part 'xl/worksheets/sheet4.xml'
21:57:43.680 [main] INFO  - Goto my account-->Click on Login.. 
21:57:43.940 [main] INFO  - Entering email and password.. 
21:57:57.780 [main] DEBUG - Parsing relationship: /xl/_rels/workbook.xml.rels
21:57:57.782 [main] DEBUG - Parsing relationship: /_rels/.rels
21:57:57.838 [main] TRACE - Loading type system org.apache.poi.schemas.ooxml.system.ooxml
21:57:57.839 [main] TRACE - Loading type system org.apache.xmlbeans.metadata.system.sXMLCONFIG
21:57:57.840 [main] TRACE - Loading type system org.apache.xmlbeans.metadata.system.sXMLLANG
21:57:57.840 [main] TRACE - Loading type system org.apache.xmlbeans.metadata.system.sXMLSCHEMA
21:57:57.840 [main] TRACE - Loading type system org.apache.xmlbeans.metadata.system.sXMLTOOLS
21:57:57.841 [main] TRACE - Reading unresolved handles for type system org.apache.xmlbeans.metadata.system.sXMLTOOLS
21:57:57.846 [main] TRACE - Finished loading type system org.apache.xmlbeans.metadata.system.sXMLTOOLS
21:57:57.846 [main] TRACE - Reading unresolved handles for type system org.apache.xmlbeans.metadata.system.sXMLSCHEMA
21:57:57.849 [main] TRACE - Finished loading type system org.apache.xmlbeans.metadata.system.sXMLSCHEMA
21:57:57.849 [main] TRACE - Reading unresolved handles for type system org.apache.xmlbeans.metadata.system.sXMLLANG
21:57:57.849 [main] TRACE - Finished loading type system org.apache.xmlbeans.metadata.system.sXMLLANG
21:57:57.849 [main] TRACE - Reading unresolved handles for type system org.apache.xmlbeans.metadata.system.sXMLCONFIG
21:57:57.850 [main] TRACE - Finished loading type system org.apache.xmlbeans.metadata.system.sXMLCONFIG
21:57:57.850 [main] TRACE - Reading unresolved handles for type system org.apache.poi.schemas.ooxml.system.ooxml
21:57:57.886 [main] TRACE - Finished loading type system org.apache.poi.schemas.ooxml.system.ooxml
21:57:57.887 [main] TRACE - Resolving type for handle themefd26doctype
21:57:57.906 [main] TRACE - Resolving type for handle stylesheet5d8bdoctype
21:57:57.915 [main] TRACE - Resolving type for handle ctstylesheet4257type
21:57:57.917 [main] TRACE - Resolving type for handle ctnumfmtsb58btype
21:57:57.918 [main] TRACE - Resolving type for handle ctnumfmt3870type
21:57:57.919 [main] TRACE - Resolving type for handle stnumfmtid76fbtype
21:57:57.921 [main] TRACE - Resolving type for handle stxstringf179type
21:57:57.922 [main] TRACE - Resolving type for handle ctfonts6623type
21:57:57.926 [main] TRACE - Resolving type for handle ctfont14d8type
21:57:57.929 [main] TRACE - Resolving type for handle ctfills2c6ftype
21:57:57.930 [main] TRACE - Resolving type for handle ctfill550ctype
21:57:57.930 [main] TRACE - Resolving type for handle ctborders0d66type
21:57:57.931 [main] TRACE - Resolving type for handle ctborderf935type
21:57:57.932 [main] TRACE - Resolving type for handle ctcellxfs1322type
21:57:57.933 [main] TRACE - Resolving type for handle ctxf97f7type
21:57:57.935 [main] TRACE - Resolving type for handle ctcellstylexfsa81ftype
21:57:57.935 [main] TRACE - Resolving type for handle cttablestyles872ftype
21:57:57.936 [main] TRACE - Resolving type for handle sstf81fdoctype
21:57:57.938 [main] TRACE - Resolving type for handle ctsst44f3type
21:57:57.940 [main] TRACE - Resolving type for handle ctrsta472type
21:57:57.949 [main] TRACE - Resolving type for handle workbookec17doctype
21:57:57.951 [main] TRACE - Resolving type for handle ctworkbook83c3type
21:57:57.953 [main] TRACE - Resolving type for handle ctsheets49fdtype
21:57:57.954 [main] TRACE - Resolving type for handle ctsheet4dbetype
21:57:57.955 [main] TRACE - Resolving type for handle strelationshipid1e94type
21:57:57.955 [main] TRACE - Resolving type for handle worksheetf539doctype
21:57:57.957 [main] TRACE - Resolving type for handle ctworksheet530dtype
21:57:57.959 [main] TRACE - Resolving type for handle ctsheetdata8408type
21:57:57.960 [main] TRACE - Resolving type for handle ctrowdd39type
21:57:57.962 [main] TRACE - Resolving type for handle ctcell842btype
21:57:57.964 [main] TRACE - Resolving type for handle stcellrefe4e0type
21:57:57.966 [main] TRACE - Resolving type for handle ctcols627ctype
21:57:57.968 [main] TRACE - Resolving type for handle ctcola95ftype
21:57:57.982 [main] TRACE - Resolving type for handle stcelltypebf95type
21:57:57.987 [main] DEBUG - Save content types part
21:57:58.005 [main] DEBUG - Save package relationships
21:57:58.006 [main] DEBUG - Save part 'docProps/app.xml'
21:57:58.006 [main] DEBUG - Save part 'docProps/core.xml'
21:57:58.007 [main] DEBUG - Save part 'docProps/custom.xml'
21:57:58.008 [main] DEBUG - Save part 'xl/sharedStrings.xml'
21:57:58.008 [main] DEBUG - Save part 'xl/styles.xml'
21:57:58.008 [main] DEBUG - Save part 'xl/theme/theme1.xml'
21:57:58.008 [main] DEBUG - Save part 'xl/workbook.xml'
21:57:58.009 [main] DEBUG - Save part 'xl/worksheets/sheet1.xml'
21:57:58.009 [main] DEBUG - Save part 'xl/worksheets/sheet2.xml'
21:57:58.010 [main] DEBUG - Save part 'xl/worksheets/sheet3.xml'
21:57:58.010 [main] DEBUG - Save part 'xl/worksheets/sheet4.xml'
21:57:58.018 [main] DEBUG - Parsing relationship: /xl/_rels/workbook.xml.rels
21:57:58.018 [main] DEBUG - Parsing relationship: /_rels/.rels
21:57:58.034 [main] TRACE - Resolving type for handle stcellstylexfid70c7type
21:57:58.036 [main] TRACE - Resolving type for handle ctsheetdimensiond310type
21:57:58.036 [main] TRACE - Resolving type for handle stref90a2type
21:57:58.045 [main] TRACE - Resolving type for handle propertiesee84doctype
21:57:58.046 [main] TRACE - Resolving type for handle ctproperties3f10type
21:57:58.048 [main] TRACE - Resolving type for handle properties288cdoctype
21:57:58.049 [main] TRACE - Resolving type for handle ctproperties2c18type
21:57:58.051 [main] DEBUG - Save content types part
21:57:58.052 [main] DEBUG - Save package relationships
21:57:58.053 [main] DEBUG - Save part 'docProps/app.xml'
21:57:58.053 [main] DEBUG - Save part 'docProps/core.xml'
21:57:58.053 [main] DEBUG - Save part 'docProps/custom.xml'
21:57:58.053 [main] DEBUG - Save part 'xl/sharedStrings.xml'
21:57:58.054 [main] DEBUG - Save part 'xl/styles.xml'
21:57:58.054 [main] DEBUG - Save part 'xl/theme/theme1.xml'
21:57:58.054 [main] DEBUG - Save part 'xl/workbook.xml'
21:57:58.055 [main] DEBUG - Save part 'xl/worksheets/sheet1.xml'
21:57:58.055 [main] DEBUG - Save part 'xl/worksheets/sheet2.xml'
21:57:58.055 [main] DEBUG - Save part 'xl/worksheets/sheet3.xml'
21:57:58.055 [main] DEBUG - Save part 'xl/worksheets/sheet4.xml'
21:57:58.059 [main] DEBUG - Parsing relationship: /xl/_rels/workbook.xml.rels
21:57:58.059 [main] DEBUG - Parsing relationship: /_rels/.rels
21:57:58.076 [main] DEBUG - Save content types part
21:57:58.076 [main] DEBUG - Save package relationships
21:57:58.077 [main] DEBUG - Save part 'docProps/app.xml'
21:57:58.077 [main] DEBUG - Save part 'docProps/core.xml'
21:57:58.077 [main] DEBUG - Save part 'docProps/custom.xml'
21:57:58.077 [main] DEBUG - Save part 'xl/sharedStrings.xml'
21:57:58.078 [main] DEBUG - Save part 'xl/styles.xml'
21:57:58.078 [main] DEBUG - Save part 'xl/theme/theme1.xml'
21:57:58.078 [main] DEBUG - Save part 'xl/workbook.xml'
21:57:58.079 [main] DEBUG - Save part 'xl/worksheets/sheet1.xml'
21:57:58.079 [main] DEBUG - Save part 'xl/worksheets/sheet2.xml'
21:57:58.079 [main] DEBUG - Save part 'xl/worksheets/sheet3.xml'
21:57:58.079 [main] DEBUG - Save part 'xl/worksheets/sheet4.xml'
21:57:58.096 [main] DEBUG - Parsing relationship: /xl/_rels/workbook.xml.rels
21:57:58.097 [main] DEBUG - Parsing relationship: /_rels/.rels
21:57:58.107 [main] DEBUG - Save content types part
21:57:58.108 [main] DEBUG - Save package relationships
21:57:58.108 [main] DEBUG - Save part 'docProps/app.xml'
21:57:58.108 [main] DEBUG - Save part 'docProps/core.xml'
21:57:58.109 [main] DEBUG - Save part 'docProps/custom.xml'
21:57:58.109 [main] DEBUG - Save part 'xl/sharedStrings.xml'
21:57:58.109 [main] DEBUG - Save part 'xl/styles.xml'
21:57:58.109 [main] DEBUG - Save part 'xl/theme/theme1.xml'
21:57:58.110 [main] DEBUG - Save part 'xl/workbook.xml'
21:57:58.110 [main] DEBUG - Save part 'xl/worksheets/sheet1.xml'
21:57:58.110 [main] DEBUG - Save part 'xl/worksheets/sheet2.xml'
21:57:58.110 [main] DEBUG - Save part 'xl/worksheets/sheet3.xml'
21:57:58.111 [main] DEBUG - Save part 'xl/worksheets/sheet4.xml'
21:57:58.114 [main] DEBUG - Parsing relationship: /xl/_rels/workbook.xml.rels
21:57:58.114 [main] DEBUG - Parsing relationship: /_rels/.rels
21:57:58.144 [main] DEBUG - Save content types part
21:57:58.145 [main] DEBUG - Save package relationships
21:57:58.145 [main] DEBUG - Save part 'docProps/app.xml'
21:57:58.145 [main] DEBUG - Save part 'docProps/core.xml'
21:57:58.146 [main] DEBUG - Save part 'docProps/custom.xml'
21:57:58.146 [main] DEBUG - Save part 'xl/sharedStrings.xml'
21:57:58.146 [main] DEBUG - Save part 'xl/styles.xml'
21:57:58.146 [main] DEBUG - Save part 'xl/theme/theme1.xml'
21:57:58.146 [main] DEBUG - Save part 'xl/workbook.xml'
21:57:58.147 [main] DEBUG - Save part 'xl/worksheets/sheet1.xml'
21:57:58.147 [main] DEBUG - Save part 'xl/worksheets/sheet2.xml'
21:57:58.147 [main] DEBUG - Save part 'xl/worksheets/sheet3.xml'
21:57:58.147 [main] DEBUG - Save part 'xl/worksheets/sheet4.xml'
21:57:58.150 [main] DEBUG - Parsing relationship: /xl/_rels/workbook.xml.rels
21:57:58.150 [main] DEBUG - Parsing relationship: /_rels/.rels
21:57:58.165 [main] DEBUG - Save content types part
21:57:58.165 [main] DEBUG - Save package relationships
21:57:58.166 [main] DEBUG - Save part 'docProps/app.xml'
21:57:58.166 [main] DEBUG - Save part 'docProps/core.xml'
21:57:58.166 [main] DEBUG - Save part 'docProps/custom.xml'
21:57:58.167 [main] DEBUG - Save part 'xl/sharedStrings.xml'
21:57:58.167 [main] DEBUG - Save part 'xl/styles.xml'
21:57:58.167 [main] DEBUG - Save part 'xl/theme/theme1.xml'
21:57:58.167 [main] DEBUG - Save part 'xl/workbook.xml'
21:57:58.168 [main] DEBUG - Save part 'xl/worksheets/sheet1.xml'
21:57:58.168 [main] DEBUG - Save part 'xl/worksheets/sheet2.xml'
21:57:58.168 [main] DEBUG - Save part 'xl/worksheets/sheet3.xml'
21:57:58.168 [main] DEBUG - Save part 'xl/worksheets/sheet4.xml'
21:57:58.184 [main] DEBUG - Parsing relationship: /xl/_rels/workbook.xml.rels
21:57:58.185 [main] DEBUG - Parsing relationship: /_rels/.rels
21:57:58.193 [main] DEBUG - Save content types part
21:57:58.194 [main] DEBUG - Save package relationships
21:57:58.194 [main] DEBUG - Save part 'docProps/app.xml'
21:57:58.194 [main] DEBUG - Save part 'docProps/core.xml'
21:57:58.194 [main] DEBUG - Save part 'docProps/custom.xml'
21:57:58.195 [main] DEBUG - Save part 'xl/sharedStrings.xml'
21:57:58.195 [main] DEBUG - Save part 'xl/styles.xml'
21:57:58.195 [main] DEBUG - Save part 'xl/theme/theme1.xml'
21:57:58.195 [main] DEBUG - Save part 'xl/workbook.xml'
21:57:58.196 [main] DEBUG - Save part 'xl/worksheets/sheet1.xml'
21:57:58.196 [main] DEBUG - Save part 'xl/worksheets/sheet2.xml'
21:57:58.196 [main] DEBUG - Save part 'xl/worksheets/sheet3.xml'
21:57:58.196 [main] DEBUG - Save part 'xl/worksheets/sheet4.xml'
21:57:58.199 [main] DEBUG - Parsing relationship: /xl/_rels/workbook.xml.rels
21:57:58.199 [main] DEBUG - Parsing relationship: /_rels/.rels
21:57:58.210 [main] DEBUG - Save content types part
21:57:58.211 [main] DEBUG - Save package relationships
21:57:58.211 [main] DEBUG - Save part 'docProps/app.xml'
21:57:58.212 [main] DEBUG - Save part 'docProps/core.xml'
21:57:58.212 [main] DEBUG - Save part 'docProps/custom.xml'
21:57:58.212 [main] DEBUG - Save part 'xl/sharedStrings.xml'
21:57:58.212 [main] DEBUG - Save part 'xl/styles.xml'
21:57:58.213 [main] DEBUG - Save part 'xl/theme/theme1.xml'
21:57:58.213 [main] DEBUG - Save part 'xl/workbook.xml'
21:57:58.213 [main] DEBUG - Save part 'xl/worksheets/sheet1.xml'
21:57:58.213 [main] DEBUG - Save part 'xl/worksheets/sheet2.xml'
21:57:58.213 [main] DEBUG - Save part 'xl/worksheets/sheet3.xml'
21:57:58.214 [main] DEBUG - Save part 'xl/worksheets/sheet4.xml'
21:57:58.216 [main] DEBUG - Parsing relationship: /xl/_rels/workbook.xml.rels
21:57:58.216 [main] DEBUG - Parsing relationship: /_rels/.rels
21:57:58.226 [main] DEBUG - Save content types part
21:57:58.228 [main] DEBUG - Save package relationships
21:57:58.232 [main] DEBUG - Save part 'docProps/app.xml'
21:57:58.232 [main] DEBUG - Save part 'docProps/core.xml'
21:57:58.232 [main] DEBUG - Save part 'docProps/custom.xml'
21:57:58.232 [main] DEBUG - Save part 'xl/sharedStrings.xml'
21:57:58.233 [main] DEBUG - Save part 'xl/styles.xml'
21:57:58.233 [main] DEBUG - Save part 'xl/theme/theme1.xml'
21:57:58.233 [main] DEBUG - Save part 'xl/workbook.xml'
21:57:58.234 [main] DEBUG - Save part 'xl/worksheets/sheet1.xml'
21:57:58.234 [main] DEBUG - Save part 'xl/worksheets/sheet2.xml'
21:57:58.234 [main] DEBUG - Save part 'xl/worksheets/sheet3.xml'
21:57:58.234 [main] DEBUG - Save part 'xl/worksheets/sheet4.xml'
21:57:58.255 [main] DEBUG - Parsing relationship: /xl/_rels/workbook.xml.rels
21:57:58.255 [main] DEBUG - Parsing relationship: /_rels/.rels
21:57:58.261 [main] DEBUG - Save content types part
21:57:58.262 [main] DEBUG - Save package relationships
21:57:58.262 [main] DEBUG - Save part 'docProps/app.xml'
21:57:58.263 [main] DEBUG - Save part 'docProps/core.xml'
21:57:58.263 [main] DEBUG - Save part 'docProps/custom.xml'
21:57:58.263 [main] DEBUG - Save part 'xl/sharedStrings.xml'
21:57:58.263 [main] DEBUG - Save part 'xl/styles.xml'
21:57:58.264 [main] DEBUG - Save part 'xl/theme/theme1.xml'
21:57:58.264 [main] DEBUG - Save part 'xl/workbook.xml'
21:57:58.264 [main] DEBUG - Save part 'xl/worksheets/sheet1.xml'
21:57:58.264 [main] DEBUG - Save part 'xl/worksheets/sheet2.xml'
21:57:58.265 [main] DEBUG - Save part 'xl/worksheets/sheet3.xml'
21:57:58.265 [main] DEBUG - Save part 'xl/worksheets/sheet4.xml'
21:57:58.268 [main] DEBUG - Parsing relationship: /xl/_rels/workbook.xml.rels
21:57:58.268 [main] DEBUG - Parsing relationship: /_rels/.rels
21:57:58.278 [main] DEBUG - Save content types part
21:57:58.278 [main] DEBUG - Save package relationships
21:57:58.278 [main] DEBUG - Save part 'docProps/app.xml'
21:57:58.278 [main] DEBUG - Save part 'docProps/core.xml'
21:57:58.279 [main] DEBUG - Save part 'docProps/custom.xml'
21:57:58.279 [main] DEBUG - Save part 'xl/sharedStrings.xml'
21:57:58.279 [main] DEBUG - Save part 'xl/styles.xml'
21:57:58.279 [main] DEBUG - Save part 'xl/theme/theme1.xml'
21:57:58.279 [main] DEBUG - Save part 'xl/workbook.xml'
21:57:58.280 [main] DEBUG - Save part 'xl/worksheets/sheet1.xml'
21:57:58.280 [main] DEBUG - Save part 'xl/worksheets/sheet2.xml'
21:57:58.280 [main] DEBUG - Save part 'xl/worksheets/sheet3.xml'
21:57:58.280 [main] DEBUG - Save part 'xl/worksheets/sheet4.xml'
21:57:58.282 [main] DEBUG - Parsing relationship: /xl/_rels/workbook.xml.rels
21:57:58.282 [main] DEBUG - Parsing relationship: /_rels/.rels
21:57:58.291 [main] DEBUG - Save content types part
21:57:58.292 [main] DEBUG - Save package relationships
21:57:58.292 [main] DEBUG - Save part 'docProps/app.xml'
21:57:58.292 [main] DEBUG - Save part 'docProps/core.xml'
21:57:58.293 [main] DEBUG - Save part 'docProps/custom.xml'
21:57:58.293 [main] DEBUG - Save part 'xl/sharedStrings.xml'
21:57:58.293 [main] DEBUG - Save part 'xl/styles.xml'
21:57:58.293 [main] DEBUG - Save part 'xl/theme/theme1.xml'
21:57:58.293 [main] DEBUG - Save part 'xl/workbook.xml'
21:57:58.294 [main] DEBUG - Save part 'xl/worksheets/sheet1.xml'
21:57:58.294 [main] DEBUG - Save part 'xl/worksheets/sheet2.xml'
21:57:58.294 [main] DEBUG - Save part 'xl/worksheets/sheet3.xml'
21:57:58.294 [main] DEBUG - Save part 'xl/worksheets/sheet4.xml'
21:57:58.310 [main] DEBUG - Parsing relationship: /xl/_rels/workbook.xml.rels
21:57:58.311 [main] DEBUG - Parsing relationship: /_rels/.rels
21:57:58.317 [main] DEBUG - Save content types part
21:57:58.317 [main] DEBUG - Save package relationships
21:57:58.317 [main] DEBUG - Save part 'docProps/app.xml'
21:57:58.318 [main] DEBUG - Save part 'docProps/core.xml'
21:57:58.318 [main] DEBUG - Save part 'docProps/custom.xml'
21:57:58.318 [main] DEBUG - Save part 'xl/sharedStrings.xml'
21:57:58.318 [main] DEBUG - Save part 'xl/styles.xml'
21:57:58.319 [main] DEBUG - Save part 'xl/theme/theme1.xml'
21:57:58.319 [main] DEBUG - Save part 'xl/workbook.xml'
21:57:58.319 [main] DEBUG - Save part 'xl/worksheets/sheet1.xml'
21:57:58.319 [main] DEBUG - Save part 'xl/worksheets/sheet2.xml'
21:57:58.320 [main] DEBUG - Save part 'xl/worksheets/sheet3.xml'
21:57:58.320 [main] DEBUG - Save part 'xl/worksheets/sheet4.xml'
21:57:58.323 [main] DEBUG - Parsing relationship: /xl/_rels/workbook.xml.rels
21:57:58.323 [main] DEBUG - Parsing relationship: /_rels/.rels
21:57:58.336 [main] DEBUG - Save content types part
21:57:58.336 [main] DEBUG - Save package relationships
21:57:58.336 [main] DEBUG - Save part 'docProps/app.xml'
21:57:58.337 [main] DEBUG - Save part 'docProps/core.xml'
21:57:58.337 [main] DEBUG - Save part 'docProps/custom.xml'
21:57:58.337 [main] DEBUG - Save part 'xl/sharedStrings.xml'
21:57:58.337 [main] DEBUG - Save part 'xl/styles.xml'
21:57:58.337 [main] DEBUG - Save part 'xl/theme/theme1.xml'
21:57:58.337 [main] DEBUG - Save part 'xl/workbook.xml'
21:57:58.338 [main] DEBUG - Save part 'xl/worksheets/sheet1.xml'
21:57:58.338 [main] DEBUG - Save part 'xl/worksheets/sheet2.xml'
21:57:58.338 [main] DEBUG - Save part 'xl/worksheets/sheet3.xml'
21:57:58.338 [main] DEBUG - Save part 'xl/worksheets/sheet4.xml'
21:57:58.340 [main] DEBUG - Parsing relationship: /xl/_rels/workbook.xml.rels
21:57:58.341 [main] DEBUG - Parsing relationship: /_rels/.rels
21:57:58.351 [main] DEBUG - Save content types part
21:57:58.352 [main] DEBUG - Save package relationships
21:57:58.352 [main] DEBUG - Save part 'docProps/app.xml'
21:57:58.352 [main] DEBUG - Save part 'docProps/core.xml'
21:57:58.352 [main] DEBUG - Save part 'docProps/custom.xml'
21:57:58.352 [main] DEBUG - Save part 'xl/sharedStrings.xml'
21:57:58.352 [main] DEBUG - Save part 'xl/styles.xml'
21:57:58.353 [main] DEBUG - Save part 'xl/theme/theme1.xml'
21:57:58.353 [main] DEBUG - Save part 'xl/workbook.xml'
21:57:58.353 [main] DEBUG - Save part 'xl/worksheets/sheet1.xml'
21:57:58.353 [main] DEBUG - Save part 'xl/worksheets/sheet2.xml'
21:57:58.353 [main] DEBUG - Save part 'xl/worksheets/sheet3.xml'
21:57:58.354 [main] DEBUG - Save part 'xl/worksheets/sheet4.xml'
21:57:58.369 [main] DEBUG - Parsing relationship: /xl/_rels/workbook.xml.rels
21:57:58.370 [main] DEBUG - Parsing relationship: /_rels/.rels
21:57:58.376 [main] DEBUG - Save content types part
21:57:58.377 [main] DEBUG - Save package relationships
21:57:58.377 [main] DEBUG - Save part 'docProps/app.xml'
21:57:58.377 [main] DEBUG - Save part 'docProps/core.xml'
21:57:58.378 [main] DEBUG - Save part 'docProps/custom.xml'
21:57:58.378 [main] DEBUG - Save part 'xl/sharedStrings.xml'
21:57:58.378 [main] DEBUG - Save part 'xl/styles.xml'
21:57:58.378 [main] DEBUG - Save part 'xl/theme/theme1.xml'
21:57:58.378 [main] DEBUG - Save part 'xl/workbook.xml'
21:57:58.379 [main] DEBUG - Save part 'xl/worksheets/sheet1.xml'
21:57:58.379 [main] DEBUG - Save part 'xl/worksheets/sheet2.xml'
21:57:58.379 [main] DEBUG - Save part 'xl/worksheets/sheet3.xml'
21:57:58.379 [main] DEBUG - Save part 'xl/worksheets/sheet4.xml'
21:57:58.381 [main] DEBUG - Parsing relationship: /xl/_rels/workbook.xml.rels
21:57:58.382 [main] DEBUG - Parsing relationship: /_rels/.rels
21:57:58.391 [main] DEBUG - Save content types part
21:57:58.392 [main] DEBUG - Save package relationships
21:57:58.392 [main] DEBUG - Save part 'docProps/app.xml'
21:57:58.392 [main] DEBUG - Save part 'docProps/core.xml'
21:57:58.392 [main] DEBUG - Save part 'docProps/custom.xml'
21:57:58.393 [main] DEBUG - Save part 'xl/sharedStrings.xml'
21:57:58.393 [main] DEBUG - Save part 'xl/styles.xml'
21:57:58.393 [main] DEBUG - Save part 'xl/theme/theme1.xml'
21:57:58.393 [main] DEBUG - Save part 'xl/workbook.xml'
21:57:58.393 [main] DEBUG - Save part 'xl/worksheets/sheet1.xml'
21:57:58.393 [main] DEBUG - Save part 'xl/worksheets/sheet2.xml'
21:57:58.393 [main] DEBUG - Save part 'xl/worksheets/sheet3.xml'
21:57:58.394 [main] DEBUG - Save part 'xl/worksheets/sheet4.xml'
21:57:58.396 [main] DEBUG - Parsing relationship: /xl/_rels/workbook.xml.rels
21:57:58.396 [main] DEBUG - Parsing relationship: /_rels/.rels
21:57:58.405 [main] DEBUG - Save content types part
21:57:58.406 [main] DEBUG - Save package relationships
21:57:58.406 [main] DEBUG - Save part 'docProps/app.xml'
21:57:58.406 [main] DEBUG - Save part 'docProps/core.xml'
21:57:58.406 [main] DEBUG - Save part 'docProps/custom.xml'
21:57:58.407 [main] DEBUG - Save part 'xl/sharedStrings.xml'
21:57:58.407 [main] DEBUG - Save part 'xl/styles.xml'
21:57:58.407 [main] DEBUG - Save part 'xl/theme/theme1.xml'
21:57:58.407 [main] DEBUG - Save part 'xl/workbook.xml'
21:57:58.407 [main] DEBUG - Save part 'xl/worksheets/sheet1.xml'
21:57:58.407 [main] DEBUG - Save part 'xl/worksheets/sheet2.xml'
21:57:58.408 [main] DEBUG - Save part 'xl/worksheets/sheet3.xml'
21:57:58.408 [main] DEBUG - Save part 'xl/worksheets/sheet4.xml'
21:57:58.425 [main] DEBUG - Parsing relationship: /xl/_rels/workbook.xml.rels
21:57:58.425 [main] DEBUG - Parsing relationship: /_rels/.rels
21:57:58.431 [main] DEBUG - Save content types part
21:57:58.432 [main] DEBUG - Save package relationships
21:57:58.432 [main] DEBUG - Save part 'docProps/app.xml'
21:57:58.432 [main] DEBUG - Save part 'docProps/core.xml'
21:57:58.432 [main] DEBUG - Save part 'docProps/custom.xml'
21:57:58.432 [main] DEBUG - Save part 'xl/sharedStrings.xml'
21:57:58.433 [main] DEBUG - Save part 'xl/styles.xml'
21:57:58.433 [main] DEBUG - Save part 'xl/theme/theme1.xml'
21:57:58.433 [main] DEBUG - Save part 'xl/workbook.xml'
21:57:58.433 [main] DEBUG - Save part 'xl/worksheets/sheet1.xml'
21:57:58.434 [main] DEBUG - Save part 'xl/worksheets/sheet2.xml'
21:57:58.434 [main] DEBUG - Save part 'xl/worksheets/sheet3.xml'
21:57:58.434 [main] DEBUG - Save part 'xl/worksheets/sheet4.xml'
21:57:58.436 [main] DEBUG - Parsing relationship: /xl/_rels/workbook.xml.rels
21:57:58.436 [main] DEBUG - Parsing relationship: /_rels/.rels
21:57:58.445 [main] DEBUG - Save content types part
21:57:58.445 [main] DEBUG - Save package relationships
21:57:58.446 [main] DEBUG - Save part 'docProps/app.xml'
21:57:58.446 [main] DEBUG - Save part 'docProps/core.xml'
21:57:58.446 [main] DEBUG - Save part 'docProps/custom.xml'
21:57:58.446 [main] DEBUG - Save part 'xl/sharedStrings.xml'
21:57:58.446 [main] DEBUG - Save part 'xl/styles.xml'
21:57:58.447 [main] DEBUG - Save part 'xl/theme/theme1.xml'
21:57:58.447 [main] DEBUG - Save part 'xl/workbook.xml'
21:57:58.447 [main] DEBUG - Save part 'xl/worksheets/sheet1.xml'
21:57:58.447 [main] DEBUG - Save part 'xl/worksheets/sheet2.xml'
21:57:58.447 [main] DEBUG - Save part 'xl/worksheets/sheet3.xml'
21:57:58.448 [main] DEBUG - Save part 'xl/worksheets/sheet4.xml'
21:57:58.449 [main] DEBUG - Parsing relationship: /xl/_rels/workbook.xml.rels
21:57:58.450 [main] DEBUG - Parsing relationship: /_rels/.rels
21:57:58.457 [main] DEBUG - Save content types part
21:57:58.458 [main] DEBUG - Save package relationships
21:57:58.458 [main] DEBUG - Save part 'docProps/app.xml'
21:57:58.458 [main] DEBUG - Save part 'docProps/core.xml'
21:57:58.458 [main] DEBUG - Save part 'docProps/custom.xml'
21:57:58.458 [main] DEBUG - Save part 'xl/sharedStrings.xml'
21:57:58.458 [main] DEBUG - Save part 'xl/styles.xml'
21:57:58.459 [main] DEBUG - Save part 'xl/theme/theme1.xml'
21:57:58.459 [main] DEBUG - Save part 'xl/workbook.xml'
21:57:58.459 [main] DEBUG - Save part 'xl/worksheets/sheet1.xml'
21:57:58.459 [main] DEBUG - Save part 'xl/worksheets/sheet2.xml'
21:57:58.459 [main] DEBUG - Save part 'xl/worksheets/sheet3.xml'
21:57:58.459 [main] DEBUG - Save part 'xl/worksheets/sheet4.xml'
21:57:58.474 [main] DEBUG - Parsing relationship: /xl/_rels/workbook.xml.rels
21:57:58.475 [main] DEBUG - Parsing relationship: /_rels/.rels
21:57:58.481 [main] DEBUG - Save content types part
21:57:58.481 [main] DEBUG - Save package relationships
21:57:58.481 [main] DEBUG - Save part 'docProps/app.xml'
21:57:58.481 [main] DEBUG - Save part 'docProps/core.xml'
21:57:58.482 [main] DEBUG - Save part 'docProps/custom.xml'
21:57:58.482 [main] DEBUG - Save part 'xl/sharedStrings.xml'
21:57:58.482 [main] DEBUG - Save part 'xl/styles.xml'
21:57:58.482 [main] DEBUG - Save part 'xl/theme/theme1.xml'
21:57:58.483 [main] DEBUG - Save part 'xl/workbook.xml'
21:57:58.483 [main] DEBUG - Save part 'xl/worksheets/sheet1.xml'
21:57:58.483 [main] DEBUG - Save part 'xl/worksheets/sheet2.xml'
21:57:58.483 [main] DEBUG - Save part 'xl/worksheets/sheet3.xml'
21:57:58.483 [main] DEBUG - Save part 'xl/worksheets/sheet4.xml'
21:57:58.488 [main] DEBUG - Parsing relationship: /xl/_rels/workbook.xml.rels
21:57:58.488 [main] DEBUG - Parsing relationship: /_rels/.rels
21:57:58.496 [main] DEBUG - Save content types part
21:57:58.497 [main] DEBUG - Save package relationships
21:57:58.497 [main] DEBUG - Save part 'docProps/app.xml'
21:57:58.497 [main] DEBUG - Save part 'docProps/core.xml'
21:57:58.497 [main] DEBUG - Save part 'docProps/custom.xml'
21:57:58.497 [main] DEBUG - Save part 'xl/sharedStrings.xml'
21:57:58.497 [main] DEBUG - Save part 'xl/styles.xml'
21:57:58.498 [main] DEBUG - Save part 'xl/theme/theme1.xml'
21:57:58.498 [main] DEBUG - Save part 'xl/workbook.xml'
21:57:58.498 [main] DEBUG - Save part 'xl/worksheets/sheet1.xml'
21:57:58.498 [main] DEBUG - Save part 'xl/worksheets/sheet2.xml'
21:57:58.498 [main] DEBUG - Save part 'xl/worksheets/sheet3.xml'
21:57:58.498 [main] DEBUG - Save part 'xl/worksheets/sheet4.xml'
21:57:58.500 [main] DEBUG - Parsing relationship: /xl/_rels/workbook.xml.rels
21:57:58.500 [main] DEBUG - Parsing relationship: /_rels/.rels
21:57:58.510 [main] DEBUG - Save content types part
21:57:58.510 [main] DEBUG - Save package relationships
21:57:58.510 [main] DEBUG - Save part 'docProps/app.xml'
21:57:58.511 [main] DEBUG - Save part 'docProps/core.xml'
21:57:58.511 [main] DEBUG - Save part 'docProps/custom.xml'
21:57:58.511 [main] DEBUG - Save part 'xl/sharedStrings.xml'
21:57:58.511 [main] DEBUG - Save part 'xl/styles.xml'
21:57:58.511 [main] DEBUG - Save part 'xl/theme/theme1.xml'
21:57:58.511 [main] DEBUG - Save part 'xl/workbook.xml'
21:57:58.512 [main] DEBUG - Save part 'xl/worksheets/sheet1.xml'
21:57:58.512 [main] DEBUG - Save part 'xl/worksheets/sheet2.xml'
21:57:58.512 [main] DEBUG - Save part 'xl/worksheets/sheet3.xml'
21:57:58.512 [main] DEBUG - Save part 'xl/worksheets/sheet4.xml'
21:57:58.527 [main] DEBUG - Parsing relationship: /xl/_rels/workbook.xml.rels
21:57:58.527 [main] DEBUG - Parsing relationship: /_rels/.rels
21:57:58.533 [main] DEBUG - Save content types part
21:57:58.533 [main] DEBUG - Save package relationships
21:57:58.533 [main] DEBUG - Save part 'docProps/app.xml'
