20:36:50.167 [main] INFO  - Goto my account-->Click on Login.. 
20:36:50.623 [main] INFO  - Entering email and password.. 
20:37:04.463 [main] DEBUG - Parsing relationship: /xl/_rels/workbook.xml.rels
20:37:04.465 [main] DEBUG - Parsing relationship: /_rels/.rels
20:37:04.523 [main] TRACE - Loading type system org.apache.poi.schemas.ooxml.system.ooxml
20:37:04.524 [main] TRACE - Loading type system org.apache.xmlbeans.metadata.system.sXMLCONFIG
20:37:04.524 [main] TRACE - Loading type system org.apache.xmlbeans.metadata.system.sXMLLANG
20:37:04.524 [main] TRACE - Loading type system org.apache.xmlbeans.metadata.system.sXMLSCHEMA
20:37:04.524 [main] TRACE - Loading type system org.apache.xmlbeans.metadata.system.sXMLTOOLS
20:37:04.525 [main] TRACE - Reading unresolved handles for type system org.apache.xmlbeans.metadata.system.sXMLTOOLS
20:37:04.529 [main] TRACE - Finished loading type system org.apache.xmlbeans.metadata.system.sXMLTOOLS
20:37:04.530 [main] TRACE - Reading unresolved handles for type system org.apache.xmlbeans.metadata.system.sXMLSCHEMA
20:37:04.536 [main] TRACE - Finished loading type system org.apache.xmlbeans.metadata.system.sXMLSCHEMA
20:37:04.536 [main] TRACE - Reading unresolved handles for type system org.apache.xmlbeans.metadata.system.sXMLLANG
20:37:04.536 [main] TRACE - Finished loading type system org.apache.xmlbeans.metadata.system.sXMLLANG
20:37:04.537 [main] TRACE - Reading unresolved handles for type system org.apache.xmlbeans.metadata.system.sXMLCONFIG
20:37:04.537 [main] TRACE - Finished loading type system org.apache.xmlbeans.metadata.system.sXMLCONFIG
20:37:04.537 [main] TRACE - Reading unresolved handles for type system org.apache.poi.schemas.ooxml.system.ooxml
20:37:04.571 [main] TRACE - Finished loading type system org.apache.poi.schemas.ooxml.system.ooxml
20:37:04.572 [main] TRACE - Resolving type for handle themefd26doctype
20:37:04.592 [main] TRACE - Resolving type for handle stylesheet5d8bdoctype
20:37:04.600 [main] TRACE - Resolving type for handle ctstylesheet4257type
20:37:04.602 [main] TRACE - Resolving type for handle ctnumfmtsb58btype
20:37:04.604 [main] TRACE - Resolving type for handle ctnumfmt3870type
20:37:04.604 [main] TRACE - Resolving type for handle stnumfmtid76fbtype
20:37:04.607 [main] TRACE - Resolving type for handle stxstringf179type
20:37:04.608 [main] TRACE - Resolving type for handle ctfonts6623type
20:37:04.609 [main] TRACE - Resolving type for handle ctfont14d8type
20:37:04.611 [main] TRACE - Resolving type for handle ctfills2c6ftype
20:37:04.612 [main] TRACE - Resolving type for handle ctfill550ctype
20:37:04.613 [main] TRACE - Resolving type for handle ctborders0d66type
20:37:04.614 [main] TRACE - Resolving type for handle ctborderf935type
20:37:04.615 [main] TRACE - Resolving type for handle ctcellxfs1322type
20:37:04.616 [main] TRACE - Resolving type for handle ctxf97f7type
20:37:04.617 [main] TRACE - Resolving type for handle ctcellstylexfsa81ftype
20:37:04.618 [main] TRACE - Resolving type for handle cttablestyles872ftype
20:37:04.619 [main] TRACE - Resolving type for handle sstf81fdoctype
20:37:04.621 [main] TRACE - Resolving type for handle ctsst44f3type
20:37:04.622 [main] TRACE - Resolving type for handle ctrsta472type
20:37:04.632 [main] TRACE - Resolving type for handle workbookec17doctype
20:37:04.634 [main] TRACE - Resolving type for handle ctworkbook83c3type
20:37:04.636 [main] TRACE - Resolving type for handle ctsheets49fdtype
20:37:04.637 [main] TRACE - Resolving type for handle ctsheet4dbetype
20:37:04.638 [main] TRACE - Resolving type for handle strelationshipid1e94type
20:37:04.638 [main] TRACE - Resolving type for handle worksheetf539doctype
20:37:04.640 [main] TRACE - Resolving type for handle ctworksheet530dtype
20:37:04.642 [main] TRACE - Resolving type for handle ctsheetdata8408type
20:37:04.643 [main] TRACE - Resolving type for handle ctrowdd39type
20:37:04.644 [main] TRACE - Resolving type for handle ctcell842btype
20:37:04.647 [main] TRACE - Resolving type for handle stcellrefe4e0type
20:37:04.649 [main] TRACE - Resolving type for handle ctcols627ctype
20:37:04.650 [main] TRACE - Resolving type for handle ctcola95ftype
20:37:04.665 [main] TRACE - Resolving type for handle stcelltypebf95type
20:37:04.669 [main] DEBUG - Save content types part
20:37:04.687 [main] DEBUG - Save package relationships
20:37:04.688 [main] DEBUG - Save part 'docProps/app.xml'
20:37:04.688 [main] DEBUG - Save part 'docProps/core.xml'
20:37:04.690 [main] DEBUG - Save part 'docProps/custom.xml'
20:37:04.690 [main] DEBUG - Save part 'xl/sharedStrings.xml'
20:37:04.690 [main] DEBUG - Save part 'xl/styles.xml'
20:37:04.691 [main] DEBUG - Save part 'xl/theme/theme1.xml'
20:37:04.691 [main] DEBUG - Save part 'xl/workbook.xml'
20:37:04.692 [main] DEBUG - Save part 'xl/worksheets/sheet1.xml'
20:37:04.692 [main] DEBUG - Save part 'xl/worksheets/sheet2.xml'
20:37:04.692 [main] DEBUG - Save part 'xl/worksheets/sheet3.xml'
20:37:04.692 [main] DEBUG - Save part 'xl/worksheets/sheet4.xml'
20:37:04.700 [main] DEBUG - Parsing relationship: /xl/_rels/workbook.xml.rels
20:37:04.700 [main] DEBUG - Parsing relationship: /_rels/.rels
20:37:04.718 [main] TRACE - Resolving type for handle stcellstylexfid70c7type
20:37:04.720 [main] TRACE - Resolving type for handle ctsheetdimensiond310type
20:37:04.720 [main] TRACE - Resolving type for handle stref90a2type
20:37:04.730 [main] TRACE - Resolving type for handle propertiesee84doctype
20:37:04.730 [main] TRACE - Resolving type for handle ctproperties3f10type
20:37:04.733 [main] TRACE - Resolving type for handle properties288cdoctype
20:37:04.733 [main] TRACE - Resolving type for handle ctproperties2c18type
20:37:04.735 [main] DEBUG - Save content types part
20:37:04.736 [main] DEBUG - Save package relationships
20:37:04.737 [main] DEBUG - Save part 'docProps/app.xml'
20:37:04.737 [main] DEBUG - Save part 'docProps/core.xml'
20:37:04.738 [main] DEBUG - Save part 'docProps/custom.xml'
20:37:04.738 [main] DEBUG - Save part 'xl/sharedStrings.xml'
20:37:04.738 [main] DEBUG - Save part 'xl/styles.xml'
20:37:04.738 [main] DEBUG - Save part 'xl/theme/theme1.xml'
20:37:04.738 [main] DEBUG - Save part 'xl/workbook.xml'
20:37:04.739 [main] DEBUG - Save part 'xl/worksheets/sheet1.xml'
20:37:04.739 [main] DEBUG - Save part 'xl/worksheets/sheet2.xml'
20:37:04.739 [main] DEBUG - Save part 'xl/worksheets/sheet3.xml'
20:37:04.739 [main] DEBUG - Save part 'xl/worksheets/sheet4.xml'
20:37:04.743 [main] DEBUG - Parsing relationship: /xl/_rels/workbook.xml.rels
20:37:04.743 [main] DEBUG - Parsing relationship: /_rels/.rels
20:37:04.759 [main] DEBUG - Save content types part
20:37:04.760 [main] DEBUG - Save package relationships
20:37:04.760 [main] DEBUG - Save part 'docProps/app.xml'
20:37:04.760 [main] DEBUG - Save part 'docProps/core.xml'
20:37:04.761 [main] DEBUG - Save part 'docProps/custom.xml'
20:37:04.761 [main] DEBUG - Save part 'xl/sharedStrings.xml'
20:37:04.761 [main] DEBUG - Save part 'xl/styles.xml'
20:37:04.762 [main] DEBUG - Save part 'xl/theme/theme1.xml'
20:37:04.762 [main] DEBUG - Save part 'xl/workbook.xml'
20:37:04.763 [main] DEBUG - Save part 'xl/worksheets/sheet1.xml'
20:37:04.763 [main] DEBUG - Save part 'xl/worksheets/sheet2.xml'
20:37:04.763 [main] DEBUG - Save part 'xl/worksheets/sheet3.xml'
20:37:04.763 [main] DEBUG - Save part 'xl/worksheets/sheet4.xml'
20:37:04.779 [main] DEBUG - Parsing relationship: /xl/_rels/workbook.xml.rels
20:37:04.780 [main] DEBUG - Parsing relationship: /_rels/.rels
20:37:04.790 [main] DEBUG - Save content types part
20:37:04.791 [main] DEBUG - Save package relationships
20:37:04.791 [main] DEBUG - Save part 'docProps/app.xml'
20:37:04.791 [main] DEBUG - Save part 'docProps/core.xml'
20:37:04.792 [main] DEBUG - Save part 'docProps/custom.xml'
20:37:04.792 [main] DEBUG - Save part 'xl/sharedStrings.xml'
20:37:04.792 [main] DEBUG - Save part 'xl/styles.xml'
20:37:04.792 [main] DEBUG - Save part 'xl/theme/theme1.xml'
20:37:04.793 [main] DEBUG - Save part 'xl/workbook.xml'
20:37:04.793 [main] DEBUG - Save part 'xl/worksheets/sheet1.xml'
20:37:04.793 [main] DEBUG - Save part 'xl/worksheets/sheet2.xml'
20:37:04.793 [main] DEBUG - Save part 'xl/worksheets/sheet3.xml'
20:37:04.794 [main] DEBUG - Save part 'xl/worksheets/sheet4.xml'
20:37:04.797 [main] DEBUG - Parsing relationship: /xl/_rels/workbook.xml.rels
20:37:04.797 [main] DEBUG - Parsing relationship: /_rels/.rels
20:37:04.827 [main] DEBUG - Save content types part
20:37:04.828 [main] DEBUG - Save package relationships
20:37:04.828 [main] DEBUG - Save part 'docProps/app.xml'
20:37:04.828 [main] DEBUG - Save part 'docProps/core.xml'
20:37:04.829 [main] DEBUG - Save part 'docProps/custom.xml'
20:37:04.829 [main] DEBUG - Save part 'xl/sharedStrings.xml'
20:37:04.829 [main] DEBUG - Save part 'xl/styles.xml'
20:37:04.829 [main] DEBUG - Save part 'xl/theme/theme1.xml'
20:37:04.830 [main] DEBUG - Save part 'xl/workbook.xml'
20:37:04.830 [main] DEBUG - Save part 'xl/worksheets/sheet1.xml'
20:37:04.830 [main] DEBUG - Save part 'xl/worksheets/sheet2.xml'
20:37:04.830 [main] DEBUG - Save part 'xl/worksheets/sheet3.xml'
20:37:04.831 [main] DEBUG - Save part 'xl/worksheets/sheet4.xml'
20:37:04.833 [main] DEBUG - Parsing relationship: /xl/_rels/workbook.xml.rels
20:37:04.834 [main] DEBUG - Parsing relationship: /_rels/.rels
20:37:04.845 [main] DEBUG - Save content types part
20:37:04.846 [main] DEBUG - Save package relationships
20:37:04.846 [main] DEBUG - Save part 'docProps/app.xml'
20:37:04.846 [main] DEBUG - Save part 'docProps/core.xml'
20:37:04.846 [main] DEBUG - Save part 'docProps/custom.xml'
20:37:04.847 [main] DEBUG - Save part 'xl/sharedStrings.xml'
20:37:04.847 [main] DEBUG - Save part 'xl/styles.xml'
20:37:04.847 [main] DEBUG - Save part 'xl/theme/theme1.xml'
20:37:04.847 [main] DEBUG - Save part 'xl/workbook.xml'
20:37:04.848 [main] DEBUG - Save part 'xl/worksheets/sheet1.xml'
20:37:04.848 [main] DEBUG - Save part 'xl/worksheets/sheet2.xml'
20:37:04.848 [main] DEBUG - Save part 'xl/worksheets/sheet3.xml'
20:37:04.848 [main] DEBUG - Save part 'xl/worksheets/sheet4.xml'
20:37:04.864 [main] DEBUG - Parsing relationship: /xl/_rels/workbook.xml.rels
20:37:04.865 [main] DEBUG - Parsing relationship: /_rels/.rels
20:37:04.873 [main] DEBUG - Save content types part
20:37:04.873 [main] DEBUG - Save package relationships
20:37:04.874 [main] DEBUG - Save part 'docProps/app.xml'
20:37:04.874 [main] DEBUG - Save part 'docProps/core.xml'
20:37:04.874 [main] DEBUG - Save part 'docProps/custom.xml'
20:37:04.875 [main] DEBUG - Save part 'xl/sharedStrings.xml'
20:37:04.875 [main] DEBUG - Save part 'xl/styles.xml'
20:37:04.875 [main] DEBUG - Save part 'xl/theme/theme1.xml'
20:37:04.876 [main] DEBUG - Save part 'xl/workbook.xml'
20:37:04.876 [main] DEBUG - Save part 'xl/worksheets/sheet1.xml'
20:37:04.876 [main] DEBUG - Save part 'xl/worksheets/sheet2.xml'
20:37:04.876 [main] DEBUG - Save part 'xl/worksheets/sheet3.xml'
20:37:04.877 [main] DEBUG - Save part 'xl/worksheets/sheet4.xml'
20:37:04.879 [main] DEBUG - Parsing relationship: /xl/_rels/workbook.xml.rels
20:37:04.880 [main] DEBUG - Parsing relationship: /_rels/.rels
20:37:04.893 [main] DEBUG - Save content types part
20:37:04.893 [main] DEBUG - Save package relationships
20:37:04.894 [main] DEBUG - Save part 'docProps/app.xml'
20:37:04.894 [main] DEBUG - Save part 'docProps/core.xml'
20:37:04.894 [main] DEBUG - Save part 'docProps/custom.xml'
20:37:04.894 [main] DEBUG - Save part 'xl/sharedStrings.xml'
20:37:04.895 [main] DEBUG - Save part 'xl/styles.xml'
20:37:04.895 [main] DEBUG - Save part 'xl/theme/theme1.xml'
20:37:04.895 [main] DEBUG - Save part 'xl/workbook.xml'
20:37:04.895 [main] DEBUG - Save part 'xl/worksheets/sheet1.xml'
20:37:04.896 [main] DEBUG - Save part 'xl/worksheets/sheet2.xml'
20:37:04.896 [main] DEBUG - Save part 'xl/worksheets/sheet3.xml'
20:37:04.896 [main] DEBUG - Save part 'xl/worksheets/sheet4.xml'
20:37:04.898 [main] DEBUG - Parsing relationship: /xl/_rels/workbook.xml.rels
20:37:04.898 [main] DEBUG - Parsing relationship: /_rels/.rels
20:37:04.909 [main] DEBUG - Save content types part
20:37:04.909 [main] DEBUG - Save package relationships
20:37:04.909 [main] DEBUG - Save part 'docProps/app.xml'
20:37:04.910 [main] DEBUG - Save part 'docProps/core.xml'
20:37:04.911 [main] DEBUG - Save part 'docProps/custom.xml'
20:37:04.911 [main] DEBUG - Save part 'xl/sharedStrings.xml'
20:37:04.911 [main] DEBUG - Save part 'xl/styles.xml'
20:37:04.912 [main] DEBUG - Save part 'xl/theme/theme1.xml'
20:37:04.912 [main] DEBUG - Save part 'xl/workbook.xml'
20:37:04.912 [main] DEBUG - Save part 'xl/worksheets/sheet1.xml'
20:37:04.912 [main] DEBUG - Save part 'xl/worksheets/sheet2.xml'
20:37:04.913 [main] DEBUG - Save part 'xl/worksheets/sheet3.xml'
20:37:04.913 [main] DEBUG - Save part 'xl/worksheets/sheet4.xml'
20:37:04.933 [main] DEBUG - Parsing relationship: /xl/_rels/workbook.xml.rels
20:37:04.933 [main] DEBUG - Parsing relationship: /_rels/.rels
20:37:04.940 [main] DEBUG - Save content types part
20:37:04.941 [main] DEBUG - Save package relationships
20:37:04.941 [main] DEBUG - Save part 'docProps/app.xml'
20:37:04.942 [main] DEBUG - Save part 'docProps/core.xml'
20:37:04.942 [main] DEBUG - Save part 'docProps/custom.xml'
20:37:04.942 [main] DEBUG - Save part 'xl/sharedStrings.xml'
20:37:04.942 [main] DEBUG - Save part 'xl/styles.xml'
20:37:04.943 [main] DEBUG - Save part 'xl/theme/theme1.xml'
20:37:04.943 [main] DEBUG - Save part 'xl/workbook.xml'
20:37:04.943 [main] DEBUG - Save part 'xl/worksheets/sheet1.xml'
20:37:04.943 [main] DEBUG - Save part 'xl/worksheets/sheet2.xml'
20:37:04.944 [main] DEBUG - Save part 'xl/worksheets/sheet3.xml'
20:37:04.944 [main] DEBUG - Save part 'xl/worksheets/sheet4.xml'
20:37:04.946 [main] DEBUG - Parsing relationship: /xl/_rels/workbook.xml.rels
20:37:04.947 [main] DEBUG - Parsing relationship: /_rels/.rels
20:37:04.957 [main] DEBUG - Save content types part
20:37:04.958 [main] DEBUG - Save package relationships
20:37:04.958 [main] DEBUG - Save part 'docProps/app.xml'
20:37:04.958 [main] DEBUG - Save part 'docProps/core.xml'
20:37:04.959 [main] DEBUG - Save part 'docProps/custom.xml'
20:37:04.959 [main] DEBUG - Save part 'xl/sharedStrings.xml'
20:37:04.959 [main] DEBUG - Save part 'xl/styles.xml'
20:37:04.959 [main] DEBUG - Save part 'xl/theme/theme1.xml'
20:37:04.959 [main] DEBUG - Save part 'xl/workbook.xml'
20:37:04.960 [main] DEBUG - Save part 'xl/worksheets/sheet1.xml'
20:37:04.960 [main] DEBUG - Save part 'xl/worksheets/sheet2.xml'
20:37:04.960 [main] DEBUG - Save part 'xl/worksheets/sheet3.xml'
20:37:04.960 [main] DEBUG - Save part 'xl/worksheets/sheet4.xml'
20:37:04.962 [main] DEBUG - Parsing relationship: /xl/_rels/workbook.xml.rels
20:37:04.963 [main] DEBUG - Parsing relationship: /_rels/.rels
20:37:04.973 [main] DEBUG - Save content types part
20:37:04.973 [main] DEBUG - Save package relationships
20:37:04.974 [main] DEBUG - Save part 'docProps/app.xml'
20:37:04.974 [main] DEBUG - Save part 'docProps/core.xml'
20:37:04.974 [main] DEBUG - Save part 'docProps/custom.xml'
20:37:04.974 [main] DEBUG - Save part 'xl/sharedStrings.xml'
20:37:04.974 [main] DEBUG - Save part 'xl/styles.xml'
20:37:04.975 [main] DEBUG - Save part 'xl/theme/theme1.xml'
20:37:04.975 [main] DEBUG - Save part 'xl/workbook.xml'
20:37:04.975 [main] DEBUG - Save part 'xl/worksheets/sheet1.xml'
20:37:04.975 [main] DEBUG - Save part 'xl/worksheets/sheet2.xml'
20:37:04.975 [main] DEBUG - Save part 'xl/worksheets/sheet3.xml'
20:37:04.975 [main] DEBUG - Save part 'xl/worksheets/sheet4.xml'
20:37:04.992 [main] DEBUG - Parsing relationship: /xl/_rels/workbook.xml.rels
20:37:04.992 [main] DEBUG - Parsing relationship: /_rels/.rels
20:37:05.000 [main] DEBUG - Save content types part
20:37:05.000 [main] DEBUG - Save package relationships
20:37:05.001 [main] DEBUG - Save part 'docProps/app.xml'
20:37:05.001 [main] DEBUG - Save part 'docProps/core.xml'
20:37:05.001 [main] DEBUG - Save part 'docProps/custom.xml'
20:37:05.001 [main] DEBUG - Save part 'xl/sharedStrings.xml'
20:37:05.001 [main] DEBUG - Save part 'xl/styles.xml'
20:37:05.002 [main] DEBUG - Save part 'xl/theme/theme1.xml'
20:37:05.002 [main] DEBUG - Save part 'xl/workbook.xml'
20:37:05.002 [main] DEBUG - Save part 'xl/worksheets/sheet1.xml'
20:37:05.002 [main] DEBUG - Save part 'xl/worksheets/sheet2.xml'
20:37:05.003 [main] DEBUG - Save part 'xl/worksheets/sheet3.xml'
20:37:05.003 [main] DEBUG - Save part 'xl/worksheets/sheet4.xml'
20:37:05.005 [main] DEBUG - Parsing relationship: /xl/_rels/workbook.xml.rels
20:37:05.006 [main] DEBUG - Parsing relationship: /_rels/.rels
20:37:05.017 [main] DEBUG - Save content types part
20:37:05.018 [main] DEBUG - Save package relationships
20:37:05.018 [main] DEBUG - Save part 'docProps/app.xml'
20:37:05.018 [main] DEBUG - Save part 'docProps/core.xml'
20:37:05.019 [main] DEBUG - Save part 'docProps/custom.xml'
20:37:05.019 [main] DEBUG - Save part 'xl/sharedStrings.xml'
20:37:05.019 [main] DEBUG - Save part 'xl/styles.xml'
20:37:05.019 [main] DEBUG - Save part 'xl/theme/theme1.xml'
20:37:05.019 [main] DEBUG - Save part 'xl/workbook.xml'
20:37:05.020 [main] DEBUG - Save part 'xl/worksheets/sheet1.xml'
20:37:05.020 [main] DEBUG - Save part 'xl/worksheets/sheet2.xml'
20:37:05.020 [main] DEBUG - Save part 'xl/worksheets/sheet3.xml'
20:37:05.021 [main] DEBUG - Save part 'xl/worksheets/sheet4.xml'
20:37:05.023 [main] DEBUG - Parsing relationship: /xl/_rels/workbook.xml.rels
20:37:05.023 [main] DEBUG - Parsing relationship: /_rels/.rels
20:37:05.034 [main] DEBUG - Save content types part
20:37:05.034 [main] DEBUG - Save package relationships
20:37:05.034 [main] DEBUG - Save part 'docProps/app.xml'
20:37:05.035 [main] DEBUG - Save part 'docProps/core.xml'
20:37:05.035 [main] DEBUG - Save part 'docProps/custom.xml'
20:37:05.035 [main] DEBUG - Save part 'xl/sharedStrings.xml'
20:37:05.035 [main] DEBUG - Save part 'xl/styles.xml'
20:37:05.035 [main] DEBUG - Save part 'xl/theme/theme1.xml'
20:37:05.035 [main] DEBUG - Save part 'xl/workbook.xml'
20:37:05.036 [main] DEBUG - Save part 'xl/worksheets/sheet1.xml'
20:37:05.036 [main] DEBUG - Save part 'xl/worksheets/sheet2.xml'
20:37:05.036 [main] DEBUG - Save part 'xl/worksheets/sheet3.xml'
20:37:05.036 [main] DEBUG - Save part 'xl/worksheets/sheet4.xml'
20:37:05.051 [main] DEBUG - Parsing relationship: /xl/_rels/workbook.xml.rels
20:37:05.051 [main] DEBUG - Parsing relationship: /_rels/.rels
20:37:05.057 [main] DEBUG - Save content types part
20:37:05.058 [main] DEBUG - Save package relationships
20:37:05.058 [main] DEBUG - Save part 'docProps/app.xml'
20:37:05.058 [main] DEBUG - Save part 'docProps/core.xml'
20:37:05.059 [main] DEBUG - Save part 'docProps/custom.xml'
20:37:05.059 [main] DEBUG - Save part 'xl/sharedStrings.xml'
20:37:05.059 [main] DEBUG - Save part 'xl/styles.xml'
20:37:05.059 [main] DEBUG - Save part 'xl/theme/theme1.xml'
20:37:05.059 [main] DEBUG - Save part 'xl/workbook.xml'
20:37:05.060 [main] DEBUG - Save part 'xl/worksheets/sheet1.xml'
20:37:05.060 [main] DEBUG - Save part 'xl/worksheets/sheet2.xml'
20:37:05.060 [main] DEBUG - Save part 'xl/worksheets/sheet3.xml'
20:37:05.060 [main] DEBUG - Save part 'xl/worksheets/sheet4.xml'
20:37:05.062 [main] DEBUG - Parsing relationship: /xl/_rels/workbook.xml.rels
20:37:05.063 [main] DEBUG - Parsing relationship: /_rels/.rels
20:37:05.073 [main] DEBUG - Save content types part
20:37:05.073 [main] DEBUG - Save package relationships
20:37:05.074 [main] DEBUG - Save part 'docProps/app.xml'
20:37:05.074 [main] DEBUG - Save part 'docProps/core.xml'
20:37:05.074 [main] DEBUG - Save part 'docProps/custom.xml'
20:37:05.074 [main] DEBUG - Save part 'xl/sharedStrings.xml'
20:37:05.074 [main] DEBUG - Save part 'xl/styles.xml'
20:37:05.074 [main] DEBUG - Save part 'xl/theme/theme1.xml'
20:37:05.075 [main] DEBUG - Save part 'xl/workbook.xml'
20:37:05.075 [main] DEBUG - Save part 'xl/worksheets/sheet1.xml'
20:37:05.075 [main] DEBUG - Save part 'xl/worksheets/sheet2.xml'
20:37:05.075 [main] DEBUG - Save part 'xl/worksheets/sheet3.xml'
20:37:05.075 [main] DEBUG - Save part 'xl/worksheets/sheet4.xml'
20:37:05.077 [main] DEBUG - Parsing relationship: /xl/_rels/workbook.xml.rels
20:37:05.077 [main] DEBUG - Parsing relationship: /_rels/.rels
20:37:05.087 [main] DEBUG - Save content types part
20:37:05.087 [main] DEBUG - Save package relationships
20:37:05.088 [main] DEBUG - Save part 'docProps/app.xml'
20:37:05.088 [main] DEBUG - Save part 'docProps/core.xml'
20:37:05.088 [main] DEBUG - Save part 'docProps/custom.xml'
20:37:05.088 [main] DEBUG - Save part 'xl/sharedStrings.xml'
20:37:05.088 [main] DEBUG - Save part 'xl/styles.xml'
20:37:05.088 [main] DEBUG - Save part 'xl/theme/theme1.xml'
20:37:05.089 [main] DEBUG - Save part 'xl/workbook.xml'
20:37:05.089 [main] DEBUG - Save part 'xl/worksheets/sheet1.xml'
20:37:05.089 [main] DEBUG - Save part 'xl/worksheets/sheet2.xml'
20:37:05.089 [main] DEBUG - Save part 'xl/worksheets/sheet3.xml'
20:37:05.089 [main] DEBUG - Save part 'xl/worksheets/sheet4.xml'
20:37:05.106 [main] DEBUG - Parsing relationship: /xl/_rels/workbook.xml.rels
20:37:05.106 [main] DEBUG - Parsing relationship: /_rels/.rels
20:37:05.113 [main] DEBUG - Save content types part
20:37:05.114 [main] DEBUG - Save package relationships
20:37:05.114 [main] DEBUG - Save part 'docProps/app.xml'
20:37:05.114 [main] DEBUG - Save part 'docProps/core.xml'
20:37:05.114 [main] DEBUG - Save part 'docProps/custom.xml'
20:37:05.115 [main] DEBUG - Save part 'xl/sharedStrings.xml'
20:37:05.115 [main] DEBUG - Save part 'xl/styles.xml'
20:37:05.115 [main] DEBUG - Save part 'xl/theme/theme1.xml'
20:37:05.115 [main] DEBUG - Save part 'xl/workbook.xml'
20:37:05.116 [main] DEBUG - Save part 'xl/worksheets/sheet1.xml'
20:37:05.116 [main] DEBUG - Save part 'xl/worksheets/sheet2.xml'
20:37:05.116 [main] DEBUG - Save part 'xl/worksheets/sheet3.xml'
20:37:05.116 [main] DEBUG - Save part 'xl/worksheets/sheet4.xml'
20:37:05.118 [main] DEBUG - Parsing relationship: /xl/_rels/workbook.xml.rels
20:37:05.118 [main] DEBUG - Parsing relationship: /_rels/.rels
20:37:05.127 [main] DEBUG - Save content types part
20:37:05.127 [main] DEBUG - Save package relationships
20:37:05.127 [main] DEBUG - Save part 'docProps/app.xml'
20:37:05.127 [main] DEBUG - Save part 'docProps/core.xml'
20:37:05.128 [main] DEBUG - Save part 'docProps/custom.xml'
20:37:05.128 [main] DEBUG - Save part 'xl/sharedStrings.xml'
20:37:05.128 [main] DEBUG - Save part 'xl/styles.xml'
20:37:05.128 [main] DEBUG - Save part 'xl/theme/theme1.xml'
20:37:05.128 [main] DEBUG - Save part 'xl/workbook.xml'
20:37:05.129 [main] DEBUG - Save part 'xl/worksheets/sheet1.xml'
20:37:05.129 [main] DEBUG - Save part 'xl/worksheets/sheet2.xml'
20:37:05.129 [main] DEBUG - Save part 'xl/worksheets/sheet3.xml'
20:37:05.129 [main] DEBUG - Save part 'xl/worksheets/sheet4.xml'
20:37:05.131 [main] DEBUG - Parsing relationship: /xl/_rels/workbook.xml.rels
20:37:05.131 [main] DEBUG - Parsing relationship: /_rels/.rels
20:37:05.139 [main] DEBUG - Save content types part
20:37:05.140 [main] DEBUG - Save package relationships
20:37:05.140 [main] DEBUG - Save part 'docProps/app.xml'
20:37:05.140 [main] DEBUG - Save part 'docProps/core.xml'
20:37:05.140 [main] DEBUG - Save part 'docProps/custom.xml'
20:37:05.140 [main] DEBUG - Save part 'xl/sharedStrings.xml'
20:37:05.140 [main] DEBUG - Save part 'xl/styles.xml'
20:37:05.141 [main] DEBUG - Save part 'xl/theme/theme1.xml'
20:37:05.141 [main] DEBUG - Save part 'xl/workbook.xml'
20:37:05.141 [main] DEBUG - Save part 'xl/worksheets/sheet1.xml'
20:37:05.141 [main] DEBUG - Save part 'xl/worksheets/sheet2.xml'
20:37:05.141 [main] DEBUG - Save part 'xl/worksheets/sheet3.xml'
20:37:05.141 [main] DEBUG - Save part 'xl/worksheets/sheet4.xml'
20:37:05.157 [main] DEBUG - Parsing relationship: /xl/_rels/workbook.xml.rels
20:37:05.157 [main] DEBUG - Parsing relationship: /_rels/.rels
20:37:05.163 [main] DEBUG - Save content types part
20:37:05.163 [main] DEBUG - Save package relationships
20:37:05.163 [main] DEBUG - Save part 'docProps/app.xml'
20:37:05.164 [main] DEBUG - Save part 'docProps/core.xml'
20:37:05.164 [main] DEBUG - Save part 'docProps/custom.xml'
20:37:05.164 [main] DEBUG - Save part 'xl/sharedStrings.xml'
20:37:05.164 [main] DEBUG - Save part 'xl/styles.xml'
20:37:05.165 [main] DEBUG - Save part 'xl/theme/theme1.xml'
20:37:05.165 [main] DEBUG - Save part 'xl/workbook.xml'
20:37:05.165 [main] DEBUG - Save part 'xl/worksheets/sheet1.xml'
20:37:05.165 [main] DEBUG - Save part 'xl/worksheets/sheet2.xml'
20:37:05.165 [main] DEBUG - Save part 'xl/worksheets/sheet3.xml'
20:37:05.166 [main] DEBUG - Save part 'xl/worksheets/sheet4.xml'
20:37:05.168 [main] DEBUG - Parsing relationship: /xl/_rels/workbook.xml.rels
20:37:05.168 [main] DEBUG - Parsing relationship: /_rels/.rels
20:37:05.176 [main] DEBUG - Save content types part
20:37:05.176 [main] DEBUG - Save package relationships
20:37:05.176 [main] DEBUG - Save part 'docProps/app.xml'
20:37:05.176 [main] DEBUG - Save part 'docProps/core.xml'
20:37:05.177 [main] DEBUG - Save part 'docProps/custom.xml'
20:37:05.177 [main] DEBUG - Save part 'xl/sharedStrings.xml'
20:37:05.177 [main] DEBUG - Save part 'xl/styles.xml'
20:37:05.177 [main] DEBUG - Save part 'xl/theme/theme1.xml'
20:37:05.177 [main] DEBUG - Save part 'xl/workbook.xml'
20:37:05.178 [main] DEBUG - Save part 'xl/worksheets/sheet1.xml'
20:37:05.178 [main] DEBUG - Save part 'xl/worksheets/sheet2.xml'
20:37:05.178 [main] DEBUG - Save part 'xl/worksheets/sheet3.xml'
20:37:05.178 [main] DEBUG - Save part 'xl/worksheets/sheet4.xml'
20:37:05.180 [main] DEBUG - Parsing relationship: /xl/_rels/workbook.xml.rels
20:37:05.180 [main] DEBUG - Parsing relationship: /_rels/.rels
20:37:05.188 [main] DEBUG - Save content types part
20:37:05.188 [main] DEBUG - Save package relationships
20:37:05.188 [main] DEBUG - Save part 'docProps/app.xml'
20:37:05.189 [main] DEBUG - Save part 'docProps/core.xml'
20:37:05.189 [main] DEBUG - Save part 'docProps/custom.xml'
20:37:05.189 [main] DEBUG - Save part 'xl/sharedStrings.xml'
20:37:05.189 [main] DEBUG - Save part 'xl/styles.xml'
20:37:05.189 [main] DEBUG - Save part 'xl/theme/theme1.xml'
20:37:05.189 [main] DEBUG - Save part 'xl/workbook.xml'
20:37:05.190 [main] DEBUG - Save part 'xl/worksheets/sheet1.xml'
20:37:05.190 [main] DEBUG - Save part 'xl/worksheets/sheet2.xml'
20:37:05.190 [main] DEBUG - Save part 'xl/worksheets/sheet3.xml'
20:37:05.190 [main] DEBUG - Save part 'xl/worksheets/sheet4.xml'
20:37:05.208 [main] DEBUG - Parsing relationship: /xl/_rels/workbook.xml.rels
20:37:05.208 [main] DEBUG - Parsing relationship: /_rels/.rels
20:37:05.213 [main] DEBUG - Save content types part
20:37:05.214 [main] DEBUG - Save package relationships
20:37:05.214 [main] DEBUG - Save part 'docProps/app.xml'
20:37:05.214 [main] DEBUG - Save part 'docProps/core.xml'
20:37:05.215 [main] DEBUG - Save part 'docProps/custom.xml'
20:37:05.215 [main] DEBUG - Save part 'xl/sharedStrings.xml'
20:37:05.215 [main] DEBUG - Save part 'xl/styles.xml'
20:37:05.215 [main] DEBUG - Save part 'xl/theme/theme1.xml'
20:37:05.215 [main] DEBUG - Save part 'xl/workbook.xml'
20:37:05.216 [main] DEBUG - Save part 'xl/worksheets/sheet1.xml'
20:37:05.216 [main] DEBUG - Save part 'xl/worksheets/sheet2.xml'
20:37:05.216 [main] DEBUG - Save part 'xl/worksheets/sheet3.xml'
20:37:05.216 [main] DEBUG - Save part 'xl/worksheets/sheet4.xml'
20:37:05.218 [main] DEBUG - Parsing relationship: /xl/_rels/workbook.xml.rels
20:37:05.218 [main] DEBUG - Parsing relationship: /_rels/.rels
20:37:05.225 [main] DEBUG - Save content types part
20:37:05.226 [main] DEBUG - Save package relationships
20:37:05.226 [main] DEBUG - Save part 'docProps/app.xml'
20:37:05.226 [main] DEBUG - Save part 'docProps/core.xml'
20:37:05.226 [main] DEBUG - Save part 'docProps/custom.xml'
20:37:05.227 [main] DEBUG - Save part 'xl/sharedStrings.xml'
20:37:05.227 [main] DEBUG - Save part 'xl/styles.xml'
20:37:05.227 [main] DEBUG - Save part 'xl/theme/theme1.xml'
20:37:05.227 [main] DEBUG - Save part 'xl/workbook.xml'
20:37:05.227 [main] DEBUG - Save part 'xl/worksheets/sheet1.xml'
20:37:05.227 [main] DEBUG - Save part 'xl/worksheets/sheet2.xml'
20:37:05.227 [main] DEBUG - Save part 'xl/worksheets/sheet3.xml'
20:37:05.228 [main] DEBUG - Save part 'xl/worksheets/sheet4.xml'
20:37:05.229 [main] DEBUG - Parsing relationship: /xl/_rels/workbook.xml.rels
20:37:05.230 [main] DEBUG - Parsing relationship: /_rels/.rels
20:37:05.237 [main] DEBUG - Save content types part
20:37:05.237 [main] DEBUG - Save package relationships
20:37:05.237 [main] DEBUG - Save part 'docProps/app.xml'
20:37:05.237 [main] DEBUG - Save part 'docProps/core.xml'
20:37:05.237 [main] DEBUG - Save part 'docProps/custom.xml'
20:37:05.238 [main] DEBUG - Save part 'xl/sharedStrings.xml'
20:37:05.238 [main] DEBUG - Save part 'xl/styles.xml'
20:37:05.238 [main] DEBUG - Save part 'xl/theme/theme1.xml'
20:37:05.238 [main] DEBUG - Save part 'xl/workbook.xml'
20:37:05.238 [main] DEBUG - Save part 'xl/worksheets/sheet1.xml'
20:37:05.238 [main] DEBUG - Save part 'xl/worksheets/sheet2.xml'
20:37:05.239 [main] DEBUG - Save part 'xl/worksheets/sheet3.xml'
20:37:05.239 [main] DEBUG - Save part 'xl/worksheets/sheet4.xml'
20:37:05.254 [main] DEBUG - Parsing relationship: /xl/_rels/workbook.xml.rels
20:37:05.254 [main] DEBUG - Parsing relationship: /_rels/.rels
20:37:05.259 [main] DEBUG - Save content types part
20:37:05.260 [main] DEBUG - Save package relationships
20:37:05.260 [main] DEBUG - Save part 'docProps/app.xml'
20:37:05.260 [main] DEBUG - Save part 'docProps/core.xml'
20:37:05.261 [main] DEBUG - Save part 'docProps/custom.xml'
20:37:05.261 [main] DEBUG - Save part 'xl/sharedStrings.xml'
20:37:05.261 [main] DEBUG - Save part 'xl/styles.xml'
20:37:05.261 [main] DEBUG - Save part 'xl/theme/theme1.xml'
20:37:05.261 [main] DEBUG - Save part 'xl/workbook.xml'
20:37:05.262 [main] DEBUG - Save part 'xl/worksheets/sheet1.xml'
20:37:05.262 [main] DEBUG - Save part 'xl/worksheets/sheet2.xml'
20:37:05.262 [main] DEBUG - Save part 'xl/worksheets/sheet3.xml'
20:37:05.262 [main] DEBUG - Save part 'xl/worksheets/sheet4.xml'
20:37:05.264 [main] DEBUG - Parsing relationship: /xl/_rels/workbook.xml.rels
20:37:05.264 [main] DEBUG - Parsing relationship: /_rels/.rels
20:37:05.272 [main] DEBUG - Save content types part
20:37:05.272 [main] DEBUG - Save package relationships
20:37:05.273 [main] DEBUG - Save part 'docProps/app.xml'
20:37:05.273 [main] DEBUG - Save part 'docProps/core.xml'
20:37:05.273 [main] DEBUG - Save part 'docProps/custom.xml'
20:37:05.273 [main] DEBUG - Save part 'xl/sharedStrings.xml'
20:37:05.273 [main] DEBUG - Save part 'xl/styles.xml'
20:37:05.273 [main] DEBUG - Save part 'xl/theme/theme1.xml'
20:37:05.274 [main] DEBUG - Save part 'xl/workbook.xml'
20:37:05.274 [main] DEBUG - Save part 'xl/worksheets/sheet1.xml'
20:37:05.274 [main] DEBUG - Save part 'xl/worksheets/sheet2.xml'
20:37:05.274 [main] DEBUG - Save part 'xl/worksheets/sheet3.xml'
20:37:05.274 [main] DEBUG - Save part 'xl/worksheets/sheet4.xml'
20:37:05.276 [main] DEBUG - Parsing relationship: /xl/_rels/workbook.xml.rels
20:37:05.276 [main] DEBUG - Parsing relationship: /_rels/.rels
20:37:05.286 [main] DEBUG - Save content types part
20:37:05.286 [main] DEBUG - Save package relationships
20:37:05.286 [main] DEBUG - Save part 'docProps/app.xml'
20:37:05.286 [main] DEBUG - Save part 'docProps/core.xml'
20:37:05.287 [main] DEBUG - Save part 'docProps/custom.xml'
20:37:05.287 [main] DEBUG - Save part 'xl/sharedStrings.xml'
20:37:05.287 [main] DEBUG - Save part 'xl/styles.xml'
20:37:05.287 [main] DEBUG - Save part 'xl/theme/theme1.xml'
20:37:05.287 [main] DEBUG - Save part 'xl/workbook.xml'
20:37:05.288 [main] DEBUG - Save part 'xl/worksheets/sheet1.xml'
20:37:05.288 [main] DEBUG - Save part 'xl/worksheets/sheet2.xml'
20:37:05.288 [main] DEBUG - Save part 'xl/worksheets/sheet3.xml'
20:37:05.288 [main] DEBUG - Save part 'xl/worksheets/sheet4.xml'
20:37:10.037 [main] INFO  - Goto my account-->Click on Login.. 
20:37:10.234 [main] INFO  - Entering email and password.. 
20:37:23.669 [main] DEBUG - Parsing relationship: /xl/_rels/workbook.xml.rels
20:37:23.670 [main] DEBUG - Parsing relationship: /_rels/.rels
20:37:23.679 [main] DEBUG - Save content types part
20:37:23.679 [main] DEBUG - Save package relationships
20:37:23.680 [main] DEBUG - Save part 'docProps/app.xml'
20:37:23.680 [main] DEBUG - Save part 'docProps/core.xml'
20:37:23.680 [main] DEBUG - Save part 'docProps/custom.xml'
20:37:23.680 [main] DEBUG - Save part 'xl/sharedStrings.xml'
20:37:23.680 [main] DEBUG - Save part 'xl/styles.xml'
20:37:23.681 [main] DEBUG - Save part 'xl/theme/theme1.xml'
20:37:23.681 [main] DEBUG - Save part 'xl/workbook.xml'
20:37:23.681 [main] DEBUG - Save part 'xl/worksheets/sheet1.xml'
20:37:23.681 [main] DEBUG - Save part 'xl/worksheets/sheet2.xml'
20:37:23.682 [main] DEBUG - Save part 'xl/worksheets/sheet3.xml'
20:37:23.682 [main] DEBUG - Save part 'xl/worksheets/sheet4.xml'
20:37:23.684 [main] DEBUG - Parsing relationship: /xl/_rels/workbook.xml.rels
20:37:23.684 [main] DEBUG - Parsing relationship: /_rels/.rels
20:37:23.693 [main] DEBUG - Save content types part
20:37:23.694 [main] DEBUG - Save package relationships
20:37:23.694 [main] DEBUG - Save part 'docProps/app.xml'
20:37:23.694 [main] DEBUG - Save part 'docProps/core.xml'
20:37:23.694 [main] DEBUG - Save part 'docProps/custom.xml'
20:37:23.694 [main] DEBUG - Save part 'xl/sharedStrings.xml'
20:37:23.694 [main] DEBUG - Save part 'xl/styles.xml'
20:37:23.695 [main] DEBUG - Save part 'xl/theme/theme1.xml'
20:37:23.695 [main] DEBUG - Save part 'xl/workbook.xml'
20:37:23.695 [main] DEBUG - Save part 'xl/worksheets/sheet1.xml'
20:37:23.695 [main] DEBUG - Save part 'xl/worksheets/sheet2.xml'
20:37:23.695 [main] DEBUG - Save part 'xl/worksheets/sheet3.xml'
20:37:23.696 [main] DEBUG - Save part 'xl/worksheets/sheet4.xml'
20:37:23.698 [main] DEBUG - Parsing relationship: /xl/_rels/workbook.xml.rels
20:37:23.698 [main] DEBUG - Parsing relationship: /_rels/.rels
20:37:23.707 [main] DEBUG - Save content types part
20:37:23.707 [main] DEBUG - Save package relationships
20:37:23.708 [main] DEBUG - Save part 'docProps/app.xml'
20:37:23.708 [main] DEBUG - Save part 'docProps/core.xml'
20:37:23.708 [main] DEBUG - Save part 'docProps/custom.xml'
20:37:23.708 [main] DEBUG - Save part 'xl/sharedStrings.xml'
20:37:23.708 [main] DEBUG - Save part 'xl/styles.xml'
20:37:23.708 [main] DEBUG - Save part 'xl/theme/theme1.xml'
20:37:23.709 [main] DEBUG - Save part 'xl/workbook.xml'
20:37:23.709 [main] DEBUG - Save part 'xl/worksheets/sheet1.xml'
20:37:23.709 [main] DEBUG - Save part 'xl/worksheets/sheet2.xml'
20:37:23.709 [main] DEBUG - Save part 'xl/worksheets/sheet3.xml'
20:37:23.709 [main] DEBUG - Save part 'xl/worksheets/sheet4.xml'
20:37:23.723 [main] DEBUG - Parsing relationship: /xl/_rels/workbook.xml.rels
20:37:23.724 [main] DEBUG - Parsing relationship: /_rels/.rels
20:37:23.729 [main] DEBUG - Save content types part
20:37:23.729 [main] DEBUG - Save package relationships
20:37:23.729 [main] DEBUG - Save part 'docProps/app.xml'
20:37:23.729 [main] DEBUG - Save part 'docProps/core.xml'
20:37:23.730 [main] DEBUG - Save part 'docProps/custom.xml'
20:37:23.730 [main] DEBUG - Save part 'xl/sharedStrings.xml'
20:37:23.730 [main] DEBUG - Save part 'xl/styles.xml'
20:37:23.730 [main] DEBUG - Save part 'xl/theme/theme1.xml'
20:37:23.730 [main] DEBUG - Save part 'xl/workbook.xml'
20:37:23.730 [main] DEBUG - Save part 'xl/worksheets/sheet1.xml'
20:37:23.731 [main] DEBUG - Save part 'xl/worksheets/sheet2.xml'
20:37:23.731 [main] DEBUG - Save part 'xl/worksheets/sheet3.xml'
20:37:23.731 [main] DEBUG - Save part 'xl/worksheets/sheet4.xml'
20:37:23.732 [main] DEBUG - Parsing relationship: /xl/_rels/workbook.xml.rels
20:37:23.733 [main] DEBUG - Parsing relationship: /_rels/.rels
20:37:23.740 [main] DEBUG - Save content types part
20:37:23.740 [main] DEBUG - Save package relationships
20:37:23.740 [main] DEBUG - Save part 'docProps/app.xml'
20:37:23.741 [main] DEBUG - Save part 'docProps/core.xml'
20:37:23.741 [main] DEBUG - Save part 'docProps/custom.xml'
20:37:23.741 [main] DEBUG - Save part 'xl/sharedStrings.xml'
20:37:23.741 [main] DEBUG - Save part 'xl/styles.xml'
20:37:23.741 [main] DEBUG - Save part 'xl/theme/theme1.xml'
20:37:23.741 [main] DEBUG - Save part 'xl/workbook.xml'
20:37:23.742 [main] DEBUG - Save part 'xl/worksheets/sheet1.xml'
20:37:23.742 [main] DEBUG - Save part 'xl/worksheets/sheet2.xml'
20:37:23.742 [main] DEBUG - Save part 'xl/worksheets/sheet3.xml'
20:37:23.742 [main] DEBUG - Save part 'xl/worksheets/sheet4.xml'
20:37:23.743 [main] DEBUG - Parsing relationship: /xl/_rels/workbook.xml.rels
20:37:23.743 [main] DEBUG - Parsing relationship: /_rels/.rels
20:37:23.749 [main] DEBUG - Save content types part
20:37:23.750 [main] DEBUG - Save package relationships
20:37:23.750 [main] DEBUG - Save part 'docProps/app.xml'
20:37:23.750 [main] DEBUG - Save part 'docProps/core.xml'
20:37:23.750 [main] DEBUG - Save part 'docProps/custom.xml'
20:37:23.750 [main] DEBUG - Save part 'xl/sharedStrings.xml'
20:37:23.750 [main] DEBUG - Save part 'xl/styles.xml'
20:37:23.751 [main] DEBUG - Save part 'xl/theme/theme1.xml'
20:37:23.751 [main] DEBUG - Save part 'xl/workbook.xml'
20:37:23.751 [main] DEBUG - Save part 'xl/worksheets/sheet1.xml'
20:37:23.751 [main] DEBUG - Save part 'xl/worksheets/sheet2.xml'
20:37:23.751 [main] DEBUG - Save part 'xl/worksheets/sheet3.xml'
20:37:23.751 [main] DEBUG - Save part 'xl/worksheets/sheet4.xml'
20:37:23.766 [main] DEBUG - Parsing relationship: /xl/_rels/workbook.xml.rels
20:37:23.767 [main] DEBUG - Parsing relationship: /_rels/.rels
20:37:23.771 [main] DEBUG - Save content types part
20:37:23.771 [main] DEBUG - Save package relationships
20:37:23.772 [main] DEBUG - Save part 'docProps/app.xml'
20:37:23.772 [main] DEBUG - Save part 'docProps/core.xml'
20:37:23.772 [main] DEBUG - Save part 'docProps/custom.xml'
20:37:23.772 [main] DEBUG - Save part 'xl/sharedStrings.xml'
20:37:23.773 [main] DEBUG - Save part 'xl/styles.xml'
20:37:23.773 [main] DEBUG - Save part 'xl/theme/theme1.xml'
20:37:23.773 [main] DEBUG - Save part 'xl/workbook.xml'
20:37:23.773 [main] DEBUG - Save part 'xl/worksheets/sheet1.xml'
20:37:23.774 [main] DEBUG - Save part 'xl/worksheets/sheet2.xml'
20:37:23.774 [main] DEBUG - Save part 'xl/worksheets/sheet3.xml'
20:37:23.774 [main] DEBUG - Save part 'xl/worksheets/sheet4.xml'
20:37:23.776 [main] DEBUG - Parsing relationship: /xl/_rels/workbook.xml.rels
20:37:23.776 [main] DEBUG - Parsing relationship: /_rels/.rels
20:37:23.784 [main] DEBUG - Save content types part
20:37:23.785 [main] DEBUG - Save package relationships
20:37:23.785 [main] DEBUG - Save part 'docProps/app.xml'
20:37:23.785 [main] DEBUG - Save part 'docProps/core.xml'
20:37:23.786 [main] DEBUG - Save part 'docProps/custom.xml'
20:37:23.786 [main] DEBUG - Save part 'xl/sharedStrings.xml'
20:37:23.786 [main] DEBUG - Save part 'xl/styles.xml'
20:37:23.786 [main] DEBUG - Save part 'xl/theme/theme1.xml'
20:37:23.786 [main] DEBUG - Save part 'xl/workbook.xml'
20:37:23.786 [main] DEBUG - Save part 'xl/worksheets/sheet1.xml'
20:37:23.786 [main] DEBUG - Save part 'xl/worksheets/sheet2.xml'
20:37:23.786 [main] DEBUG - Save part 'xl/worksheets/sheet3.xml'
20:37:23.787 [main] DEBUG - Save part 'xl/worksheets/sheet4.xml'
20:37:23.788 [main] DEBUG - Parsing relationship: /xl/_rels/workbook.xml.rels
20:37:23.789 [main] DEBUG - Parsing relationship: /_rels/.rels
20:37:23.796 [main] DEBUG - Save content types part
20:37:23.797 [main] DEBUG - Save package relationships
20:37:23.797 [main] DEBUG - Save part 'docProps/app.xml'
20:37:23.797 [main] DEBUG - Save part 'docProps/core.xml'
20:37:23.797 [main] DEBUG - Save part 'docProps/custom.xml'
20:37:23.797 [main] DEBUG - Save part 'xl/sharedStrings.xml'
20:37:23.797 [main] DEBUG - Save part 'xl/styles.xml'
20:37:23.798 [main] DEBUG - Save part 'xl/theme/theme1.xml'
20:37:23.798 [main] DEBUG - Save part 'xl/workbook.xml'
20:37:23.798 [main] DEBUG - Save part 'xl/worksheets/sheet1.xml'
20:37:23.798 [main] DEBUG - Save part 'xl/worksheets/sheet2.xml'
20:37:23.798 [main] DEBUG - Save part 'xl/worksheets/sheet3.xml'
20:37:23.798 [main] DEBUG - Save part 'xl/worksheets/sheet4.xml'
20:37:23.813 [main] DEBUG - Parsing relationship: /xl/_rels/workbook.xml.rels
20:37:23.813 [main] DEBUG - Parsing relationship: /_rels/.rels
20:37:23.818 [main] DEBUG - Save content types part
20:37:23.818 [main] DEBUG - Save package relationships
20:37:23.818 [main] DEBUG - Save part 'docProps/app.xml'
20:37:23.818 [main] DEBUG - Save part 'docProps/core.xml'
20:37:23.819 [main] DEBUG - Save part 'docProps/custom.xml'
20:37:23.819 [main] DEBUG - Save part 'xl/sharedStrings.xml'
20:37:23.819 [main] DEBUG - Save part 'xl/styles.xml'
20:37:23.819 [main] DEBUG - Save part 'xl/theme/theme1.xml'
20:37:23.819 [main] DEBUG - Save part 'xl/workbook.xml'
20:37:23.820 [main] DEBUG - Save part 'xl/worksheets/sheet1.xml'
20:37:23.820 [main] DEBUG - Save part 'xl/worksheets/sheet2.xml'
20:37:23.820 [main] DEBUG - Save part 'xl/worksheets/sheet3.xml'
20:37:23.820 [main] DEBUG - Save part 'xl/worksheets/sheet4.xml'
20:37:23.822 [main] DEBUG - Parsing relationship: /xl/_rels/workbook.xml.rels
20:37:23.822 [main] DEBUG - Parsing relationship: /_rels/.rels
20:37:23.828 [main] DEBUG - Save content types part
20:37:23.828 [main] DEBUG - Save package relationships
20:37:23.829 [main] DEBUG - Save part 'docProps/app.xml'
20:37:23.829 [main] DEBUG - Save part 'docProps/core.xml'
20:37:23.829 [main] DEBUG - Save part 'docProps/custom.xml'
20:37:23.829 [main] DEBUG - Save part 'xl/sharedStrings.xml'
20:37:23.829 [main] DEBUG - Save part 'xl/styles.xml'
20:37:23.829 [main] DEBUG - Save part 'xl/theme/theme1.xml'
20:37:23.829 [main] DEBUG - Save part 'xl/workbook.xml'
20:37:23.830 [main] DEBUG - Save part 'xl/worksheets/sheet1.xml'
20:37:23.830 [main] DEBUG - Save part 'xl/worksheets/sheet2.xml'
20:37:23.830 [main] DEBUG - Save part 'xl/worksheets/sheet3.xml'
20:37:23.830 [main] DEBUG - Save part 'xl/worksheets/sheet4.xml'
20:37:23.831 [main] DEBUG - Parsing relationship: /xl/_rels/workbook.xml.rels
20:37:23.831 [main] DEBUG - Parsing relationship: /_rels/.rels
20:37:23.840 [main] DEBUG - Save content types part
20:37:23.840 [main] DEBUG - Save package relationships
20:37:23.841 [main] DEBUG - Save part 'docProps/app.xml'
20:37:23.841 [main] DEBUG - Save part 'docProps/core.xml'
20:37:23.841 [main] DEBUG - Save part 'docProps/custom.xml'
20:37:23.841 [main] DEBUG - Save part 'xl/sharedStrings.xml'
20:37:23.841 [main] DEBUG - Save part 'xl/styles.xml'
20:37:23.841 [main] DEBUG - Save part 'xl/theme/theme1.xml'
20:37:23.842 [main] DEBUG - Save part 'xl/workbook.xml'
20:37:23.842 [main] DEBUG - Save part 'xl/worksheets/sheet1.xml'
20:37:23.842 [main] DEBUG - Save part 'xl/worksheets/sheet2.xml'
20:37:23.842 [main] DEBUG - Save part 'xl/worksheets/sheet3.xml'
20:37:23.842 [main] DEBUG - Save part 'xl/worksheets/sheet4.xml'
20:37:23.856 [main] DEBUG - Parsing relationship: /xl/_rels/workbook.xml.rels
20:37:23.856 [main] DEBUG - Parsing relationship: /_rels/.rels
20:37:23.861 [main] DEBUG - Save content types part
20:37:23.861 [main] DEBUG - Save package relationships
20:37:23.861 [main] DEBUG - Save part 'docProps/app.xml'
20:37:23.861 [main] DEBUG - Save part 'docProps/core.xml'
20:37:23.862 [main] DEBUG - Save part 'docProps/custom.xml'
20:37:23.862 [main] DEBUG - Save part 'xl/sharedStrings.xml'
20:37:23.862 [main] DEBUG - Save part 'xl/styles.xml'
20:37:23.862 [main] DEBUG - Save part 'xl/theme/theme1.xml'
20:37:23.862 [main] DEBUG - Save part 'xl/workbook.xml'
20:37:23.863 [main] DEBUG - Save part 'xl/worksheets/sheet1.xml'
20:37:23.863 [main] DEBUG - Save part 'xl/worksheets/sheet2.xml'
20:37:23.863 [main] DEBUG - Save part 'xl/worksheets/sheet3.xml'
20:37:23.863 [main] DEBUG - Save part 'xl/worksheets/sheet4.xml'
20:37:23.865 [main] DEBUG - Parsing relationship: /xl/_rels/workbook.xml.rels
20:37:23.865 [main] DEBUG - Parsing relationship: /_rels/.rels
20:37:23.870 [main] DEBUG - Save content types part
20:37:23.871 [main] DEBUG - Save package relationships
20:37:23.871 [main] DEBUG - Save part 'docProps/app.xml'
20:37:23.871 [main] DEBUG - Save part 'docProps/core.xml'
20:37:23.871 [main] DEBUG - Save part 'docProps/custom.xml'
20:37:23.871 [main] DEBUG - Save part 'xl/sharedStrings.xml'
20:37:23.871 [main] DEBUG - Save part 'xl/styles.xml'
20:37:23.872 [main] DEBUG - Save part 'xl/theme/theme1.xml'
20:37:23.872 [main] DEBUG - Save part 'xl/workbook.xml'
20:37:23.872 [main] DEBUG - Save part 'xl/worksheets/sheet1.xml'
20:37:23.872 [main] DEBUG - Save part 'xl/worksheets/sheet2.xml'
20:37:23.872 [main] DEBUG - Save part 'xl/worksheets/sheet3.xml'
20:37:23.873 [main] DEBUG - Save part 'xl/worksheets/sheet4.xml'
20:37:23.874 [main] DEBUG - Parsing relationship: /xl/_rels/workbook.xml.rels
20:37:23.874 [main] DEBUG - Parsing relationship: /_rels/.rels
20:37:23.880 [main] DEBUG - Save content types part
20:37:23.880 [main] DEBUG - Save package relationships
20:37:23.880 [main] DEBUG - Save part 'docProps/app.xml'
20:37:23.880 [main] DEBUG - Save part 'docProps/core.xml'
20:37:23.881 [main] DEBUG - Save part 'docProps/custom.xml'
20:37:23.881 [main] DEBUG - Save part 'xl/sharedStrings.xml'
20:37:23.881 [main] DEBUG - Save part 'xl/styles.xml'
20:37:23.881 [main] DEBUG - Save part 'xl/theme/theme1.xml'
20:37:23.881 [main] DEBUG - Save part 'xl/workbook.xml'
20:37:23.881 [main] DEBUG - Save part 'xl/worksheets/sheet1.xml'
20:37:23.881 [main] DEBUG - Save part 'xl/worksheets/sheet2.xml'
20:37:23.881 [main] DEBUG - Save part 'xl/worksheets/sheet3.xml'
20:37:23.882 [main] DEBUG - Save part 'xl/worksheets/sheet4.xml'
20:37:23.895 [main] DEBUG - Parsing relationship: /xl/_rels/workbook.xml.rels
20:37:23.895 [main] DEBUG - Parsing relationship: /_rels/.rels
20:37:23.899 [main] DEBUG - Save content types part
20:37:23.900 [main] DEBUG - Save package relationships
20:37:23.900 [main] DEBUG - Save part 'docProps/app.xml'
20:37:23.900 [main] DEBUG - Save part 'docProps/core.xml'
20:37:23.900 [main] DEBUG - Save part 'docProps/custom.xml'
20:37:23.900 [main] DEBUG - Save part 'xl/sharedStrings.xml'
20:37:23.900 [main] DEBUG - Save part 'xl/styles.xml'
20:37:23.901 [main] DEBUG - Save part 'xl/theme/theme1.xml'
20:37:23.901 [main] DEBUG - Save part 'xl/workbook.xml'
20:37:23.901 [main] DEBUG - Save part 'xl/worksheets/sheet1.xml'
20:37:23.901 [main] DEBUG - Save part 'xl/worksheets/sheet2.xml'
20:37:23.901 [main] DEBUG - Save part 'xl/worksheets/sheet3.xml'
20:37:23.901 [main] DEBUG - Save part 'xl/worksheets/sheet4.xml'
20:37:23.903 [main] DEBUG - Parsing relationship: /xl/_rels/workbook.xml.rels
20:37:23.903 [main] DEBUG - Parsing relationship: /_rels/.rels
20:37:23.909 [main] DEBUG - Save content types part
20:37:23.909 [main] DEBUG - Save package relationships
20:37:23.910 [main] DEBUG - Save part 'docProps/app.xml'
20:37:23.910 [main] DEBUG - Save part 'docProps/core.xml'
20:37:23.910 [main] DEBUG - Save part 'docProps/custom.xml'
20:37:23.910 [main] DEBUG - Save part 'xl/sharedStrings.xml'
20:37:23.910 [main] DEBUG - Save part 'xl/styles.xml'
20:37:23.910 [main] DEBUG - Save part 'xl/theme/theme1.xml'
20:37:23.910 [main] DEBUG - Save part 'xl/workbook.xml'
20:37:23.911 [main] DEBUG - Save part 'xl/worksheets/sheet1.xml'
20:37:23.911 [main] DEBUG - Save part 'xl/worksheets/sheet2.xml'
20:37:23.911 [main] DEBUG - Save part 'xl/worksheets/sheet3.xml'
20:37:23.911 [main] DEBUG - Save part 'xl/worksheets/sheet4.xml'
20:37:23.912 [main] DEBUG - Parsing relationship: /xl/_rels/workbook.xml.rels
20:37:23.913 [main] DEBUG - Parsing relationship: /_rels/.rels
20:37:23.918 [main] DEBUG - Save content types part
20:37:23.919 [main] DEBUG - Save package relationships
20:37:23.919 [main] DEBUG - Save part 'docProps/app.xml'
20:37:23.919 [main] DEBUG - Save part 'docProps/core.xml'
20:37:23.919 [main] DEBUG - Save part 'docProps/custom.xml'
20:37:23.919 [main] DEBUG - Save part 'xl/sharedStrings.xml'
20:37:23.919 [main] DEBUG - Save part 'xl/styles.xml'
20:37:23.920 [main] DEBUG - Save part 'xl/theme/theme1.xml'
20:37:23.920 [main] DEBUG - Save part 'xl/workbook.xml'
20:37:23.920 [main] DEBUG - Save part 'xl/worksheets/sheet1.xml'
20:37:23.920 [main] DEBUG - Save part 'xl/worksheets/sheet2.xml'
20:37:23.920 [main] DEBUG - Save part 'xl/worksheets/sheet3.xml'
20:37:23.920 [main] DEBUG - Save part 'xl/worksheets/sheet4.xml'
20:37:23.934 [main] DEBUG - Parsing relationship: /xl/_rels/workbook.xml.rels
20:37:23.934 [main] DEBUG - Parsing relationship: /_rels/.rels
20:37:23.940 [main] DEBUG - Save content types part
20:37:23.941 [main] DEBUG - Save package relationships
20:37:23.941 [main] DEBUG - Save part 'docProps/app.xml'
20:37:23.941 [main] DEBUG - Save part 'docProps/core.xml'
20:37:23.941 [main] DEBUG - Save part 'docProps/custom.xml'
20:37:23.941 [main] DEBUG - Save part 'xl/sharedStrings.xml'
20:37:23.941 [main] DEBUG - Save part 'xl/styles.xml'
20:37:23.942 [main] DEBUG - Save part 'xl/theme/theme1.xml'
20:37:23.942 [main] DEBUG - Save part 'xl/workbook.xml'
20:37:23.942 [main] DEBUG - Save part 'xl/worksheets/sheet1.xml'
20:37:23.942 [main] DEBUG - Save part 'xl/worksheets/sheet2.xml'
20:37:23.942 [main] DEBUG - Save part 'xl/worksheets/sheet3.xml'
20:37:23.942 [main] DEBUG - Save part 'xl/worksheets/sheet4.xml'
20:37:23.944 [main] DEBUG - Parsing relationship: /xl/_rels/workbook.xml.rels
20:37:23.944 [main] DEBUG - Parsing relationship: /_rels/.rels
20:37:23.950 [main] DEBUG - Save content types part
20:37:23.951 [main] DEBUG - Save package relationships
20:37:23.951 [main] DEBUG - Save part 'docProps/app.xml'
20:37:23.951 [main] DEBUG - Save part 'docProps/core.xml'
20:37:23.951 [main] DEBUG - Save part 'docProps/custom.xml'
20:37:23.951 [main] DEBUG - Save part 'xl/sharedStrings.xml'
