13:15:11.436 [main] DEBUG - Save part 'xl/styles.xml'
13:15:11.439 [main] DEBUG - Save part 'xl/theme/theme1.xml'
13:15:11.439 [main] DEBUG - Save part 'xl/workbook.xml'
13:15:11.440 [main] DEBUG - Save part 'xl/worksheets/sheet1.xml'
13:15:11.440 [main] DEBUG - Save part 'xl/worksheets/sheet2.xml'
13:15:11.440 [main] DEBUG - Save part 'xl/worksheets/sheet3.xml'
13:15:11.442 [main] DEBUG - Parsing relationship: /xl/_rels/workbook.xml.rels
13:15:11.443 [main] DEBUG - Parsing relationship: /_rels/.rels
13:15:11.451 [main] DEBUG - Save content types part
13:15:11.452 [main] DEBUG - Save package relationships
13:15:11.452 [main] DEBUG - Save part 'docProps/app.xml'
13:15:11.452 [main] DEBUG - Save part 'docProps/core.xml'
13:15:11.452 [main] DEBUG - Save part 'docProps/custom.xml'
13:15:11.452 [main] DEBUG - Save part 'xl/sharedStrings.xml'
13:15:11.452 [main] DEBUG - Save part 'xl/styles.xml'
13:15:11.453 [main] DEBUG - Save part 'xl/theme/theme1.xml'
13:15:11.453 [main] DEBUG - Save part 'xl/workbook.xml'
13:15:11.453 [main] DEBUG - Save part 'xl/worksheets/sheet1.xml'
13:15:11.453 [main] DEBUG - Save part 'xl/worksheets/sheet2.xml'
13:15:11.453 [main] DEBUG - Save part 'xl/worksheets/sheet3.xml'
13:15:11.455 [main] DEBUG - Parsing relationship: /xl/_rels/workbook.xml.rels
13:15:11.456 [main] DEBUG - Parsing relationship: /_rels/.rels
13:15:11.465 [main] DEBUG - Save content types part
13:15:11.466 [main] DEBUG - Save package relationships
13:15:11.466 [main] DEBUG - Save part 'docProps/app.xml'
13:15:11.466 [main] DEBUG - Save part 'docProps/core.xml'
13:15:11.466 [main] DEBUG - Save part 'docProps/custom.xml'
13:15:11.466 [main] DEBUG - Save part 'xl/sharedStrings.xml'
13:15:11.467 [main] DEBUG - Save part 'xl/styles.xml'
13:15:11.467 [main] DEBUG - Save part 'xl/theme/theme1.xml'
13:15:11.467 [main] DEBUG - Save part 'xl/workbook.xml'
13:15:11.467 [main] DEBUG - Save part 'xl/worksheets/sheet1.xml'
13:15:11.467 [main] DEBUG - Save part 'xl/worksheets/sheet2.xml'
13:15:11.467 [main] DEBUG - Save part 'xl/worksheets/sheet3.xml'
13:15:11.469 [main] DEBUG - Parsing relationship: /xl/_rels/workbook.xml.rels
13:15:11.470 [main] DEBUG - Parsing relationship: /_rels/.rels
13:15:11.474 [main] DEBUG - Save content types part
13:15:11.475 [main] DEBUG - Save package relationships
13:15:11.475 [main] DEBUG - Save part 'docProps/app.xml'
13:15:11.475 [main] DEBUG - Save part 'docProps/core.xml'
13:15:11.476 [main] DEBUG - Save part 'docProps/custom.xml'
13:15:11.476 [main] DEBUG - Save part 'xl/sharedStrings.xml'
13:15:11.476 [main] DEBUG - Save part 'xl/styles.xml'
13:15:11.476 [main] DEBUG - Save part 'xl/theme/theme1.xml'
13:15:11.476 [main] DEBUG - Save part 'xl/workbook.xml'
13:15:11.477 [main] DEBUG - Save part 'xl/worksheets/sheet1.xml'
13:15:11.477 [main] DEBUG - Save part 'xl/worksheets/sheet2.xml'
13:15:11.477 [main] DEBUG - Save part 'xl/worksheets/sheet3.xml'
13:15:11.479 [main] DEBUG - Parsing relationship: /xl/_rels/workbook.xml.rels
13:15:11.479 [main] DEBUG - Parsing relationship: /_rels/.rels
13:15:11.487 [main] DEBUG - Save content types part
13:15:11.488 [main] DEBUG - Save package relationships
13:15:11.488 [main] DEBUG - Save part 'docProps/app.xml'
13:15:11.488 [main] DEBUG - Save part 'docProps/core.xml'
13:15:11.488 [main] DEBUG - Save part 'docProps/custom.xml'
13:15:11.489 [main] DEBUG - Save part 'xl/sharedStrings.xml'
13:15:11.489 [main] DEBUG - Save part 'xl/styles.xml'
13:15:11.489 [main] DEBUG - Save part 'xl/theme/theme1.xml'
13:15:11.489 [main] DEBUG - Save part 'xl/workbook.xml'
13:15:11.489 [main] DEBUG - Save part 'xl/worksheets/sheet1.xml'
13:15:11.489 [main] DEBUG - Save part 'xl/worksheets/sheet2.xml'
13:15:11.489 [main] DEBUG - Save part 'xl/worksheets/sheet3.xml'
13:15:11.492 [main] DEBUG - Parsing relationship: /xl/_rels/workbook.xml.rels
13:15:11.492 [main] DEBUG - Parsing relationship: /_rels/.rels
13:15:11.500 [main] DEBUG - Save content types part
13:15:11.501 [main] DEBUG - Save package relationships
13:15:11.501 [main] DEBUG - Save part 'docProps/app.xml'
13:15:11.501 [main] DEBUG - Save part 'docProps/core.xml'
13:15:11.501 [main] DEBUG - Save part 'docProps/custom.xml'
13:15:11.501 [main] DEBUG - Save part 'xl/sharedStrings.xml'
13:15:11.501 [main] DEBUG - Save part 'xl/styles.xml'
13:15:11.502 [main] DEBUG - Save part 'xl/theme/theme1.xml'
13:15:11.502 [main] DEBUG - Save part 'xl/workbook.xml'
13:15:11.502 [main] DEBUG - Save part 'xl/worksheets/sheet1.xml'
13:15:11.502 [main] DEBUG - Save part 'xl/worksheets/sheet2.xml'
13:15:11.502 [main] DEBUG - Save part 'xl/worksheets/sheet3.xml'
13:15:11.504 [main] DEBUG - Parsing relationship: /xl/_rels/workbook.xml.rels
13:15:11.504 [main] DEBUG - Parsing relationship: /_rels/.rels
13:15:11.509 [main] DEBUG - Save content types part
13:15:11.510 [main] DEBUG - Save package relationships
13:15:11.510 [main] DEBUG - Save part 'docProps/app.xml'
13:15:11.510 [main] DEBUG - Save part 'docProps/core.xml'
13:15:11.510 [main] DEBUG - Save part 'docProps/custom.xml'
13:15:11.511 [main] DEBUG - Save part 'xl/sharedStrings.xml'
13:15:11.511 [main] DEBUG - Save part 'xl/styles.xml'
13:15:11.511 [main] DEBUG - Save part 'xl/theme/theme1.xml'
13:15:11.511 [main] DEBUG - Save part 'xl/workbook.xml'
13:15:11.512 [main] DEBUG - Save part 'xl/worksheets/sheet1.xml'
13:15:11.512 [main] DEBUG - Save part 'xl/worksheets/sheet2.xml'
13:15:11.512 [main] DEBUG - Save part 'xl/worksheets/sheet3.xml'
13:15:11.514 [main] DEBUG - Parsing relationship: /xl/_rels/workbook.xml.rels
13:15:11.514 [main] DEBUG - Parsing relationship: /_rels/.rels
13:15:11.521 [main] DEBUG - Save content types part
13:15:11.521 [main] DEBUG - Save package relationships
13:15:11.521 [main] DEBUG - Save part 'docProps/app.xml'
13:15:11.521 [main] DEBUG - Save part 'docProps/core.xml'
13:15:11.522 [main] DEBUG - Save part 'docProps/custom.xml'
13:15:11.522 [main] DEBUG - Save part 'xl/sharedStrings.xml'
13:15:11.522 [main] DEBUG - Save part 'xl/styles.xml'
13:15:11.522 [main] DEBUG - Save part 'xl/theme/theme1.xml'
13:15:11.522 [main] DEBUG - Save part 'xl/workbook.xml'
13:15:11.523 [main] DEBUG - Save part 'xl/worksheets/sheet1.xml'
13:15:11.523 [main] DEBUG - Save part 'xl/worksheets/sheet2.xml'
13:15:11.523 [main] DEBUG - Save part 'xl/worksheets/sheet3.xml'
13:15:11.524 [main] DEBUG - Parsing relationship: /xl/_rels/workbook.xml.rels
13:15:11.525 [main] DEBUG - Parsing relationship: /_rels/.rels
13:15:11.531 [main] DEBUG - Save content types part
13:15:11.532 [main] DEBUG - Save package relationships
13:15:11.532 [main] DEBUG - Save part 'docProps/app.xml'
13:15:11.532 [main] DEBUG - Save part 'docProps/core.xml'
13:15:11.532 [main] DEBUG - Save part 'docProps/custom.xml'
13:15:11.532 [main] DEBUG - Save part 'xl/sharedStrings.xml'
13:15:11.532 [main] DEBUG - Save part 'xl/styles.xml'
13:15:11.533 [main] DEBUG - Save part 'xl/theme/theme1.xml'
13:15:11.533 [main] DEBUG - Save part 'xl/workbook.xml'
13:15:11.533 [main] DEBUG - Save part 'xl/worksheets/sheet1.xml'
13:15:11.533 [main] DEBUG - Save part 'xl/worksheets/sheet2.xml'
13:15:11.533 [main] DEBUG - Save part 'xl/worksheets/sheet3.xml'
13:15:11.535 [main] DEBUG - Parsing relationship: /xl/_rels/workbook.xml.rels
13:15:11.535 [main] DEBUG - Parsing relationship: /_rels/.rels
13:15:11.540 [main] DEBUG - Save content types part
13:15:11.540 [main] DEBUG - Save package relationships
13:15:11.540 [main] DEBUG - Save part 'docProps/app.xml'
13:15:11.540 [main] DEBUG - Save part 'docProps/core.xml'
13:15:11.541 [main] DEBUG - Save part 'docProps/custom.xml'
13:15:11.541 [main] DEBUG - Save part 'xl/sharedStrings.xml'
13:15:11.541 [main] DEBUG - Save part 'xl/styles.xml'
13:15:11.541 [main] DEBUG - Save part 'xl/theme/theme1.xml'
13:15:11.541 [main] DEBUG - Save part 'xl/workbook.xml'
13:15:11.541 [main] DEBUG - Save part 'xl/worksheets/sheet1.xml'
13:15:11.542 [main] DEBUG - Save part 'xl/worksheets/sheet2.xml'
13:15:11.542 [main] DEBUG - Save part 'xl/worksheets/sheet3.xml'
13:15:11.543 [main] DEBUG - Parsing relationship: /xl/_rels/workbook.xml.rels
13:15:11.544 [main] DEBUG - Parsing relationship: /_rels/.rels
13:15:11.550 [main] DEBUG - Save content types part
13:15:11.550 [main] DEBUG - Save package relationships
13:15:11.551 [main] DEBUG - Save part 'docProps/app.xml'
13:15:11.551 [main] DEBUG - Save part 'docProps/core.xml'
13:15:11.551 [main] DEBUG - Save part 'docProps/custom.xml'
13:15:11.551 [main] DEBUG - Save part 'xl/sharedStrings.xml'
13:15:11.551 [main] DEBUG - Save part 'xl/styles.xml'
13:15:11.551 [main] DEBUG - Save part 'xl/theme/theme1.xml'
13:15:11.551 [main] DEBUG - Save part 'xl/workbook.xml'
13:15:11.552 [main] DEBUG - Save part 'xl/worksheets/sheet1.xml'
13:15:11.552 [main] DEBUG - Save part 'xl/worksheets/sheet2.xml'
13:15:11.552 [main] DEBUG - Save part 'xl/worksheets/sheet3.xml'
13:15:11.553 [main] DEBUG - Parsing relationship: /xl/_rels/workbook.xml.rels
13:15:11.554 [main] DEBUG - Parsing relationship: /_rels/.rels
13:15:11.561 [main] DEBUG - Save content types part
13:15:11.561 [main] DEBUG - Save package relationships
13:15:11.561 [main] DEBUG - Save part 'docProps/app.xml'
13:15:11.562 [main] DEBUG - Save part 'docProps/core.xml'
13:15:11.562 [main] DEBUG - Save part 'docProps/custom.xml'
13:15:11.562 [main] DEBUG - Save part 'xl/sharedStrings.xml'
13:15:11.562 [main] DEBUG - Save part 'xl/styles.xml'
13:15:11.562 [main] DEBUG - Save part 'xl/theme/theme1.xml'
13:15:11.562 [main] DEBUG - Save part 'xl/workbook.xml'
13:15:11.563 [main] DEBUG - Save part 'xl/worksheets/sheet1.xml'
13:15:11.563 [main] DEBUG - Save part 'xl/worksheets/sheet2.xml'
13:15:11.563 [main] DEBUG - Save part 'xl/worksheets/sheet3.xml'
13:15:11.564 [main] DEBUG - Parsing relationship: /xl/_rels/workbook.xml.rels
13:15:11.565 [main] DEBUG - Parsing relationship: /_rels/.rels
13:15:11.570 [main] DEBUG - Save content types part
13:15:11.570 [main] DEBUG - Save package relationships
13:15:11.570 [main] DEBUG - Save part 'docProps/app.xml'
13:15:11.570 [main] DEBUG - Save part 'docProps/core.xml'
13:15:11.571 [main] DEBUG - Save part 'docProps/custom.xml'
13:15:11.571 [main] DEBUG - Save part 'xl/sharedStrings.xml'
13:15:11.571 [main] DEBUG - Save part 'xl/styles.xml'
13:15:11.571 [main] DEBUG - Save part 'xl/theme/theme1.xml'
13:15:11.571 [main] DEBUG - Save part 'xl/workbook.xml'
13:15:11.572 [main] DEBUG - Save part 'xl/worksheets/sheet1.xml'
13:15:11.572 [main] DEBUG - Save part 'xl/worksheets/sheet2.xml'
13:15:11.572 [main] DEBUG - Save part 'xl/worksheets/sheet3.xml'
13:15:11.574 [main] DEBUG - Parsing relationship: /xl/_rels/workbook.xml.rels
13:15:11.574 [main] DEBUG - Parsing relationship: /_rels/.rels
13:15:11.581 [main] DEBUG - Save content types part
13:15:11.581 [main] DEBUG - Save package relationships
13:15:11.582 [main] DEBUG - Save part 'docProps/app.xml'
13:15:11.582 [main] DEBUG - Save part 'docProps/core.xml'
13:15:11.582 [main] DEBUG - Save part 'docProps/custom.xml'
13:15:11.582 [main] DEBUG - Save part 'xl/sharedStrings.xml'
13:15:11.582 [main] DEBUG - Save part 'xl/styles.xml'
13:15:11.582 [main] DEBUG - Save part 'xl/theme/theme1.xml'
13:15:11.582 [main] DEBUG - Save part 'xl/workbook.xml'
13:15:11.583 [main] DEBUG - Save part 'xl/worksheets/sheet1.xml'
13:15:11.583 [main] DEBUG - Save part 'xl/worksheets/sheet2.xml'
13:15:11.583 [main] DEBUG - Save part 'xl/worksheets/sheet3.xml'
13:15:11.584 [main] DEBUG - Parsing relationship: /xl/_rels/workbook.xml.rels
13:15:11.586 [main] DEBUG - Parsing relationship: /_rels/.rels
13:15:11.593 [main] DEBUG - Save content types part
13:15:11.593 [main] DEBUG - Save package relationships
13:15:11.593 [main] DEBUG - Save part 'docProps/app.xml'
13:15:11.593 [main] DEBUG - Save part 'docProps/core.xml'
13:15:11.594 [main] DEBUG - Save part 'docProps/custom.xml'
13:15:11.594 [main] DEBUG - Save part 'xl/sharedStrings.xml'
13:15:11.594 [main] DEBUG - Save part 'xl/styles.xml'
13:15:11.594 [main] DEBUG - Save part 'xl/theme/theme1.xml'
13:15:11.594 [main] DEBUG - Save part 'xl/workbook.xml'
13:15:11.594 [main] DEBUG - Save part 'xl/worksheets/sheet1.xml'
13:15:11.595 [main] DEBUG - Save part 'xl/worksheets/sheet2.xml'
13:15:11.595 [main] DEBUG - Save part 'xl/worksheets/sheet3.xml'
13:15:11.596 [main] DEBUG - Parsing relationship: /xl/_rels/workbook.xml.rels
13:15:11.596 [main] DEBUG - Parsing relationship: /_rels/.rels
13:15:11.602 [main] DEBUG - Save content types part
13:15:11.602 [main] DEBUG - Save package relationships
13:15:11.602 [main] DEBUG - Save part 'docProps/app.xml'
13:15:11.602 [main] DEBUG - Save part 'docProps/core.xml'
13:15:11.603 [main] DEBUG - Save part 'docProps/custom.xml'
13:15:11.603 [main] DEBUG - Save part 'xl/sharedStrings.xml'
13:15:11.603 [main] DEBUG - Save part 'xl/styles.xml'
13:15:11.603 [main] DEBUG - Save part 'xl/theme/theme1.xml'
13:15:11.603 [main] DEBUG - Save part 'xl/workbook.xml'
13:15:11.603 [main] DEBUG - Save part 'xl/worksheets/sheet1.xml'
13:15:11.604 [main] DEBUG - Save part 'xl/worksheets/sheet2.xml'
13:15:11.604 [main] DEBUG - Save part 'xl/worksheets/sheet3.xml'
13:15:11.606 [main] DEBUG - Parsing relationship: /xl/_rels/workbook.xml.rels
13:15:11.606 [main] DEBUG - Parsing relationship: /_rels/.rels
13:15:11.613 [main] DEBUG - Save content types part
13:15:11.613 [main] DEBUG - Save package relationships
13:15:11.614 [main] DEBUG - Save part 'docProps/app.xml'
13:15:11.614 [main] DEBUG - Save part 'docProps/core.xml'
13:15:11.614 [main] DEBUG - Save part 'docProps/custom.xml'
13:15:11.614 [main] DEBUG - Save part 'xl/sharedStrings.xml'
13:15:11.614 [main] DEBUG - Save part 'xl/styles.xml'
13:15:11.614 [main] DEBUG - Save part 'xl/theme/theme1.xml'
13:15:11.614 [main] DEBUG - Save part 'xl/workbook.xml'
13:15:11.615 [main] DEBUG - Save part 'xl/worksheets/sheet1.xml'
13:15:11.615 [main] DEBUG - Save part 'xl/worksheets/sheet2.xml'
13:15:11.615 [main] DEBUG - Save part 'xl/worksheets/sheet3.xml'
13:15:11.616 [main] DEBUG - Parsing relationship: /xl/_rels/workbook.xml.rels
13:15:11.616 [main] DEBUG - Parsing relationship: /_rels/.rels
13:15:11.623 [main] DEBUG - Save content types part
13:15:11.623 [main] DEBUG - Save package relationships
13:15:11.623 [main] DEBUG - Save part 'docProps/app.xml'
13:15:11.623 [main] DEBUG - Save part 'docProps/core.xml'
13:15:11.624 [main] DEBUG - Save part 'docProps/custom.xml'
13:15:11.624 [main] DEBUG - Save part 'xl/sharedStrings.xml'
13:15:11.624 [main] DEBUG - Save part 'xl/styles.xml'
13:15:11.624 [main] DEBUG - Save part 'xl/theme/theme1.xml'
13:15:11.624 [main] DEBUG - Save part 'xl/workbook.xml'
13:15:11.625 [main] DEBUG - Save part 'xl/worksheets/sheet1.xml'
13:15:11.625 [main] DEBUG - Save part 'xl/worksheets/sheet2.xml'
13:15:11.625 [main] DEBUG - Save part 'xl/worksheets/sheet3.xml'
13:15:11.626 [main] DEBUG - Parsing relationship: /xl/_rels/workbook.xml.rels
13:15:11.627 [main] DEBUG - Parsing relationship: /_rels/.rels
13:15:11.631 [main] DEBUG - Save content types part
13:15:11.631 [main] DEBUG - Save package relationships
13:15:11.631 [main] DEBUG - Save part 'docProps/app.xml'
13:15:11.632 [main] DEBUG - Save part 'docProps/core.xml'
13:15:11.632 [main] DEBUG - Save part 'docProps/custom.xml'
13:15:11.632 [main] DEBUG - Save part 'xl/sharedStrings.xml'
13:15:11.632 [main] DEBUG - Save part 'xl/styles.xml'
13:15:11.632 [main] DEBUG - Save part 'xl/theme/theme1.xml'
13:15:11.632 [main] DEBUG - Save part 'xl/workbook.xml'
13:15:11.633 [main] DEBUG - Save part 'xl/worksheets/sheet1.xml'
13:15:11.633 [main] DEBUG - Save part 'xl/worksheets/sheet2.xml'
13:15:11.633 [main] DEBUG - Save part 'xl/worksheets/sheet3.xml'
13:15:11.635 [main] DEBUG - Parsing relationship: /xl/_rels/workbook.xml.rels
13:15:11.635 [main] DEBUG - Parsing relationship: /_rels/.rels
13:15:11.641 [main] DEBUG - Save content types part
13:15:11.642 [main] DEBUG - Save package relationships
13:15:11.642 [main] DEBUG - Save part 'docProps/app.xml'
13:15:11.642 [main] DEBUG - Save part 'docProps/core.xml'
13:15:11.642 [main] DEBUG - Save part 'docProps/custom.xml'
13:15:11.642 [main] DEBUG - Save part 'xl/sharedStrings.xml'
13:15:11.642 [main] DEBUG - Save part 'xl/styles.xml'
13:15:11.642 [main] DEBUG - Save part 'xl/theme/theme1.xml'
13:15:11.643 [main] DEBUG - Save part 'xl/workbook.xml'
13:15:11.643 [main] DEBUG - Save part 'xl/worksheets/sheet1.xml'
13:15:11.643 [main] DEBUG - Save part 'xl/worksheets/sheet2.xml'
13:15:11.643 [main] DEBUG - Save part 'xl/worksheets/sheet3.xml'
13:15:11.644 [main] DEBUG - Parsing relationship: /xl/_rels/workbook.xml.rels
13:15:11.645 [main] DEBUG - Parsing relationship: /_rels/.rels
13:15:11.651 [main] DEBUG - Save content types part
13:15:11.651 [main] DEBUG - Save package relationships
13:15:11.651 [main] DEBUG - Save part 'docProps/app.xml'
13:15:11.651 [main] DEBUG - Save part 'docProps/core.xml'
13:15:11.652 [main] DEBUG - Save part 'docProps/custom.xml'
13:15:11.652 [main] DEBUG - Save part 'xl/sharedStrings.xml'
13:15:11.652 [main] DEBUG - Save part 'xl/styles.xml'
13:15:11.652 [main] DEBUG - Save part 'xl/theme/theme1.xml'
13:15:11.652 [main] DEBUG - Save part 'xl/workbook.xml'
13:15:11.652 [main] DEBUG - Save part 'xl/worksheets/sheet1.xml'
13:15:11.652 [main] DEBUG - Save part 'xl/worksheets/sheet2.xml'
13:15:11.652 [main] DEBUG - Save part 'xl/worksheets/sheet3.xml'
13:15:11.654 [main] DEBUG - Parsing relationship: /xl/_rels/workbook.xml.rels
13:15:11.654 [main] DEBUG - Parsing relationship: /_rels/.rels
13:15:11.658 [main] DEBUG - Save content types part
13:15:11.658 [main] DEBUG - Save package relationships
13:15:11.659 [main] DEBUG - Save part 'docProps/app.xml'
13:15:11.659 [main] DEBUG - Save part 'docProps/core.xml'
13:15:11.659 [main] DEBUG - Save part 'docProps/custom.xml'
13:15:11.659 [main] DEBUG - Save part 'xl/sharedStrings.xml'
13:15:11.659 [main] DEBUG - Save part 'xl/styles.xml'
13:15:11.659 [main] DEBUG - Save part 'xl/theme/theme1.xml'
13:15:11.660 [main] DEBUG - Save part 'xl/workbook.xml'
13:15:11.660 [main] DEBUG - Save part 'xl/worksheets/sheet1.xml'
13:15:11.660 [main] DEBUG - Save part 'xl/worksheets/sheet2.xml'
13:15:11.660 [main] DEBUG - Save part 'xl/worksheets/sheet3.xml'
13:15:11.662 [main] DEBUG - Parsing relationship: /xl/_rels/workbook.xml.rels
13:15:11.662 [main] DEBUG - Parsing relationship: /_rels/.rels
13:15:11.668 [main] DEBUG - Save content types part
13:15:11.668 [main] DEBUG - Save package relationships
13:15:11.669 [main] DEBUG - Save part 'docProps/app.xml'
13:15:11.669 [main] DEBUG - Save part 'docProps/core.xml'
13:15:11.669 [main] DEBUG - Save part 'docProps/custom.xml'
13:15:11.669 [main] DEBUG - Save part 'xl/sharedStrings.xml'
13:15:11.669 [main] DEBUG - Save part 'xl/styles.xml'
13:15:11.669 [main] DEBUG - Save part 'xl/theme/theme1.xml'
13:15:11.669 [main] DEBUG - Save part 'xl/workbook.xml'
13:15:11.670 [main] DEBUG - Save part 'xl/worksheets/sheet1.xml'
13:15:11.670 [main] DEBUG - Save part 'xl/worksheets/sheet2.xml'
13:15:11.670 [main] DEBUG - Save part 'xl/worksheets/sheet3.xml'
13:15:11.671 [main] DEBUG - Parsing relationship: /xl/_rels/workbook.xml.rels
13:15:11.671 [main] DEBUG - Parsing relationship: /_rels/.rels
13:15:11.677 [main] DEBUG - Save content types part
13:15:11.678 [main] DEBUG - Save package relationships
13:15:11.678 [main] DEBUG - Save part 'docProps/app.xml'
13:15:11.678 [main] DEBUG - Save part 'docProps/core.xml'
13:15:11.678 [main] DEBUG - Save part 'docProps/custom.xml'
13:15:11.678 [main] DEBUG - Save part 'xl/sharedStrings.xml'
13:15:11.679 [main] DEBUG - Save part 'xl/styles.xml'
13:15:11.679 [main] DEBUG - Save part 'xl/theme/theme1.xml'
13:15:11.679 [main] DEBUG - Save part 'xl/workbook.xml'
13:15:11.680 [main] DEBUG - Save part 'xl/worksheets/sheet1.xml'
13:15:11.680 [main] DEBUG - Save part 'xl/worksheets/sheet2.xml'
13:15:11.680 [main] DEBUG - Save part 'xl/worksheets/sheet3.xml'
13:15:11.681 [main] DEBUG - Parsing relationship: /xl/_rels/workbook.xml.rels
13:15:11.682 [main] DEBUG - Parsing relationship: /_rels/.rels
13:15:11.686 [main] DEBUG - Save content types part
13:15:11.686 [main] DEBUG - Save package relationships
13:15:11.687 [main] DEBUG - Save part 'docProps/app.xml'
13:15:11.687 [main] DEBUG - Save part 'docProps/core.xml'
13:15:11.687 [main] DEBUG - Save part 'docProps/custom.xml'
13:15:11.687 [main] DEBUG - Save part 'xl/sharedStrings.xml'
13:15:11.687 [main] DEBUG - Save part 'xl/styles.xml'
13:15:11.688 [main] DEBUG - Save part 'xl/theme/theme1.xml'
13:15:11.688 [main] DEBUG - Save part 'xl/workbook.xml'
13:15:11.688 [main] DEBUG - Save part 'xl/worksheets/sheet1.xml'
13:15:11.688 [main] DEBUG - Save part 'xl/worksheets/sheet2.xml'
13:15:11.688 [main] DEBUG - Save part 'xl/worksheets/sheet3.xml'
13:15:11.690 [main] DEBUG - Parsing relationship: /xl/_rels/workbook.xml.rels
13:15:11.690 [main] DEBUG - Parsing relationship: /_rels/.rels
13:15:11.698 [main] DEBUG - Save content types part
13:15:11.698 [main] DEBUG - Save package relationships
13:15:11.698 [main] DEBUG - Save part 'docProps/app.xml'
13:15:11.698 [main] DEBUG - Save part 'docProps/core.xml'
13:15:11.699 [main] DEBUG - Save part 'docProps/custom.xml'
13:15:11.699 [main] DEBUG - Save part 'xl/sharedStrings.xml'
13:15:11.699 [main] DEBUG - Save part 'xl/styles.xml'
13:15:11.699 [main] DEBUG - Save part 'xl/theme/theme1.xml'
13:15:11.699 [main] DEBUG - Save part 'xl/workbook.xml'
13:15:11.699 [main] DEBUG - Save part 'xl/worksheets/sheet1.xml'
13:15:11.699 [main] DEBUG - Save part 'xl/worksheets/sheet2.xml'
13:15:11.699 [main] DEBUG - Save part 'xl/worksheets/sheet3.xml'
13:15:11.701 [main] DEBUG - Parsing relationship: /xl/_rels/workbook.xml.rels
13:15:11.701 [main] DEBUG - Parsing relationship: /_rels/.rels
13:15:11.707 [main] DEBUG - Save content types part
13:15:11.707 [main] DEBUG - Save package relationships
13:15:11.708 [main] DEBUG - Save part 'docProps/app.xml'
13:15:11.708 [main] DEBUG - Save part 'docProps/core.xml'
13:15:11.708 [main] DEBUG - Save part 'docProps/custom.xml'
13:15:11.708 [main] DEBUG - Save part 'xl/sharedStrings.xml'
13:15:11.708 [main] DEBUG - Save part 'xl/styles.xml'
13:15:11.708 [main] DEBUG - Save part 'xl/theme/theme1.xml'
13:15:11.708 [main] DEBUG - Save part 'xl/workbook.xml'
13:15:11.709 [main] DEBUG - Save part 'xl/worksheets/sheet1.xml'
13:15:11.709 [main] DEBUG - Save part 'xl/worksheets/sheet2.xml'
13:15:11.709 [main] DEBUG - Save part 'xl/worksheets/sheet3.xml'
13:15:11.710 [main] DEBUG - Parsing relationship: /xl/_rels/workbook.xml.rels
13:15:11.710 [main] DEBUG - Parsing relationship: /_rels/.rels
13:15:11.714 [main] DEBUG - Save content types part
13:15:11.715 [main] DEBUG - Save package relationships
13:15:11.715 [main] DEBUG - Save part 'docProps/app.xml'
13:15:11.715 [main] DEBUG - Save part 'docProps/core.xml'
13:15:11.715 [main] DEBUG - Save part 'docProps/custom.xml'
13:15:11.715 [main] DEBUG - Save part 'xl/sharedStrings.xml'
13:15:11.715 [main] DEBUG - Save part 'xl/styles.xml'
13:15:11.716 [main] DEBUG - Save part 'xl/theme/theme1.xml'
13:15:11.716 [main] DEBUG - Save part 'xl/workbook.xml'
13:15:11.716 [main] DEBUG - Save part 'xl/worksheets/sheet1.xml'
13:15:11.716 [main] DEBUG - Save part 'xl/worksheets/sheet2.xml'
13:15:11.716 [main] DEBUG - Save part 'xl/worksheets/sheet3.xml'
13:15:11.718 [main] DEBUG - Parsing relationship: /xl/_rels/workbook.xml.rels
13:15:11.718 [main] DEBUG - Parsing relationship: /_rels/.rels
13:15:11.724 [main] DEBUG - Save content types part
13:15:11.724 [main] DEBUG - Save package relationships
13:15:11.724 [main] DEBUG - Save part 'docProps/app.xml'
13:15:11.724 [main] DEBUG - Save part 'docProps/core.xml'
13:15:11.725 [main] DEBUG - Save part 'docProps/custom.xml'
13:15:11.725 [main] DEBUG - Save part 'xl/sharedStrings.xml'
13:15:11.725 [main] DEBUG - Save part 'xl/styles.xml'
13:15:11.725 [main] DEBUG - Save part 'xl/theme/theme1.xml'
13:15:11.725 [main] DEBUG - Save part 'xl/workbook.xml'
13:15:11.725 [main] DEBUG - Save part 'xl/worksheets/sheet1.xml'
13:15:11.725 [main] DEBUG - Save part 'xl/worksheets/sheet2.xml'
13:15:11.726 [main] DEBUG - Save part 'xl/worksheets/sheet3.xml'
13:15:11.730 [main] DEBUG - Parsing relationship: /xl/_rels/workbook.xml.rels
13:15:11.730 [main] DEBUG - Parsing relationship: /_rels/.rels
13:15:11.736 [main] DEBUG - Save content types part
13:15:11.736 [main] DEBUG - Save package relationships
13:15:11.737 [main] DEBUG - Save part 'docProps/app.xml'
13:15:11.737 [main] DEBUG - Save part 'docProps/core.xml'
13:15:11.737 [main] DEBUG - Save part 'docProps/custom.xml'
13:15:11.737 [main] DEBUG - Save part 'xl/sharedStrings.xml'
13:15:11.737 [main] DEBUG - Save part 'xl/styles.xml'
13:15:11.737 [main] DEBUG - Save part 'xl/theme/theme1.xml'
13:15:11.737 [main] DEBUG - Save part 'xl/workbook.xml'
13:15:11.738 [main] DEBUG - Save part 'xl/worksheets/sheet1.xml'
13:15:11.738 [main] DEBUG - Save part 'xl/worksheets/sheet2.xml'
13:15:11.738 [main] DEBUG - Save part 'xl/worksheets/sheet3.xml'
13:15:11.739 [main] DEBUG - Parsing relationship: /xl/_rels/workbook.xml.rels
13:15:11.740 [main] DEBUG - Parsing relationship: /_rels/.rels
13:15:11.744 [main] DEBUG - Save content types part
13:15:11.745 [main] DEBUG - Save package relationships
13:15:11.745 [main] DEBUG - Save part 'docProps/app.xml'
13:15:11.745 [main] DEBUG - Save part 'docProps/core.xml'
13:15:11.746 [main] DEBUG - Save part 'docProps/custom.xml'
13:15:11.746 [main] DEBUG - Save part 'xl/sharedStrings.xml'
13:15:11.746 [main] DEBUG - Save part 'xl/styles.xml'
13:15:11.746 [main] DEBUG - Save part 'xl/theme/theme1.xml'
13:15:11.746 [main] DEBUG - Save part 'xl/workbook.xml'
13:15:11.747 [main] DEBUG - Save part 'xl/worksheets/sheet1.xml'
13:15:11.747 [main] DEBUG - Save part 'xl/worksheets/sheet2.xml'
13:15:11.747 [main] DEBUG - Save part 'xl/worksheets/sheet3.xml'
13:15:11.748 [main] DEBUG - Parsing relationship: /xl/_rels/workbook.xml.rels
13:15:11.748 [main] DEBUG - Parsing relationship: /_rels/.rels
13:15:11.754 [main] DEBUG - Save content types part
13:15:11.754 [main] DEBUG - Save package relationships
13:15:11.755 [main] DEBUG - Save part 'docProps/app.xml'
13:15:11.755 [main] DEBUG - Save part 'docProps/core.xml'
13:15:11.755 [main] DEBUG - Save part 'docProps/custom.xml'
13:15:11.755 [main] DEBUG - Save part 'xl/sharedStrings.xml'
13:15:11.755 [main] DEBUG - Save part 'xl/styles.xml'
13:15:11.755 [main] DEBUG - Save part 'xl/theme/theme1.xml'
13:15:11.755 [main] DEBUG - Save part 'xl/workbook.xml'
13:15:11.756 [main] DEBUG - Save part 'xl/worksheets/sheet1.xml'
13:15:11.756 [main] DEBUG - Save part 'xl/worksheets/sheet2.xml'
13:15:11.756 [main] DEBUG - Save part 'xl/worksheets/sheet3.xml'
13:15:11.757 [main] DEBUG - Parsing relationship: /xl/_rels/workbook.xml.rels
13:15:11.757 [main] DEBUG - Parsing relationship: /_rels/.rels
13:15:11.763 [main] DEBUG - Save content types part
13:15:11.763 [main] DEBUG - Save package relationships
13:15:11.763 [main] DEBUG - Save part 'docProps/app.xml'
13:15:11.763 [main] DEBUG - Save part 'docProps/core.xml'
13:15:11.764 [main] DEBUG - Save part 'docProps/custom.xml'
13:15:11.764 [main] DEBUG - Save part 'xl/sharedStrings.xml'
13:15:11.764 [main] DEBUG - Save part 'xl/styles.xml'
13:15:11.764 [main] DEBUG - Save part 'xl/theme/theme1.xml'
13:15:11.764 [main] DEBUG - Save part 'xl/workbook.xml'
13:15:11.764 [main] DEBUG - Save part 'xl/worksheets/sheet1.xml'
13:15:11.764 [main] DEBUG - Save part 'xl/worksheets/sheet2.xml'
13:15:11.764 [main] DEBUG - Save part 'xl/worksheets/sheet3.xml'
13:15:11.766 [main] DEBUG - Parsing relationship: /xl/_rels/workbook.xml.rels
13:15:11.766 [main] DEBUG - Parsing relationship: /_rels/.rels
13:15:11.770 [main] DEBUG - Save content types part
13:15:11.770 [main] DEBUG - Save package relationships
13:15:11.770 [main] DEBUG - Save part 'docProps/app.xml'
13:15:11.770 [main] DEBUG - Save part 'docProps/core.xml'
13:15:11.771 [main] DEBUG - Save part 'docProps/custom.xml'
13:15:11.771 [main] DEBUG - Save part 'xl/sharedStrings.xml'
13:15:11.771 [main] DEBUG - Save part 'xl/styles.xml'
13:15:11.771 [main] DEBUG - Save part 'xl/theme/theme1.xml'
13:15:11.771 [main] DEBUG - Save part 'xl/workbook.xml'
13:15:11.772 [main] DEBUG - Save part 'xl/worksheets/sheet1.xml'
13:15:11.772 [main] DEBUG - Save part 'xl/worksheets/sheet2.xml'
13:15:11.772 [main] DEBUG - Save part 'xl/worksheets/sheet3.xml'
13:15:11.774 [main] DEBUG - Parsing relationship: /xl/_rels/workbook.xml.rels
13:15:11.774 [main] DEBUG - Parsing relationship: /_rels/.rels
13:15:11.779 [main] DEBUG - Save content types part
13:15:11.780 [main] DEBUG - Save package relationships
13:15:11.780 [main] DEBUG - Save part 'docProps/app.xml'
13:15:11.780 [main] DEBUG - Save part 'docProps/core.xml'
13:15:11.780 [main] DEBUG - Save part 'docProps/custom.xml'
13:15:11.780 [main] DEBUG - Save part 'xl/sharedStrings.xml'
13:15:11.780 [main] DEBUG - Save part 'xl/styles.xml'
13:15:11.780 [main] DEBUG - Save part 'xl/theme/theme1.xml'
13:15:11.781 [main] DEBUG - Save part 'xl/workbook.xml'
13:15:11.781 [main] DEBUG - Save part 'xl/worksheets/sheet1.xml'
13:15:11.781 [main] DEBUG - Save part 'xl/worksheets/sheet2.xml'
13:15:11.781 [main] DEBUG - Save part 'xl/worksheets/sheet3.xml'
13:15:11.783 [main] DEBUG - Parsing relationship: /xl/_rels/workbook.xml.rels
13:15:11.783 [main] DEBUG - Parsing relationship: /_rels/.rels
13:15:11.788 [main] DEBUG - Save content types part
13:15:11.789 [main] DEBUG - Save package relationships
13:15:11.789 [main] DEBUG - Save part 'docProps/app.xml'
13:15:11.789 [main] DEBUG - Save part 'docProps/core.xml'
13:15:11.789 [main] DEBUG - Save part 'docProps/custom.xml'
13:15:11.789 [main] DEBUG - Save part 'xl/sharedStrings.xml'
13:15:11.789 [main] DEBUG - Save part 'xl/styles.xml'
13:15:11.789 [main] DEBUG - Save part 'xl/theme/theme1.xml'
13:15:11.790 [main] DEBUG - Save part 'xl/workbook.xml'
13:15:11.790 [main] DEBUG - Save part 'xl/worksheets/sheet1.xml'
13:15:11.790 [main] DEBUG - Save part 'xl/worksheets/sheet2.xml'
13:15:11.790 [main] DEBUG - Save part 'xl/worksheets/sheet3.xml'
13:15:11.791 [main] DEBUG - Parsing relationship: /xl/_rels/workbook.xml.rels
13:15:11.792 [main] DEBUG - Parsing relationship: /_rels/.rels
13:15:11.795 [main] DEBUG - Save content types part
13:15:11.796 [main] DEBUG - Save package relationships
13:15:11.796 [main] DEBUG - Save part 'docProps/app.xml'
13:15:11.796 [main] DEBUG - Save part 'docProps/core.xml'
13:15:11.796 [main] DEBUG - Save part 'docProps/custom.xml'
13:15:11.796 [main] DEBUG - Save part 'xl/sharedStrings.xml'
13:15:11.796 [main] DEBUG - Save part 'xl/styles.xml'
13:15:11.797 [main] DEBUG - Save part 'xl/theme/theme1.xml'
13:15:11.797 [main] DEBUG - Save part 'xl/workbook.xml'
13:15:11.797 [main] DEBUG - Save part 'xl/worksheets/sheet1.xml'
13:15:11.797 [main] DEBUG - Save part 'xl/worksheets/sheet2.xml'
13:15:11.797 [main] DEBUG - Save part 'xl/worksheets/sheet3.xml'
13:15:11.801 [main] DEBUG - Parsing relationship: /xl/_rels/workbook.xml.rels
13:15:11.801 [main] DEBUG - Parsing relationship: /_rels/.rels
13:15:11.806 [main] DEBUG - Save content types part
13:15:11.807 [main] DEBUG - Save package relationships
13:15:11.807 [main] DEBUG - Save part 'docProps/app.xml'
13:15:11.807 [main] DEBUG - Save part 'docProps/core.xml'
13:15:11.807 [main] DEBUG - Save part 'docProps/custom.xml'
13:15:11.807 [main] DEBUG - Save part 'xl/sharedStrings.xml'
13:15:11.807 [main] DEBUG - Save part 'xl/styles.xml'
13:15:11.807 [main] DEBUG - Save part 'xl/theme/theme1.xml'
13:15:11.808 [main] DEBUG - Save part 'xl/workbook.xml'
13:15:11.808 [main] DEBUG - Save part 'xl/worksheets/sheet1.xml'
13:15:11.808 [main] DEBUG - Save part 'xl/worksheets/sheet2.xml'
13:15:11.808 [main] DEBUG - Save part 'xl/worksheets/sheet3.xml'
13:15:11.809 [main] DEBUG - Parsing relationship: /xl/_rels/workbook.xml.rels
13:15:11.810 [main] DEBUG - Parsing relationship: /_rels/.rels
13:15:11.814 [main] DEBUG - Save content types part
13:15:11.815 [main] DEBUG - Save package relationships
13:15:11.815 [main] DEBUG - Save part 'docProps/app.xml'
13:15:11.815 [main] DEBUG - Save part 'docProps/core.xml'
13:15:11.815 [main] DEBUG - Save part 'docProps/custom.xml'
13:15:11.815 [main] DEBUG - Save part 'xl/sharedStrings.xml'
13:15:11.815 [main] DEBUG - Save part 'xl/styles.xml'
13:15:11.816 [main] DEBUG - Save part 'xl/theme/theme1.xml'
13:15:11.816 [main] DEBUG - Save part 'xl/workbook.xml'
13:15:11.816 [main] DEBUG - Save part 'xl/worksheets/sheet1.xml'
13:15:11.816 [main] DEBUG - Save part 'xl/worksheets/sheet2.xml'
13:15:11.816 [main] DEBUG - Save part 'xl/worksheets/sheet3.xml'
13:15:11.817 [main] DEBUG - Parsing relationship: /xl/_rels/workbook.xml.rels
13:15:11.818 [main] DEBUG - Parsing relationship: /_rels/.rels
13:15:11.822 [main] DEBUG - Save content types part
13:15:11.822 [main] DEBUG - Save package relationships
13:15:11.822 [main] DEBUG - Save part 'docProps/app.xml'
13:15:11.822 [main] DEBUG - Save part 'docProps/core.xml'
13:15:11.823 [main] DEBUG - Save part 'docProps/custom.xml'
13:15:11.823 [main] DEBUG - Save part 'xl/sharedStrings.xml'
13:15:11.823 [main] DEBUG - Save part 'xl/styles.xml'
13:15:11.823 [main] DEBUG - Save part 'xl/theme/theme1.xml'
13:15:11.823 [main] DEBUG - Save part 'xl/workbook.xml'
13:15:11.823 [main] DEBUG - Save part 'xl/worksheets/sheet1.xml'
13:15:11.823 [main] DEBUG - Save part 'xl/worksheets/sheet2.xml'
13:15:11.824 [main] DEBUG - Save part 'xl/worksheets/sheet3.xml'
13:15:11.825 [main] DEBUG - Parsing relationship: /xl/_rels/workbook.xml.rels
13:15:11.825 [main] DEBUG - Parsing relationship: /_rels/.rels
13:15:11.831 [main] DEBUG - Save content types part
13:15:11.831 [main] DEBUG - Save package relationships
13:15:11.831 [main] DEBUG - Save part 'docProps/app.xml'
13:15:11.831 [main] DEBUG - Save part 'docProps/core.xml'
13:15:11.832 [main] DEBUG - Save part 'docProps/custom.xml'
13:15:11.832 [main] DEBUG - Save part 'xl/sharedStrings.xml'
13:15:11.832 [main] DEBUG - Save part 'xl/styles.xml'
13:15:11.832 [main] DEBUG - Save part 'xl/theme/theme1.xml'
13:15:11.832 [main] DEBUG - Save part 'xl/workbook.xml'
13:15:11.832 [main] DEBUG - Save part 'xl/worksheets/sheet1.xml'
13:15:11.832 [main] DEBUG - Save part 'xl/worksheets/sheet2.xml'
13:15:11.832 [main] DEBUG - Save part 'xl/worksheets/sheet3.xml'
13:15:11.834 [main] DEBUG - Parsing relationship: /xl/_rels/workbook.xml.rels
13:15:11.834 [main] DEBUG - Parsing relationship: /_rels/.rels
13:15:11.839 [main] DEBUG - Save content types part
13:15:11.840 [main] DEBUG - Save package relationships
13:15:11.840 [main] DEBUG - Save part 'docProps/app.xml'
13:15:11.840 [main] DEBUG - Save part 'docProps/core.xml'
13:15:11.840 [main] DEBUG - Save part 'docProps/custom.xml'
13:15:11.840 [main] DEBUG - Save part 'xl/sharedStrings.xml'
13:15:11.840 [main] DEBUG - Save part 'xl/styles.xml'
13:15:11.840 [main] DEBUG - Save part 'xl/theme/theme1.xml'
13:15:11.840 [main] DEBUG - Save part 'xl/workbook.xml'
13:15:11.841 [main] DEBUG - Save part 'xl/worksheets/sheet1.xml'
13:15:11.841 [main] DEBUG - Save part 'xl/worksheets/sheet2.xml'
13:15:11.841 [main] DEBUG - Save part 'xl/worksheets/sheet3.xml'
13:15:11.842 [main] DEBUG - Parsing relationship: /xl/_rels/workbook.xml.rels
13:15:11.842 [main] DEBUG - Parsing relationship: /_rels/.rels
13:15:11.846 [main] DEBUG - Save content types part
13:15:11.846 [main] DEBUG - Save package relationships
13:15:11.846 [main] DEBUG - Save part 'docProps/app.xml'
13:15:11.846 [main] DEBUG - Save part 'docProps/core.xml'
13:15:11.847 [main] DEBUG - Save part 'docProps/custom.xml'
13:15:11.847 [main] DEBUG - Save part 'xl/sharedStrings.xml'
13:15:11.847 [main] DEBUG - Save part 'xl/styles.xml'
13:15:11.847 [main] DEBUG - Save part 'xl/theme/theme1.xml'
13:15:11.847 [main] DEBUG - Save part 'xl/workbook.xml'
13:15:11.847 [main] DEBUG - Save part 'xl/worksheets/sheet1.xml'
13:15:11.847 [main] DEBUG - Save part 'xl/worksheets/sheet2.xml'
13:15:11.847 [main] DEBUG - Save part 'xl/worksheets/sheet3.xml'
13:15:11.849 [main] DEBUG - Parsing relationship: /xl/_rels/workbook.xml.rels
13:15:11.849 [main] DEBUG - Parsing relationship: /_rels/.rels
13:15:11.854 [main] DEBUG - Save content types part
13:15:11.854 [main] DEBUG - Save package relationships
13:15:11.855 [main] DEBUG - Save part 'docProps/app.xml'
13:15:11.855 [main] DEBUG - Save part 'docProps/core.xml'
13:15:11.855 [main] DEBUG - Save part 'docProps/custom.xml'
13:15:11.855 [main] DEBUG - Save part 'xl/sharedStrings.xml'
13:15:11.855 [main] DEBUG - Save part 'xl/styles.xml'
13:15:11.855 [main] DEBUG - Save part 'xl/theme/theme1.xml'
13:15:11.855 [main] DEBUG - Save part 'xl/workbook.xml'
13:15:11.856 [main] DEBUG - Save part 'xl/worksheets/sheet1.xml'
13:15:11.856 [main] DEBUG - Save part 'xl/worksheets/sheet2.xml'
13:15:11.856 [main] DEBUG - Save part 'xl/worksheets/sheet3.xml'
13:15:11.857 [main] DEBUG - Parsing relationship: /xl/_rels/workbook.xml.rels
13:15:11.857 [main] DEBUG - Parsing relationship: /_rels/.rels
13:15:11.862 [main] DEBUG - Save content types part
13:15:11.863 [main] DEBUG - Save package relationships
13:15:11.863 [main] DEBUG - Save part 'docProps/app.xml'
13:15:11.863 [main] DEBUG - Save part 'docProps/core.xml'
13:15:11.863 [main] DEBUG - Save part 'docProps/custom.xml'
13:15:11.863 [main] DEBUG - Save part 'xl/sharedStrings.xml'
13:15:11.863 [main] DEBUG - Save part 'xl/styles.xml'
13:15:11.863 [main] DEBUG - Save part 'xl/theme/theme1.xml'
13:15:11.863 [main] DEBUG - Save part 'xl/workbook.xml'
13:15:11.864 [main] DEBUG - Save part 'xl/worksheets/sheet1.xml'
13:15:11.864 [main] DEBUG - Save part 'xl/worksheets/sheet2.xml'
13:15:11.864 [main] DEBUG - Save part 'xl/worksheets/sheet3.xml'
13:15:11.865 [main] DEBUG - Parsing relationship: /xl/_rels/workbook.xml.rels
13:15:11.865 [main] DEBUG - Parsing relationship: /_rels/.rels
13:15:11.869 [main] DEBUG - Save content types part
13:15:11.869 [main] DEBUG - Save package relationships
13:15:11.869 [main] DEBUG - Save part 'docProps/app.xml'
13:15:11.869 [main] DEBUG - Save part 'docProps/core.xml'
13:15:11.870 [main] DEBUG - Save part 'docProps/custom.xml'
13:15:11.870 [main] DEBUG - Save part 'xl/sharedStrings.xml'
13:15:11.870 [main] DEBUG - Save part 'xl/styles.xml'
13:15:11.870 [main] DEBUG - Save part 'xl/theme/theme1.xml'
13:15:11.870 [main] DEBUG - Save part 'xl/workbook.xml'
13:15:11.870 [main] DEBUG - Save part 'xl/worksheets/sheet1.xml'
13:15:11.870 [main] DEBUG - Save part 'xl/worksheets/sheet2.xml'
13:15:11.871 [main] DEBUG - Save part 'xl/worksheets/sheet3.xml'
13:15:11.872 [main] DEBUG - Parsing relationship: /xl/_rels/workbook.xml.rels
13:15:11.873 [main] DEBUG - Parsing relationship: /_rels/.rels
13:15:11.878 [main] DEBUG - Save content types part
13:15:11.878 [main] DEBUG - Save package relationships
13:15:11.879 [main] DEBUG - Save part 'docProps/app.xml'
13:15:11.879 [main] DEBUG - Save part 'docProps/core.xml'
13:15:11.879 [main] DEBUG - Save part 'docProps/custom.xml'
13:15:11.879 [main] DEBUG - Save part 'xl/sharedStrings.xml'
13:15:11.879 [main] DEBUG - Save part 'xl/styles.xml'
13:15:11.879 [main] DEBUG - Save part 'xl/theme/theme1.xml'
13:15:11.879 [main] DEBUG - Save part 'xl/workbook.xml'
13:15:11.880 [main] DEBUG - Save part 'xl/worksheets/sheet1.xml'
13:15:11.880 [main] DEBUG - Save part 'xl/worksheets/sheet2.xml'
13:15:11.880 [main] DEBUG - Save part 'xl/worksheets/sheet3.xml'
13:15:11.881 [main] DEBUG - Parsing relationship: /xl/_rels/workbook.xml.rels
13:15:11.881 [main] DEBUG - Parsing relationship: /_rels/.rels
13:15:11.886 [main] DEBUG - Save content types part
13:15:11.887 [main] DEBUG - Save package relationships
13:15:11.887 [main] DEBUG - Save part 'docProps/app.xml'
13:15:11.887 [main] DEBUG - Save part 'docProps/core.xml'
13:15:11.887 [main] DEBUG - Save part 'docProps/custom.xml'
13:15:11.887 [main] DEBUG - Save part 'xl/sharedStrings.xml'
13:15:11.887 [main] DEBUG - Save part 'xl/styles.xml'
13:15:11.887 [main] DEBUG - Save part 'xl/theme/theme1.xml'
13:15:11.888 [main] DEBUG - Save part 'xl/workbook.xml'
13:15:11.888 [main] DEBUG - Save part 'xl/worksheets/sheet1.xml'
13:15:11.888 [main] DEBUG - Save part 'xl/worksheets/sheet2.xml'
13:15:11.888 [main] DEBUG - Save part 'xl/worksheets/sheet3.xml'
13:15:11.889 [main] DEBUG - Parsing relationship: /xl/_rels/workbook.xml.rels
13:15:11.890 [main] DEBUG - Parsing relationship: /_rels/.rels
13:15:11.895 [main] DEBUG - Save content types part
13:15:11.896 [main] DEBUG - Save package relationships
13:15:11.896 [main] DEBUG - Save part 'docProps/app.xml'
13:15:11.896 [main] DEBUG - Save part 'docProps/core.xml'
13:15:11.896 [main] DEBUG - Save part 'docProps/custom.xml'
13:15:11.896 [main] DEBUG - Save part 'xl/sharedStrings.xml'
13:15:11.896 [main] DEBUG - Save part 'xl/styles.xml'
13:15:11.897 [main] DEBUG - Save part 'xl/theme/theme1.xml'
13:15:11.897 [main] DEBUG - Save part 'xl/workbook.xml'
13:15:11.897 [main] DEBUG - Save part 'xl/worksheets/sheet1.xml'
13:15:11.897 [main] DEBUG - Save part 'xl/worksheets/sheet2.xml'
13:15:11.897 [main] DEBUG - Save part 'xl/worksheets/sheet3.xml'
13:15:11.899 [main] DEBUG - Parsing relationship: /xl/_rels/workbook.xml.rels
13:15:11.899 [main] DEBUG - Parsing relationship: /_rels/.rels
13:15:11.903 [main] DEBUG - Save content types part
13:15:11.904 [main] DEBUG - Save package relationships
13:15:11.904 [main] DEBUG - Save part 'docProps/app.xml'
13:15:11.904 [main] DEBUG - Save part 'docProps/core.xml'
13:15:11.904 [main] DEBUG - Save part 'docProps/custom.xml'
13:15:11.904 [main] DEBUG - Save part 'xl/sharedStrings.xml'
13:15:11.904 [main] DEBUG - Save part 'xl/styles.xml'
13:15:11.904 [main] DEBUG - Save part 'xl/theme/theme1.xml'
13:15:11.905 [main] DEBUG - Save part 'xl/workbook.xml'
13:15:11.905 [main] DEBUG - Save part 'xl/worksheets/sheet1.xml'
13:15:11.905 [main] DEBUG - Save part 'xl/worksheets/sheet2.xml'
13:15:11.905 [main] DEBUG - Save part 'xl/worksheets/sheet3.xml'
13:15:11.906 [main] DEBUG - Parsing relationship: /xl/_rels/workbook.xml.rels
13:15:11.906 [main] DEBUG - Parsing relationship: /_rels/.rels
13:15:11.911 [main] DEBUG - Save content types part
13:15:11.911 [main] DEBUG - Save package relationships
13:15:11.912 [main] DEBUG - Save part 'docProps/app.xml'
13:15:11.912 [main] DEBUG - Save part 'docProps/core.xml'
13:15:11.912 [main] DEBUG - Save part 'docProps/custom.xml'
13:15:11.912 [main] DEBUG - Save part 'xl/sharedStrings.xml'
13:15:11.912 [main] DEBUG - Save part 'xl/styles.xml'
13:15:11.912 [main] DEBUG - Save part 'xl/theme/theme1.xml'
13:15:11.912 [main] DEBUG - Save part 'xl/workbook.xml'
13:15:11.912 [main] DEBUG - Save part 'xl/worksheets/sheet1.xml'
13:15:11.913 [main] DEBUG - Save part 'xl/worksheets/sheet2.xml'
13:15:11.913 [main] DEBUG - Save part 'xl/worksheets/sheet3.xml'
13:15:11.914 [main] DEBUG - Parsing relationship: /xl/_rels/workbook.xml.rels
13:15:11.914 [main] DEBUG - Parsing relationship: /_rels/.rels
13:15:11.918 [main] DEBUG - Save content types part
13:15:11.918 [main] DEBUG - Save package relationships
13:15:11.919 [main] DEBUG - Save part 'docProps/app.xml'
13:15:11.919 [main] DEBUG - Save part 'docProps/core.xml'
13:15:11.919 [main] DEBUG - Save part 'docProps/custom.xml'
13:15:11.919 [main] DEBUG - Save part 'xl/sharedStrings.xml'
13:15:11.919 [main] DEBUG - Save part 'xl/styles.xml'
13:15:11.919 [main] DEBUG - Save part 'xl/theme/theme1.xml'
13:15:11.919 [main] DEBUG - Save part 'xl/workbook.xml'
13:15:11.920 [main] DEBUG - Save part 'xl/worksheets/sheet1.xml'
13:15:11.920 [main] DEBUG - Save part 'xl/worksheets/sheet2.xml'
13:15:11.920 [main] DEBUG - Save part 'xl/worksheets/sheet3.xml'
13:15:11.921 [main] DEBUG - Parsing relationship: /xl/_rels/workbook.xml.rels
13:15:11.922 [main] DEBUG - Parsing relationship: /_rels/.rels
13:15:11.927 [main] DEBUG - Save content types part
13:15:11.927 [main] DEBUG - Save package relationships
13:15:11.927 [main] DEBUG - Save part 'docProps/app.xml'
13:15:11.927 [main] DEBUG - Save part 'docProps/core.xml'
13:15:11.927 [main] DEBUG - Save part 'docProps/custom.xml'
13:15:11.927 [main] DEBUG - Save part 'xl/sharedStrings.xml'
13:15:11.928 [main] DEBUG - Save part 'xl/styles.xml'
13:15:11.928 [main] DEBUG - Save part 'xl/theme/theme1.xml'
13:15:11.928 [main] DEBUG - Save part 'xl/workbook.xml'
13:15:11.928 [main] DEBUG - Save part 'xl/worksheets/sheet1.xml'
13:15:11.928 [main] DEBUG - Save part 'xl/worksheets/sheet2.xml'
13:15:11.928 [main] DEBUG - Save part 'xl/worksheets/sheet3.xml'
13:15:11.930 [main] DEBUG - Parsing relationship: /xl/_rels/workbook.xml.rels
13:15:11.930 [main] DEBUG - Parsing relationship: /_rels/.rels
13:15:11.935 [main] DEBUG - Save content types part
13:15:11.935 [main] DEBUG - Save package relationships
13:15:11.935 [main] DEBUG - Save part 'docProps/app.xml'
13:15:11.935 [main] DEBUG - Save part 'docProps/core.xml'
13:15:11.935 [main] DEBUG - Save part 'docProps/custom.xml'
13:15:11.936 [main] DEBUG - Save part 'xl/sharedStrings.xml'
13:15:11.936 [main] DEBUG - Save part 'xl/styles.xml'
13:15:11.936 [main] DEBUG - Save part 'xl/theme/theme1.xml'
13:15:11.936 [main] DEBUG - Save part 'xl/workbook.xml'
13:15:11.936 [main] DEBUG - Save part 'xl/worksheets/sheet1.xml'
13:15:11.936 [main] DEBUG - Save part 'xl/worksheets/sheet2.xml'
13:15:11.936 [main] DEBUG - Save part 'xl/worksheets/sheet3.xml'
13:15:11.938 [main] DEBUG - Parsing relationship: /xl/_rels/workbook.xml.rels
13:15:11.938 [main] DEBUG - Parsing relationship: /_rels/.rels
13:15:11.942 [main] DEBUG - Save content types part
13:15:11.942 [main] DEBUG - Save package relationships
13:15:11.942 [main] DEBUG - Save part 'docProps/app.xml'
13:15:11.942 [main] DEBUG - Save part 'docProps/core.xml'
13:15:11.943 [main] DEBUG - Save part 'docProps/custom.xml'
13:15:11.943 [main] DEBUG - Save part 'xl/sharedStrings.xml'
13:15:11.943 [main] DEBUG - Save part 'xl/styles.xml'
13:15:11.943 [main] DEBUG - Save part 'xl/theme/theme1.xml'
13:15:11.943 [main] DEBUG - Save part 'xl/workbook.xml'
13:15:11.943 [main] DEBUG - Save part 'xl/worksheets/sheet1.xml'
13:15:11.943 [main] DEBUG - Save part 'xl/worksheets/sheet2.xml'
13:15:11.943 [main] DEBUG - Save part 'xl/worksheets/sheet3.xml'
13:15:11.945 [main] DEBUG - Parsing relationship: /xl/_rels/workbook.xml.rels
13:15:11.945 [main] DEBUG - Parsing relationship: /_rels/.rels
13:15:11.950 [main] DEBUG - Save content types part
13:15:11.950 [main] DEBUG - Save package relationships
13:15:11.950 [main] DEBUG - Save part 'docProps/app.xml'
13:15:11.950 [main] DEBUG - Save part 'docProps/core.xml'
13:15:11.950 [main] DEBUG - Save part 'docProps/custom.xml'
13:15:11.950 [main] DEBUG - Save part 'xl/sharedStrings.xml'
13:15:11.950 [main] DEBUG - Save part 'xl/styles.xml'
13:15:11.951 [main] DEBUG - Save part 'xl/theme/theme1.xml'
13:15:11.951 [main] DEBUG - Save part 'xl/workbook.xml'
13:15:11.951 [main] DEBUG - Save part 'xl/worksheets/sheet1.xml'
13:15:11.951 [main] DEBUG - Save part 'xl/worksheets/sheet2.xml'
13:15:11.951 [main] DEBUG - Save part 'xl/worksheets/sheet3.xml'
13:15:11.952 [main] DEBUG - Parsing relationship: /xl/_rels/workbook.xml.rels
13:15:11.952 [main] DEBUG - Parsing relationship: /_rels/.rels
13:15:11.957 [main] DEBUG - Save content types part
13:15:11.957 [main] DEBUG - Save package relationships
13:15:11.958 [main] DEBUG - Save part 'docProps/app.xml'
13:15:11.958 [main] DEBUG - Save part 'docProps/core.xml'
13:15:11.958 [main] DEBUG - Save part 'docProps/custom.xml'
13:15:11.958 [main] DEBUG - Save part 'xl/sharedStrings.xml'
13:15:11.958 [main] DEBUG - Save part 'xl/styles.xml'
13:15:11.958 [main] DEBUG - Save part 'xl/theme/theme1.xml'
13:15:11.958 [main] DEBUG - Save part 'xl/workbook.xml'
13:15:11.959 [main] DEBUG - Save part 'xl/worksheets/sheet1.xml'
13:15:11.959 [main] DEBUG - Save part 'xl/worksheets/sheet2.xml'
13:15:11.959 [main] DEBUG - Save part 'xl/worksheets/sheet3.xml'
13:15:11.960 [main] DEBUG - Parsing relationship: /xl/_rels/workbook.xml.rels
13:15:11.960 [main] DEBUG - Parsing relationship: /_rels/.rels
13:15:11.963 [main] DEBUG - Save content types part
13:15:11.964 [main] DEBUG - Save package relationships
13:15:11.964 [main] DEBUG - Save part 'docProps/app.xml'
13:15:11.964 [main] DEBUG - Save part 'docProps/core.xml'
13:15:11.964 [main] DEBUG - Save part 'docProps/custom.xml'
13:15:11.964 [main] DEBUG - Save part 'xl/sharedStrings.xml'
13:15:11.964 [main] DEBUG - Save part 'xl/styles.xml'
13:15:11.965 [main] DEBUG - Save part 'xl/theme/theme1.xml'
13:15:11.965 [main] DEBUG - Save part 'xl/workbook.xml'
13:15:11.965 [main] DEBUG - Save part 'xl/worksheets/sheet1.xml'
13:15:11.965 [main] DEBUG - Save part 'xl/worksheets/sheet2.xml'
13:15:11.965 [main] DEBUG - Save part 'xl/worksheets/sheet3.xml'
13:15:11.967 [main] DEBUG - Parsing relationship: /xl/_rels/workbook.xml.rels
13:15:11.967 [main] DEBUG - Parsing relationship: /_rels/.rels
13:15:11.972 [main] DEBUG - Save content types part
13:15:11.972 [main] DEBUG - Save package relationships
13:15:11.972 [main] DEBUG - Save part 'docProps/app.xml'
13:15:11.972 [main] DEBUG - Save part 'docProps/core.xml'
13:15:11.973 [main] DEBUG - Save part 'docProps/custom.xml'
13:15:11.973 [main] DEBUG - Save part 'xl/sharedStrings.xml'
13:15:11.973 [main] DEBUG - Save part 'xl/styles.xml'
13:15:11.973 [main] DEBUG - Save part 'xl/theme/theme1.xml'
13:15:11.973 [main] DEBUG - Save part 'xl/workbook.xml'
13:15:11.973 [main] DEBUG - Save part 'xl/worksheets/sheet1.xml'
13:15:11.973 [main] DEBUG - Save part 'xl/worksheets/sheet2.xml'
13:15:11.973 [main] DEBUG - Save part 'xl/worksheets/sheet3.xml'
13:15:11.975 [main] DEBUG - Parsing relationship: /xl/_rels/workbook.xml.rels
13:15:11.975 [main] DEBUG - Parsing relationship: /_rels/.rels
13:15:11.979 [main] DEBUG - Save content types part
13:15:11.980 [main] DEBUG - Save package relationships
13:15:11.980 [main] DEBUG - Save part 'docProps/app.xml'
13:15:11.980 [main] DEBUG - Save part 'docProps/core.xml'
13:15:11.980 [main] DEBUG - Save part 'docProps/custom.xml'
