12:29:19.720 [main] DEBUG - Parsing relationship: /_rels/.rels
12:29:19.731 [main] TRACE - Resolving type for handle ctnumfmtsb58btype
12:29:19.733 [main] TRACE - Resolving type for handle ctnumfmt3870type
12:29:19.734 [main] TRACE - Resolving type for handle stnumfmtid76fbtype
12:29:19.751 [main] DEBUG - Save content types part
12:29:19.782 [main] DEBUG - Save package relationships
12:29:19.784 [main] DEBUG - Save part 'docProps/app.xml'
12:29:19.784 [main] DEBUG - Save part 'docProps/core.xml'
12:29:19.785 [main] DEBUG - Save part 'docProps/custom.xml'
12:29:19.786 [main] DEBUG - Save part 'xl/sharedStrings.xml'
12:29:19.786 [main] DEBUG - Save part 'xl/styles.xml'
12:29:19.786 [main] DEBUG - Save part 'xl/theme/theme1.xml'
12:29:19.786 [main] DEBUG - Save part 'xl/workbook.xml'
12:29:19.787 [main] DEBUG - Save part 'xl/worksheets/sheet1.xml'
12:29:19.787 [main] DEBUG - Save part 'xl/worksheets/sheet2.xml'
12:29:19.787 [main] DEBUG - Save part 'xl/worksheets/sheet3.xml'
12:29:19.793 [main] DEBUG - Parsing relationship: /xl/_rels/workbook.xml.rels
12:29:19.793 [main] DEBUG - Parsing relationship: /_rels/.rels
12:29:24.259 [main] DEBUG - Parsing relationship: /xl/_rels/workbook.xml.rels
12:29:24.260 [main] DEBUG - Parsing relationship: /_rels/.rels
12:29:24.270 [main] DEBUG - Save content types part
12:29:24.271 [main] DEBUG - Save package relationships
12:29:24.272 [main] DEBUG - Save part 'docProps/app.xml'
12:29:24.272 [main] DEBUG - Save part 'docProps/core.xml'
12:29:24.273 [main] DEBUG - Save part 'docProps/custom.xml'
12:29:24.273 [main] DEBUG - Save part 'xl/sharedStrings.xml'
12:29:24.273 [main] DEBUG - Save part 'xl/styles.xml'
12:29:24.273 [main] DEBUG - Save part 'xl/theme/theme1.xml'
12:29:24.273 [main] DEBUG - Save part 'xl/workbook.xml'
12:29:24.274 [main] DEBUG - Save part 'xl/worksheets/sheet1.xml'
12:29:24.274 [main] DEBUG - Save part 'xl/worksheets/sheet2.xml'
12:29:24.274 [main] DEBUG - Save part 'xl/worksheets/sheet3.xml'
12:29:24.277 [main] DEBUG - Parsing relationship: /xl/_rels/workbook.xml.rels
12:29:24.278 [main] DEBUG - Parsing relationship: /_rels/.rels
12:29:24.292 [main] TRACE - Resolving type for handle stcellstylexfid70c7type
12:29:24.294 [main] TRACE - Resolving type for handle ctsheetdimensiond310type
12:29:24.295 [main] TRACE - Resolving type for handle stref90a2type
12:29:24.305 [main] TRACE - Resolving type for handle propertiesee84doctype
12:29:24.306 [main] TRACE - Resolving type for handle ctproperties3f10type
12:29:24.308 [main] TRACE - Resolving type for handle properties288cdoctype
12:29:24.308 [main] TRACE - Resolving type for handle ctproperties2c18type
12:29:24.310 [main] DEBUG - Save content types part
12:29:24.311 [main] DEBUG - Save package relationships
12:29:24.311 [main] DEBUG - Save part 'docProps/app.xml'
12:29:24.312 [main] DEBUG - Save part 'docProps/core.xml'
12:29:24.312 [main] DEBUG - Save part 'docProps/custom.xml'
12:29:24.312 [main] DEBUG - Save part 'xl/sharedStrings.xml'
12:29:24.312 [main] DEBUG - Save part 'xl/styles.xml'
12:29:24.313 [main] DEBUG - Save part 'xl/theme/theme1.xml'
12:29:24.313 [main] DEBUG - Save part 'xl/workbook.xml'
12:29:24.313 [main] DEBUG - Save part 'xl/worksheets/sheet1.xml'
12:29:24.314 [main] DEBUG - Save part 'xl/worksheets/sheet2.xml'
12:29:24.314 [main] DEBUG - Save part 'xl/worksheets/sheet3.xml'
12:29:24.317 [main] DEBUG - Parsing relationship: /xl/_rels/workbook.xml.rels
12:29:24.317 [main] DEBUG - Parsing relationship: /_rels/.rels
12:29:24.331 [main] DEBUG - Save content types part
12:29:24.332 [main] DEBUG - Save package relationships
12:29:24.333 [main] DEBUG - Save part 'docProps/app.xml'
12:29:24.333 [main] DEBUG - Save part 'docProps/core.xml'
12:29:24.333 [main] DEBUG - Save part 'docProps/custom.xml'
12:29:24.333 [main] DEBUG - Save part 'xl/sharedStrings.xml'
12:29:24.333 [main] DEBUG - Save part 'xl/styles.xml'
12:29:24.334 [main] DEBUG - Save part 'xl/theme/theme1.xml'
12:29:24.334 [main] DEBUG - Save part 'xl/workbook.xml'
12:29:24.334 [main] DEBUG - Save part 'xl/worksheets/sheet1.xml'
12:29:24.334 [main] DEBUG - Save part 'xl/worksheets/sheet2.xml'
12:29:24.335 [main] DEBUG - Save part 'xl/worksheets/sheet3.xml'
12:29:24.337 [main] DEBUG - Parsing relationship: /xl/_rels/workbook.xml.rels
12:29:24.337 [main] DEBUG - Parsing relationship: /_rels/.rels
12:29:24.349 [main] DEBUG - Save content types part
12:29:24.350 [main] DEBUG - Save package relationships
12:29:24.350 [main] DEBUG - Save part 'docProps/app.xml'
12:29:24.351 [main] DEBUG - Save part 'docProps/core.xml'
12:29:24.351 [main] DEBUG - Save part 'docProps/custom.xml'
12:29:24.351 [main] DEBUG - Save part 'xl/sharedStrings.xml'
12:29:24.351 [main] DEBUG - Save part 'xl/styles.xml'
12:29:24.352 [main] DEBUG - Save part 'xl/theme/theme1.xml'
12:29:24.352 [main] DEBUG - Save part 'xl/workbook.xml'
12:29:24.353 [main] DEBUG - Save part 'xl/worksheets/sheet1.xml'
12:29:24.353 [main] DEBUG - Save part 'xl/worksheets/sheet2.xml'
12:29:24.353 [main] DEBUG - Save part 'xl/worksheets/sheet3.xml'
12:29:24.356 [main] DEBUG - Parsing relationship: /xl/_rels/workbook.xml.rels
12:29:24.356 [main] DEBUG - Parsing relationship: /_rels/.rels
12:29:24.369 [main] DEBUG - Save content types part
12:29:24.370 [main] DEBUG - Save package relationships
12:29:24.370 [main] DEBUG - Save part 'docProps/app.xml'
12:29:24.370 [main] DEBUG - Save part 'docProps/core.xml'
12:29:24.371 [main] DEBUG - Save part 'docProps/custom.xml'
12:29:24.371 [main] DEBUG - Save part 'xl/sharedStrings.xml'
12:29:24.371 [main] DEBUG - Save part 'xl/styles.xml'
12:29:24.371 [main] DEBUG - Save part 'xl/theme/theme1.xml'
12:29:24.372 [main] DEBUG - Save part 'xl/workbook.xml'
12:29:24.372 [main] DEBUG - Save part 'xl/worksheets/sheet1.xml'
12:29:24.372 [main] DEBUG - Save part 'xl/worksheets/sheet2.xml'
12:29:24.372 [main] DEBUG - Save part 'xl/worksheets/sheet3.xml'
12:29:24.374 [main] DEBUG - Parsing relationship: /xl/_rels/workbook.xml.rels
12:29:24.375 [main] DEBUG - Parsing relationship: /_rels/.rels
12:29:24.385 [main] DEBUG - Save content types part
12:29:24.386 [main] DEBUG - Save package relationships
12:29:24.386 [main] DEBUG - Save part 'docProps/app.xml'
12:29:24.386 [main] DEBUG - Save part 'docProps/core.xml'
12:29:24.387 [main] DEBUG - Save part 'docProps/custom.xml'
12:29:24.387 [main] DEBUG - Save part 'xl/sharedStrings.xml'
12:29:24.387 [main] DEBUG - Save part 'xl/styles.xml'
12:29:24.387 [main] DEBUG - Save part 'xl/theme/theme1.xml'
12:29:24.387 [main] DEBUG - Save part 'xl/workbook.xml'
12:29:24.387 [main] DEBUG - Save part 'xl/worksheets/sheet1.xml'
12:29:24.388 [main] DEBUG - Save part 'xl/worksheets/sheet2.xml'
12:29:24.388 [main] DEBUG - Save part 'xl/worksheets/sheet3.xml'
12:29:24.390 [main] DEBUG - Parsing relationship: /xl/_rels/workbook.xml.rels
12:29:24.390 [main] DEBUG - Parsing relationship: /_rels/.rels
12:29:24.396 [main] DEBUG - Save content types part
12:29:24.397 [main] DEBUG - Save package relationships
12:29:24.399 [main] DEBUG - Save part 'docProps/app.xml'
12:29:24.399 [main] DEBUG - Save part 'docProps/core.xml'
12:29:24.399 [main] DEBUG - Save part 'docProps/custom.xml'
12:29:24.400 [main] DEBUG - Save part 'xl/sharedStrings.xml'
12:29:24.400 [main] DEBUG - Save part 'xl/styles.xml'
12:29:24.400 [main] DEBUG - Save part 'xl/theme/theme1.xml'
12:29:24.400 [main] DEBUG - Save part 'xl/workbook.xml'
12:29:24.401 [main] DEBUG - Save part 'xl/worksheets/sheet1.xml'
12:29:24.401 [main] DEBUG - Save part 'xl/worksheets/sheet2.xml'
12:29:24.401 [main] DEBUG - Save part 'xl/worksheets/sheet3.xml'
12:29:24.403 [main] DEBUG - Parsing relationship: /xl/_rels/workbook.xml.rels
12:29:24.403 [main] DEBUG - Parsing relationship: /_rels/.rels
12:29:24.413 [main] DEBUG - Save content types part
12:29:24.413 [main] DEBUG - Save package relationships
12:29:24.414 [main] DEBUG - Save part 'docProps/app.xml'
12:29:24.414 [main] DEBUG - Save part 'docProps/core.xml'
12:29:24.414 [main] DEBUG - Save part 'docProps/custom.xml'
12:29:24.414 [main] DEBUG - Save part 'xl/sharedStrings.xml'
12:29:24.414 [main] DEBUG - Save part 'xl/styles.xml'
12:29:24.414 [main] DEBUG - Save part 'xl/theme/theme1.xml'
12:29:24.415 [main] DEBUG - Save part 'xl/workbook.xml'
12:29:24.415 [main] DEBUG - Save part 'xl/worksheets/sheet1.xml'
12:29:24.415 [main] DEBUG - Save part 'xl/worksheets/sheet2.xml'
12:29:24.415 [main] DEBUG - Save part 'xl/worksheets/sheet3.xml'
12:29:24.417 [main] DEBUG - Parsing relationship: /xl/_rels/workbook.xml.rels
12:29:24.417 [main] DEBUG - Parsing relationship: /_rels/.rels
12:29:24.426 [main] DEBUG - Save content types part
12:29:24.426 [main] DEBUG - Save package relationships
12:29:24.427 [main] DEBUG - Save part 'docProps/app.xml'
12:29:24.427 [main] DEBUG - Save part 'docProps/core.xml'
12:29:24.427 [main] DEBUG - Save part 'docProps/custom.xml'
12:29:24.427 [main] DEBUG - Save part 'xl/sharedStrings.xml'
12:29:24.427 [main] DEBUG - Save part 'xl/styles.xml'
12:29:24.428 [main] DEBUG - Save part 'xl/theme/theme1.xml'
12:29:24.428 [main] DEBUG - Save part 'xl/workbook.xml'
12:29:24.428 [main] DEBUG - Save part 'xl/worksheets/sheet1.xml'
12:29:24.428 [main] DEBUG - Save part 'xl/worksheets/sheet2.xml'
12:29:24.428 [main] DEBUG - Save part 'xl/worksheets/sheet3.xml'
12:29:24.430 [main] DEBUG - Parsing relationship: /xl/_rels/workbook.xml.rels
12:29:24.431 [main] DEBUG - Parsing relationship: /_rels/.rels
12:29:24.436 [main] DEBUG - Save content types part
12:29:24.436 [main] DEBUG - Save package relationships
12:29:24.437 [main] DEBUG - Save part 'docProps/app.xml'
12:29:24.437 [main] DEBUG - Save part 'docProps/core.xml'
12:29:24.437 [main] DEBUG - Save part 'docProps/custom.xml'
12:29:24.437 [main] DEBUG - Save part 'xl/sharedStrings.xml'
12:29:24.438 [main] DEBUG - Save part 'xl/styles.xml'
12:29:24.438 [main] DEBUG - Save part 'xl/theme/theme1.xml'
12:29:24.438 [main] DEBUG - Save part 'xl/workbook.xml'
12:29:24.439 [main] DEBUG - Save part 'xl/worksheets/sheet1.xml'
12:29:24.439 [main] DEBUG - Save part 'xl/worksheets/sheet2.xml'
12:29:24.439 [main] DEBUG - Save part 'xl/worksheets/sheet3.xml'
12:29:24.441 [main] DEBUG - Parsing relationship: /xl/_rels/workbook.xml.rels
12:29:24.441 [main] DEBUG - Parsing relationship: /_rels/.rels
12:29:24.450 [main] DEBUG - Save content types part
12:29:24.451 [main] DEBUG - Save package relationships
12:29:24.451 [main] DEBUG - Save part 'docProps/app.xml'
12:29:24.451 [main] DEBUG - Save part 'docProps/core.xml'
12:29:24.452 [main] DEBUG - Save part 'docProps/custom.xml'
12:29:24.452 [main] DEBUG - Save part 'xl/sharedStrings.xml'
12:29:24.452 [main] DEBUG - Save part 'xl/styles.xml'
12:29:24.452 [main] DEBUG - Save part 'xl/theme/theme1.xml'
12:29:24.452 [main] DEBUG - Save part 'xl/workbook.xml'
12:29:24.454 [main] DEBUG - Save part 'xl/worksheets/sheet1.xml'
12:29:24.454 [main] DEBUG - Save part 'xl/worksheets/sheet2.xml'
12:29:24.454 [main] DEBUG - Save part 'xl/worksheets/sheet3.xml'
12:29:24.456 [main] DEBUG - Parsing relationship: /xl/_rels/workbook.xml.rels
12:29:24.456 [main] DEBUG - Parsing relationship: /_rels/.rels
12:29:24.467 [main] DEBUG - Save content types part
12:29:24.468 [main] DEBUG - Save package relationships
12:29:24.468 [main] DEBUG - Save part 'docProps/app.xml'
12:29:24.468 [main] DEBUG - Save part 'docProps/core.xml'
12:29:24.469 [main] DEBUG - Save part 'docProps/custom.xml'
12:29:24.469 [main] DEBUG - Save part 'xl/sharedStrings.xml'
12:29:24.469 [main] DEBUG - Save part 'xl/styles.xml'
12:29:24.469 [main] DEBUG - Save part 'xl/theme/theme1.xml'
12:29:24.469 [main] DEBUG - Save part 'xl/workbook.xml'
12:29:24.470 [main] DEBUG - Save part 'xl/worksheets/sheet1.xml'
12:29:24.470 [main] DEBUG - Save part 'xl/worksheets/sheet2.xml'
12:29:24.470 [main] DEBUG - Save part 'xl/worksheets/sheet3.xml'
12:29:24.471 [main] DEBUG - Parsing relationship: /xl/_rels/workbook.xml.rels
12:29:24.472 [main] DEBUG - Parsing relationship: /_rels/.rels
12:29:24.478 [main] DEBUG - Save content types part
12:29:24.478 [main] DEBUG - Save package relationships
12:29:24.478 [main] DEBUG - Save part 'docProps/app.xml'
12:29:24.479 [main] DEBUG - Save part 'docProps/core.xml'
12:29:24.479 [main] DEBUG - Save part 'docProps/custom.xml'
12:29:24.479 [main] DEBUG - Save part 'xl/sharedStrings.xml'
12:29:24.479 [main] DEBUG - Save part 'xl/styles.xml'
12:29:24.480 [main] DEBUG - Save part 'xl/theme/theme1.xml'
12:29:24.480 [main] DEBUG - Save part 'xl/workbook.xml'
12:29:24.480 [main] DEBUG - Save part 'xl/worksheets/sheet1.xml'
12:29:24.480 [main] DEBUG - Save part 'xl/worksheets/sheet2.xml'
12:29:24.480 [main] DEBUG - Save part 'xl/worksheets/sheet3.xml'
12:29:24.482 [main] DEBUG - Parsing relationship: /xl/_rels/workbook.xml.rels
12:29:24.483 [main] DEBUG - Parsing relationship: /_rels/.rels
12:29:24.491 [main] DEBUG - Save content types part
12:29:24.492 [main] DEBUG - Save package relationships
12:29:24.492 [main] DEBUG - Save part 'docProps/app.xml'
12:29:24.492 [main] DEBUG - Save part 'docProps/core.xml'
12:29:24.492 [main] DEBUG - Save part 'docProps/custom.xml'
12:29:24.493 [main] DEBUG - Save part 'xl/sharedStrings.xml'
12:29:24.493 [main] DEBUG - Save part 'xl/styles.xml'
12:29:24.493 [main] DEBUG - Save part 'xl/theme/theme1.xml'
12:29:24.493 [main] DEBUG - Save part 'xl/workbook.xml'
12:29:24.493 [main] DEBUG - Save part 'xl/worksheets/sheet1.xml'
12:29:24.493 [main] DEBUG - Save part 'xl/worksheets/sheet2.xml'
12:29:24.494 [main] DEBUG - Save part 'xl/worksheets/sheet3.xml'
12:29:24.496 [main] DEBUG - Parsing relationship: /xl/_rels/workbook.xml.rels
12:29:24.496 [main] DEBUG - Parsing relationship: /_rels/.rels
12:29:24.504 [main] DEBUG - Save content types part
12:29:24.505 [main] DEBUG - Save package relationships
12:29:24.505 [main] DEBUG - Save part 'docProps/app.xml'
12:29:24.505 [main] DEBUG - Save part 'docProps/core.xml'
12:29:24.506 [main] DEBUG - Save part 'docProps/custom.xml'
12:29:24.506 [main] DEBUG - Save part 'xl/sharedStrings.xml'
12:29:24.506 [main] DEBUG - Save part 'xl/styles.xml'
12:29:24.506 [main] DEBUG - Save part 'xl/theme/theme1.xml'
12:29:24.506 [main] DEBUG - Save part 'xl/workbook.xml'
12:29:24.506 [main] DEBUG - Save part 'xl/worksheets/sheet1.xml'
12:29:24.506 [main] DEBUG - Save part 'xl/worksheets/sheet2.xml'
12:29:24.507 [main] DEBUG - Save part 'xl/worksheets/sheet3.xml'
12:29:24.508 [main] DEBUG - Parsing relationship: /xl/_rels/workbook.xml.rels
12:29:24.508 [main] DEBUG - Parsing relationship: /_rels/.rels
12:29:24.514 [main] DEBUG - Save content types part
12:29:24.514 [main] DEBUG - Save package relationships
12:29:24.515 [main] DEBUG - Save part 'docProps/app.xml'
12:29:24.515 [main] DEBUG - Save part 'docProps/core.xml'
12:29:24.515 [main] DEBUG - Save part 'docProps/custom.xml'
12:29:24.515 [main] DEBUG - Save part 'xl/sharedStrings.xml'
12:29:24.515 [main] DEBUG - Save part 'xl/styles.xml'
12:29:24.516 [main] DEBUG - Save part 'xl/theme/theme1.xml'
12:29:24.516 [main] DEBUG - Save part 'xl/workbook.xml'
12:29:24.516 [main] DEBUG - Save part 'xl/worksheets/sheet1.xml'
12:29:24.516 [main] DEBUG - Save part 'xl/worksheets/sheet2.xml'
12:29:24.516 [main] DEBUG - Save part 'xl/worksheets/sheet3.xml'
12:29:24.518 [main] DEBUG - Parsing relationship: /xl/_rels/workbook.xml.rels
12:29:24.519 [main] DEBUG - Parsing relationship: /_rels/.rels
12:29:24.527 [main] DEBUG - Save content types part
12:29:24.528 [main] DEBUG - Save package relationships
12:29:24.528 [main] DEBUG - Save part 'docProps/app.xml'
12:29:24.528 [main] DEBUG - Save part 'docProps/core.xml'
12:29:24.529 [main] DEBUG - Save part 'docProps/custom.xml'
12:29:24.529 [main] DEBUG - Save part 'xl/sharedStrings.xml'
12:29:24.529 [main] DEBUG - Save part 'xl/styles.xml'
12:29:24.529 [main] DEBUG - Save part 'xl/theme/theme1.xml'
12:29:24.529 [main] DEBUG - Save part 'xl/workbook.xml'
12:29:24.530 [main] DEBUG - Save part 'xl/worksheets/sheet1.xml'
12:29:24.530 [main] DEBUG - Save part 'xl/worksheets/sheet2.xml'
12:29:24.530 [main] DEBUG - Save part 'xl/worksheets/sheet3.xml'
12:29:24.533 [main] DEBUG - Parsing relationship: /xl/_rels/workbook.xml.rels
12:29:24.534 [main] DEBUG - Parsing relationship: /_rels/.rels
12:29:24.545 [main] DEBUG - Save content types part
12:29:24.546 [main] DEBUG - Save package relationships
12:29:24.546 [main] DEBUG - Save part 'docProps/app.xml'
12:29:24.546 [main] DEBUG - Save part 'docProps/core.xml'
12:29:24.546 [main] DEBUG - Save part 'docProps/custom.xml'
12:29:24.546 [main] DEBUG - Save part 'xl/sharedStrings.xml'
12:29:24.546 [main] DEBUG - Save part 'xl/styles.xml'
12:29:24.547 [main] DEBUG - Save part 'xl/theme/theme1.xml'
12:29:24.547 [main] DEBUG - Save part 'xl/workbook.xml'
12:29:24.547 [main] DEBUG - Save part 'xl/worksheets/sheet1.xml'
12:29:24.547 [main] DEBUG - Save part 'xl/worksheets/sheet2.xml'
12:29:24.547 [main] DEBUG - Save part 'xl/worksheets/sheet3.xml'
12:29:24.549 [main] DEBUG - Parsing relationship: /xl/_rels/workbook.xml.rels
12:29:24.549 [main] DEBUG - Parsing relationship: /_rels/.rels
12:29:24.554 [main] DEBUG - Save content types part
12:29:24.555 [main] DEBUG - Save package relationships
12:29:24.555 [main] DEBUG - Save part 'docProps/app.xml'
12:29:24.555 [main] DEBUG - Save part 'docProps/core.xml'
12:29:24.556 [main] DEBUG - Save part 'docProps/custom.xml'
12:29:24.556 [main] DEBUG - Save part 'xl/sharedStrings.xml'
12:29:24.556 [main] DEBUG - Save part 'xl/styles.xml'
12:29:24.556 [main] DEBUG - Save part 'xl/theme/theme1.xml'
12:29:24.556 [main] DEBUG - Save part 'xl/workbook.xml'
12:29:24.557 [main] DEBUG - Save part 'xl/worksheets/sheet1.xml'
12:29:24.557 [main] DEBUG - Save part 'xl/worksheets/sheet2.xml'
12:29:24.557 [main] DEBUG - Save part 'xl/worksheets/sheet3.xml'
12:29:24.559 [main] DEBUG - Parsing relationship: /xl/_rels/workbook.xml.rels
12:29:24.559 [main] DEBUG - Parsing relationship: /_rels/.rels
12:29:24.570 [main] DEBUG - Save content types part
12:29:24.570 [main] DEBUG - Save package relationships
12:29:24.570 [main] DEBUG - Save part 'docProps/app.xml'
12:29:24.570 [main] DEBUG - Save part 'docProps/core.xml'
12:29:24.571 [main] DEBUG - Save part 'docProps/custom.xml'
12:29:24.571 [main] DEBUG - Save part 'xl/sharedStrings.xml'
12:29:24.571 [main] DEBUG - Save part 'xl/styles.xml'
12:29:24.571 [main] DEBUG - Save part 'xl/theme/theme1.xml'
12:29:24.571 [main] DEBUG - Save part 'xl/workbook.xml'
12:29:24.572 [main] DEBUG - Save part 'xl/worksheets/sheet1.xml'
12:29:24.572 [main] DEBUG - Save part 'xl/worksheets/sheet2.xml'
12:29:24.572 [main] DEBUG - Save part 'xl/worksheets/sheet3.xml'
12:29:24.573 [main] DEBUG - Parsing relationship: /xl/_rels/workbook.xml.rels
12:29:24.574 [main] DEBUG - Parsing relationship: /_rels/.rels
12:29:24.583 [main] DEBUG - Save content types part
12:29:24.584 [main] DEBUG - Save package relationships
12:29:24.584 [main] DEBUG - Save part 'docProps/app.xml'
12:29:24.584 [main] DEBUG - Save part 'docProps/core.xml'
12:29:24.584 [main] DEBUG - Save part 'docProps/custom.xml'
12:29:24.585 [main] DEBUG - Save part 'xl/sharedStrings.xml'
12:29:24.585 [main] DEBUG - Save part 'xl/styles.xml'
12:29:24.585 [main] DEBUG - Save part 'xl/theme/theme1.xml'
12:29:24.585 [main] DEBUG - Save part 'xl/workbook.xml'
12:29:24.585 [main] DEBUG - Save part 'xl/worksheets/sheet1.xml'
12:29:24.585 [main] DEBUG - Save part 'xl/worksheets/sheet2.xml'
12:29:24.585 [main] DEBUG - Save part 'xl/worksheets/sheet3.xml'
12:29:24.587 [main] DEBUG - Parsing relationship: /xl/_rels/workbook.xml.rels
12:29:24.587 [main] DEBUG - Parsing relationship: /_rels/.rels
12:29:24.593 [main] DEBUG - Save content types part
12:29:24.593 [main] DEBUG - Save package relationships
12:29:24.593 [main] DEBUG - Save part 'docProps/app.xml'
12:29:24.593 [main] DEBUG - Save part 'docProps/core.xml'
12:29:24.594 [main] DEBUG - Save part 'docProps/custom.xml'
12:29:24.594 [main] DEBUG - Save part 'xl/sharedStrings.xml'
12:29:24.594 [main] DEBUG - Save part 'xl/styles.xml'
12:29:24.594 [main] DEBUG - Save part 'xl/theme/theme1.xml'
12:29:24.594 [main] DEBUG - Save part 'xl/workbook.xml'
12:29:24.595 [main] DEBUG - Save part 'xl/worksheets/sheet1.xml'
12:29:24.595 [main] DEBUG - Save part 'xl/worksheets/sheet2.xml'
12:29:24.595 [main] DEBUG - Save part 'xl/worksheets/sheet3.xml'
12:29:24.597 [main] DEBUG - Parsing relationship: /xl/_rels/workbook.xml.rels
12:29:24.597 [main] DEBUG - Parsing relationship: /_rels/.rels
12:29:24.607 [main] DEBUG - Save content types part
12:29:24.608 [main] DEBUG - Save package relationships
12:29:24.608 [main] DEBUG - Save part 'docProps/app.xml'
12:29:24.608 [main] DEBUG - Save part 'docProps/core.xml'
12:29:24.609 [main] DEBUG - Save part 'docProps/custom.xml'
12:29:24.609 [main] DEBUG - Save part 'xl/sharedStrings.xml'
12:29:24.609 [main] DEBUG - Save part 'xl/styles.xml'
12:29:24.609 [main] DEBUG - Save part 'xl/theme/theme1.xml'
12:29:24.609 [main] DEBUG - Save part 'xl/workbook.xml'
12:29:24.610 [main] DEBUG - Save part 'xl/worksheets/sheet1.xml'
12:29:24.610 [main] DEBUG - Save part 'xl/worksheets/sheet2.xml'
12:29:24.610 [main] DEBUG - Save part 'xl/worksheets/sheet3.xml'
12:29:24.611 [main] DEBUG - Parsing relationship: /xl/_rels/workbook.xml.rels
12:29:24.612 [main] DEBUG - Parsing relationship: /_rels/.rels
12:29:24.623 [main] DEBUG - Save content types part
12:29:24.623 [main] DEBUG - Save package relationships
12:29:24.624 [main] DEBUG - Save part 'docProps/app.xml'
12:29:24.624 [main] DEBUG - Save part 'docProps/core.xml'
12:29:24.624 [main] DEBUG - Save part 'docProps/custom.xml'
12:29:24.624 [main] DEBUG - Save part 'xl/sharedStrings.xml'
12:29:24.624 [main] DEBUG - Save part 'xl/styles.xml'
12:29:24.624 [main] DEBUG - Save part 'xl/theme/theme1.xml'
12:29:24.624 [main] DEBUG - Save part 'xl/workbook.xml'
12:29:24.625 [main] DEBUG - Save part 'xl/worksheets/sheet1.xml'
12:29:24.625 [main] DEBUG - Save part 'xl/worksheets/sheet2.xml'
12:29:24.625 [main] DEBUG - Save part 'xl/worksheets/sheet3.xml'
12:29:24.626 [main] DEBUG - Parsing relationship: /xl/_rels/workbook.xml.rels
12:29:24.627 [main] DEBUG - Parsing relationship: /_rels/.rels
12:29:24.632 [main] DEBUG - Save content types part
12:29:24.632 [main] DEBUG - Save package relationships
12:29:24.633 [main] DEBUG - Save part 'docProps/app.xml'
12:29:24.633 [main] DEBUG - Save part 'docProps/core.xml'
12:29:24.633 [main] DEBUG - Save part 'docProps/custom.xml'
12:29:24.633 [main] DEBUG - Save part 'xl/sharedStrings.xml'
12:29:24.633 [main] DEBUG - Save part 'xl/styles.xml'
12:29:24.633 [main] DEBUG - Save part 'xl/theme/theme1.xml'
12:29:24.634 [main] DEBUG - Save part 'xl/workbook.xml'
12:29:24.634 [main] DEBUG - Save part 'xl/worksheets/sheet1.xml'
12:29:24.634 [main] DEBUG - Save part 'xl/worksheets/sheet2.xml'
12:29:24.634 [main] DEBUG - Save part 'xl/worksheets/sheet3.xml'
12:29:24.636 [main] DEBUG - Parsing relationship: /xl/_rels/workbook.xml.rels
12:29:24.636 [main] DEBUG - Parsing relationship: /_rels/.rels
12:29:24.645 [main] DEBUG - Save content types part
12:29:24.645 [main] DEBUG - Save package relationships
12:29:24.646 [main] DEBUG - Save part 'docProps/app.xml'
12:29:24.646 [main] DEBUG - Save part 'docProps/core.xml'
12:29:24.646 [main] DEBUG - Save part 'docProps/custom.xml'
12:29:24.646 [main] DEBUG - Save part 'xl/sharedStrings.xml'
12:29:24.646 [main] DEBUG - Save part 'xl/styles.xml'
12:29:24.646 [main] DEBUG - Save part 'xl/theme/theme1.xml'
12:29:24.646 [main] DEBUG - Save part 'xl/workbook.xml'
12:29:24.647 [main] DEBUG - Save part 'xl/worksheets/sheet1.xml'
12:29:24.647 [main] DEBUG - Save part 'xl/worksheets/sheet2.xml'
12:29:24.647 [main] DEBUG - Save part 'xl/worksheets/sheet3.xml'
12:29:24.648 [main] DEBUG - Parsing relationship: /xl/_rels/workbook.xml.rels
12:29:24.649 [main] DEBUG - Parsing relationship: /_rels/.rels
12:29:24.657 [main] DEBUG - Save content types part
12:29:24.658 [main] DEBUG - Save package relationships
12:29:24.658 [main] DEBUG - Save part 'docProps/app.xml'
12:29:24.658 [main] DEBUG - Save part 'docProps/core.xml'
12:29:24.659 [main] DEBUG - Save part 'docProps/custom.xml'
12:29:24.659 [main] DEBUG - Save part 'xl/sharedStrings.xml'
12:29:24.659 [main] DEBUG - Save part 'xl/styles.xml'
12:29:24.659 [main] DEBUG - Save part 'xl/theme/theme1.xml'
12:29:24.663 [main] DEBUG - Save part 'xl/workbook.xml'
12:29:24.664 [main] DEBUG - Save part 'xl/worksheets/sheet1.xml'
12:29:24.664 [main] DEBUG - Save part 'xl/worksheets/sheet2.xml'
12:29:24.664 [main] DEBUG - Save part 'xl/worksheets/sheet3.xml'
12:29:24.666 [main] DEBUG - Parsing relationship: /xl/_rels/workbook.xml.rels
12:29:24.666 [main] DEBUG - Parsing relationship: /_rels/.rels
12:29:24.672 [main] DEBUG - Save content types part
12:29:24.672 [main] DEBUG - Save package relationships
12:29:24.672 [main] DEBUG - Save part 'docProps/app.xml'
12:29:24.673 [main] DEBUG - Save part 'docProps/core.xml'
12:29:24.673 [main] DEBUG - Save part 'docProps/custom.xml'
12:29:24.673 [main] DEBUG - Save part 'xl/sharedStrings.xml'
12:29:24.673 [main] DEBUG - Save part 'xl/styles.xml'
12:29:24.673 [main] DEBUG - Save part 'xl/theme/theme1.xml'
12:29:24.673 [main] DEBUG - Save part 'xl/workbook.xml'
12:29:24.674 [main] DEBUG - Save part 'xl/worksheets/sheet1.xml'
12:29:24.674 [main] DEBUG - Save part 'xl/worksheets/sheet2.xml'
12:29:24.674 [main] DEBUG - Save part 'xl/worksheets/sheet3.xml'
12:29:24.676 [main] DEBUG - Parsing relationship: /xl/_rels/workbook.xml.rels
12:29:24.676 [main] DEBUG - Parsing relationship: /_rels/.rels
12:29:24.684 [main] DEBUG - Save content types part
12:29:24.685 [main] DEBUG - Save package relationships
12:29:24.685 [main] DEBUG - Save part 'docProps/app.xml'
12:29:24.685 [main] DEBUG - Save part 'docProps/core.xml'
12:29:24.685 [main] DEBUG - Save part 'docProps/custom.xml'
12:29:24.685 [main] DEBUG - Save part 'xl/sharedStrings.xml'
12:29:24.685 [main] DEBUG - Save part 'xl/styles.xml'
12:29:24.686 [main] DEBUG - Save part 'xl/theme/theme1.xml'
12:29:24.686 [main] DEBUG - Save part 'xl/workbook.xml'
12:29:24.686 [main] DEBUG - Save part 'xl/worksheets/sheet1.xml'
12:29:24.686 [main] DEBUG - Save part 'xl/worksheets/sheet2.xml'
12:29:24.686 [main] DEBUG - Save part 'xl/worksheets/sheet3.xml'
12:29:24.688 [main] DEBUG - Parsing relationship: /xl/_rels/workbook.xml.rels
12:29:24.688 [main] DEBUG - Parsing relationship: /_rels/.rels
12:29:24.696 [main] DEBUG - Save content types part
12:29:24.697 [main] DEBUG - Save package relationships
12:29:24.697 [main] DEBUG - Save part 'docProps/app.xml'
12:29:24.697 [main] DEBUG - Save part 'docProps/core.xml'
12:29:24.697 [main] DEBUG - Save part 'docProps/custom.xml'
12:29:24.697 [main] DEBUG - Save part 'xl/sharedStrings.xml'
12:29:24.698 [main] DEBUG - Save part 'xl/styles.xml'
12:29:24.698 [main] DEBUG - Save part 'xl/theme/theme1.xml'
12:29:24.698 [main] DEBUG - Save part 'xl/workbook.xml'
12:29:24.698 [main] DEBUG - Save part 'xl/worksheets/sheet1.xml'
12:29:24.698 [main] DEBUG - Save part 'xl/worksheets/sheet2.xml'
12:29:24.698 [main] DEBUG - Save part 'xl/worksheets/sheet3.xml'
12:29:24.700 [main] DEBUG - Parsing relationship: /xl/_rels/workbook.xml.rels
12:29:24.700 [main] DEBUG - Parsing relationship: /_rels/.rels
12:29:24.705 [main] DEBUG - Save content types part
12:29:24.705 [main] DEBUG - Save package relationships
12:29:24.705 [main] DEBUG - Save part 'docProps/app.xml'
12:29:24.705 [main] DEBUG - Save part 'docProps/core.xml'
12:29:24.706 [main] DEBUG - Save part 'docProps/custom.xml'
12:29:24.706 [main] DEBUG - Save part 'xl/sharedStrings.xml'
12:29:24.706 [main] DEBUG - Save part 'xl/styles.xml'
12:29:24.706 [main] DEBUG - Save part 'xl/theme/theme1.xml'
12:29:24.706 [main] DEBUG - Save part 'xl/workbook.xml'
12:29:24.707 [main] DEBUG - Save part 'xl/worksheets/sheet1.xml'
12:29:24.707 [main] DEBUG - Save part 'xl/worksheets/sheet2.xml'
12:29:24.707 [main] DEBUG - Save part 'xl/worksheets/sheet3.xml'
12:29:24.709 [main] DEBUG - Parsing relationship: /xl/_rels/workbook.xml.rels
12:29:24.709 [main] DEBUG - Parsing relationship: /_rels/.rels
12:29:24.718 [main] DEBUG - Save content types part
12:29:24.718 [main] DEBUG - Save package relationships
12:29:24.718 [main] DEBUG - Save part 'docProps/app.xml'
12:29:24.718 [main] DEBUG - Save part 'docProps/core.xml'
12:29:24.719 [main] DEBUG - Save part 'docProps/custom.xml'
12:29:24.719 [main] DEBUG - Save part 'xl/sharedStrings.xml'
12:29:24.719 [main] DEBUG - Save part 'xl/styles.xml'
12:29:24.719 [main] DEBUG - Save part 'xl/theme/theme1.xml'
12:29:24.719 [main] DEBUG - Save part 'xl/workbook.xml'
12:29:24.720 [main] DEBUG - Save part 'xl/worksheets/sheet1.xml'
12:29:24.720 [main] DEBUG - Save part 'xl/worksheets/sheet2.xml'
12:29:24.720 [main] DEBUG - Save part 'xl/worksheets/sheet3.xml'
12:29:24.721 [main] DEBUG - Parsing relationship: /xl/_rels/workbook.xml.rels
12:29:24.721 [main] DEBUG - Parsing relationship: /_rels/.rels
12:29:24.731 [main] DEBUG - Save content types part
12:29:24.731 [main] DEBUG - Save package relationships
12:29:24.732 [main] DEBUG - Save part 'docProps/app.xml'
12:29:24.732 [main] DEBUG - Save part 'docProps/core.xml'
12:29:24.732 [main] DEBUG - Save part 'docProps/custom.xml'
12:29:24.732 [main] DEBUG - Save part 'xl/sharedStrings.xml'
12:29:24.732 [main] DEBUG - Save part 'xl/styles.xml'
12:29:24.732 [main] DEBUG - Save part 'xl/theme/theme1.xml'
12:29:24.732 [main] DEBUG - Save part 'xl/workbook.xml'
12:29:24.733 [main] DEBUG - Save part 'xl/worksheets/sheet1.xml'
12:29:24.733 [main] DEBUG - Save part 'xl/worksheets/sheet2.xml'
12:29:24.733 [main] DEBUG - Save part 'xl/worksheets/sheet3.xml'
12:29:24.734 [main] DEBUG - Parsing relationship: /xl/_rels/workbook.xml.rels
12:29:24.734 [main] DEBUG - Parsing relationship: /_rels/.rels
12:29:24.740 [main] DEBUG - Save content types part
12:29:24.741 [main] DEBUG - Save package relationships
12:29:24.741 [main] DEBUG - Save part 'docProps/app.xml'
12:29:24.741 [main] DEBUG - Save part 'docProps/core.xml'
12:29:24.741 [main] DEBUG - Save part 'docProps/custom.xml'
12:29:24.741 [main] DEBUG - Save part 'xl/sharedStrings.xml'
12:29:24.741 [main] DEBUG - Save part 'xl/styles.xml'
12:29:24.742 [main] DEBUG - Save part 'xl/theme/theme1.xml'
12:29:24.742 [main] DEBUG - Save part 'xl/workbook.xml'
12:29:24.742 [main] DEBUG - Save part 'xl/worksheets/sheet1.xml'
12:29:24.742 [main] DEBUG - Save part 'xl/worksheets/sheet2.xml'
12:29:24.742 [main] DEBUG - Save part 'xl/worksheets/sheet3.xml'
12:29:24.744 [main] DEBUG - Parsing relationship: /xl/_rels/workbook.xml.rels
12:29:24.745 [main] DEBUG - Parsing relationship: /_rels/.rels
12:29:24.754 [main] DEBUG - Save content types part
12:29:24.755 [main] DEBUG - Save package relationships
12:29:24.755 [main] DEBUG - Save part 'docProps/app.xml'
12:29:24.755 [main] DEBUG - Save part 'docProps/core.xml'
12:29:24.755 [main] DEBUG - Save part 'docProps/custom.xml'
12:29:24.755 [main] DEBUG - Save part 'xl/sharedStrings.xml'
12:29:24.755 [main] DEBUG - Save part 'xl/styles.xml'
12:29:24.756 [main] DEBUG - Save part 'xl/theme/theme1.xml'
12:29:24.756 [main] DEBUG - Save part 'xl/workbook.xml'
12:29:24.756 [main] DEBUG - Save part 'xl/worksheets/sheet1.xml'
12:29:24.756 [main] DEBUG - Save part 'xl/worksheets/sheet2.xml'
12:29:24.756 [main] DEBUG - Save part 'xl/worksheets/sheet3.xml'
12:29:24.758 [main] DEBUG - Parsing relationship: /xl/_rels/workbook.xml.rels
12:29:24.758 [main] DEBUG - Parsing relationship: /_rels/.rels
12:29:24.767 [main] DEBUG - Save content types part
12:29:24.768 [main] DEBUG - Save package relationships
12:29:24.768 [main] DEBUG - Save part 'docProps/app.xml'
12:29:24.768 [main] DEBUG - Save part 'docProps/core.xml'
12:29:24.768 [main] DEBUG - Save part 'docProps/custom.xml'
12:29:24.768 [main] DEBUG - Save part 'xl/sharedStrings.xml'
12:29:24.769 [main] DEBUG - Save part 'xl/styles.xml'
12:29:24.769 [main] DEBUG - Save part 'xl/theme/theme1.xml'
12:29:24.769 [main] DEBUG - Save part 'xl/workbook.xml'
12:29:24.769 [main] DEBUG - Save part 'xl/worksheets/sheet1.xml'
12:29:24.769 [main] DEBUG - Save part 'xl/worksheets/sheet2.xml'
12:29:24.769 [main] DEBUG - Save part 'xl/worksheets/sheet3.xml'
12:29:24.771 [main] DEBUG - Parsing relationship: /xl/_rels/workbook.xml.rels
12:29:24.771 [main] DEBUG - Parsing relationship: /_rels/.rels
12:29:24.779 [main] DEBUG - Save content types part
12:29:24.779 [main] DEBUG - Save package relationships
12:29:24.780 [main] DEBUG - Save part 'docProps/app.xml'
12:29:24.780 [main] DEBUG - Save part 'docProps/core.xml'
12:29:24.780 [main] DEBUG - Save part 'docProps/custom.xml'
12:29:24.780 [main] DEBUG - Save part 'xl/sharedStrings.xml'
12:29:24.780 [main] DEBUG - Save part 'xl/styles.xml'
12:29:24.781 [main] DEBUG - Save part 'xl/theme/theme1.xml'
12:29:24.781 [main] DEBUG - Save part 'xl/workbook.xml'
12:29:24.781 [main] DEBUG - Save part 'xl/worksheets/sheet1.xml'
12:29:24.781 [main] DEBUG - Save part 'xl/worksheets/sheet2.xml'
12:29:24.781 [main] DEBUG - Save part 'xl/worksheets/sheet3.xml'
12:29:24.783 [main] DEBUG - Parsing relationship: /xl/_rels/workbook.xml.rels
12:29:24.783 [main] DEBUG - Parsing relationship: /_rels/.rels
12:29:24.791 [main] DEBUG - Save content types part
12:29:24.792 [main] DEBUG - Save package relationships
12:29:24.792 [main] DEBUG - Save part 'docProps/app.xml'
12:29:24.792 [main] DEBUG - Save part 'docProps/core.xml'
12:29:24.792 [main] DEBUG - Save part 'docProps/custom.xml'
12:29:24.792 [main] DEBUG - Save part 'xl/sharedStrings.xml'
12:29:24.792 [main] DEBUG - Save part 'xl/styles.xml'
12:29:24.793 [main] DEBUG - Save part 'xl/theme/theme1.xml'
12:29:24.793 [main] DEBUG - Save part 'xl/workbook.xml'
12:29:24.793 [main] DEBUG - Save part 'xl/worksheets/sheet1.xml'
12:29:24.793 [main] DEBUG - Save part 'xl/worksheets/sheet2.xml'
12:29:24.793 [main] DEBUG - Save part 'xl/worksheets/sheet3.xml'
12:29:24.795 [main] DEBUG - Parsing relationship: /xl/_rels/workbook.xml.rels
12:29:24.795 [main] DEBUG - Parsing relationship: /_rels/.rels
12:29:24.804 [main] DEBUG - Save content types part
12:29:24.804 [main] DEBUG - Save package relationships
12:29:24.804 [main] DEBUG - Save part 'docProps/app.xml'
12:29:24.804 [main] DEBUG - Save part 'docProps/core.xml'
12:29:24.805 [main] DEBUG - Save part 'docProps/custom.xml'
12:29:24.805 [main] DEBUG - Save part 'xl/sharedStrings.xml'
12:29:24.805 [main] DEBUG - Save part 'xl/styles.xml'
12:29:24.805 [main] DEBUG - Save part 'xl/theme/theme1.xml'
12:29:24.805 [main] DEBUG - Save part 'xl/workbook.xml'
12:29:24.806 [main] DEBUG - Save part 'xl/worksheets/sheet1.xml'
12:29:24.806 [main] DEBUG - Save part 'xl/worksheets/sheet2.xml'
12:29:24.806 [main] DEBUG - Save part 'xl/worksheets/sheet3.xml'
12:29:24.807 [main] DEBUG - Parsing relationship: /xl/_rels/workbook.xml.rels
12:29:24.808 [main] DEBUG - Parsing relationship: /_rels/.rels
12:29:24.813 [main] DEBUG - Save content types part
12:29:24.813 [main] DEBUG - Save package relationships
12:29:24.814 [main] DEBUG - Save part 'docProps/app.xml'
12:29:24.814 [main] DEBUG - Save part 'docProps/core.xml'
12:29:24.814 [main] DEBUG - Save part 'docProps/custom.xml'
12:29:24.814 [main] DEBUG - Save part 'xl/sharedStrings.xml'
12:29:24.814 [main] DEBUG - Save part 'xl/styles.xml'
12:29:24.814 [main] DEBUG - Save part 'xl/theme/theme1.xml'
12:29:24.815 [main] DEBUG - Save part 'xl/workbook.xml'
12:29:24.815 [main] DEBUG - Save part 'xl/worksheets/sheet1.xml'
12:29:24.815 [main] DEBUG - Save part 'xl/worksheets/sheet2.xml'
12:29:24.815 [main] DEBUG - Save part 'xl/worksheets/sheet3.xml'
12:29:24.817 [main] DEBUG - Parsing relationship: /xl/_rels/workbook.xml.rels
12:29:24.817 [main] DEBUG - Parsing relationship: /_rels/.rels
12:29:24.825 [main] DEBUG - Save content types part
12:29:24.825 [main] DEBUG - Save package relationships
12:29:24.825 [main] DEBUG - Save part 'docProps/app.xml'
12:29:24.826 [main] DEBUG - Save part 'docProps/core.xml'
12:29:24.826 [main] DEBUG - Save part 'docProps/custom.xml'
12:29:24.826 [main] DEBUG - Save part 'xl/sharedStrings.xml'
12:29:24.826 [main] DEBUG - Save part 'xl/styles.xml'
12:29:24.826 [main] DEBUG - Save part 'xl/theme/theme1.xml'
12:29:24.826 [main] DEBUG - Save part 'xl/workbook.xml'
12:29:24.826 [main] DEBUG - Save part 'xl/worksheets/sheet1.xml'
12:29:24.827 [main] DEBUG - Save part 'xl/worksheets/sheet2.xml'
12:29:24.827 [main] DEBUG - Save part 'xl/worksheets/sheet3.xml'
12:29:24.828 [main] DEBUG - Parsing relationship: /xl/_rels/workbook.xml.rels
12:29:24.828 [main] DEBUG - Parsing relationship: /_rels/.rels
12:29:24.837 [main] DEBUG - Save content types part
12:29:24.837 [main] DEBUG - Save package relationships
12:29:24.837 [main] DEBUG - Save part 'docProps/app.xml'
12:29:24.837 [main] DEBUG - Save part 'docProps/core.xml'
12:29:24.837 [main] DEBUG - Save part 'docProps/custom.xml'
12:29:24.838 [main] DEBUG - Save part 'xl/sharedStrings.xml'
12:29:24.838 [main] DEBUG - Save part 'xl/styles.xml'
12:29:24.838 [main] DEBUG - Save part 'xl/theme/theme1.xml'
12:29:24.838 [main] DEBUG - Save part 'xl/workbook.xml'
12:29:24.838 [main] DEBUG - Save part 'xl/worksheets/sheet1.xml'
12:29:24.838 [main] DEBUG - Save part 'xl/worksheets/sheet2.xml'
12:29:24.838 [main] DEBUG - Save part 'xl/worksheets/sheet3.xml'
12:29:24.840 [main] DEBUG - Parsing relationship: /xl/_rels/workbook.xml.rels
12:29:24.840 [main] DEBUG - Parsing relationship: /_rels/.rels
12:29:24.845 [main] DEBUG - Save content types part
12:29:24.845 [main] DEBUG - Save package relationships
12:29:24.845 [main] DEBUG - Save part 'docProps/app.xml'
12:29:24.845 [main] DEBUG - Save part 'docProps/core.xml'
12:29:24.846 [main] DEBUG - Save part 'docProps/custom.xml'
12:29:24.846 [main] DEBUG - Save part 'xl/sharedStrings.xml'
12:29:24.846 [main] DEBUG - Save part 'xl/styles.xml'
12:29:24.846 [main] DEBUG - Save part 'xl/theme/theme1.xml'
12:29:24.846 [main] DEBUG - Save part 'xl/workbook.xml'
12:29:24.846 [main] DEBUG - Save part 'xl/worksheets/sheet1.xml'
12:29:24.847 [main] DEBUG - Save part 'xl/worksheets/sheet2.xml'
12:29:24.847 [main] DEBUG - Save part 'xl/worksheets/sheet3.xml'
12:29:24.848 [main] DEBUG - Parsing relationship: /xl/_rels/workbook.xml.rels
12:29:24.848 [main] DEBUG - Parsing relationship: /_rels/.rels
12:29:24.857 [main] DEBUG - Save content types part
12:29:24.857 [main] DEBUG - Save package relationships
12:29:24.857 [main] DEBUG - Save part 'docProps/app.xml'
12:29:24.857 [main] DEBUG - Save part 'docProps/core.xml'
12:29:24.857 [main] DEBUG - Save part 'docProps/custom.xml'
12:29:24.857 [main] DEBUG - Save part 'xl/sharedStrings.xml'
12:29:24.857 [main] DEBUG - Save part 'xl/styles.xml'
12:29:24.858 [main] DEBUG - Save part 'xl/theme/theme1.xml'
12:29:24.858 [main] DEBUG - Save part 'xl/workbook.xml'
12:29:24.858 [main] DEBUG - Save part 'xl/worksheets/sheet1.xml'
12:29:24.858 [main] DEBUG - Save part 'xl/worksheets/sheet2.xml'
12:29:24.858 [main] DEBUG - Save part 'xl/worksheets/sheet3.xml'
12:29:24.860 [main] DEBUG - Parsing relationship: /xl/_rels/workbook.xml.rels
12:29:24.860 [main] DEBUG - Parsing relationship: /_rels/.rels
12:29:24.868 [main] DEBUG - Save content types part
12:29:24.868 [main] DEBUG - Save package relationships
12:29:24.868 [main] DEBUG - Save part 'docProps/app.xml'
12:29:24.868 [main] DEBUG - Save part 'docProps/core.xml'
12:29:24.869 [main] DEBUG - Save part 'docProps/custom.xml'
12:29:24.869 [main] DEBUG - Save part 'xl/sharedStrings.xml'
12:29:24.869 [main] DEBUG - Save part 'xl/styles.xml'
12:29:24.869 [main] DEBUG - Save part 'xl/theme/theme1.xml'
12:29:24.869 [main] DEBUG - Save part 'xl/workbook.xml'
12:29:24.869 [main] DEBUG - Save part 'xl/worksheets/sheet1.xml'
12:29:24.869 [main] DEBUG - Save part 'xl/worksheets/sheet2.xml'
12:29:24.869 [main] DEBUG - Save part 'xl/worksheets/sheet3.xml'
12:29:24.871 [main] DEBUG - Parsing relationship: /xl/_rels/workbook.xml.rels
12:29:24.871 [main] DEBUG - Parsing relationship: /_rels/.rels
12:29:24.876 [main] DEBUG - Save content types part
12:29:24.877 [main] DEBUG - Save package relationships
12:29:24.877 [main] DEBUG - Save part 'docProps/app.xml'
12:29:24.877 [main] DEBUG - Save part 'docProps/core.xml'
12:29:24.877 [main] DEBUG - Save part 'docProps/custom.xml'
12:29:24.878 [main] DEBUG - Save part 'xl/sharedStrings.xml'
12:29:24.878 [main] DEBUG - Save part 'xl/styles.xml'
12:29:24.878 [main] DEBUG - Save part 'xl/theme/theme1.xml'
12:29:24.878 [main] DEBUG - Save part 'xl/workbook.xml'
12:29:24.878 [main] DEBUG - Save part 'xl/worksheets/sheet1.xml'
12:29:24.878 [main] DEBUG - Save part 'xl/worksheets/sheet2.xml'
12:29:24.878 [main] DEBUG - Save part 'xl/worksheets/sheet3.xml'
12:29:24.880 [main] DEBUG - Parsing relationship: /xl/_rels/workbook.xml.rels
12:29:24.880 [main] DEBUG - Parsing relationship: /_rels/.rels
12:29:24.888 [main] DEBUG - Save content types part
12:29:24.888 [main] DEBUG - Save package relationships
12:29:24.888 [main] DEBUG - Save part 'docProps/app.xml'
12:29:24.888 [main] DEBUG - Save part 'docProps/core.xml'
12:29:24.889 [main] DEBUG - Save part 'docProps/custom.xml'
12:29:24.889 [main] DEBUG - Save part 'xl/sharedStrings.xml'
12:29:24.889 [main] DEBUG - Save part 'xl/styles.xml'
12:29:24.889 [main] DEBUG - Save part 'xl/theme/theme1.xml'
12:29:24.889 [main] DEBUG - Save part 'xl/workbook.xml'
12:29:24.889 [main] DEBUG - Save part 'xl/worksheets/sheet1.xml'
12:29:24.890 [main] DEBUG - Save part 'xl/worksheets/sheet2.xml'
12:29:24.890 [main] DEBUG - Save part 'xl/worksheets/sheet3.xml'
12:29:24.891 [main] DEBUG - Parsing relationship: /xl/_rels/workbook.xml.rels
12:29:24.891 [main] DEBUG - Parsing relationship: /_rels/.rels
12:29:24.898 [main] DEBUG - Save content types part
12:29:24.899 [main] DEBUG - Save package relationships
12:29:24.899 [main] DEBUG - Save part 'docProps/app.xml'
12:29:24.899 [main] DEBUG - Save part 'docProps/core.xml'
12:29:24.899 [main] DEBUG - Save part 'docProps/custom.xml'
12:29:24.899 [main] DEBUG - Save part 'xl/sharedStrings.xml'
12:29:24.899 [main] DEBUG - Save part 'xl/styles.xml'
12:29:24.900 [main] DEBUG - Save part 'xl/theme/theme1.xml'
12:29:24.900 [main] DEBUG - Save part 'xl/workbook.xml'
12:29:24.900 [main] DEBUG - Save part 'xl/worksheets/sheet1.xml'
12:29:24.900 [main] DEBUG - Save part 'xl/worksheets/sheet2.xml'
12:29:24.900 [main] DEBUG - Save part 'xl/worksheets/sheet3.xml'
12:29:24.902 [main] DEBUG - Parsing relationship: /xl/_rels/workbook.xml.rels
12:29:24.902 [main] DEBUG - Parsing relationship: /_rels/.rels
12:29:24.906 [main] DEBUG - Save content types part
12:29:24.907 [main] DEBUG - Save package relationships
12:29:24.907 [main] DEBUG - Save part 'docProps/app.xml'
12:29:24.907 [main] DEBUG - Save part 'docProps/core.xml'
12:29:24.907 [main] DEBUG - Save part 'docProps/custom.xml'
12:29:24.907 [main] DEBUG - Save part 'xl/sharedStrings.xml'
12:29:24.907 [main] DEBUG - Save part 'xl/styles.xml'
12:29:24.908 [main] DEBUG - Save part 'xl/theme/theme1.xml'
12:29:24.908 [main] DEBUG - Save part 'xl/workbook.xml'
12:29:24.908 [main] DEBUG - Save part 'xl/worksheets/sheet1.xml'
12:29:24.908 [main] DEBUG - Save part 'xl/worksheets/sheet2.xml'
12:29:24.908 [main] DEBUG - Save part 'xl/worksheets/sheet3.xml'
12:29:24.910 [main] DEBUG - Parsing relationship: /xl/_rels/workbook.xml.rels
12:29:24.910 [main] DEBUG - Parsing relationship: /_rels/.rels
12:29:24.920 [main] DEBUG - Save content types part
12:29:24.921 [main] DEBUG - Save package relationships
12:29:24.921 [main] DEBUG - Save part 'docProps/app.xml'
12:29:24.921 [main] DEBUG - Save part 'docProps/core.xml'
12:29:24.921 [main] DEBUG - Save part 'docProps/custom.xml'
12:29:24.921 [main] DEBUG - Save part 'xl/sharedStrings.xml'
12:29:24.921 [main] DEBUG - Save part 'xl/styles.xml'
12:29:24.921 [main] DEBUG - Save part 'xl/theme/theme1.xml'
12:29:24.921 [main] DEBUG - Save part 'xl/workbook.xml'
12:29:24.922 [main] DEBUG - Save part 'xl/worksheets/sheet1.xml'
12:29:24.922 [main] DEBUG - Save part 'xl/worksheets/sheet2.xml'
12:29:24.922 [main] DEBUG - Save part 'xl/worksheets/sheet3.xml'
12:29:24.923 [main] DEBUG - Parsing relationship: /xl/_rels/workbook.xml.rels
12:29:24.923 [main] DEBUG - Parsing relationship: /_rels/.rels
12:29:24.931 [main] DEBUG - Save content types part
12:29:24.931 [main] DEBUG - Save package relationships
12:29:24.931 [main] DEBUG - Save part 'docProps/app.xml'
12:29:24.931 [main] DEBUG - Save part 'docProps/core.xml'
12:29:24.932 [main] DEBUG - Save part 'docProps/custom.xml'
12:29:24.932 [main] DEBUG - Save part 'xl/sharedStrings.xml'
12:29:24.932 [main] DEBUG - Save part 'xl/styles.xml'
12:29:24.932 [main] DEBUG - Save part 'xl/theme/theme1.xml'
12:29:24.932 [main] DEBUG - Save part 'xl/workbook.xml'
12:29:24.933 [main] DEBUG - Save part 'xl/worksheets/sheet1.xml'
12:29:24.933 [main] DEBUG - Save part 'xl/worksheets/sheet2.xml'
12:29:24.933 [main] DEBUG - Save part 'xl/worksheets/sheet3.xml'
12:29:24.934 [main] DEBUG - Parsing relationship: /xl/_rels/workbook.xml.rels
12:29:24.934 [main] DEBUG - Parsing relationship: /_rels/.rels
12:29:24.940 [main] DEBUG - Save content types part
12:29:24.940 [main] DEBUG - Save package relationships
12:29:24.940 [main] DEBUG - Save part 'docProps/app.xml'
12:29:24.941 [main] DEBUG - Save part 'docProps/core.xml'
12:29:24.941 [main] DEBUG - Save part 'docProps/custom.xml'
12:29:24.941 [main] DEBUG - Save part 'xl/sharedStrings.xml'
12:29:24.941 [main] DEBUG - Save part 'xl/styles.xml'
12:29:24.941 [main] DEBUG - Save part 'xl/theme/theme1.xml'
12:29:24.941 [main] DEBUG - Save part 'xl/workbook.xml'
12:29:24.942 [main] DEBUG - Save part 'xl/worksheets/sheet1.xml'
12:29:24.942 [main] DEBUG - Save part 'xl/worksheets/sheet2.xml'
12:29:24.942 [main] DEBUG - Save part 'xl/worksheets/sheet3.xml'
12:29:24.944 [main] DEBUG - Parsing relationship: /xl/_rels/workbook.xml.rels
12:29:24.944 [main] DEBUG - Parsing relationship: /_rels/.rels
12:29:24.952 [main] DEBUG - Save content types part
12:29:24.952 [main] DEBUG - Save package relationships
12:29:24.952 [main] DEBUG - Save part 'docProps/app.xml'
12:29:24.952 [main] DEBUG - Save part 'docProps/core.xml'
12:29:24.953 [main] DEBUG - Save part 'docProps/custom.xml'
12:29:24.953 [main] DEBUG - Save part 'xl/sharedStrings.xml'
12:29:24.953 [main] DEBUG - Save part 'xl/styles.xml'
12:29:24.953 [main] DEBUG - Save part 'xl/theme/theme1.xml'
12:29:24.953 [main] DEBUG - Save part 'xl/workbook.xml'
12:29:24.953 [main] DEBUG - Save part 'xl/worksheets/sheet1.xml'
12:29:24.954 [main] DEBUG - Save part 'xl/worksheets/sheet2.xml'
12:29:24.954 [main] DEBUG - Save part 'xl/worksheets/sheet3.xml'
12:29:24.955 [main] DEBUG - Parsing relationship: /xl/_rels/workbook.xml.rels
12:29:24.955 [main] DEBUG - Parsing relationship: /_rels/.rels
12:29:24.963 [main] DEBUG - Save content types part
12:29:24.964 [main] DEBUG - Save package relationships
12:29:24.964 [main] DEBUG - Save part 'docProps/app.xml'
12:29:24.964 [main] DEBUG - Save part 'docProps/core.xml'
12:29:24.965 [main] DEBUG - Save part 'docProps/custom.xml'
12:29:24.965 [main] DEBUG - Save part 'xl/sharedStrings.xml'
12:29:24.965 [main] DEBUG - Save part 'xl/styles.xml'
12:29:24.965 [main] DEBUG - Save part 'xl/theme/theme1.xml'
12:29:24.968 [main] DEBUG - Save part 'xl/workbook.xml'
12:29:24.972 [main] DEBUG - Save part 'xl/worksheets/sheet1.xml'
12:29:24.972 [main] DEBUG - Save part 'xl/worksheets/sheet2.xml'
12:29:24.972 [main] DEBUG - Save part 'xl/worksheets/sheet3.xml'
12:29:24.976 [main] DEBUG - Parsing relationship: /xl/_rels/workbook.xml.rels
12:29:24.977 [main] DEBUG - Parsing relationship: /_rels/.rels
12:29:24.986 [main] DEBUG - Save content types part
12:29:24.986 [main] DEBUG - Save package relationships
12:29:24.987 [main] DEBUG - Save part 'docProps/app.xml'
12:29:24.987 [main] DEBUG - Save part 'docProps/core.xml'
12:29:24.988 [main] DEBUG - Save part 'docProps/custom.xml'
12:29:24.988 [main] DEBUG - Save part 'xl/sharedStrings.xml'
12:29:24.988 [main] DEBUG - Save part 'xl/styles.xml'
12:29:24.988 [main] DEBUG - Save part 'xl/theme/theme1.xml'
12:29:24.988 [main] DEBUG - Save part 'xl/workbook.xml'
12:29:24.989 [main] DEBUG - Save part 'xl/worksheets/sheet1.xml'
12:29:24.989 [main] DEBUG - Save part 'xl/worksheets/sheet2.xml'
12:29:24.989 [main] DEBUG - Save part 'xl/worksheets/sheet3.xml'
12:29:24.991 [main] DEBUG - Parsing relationship: /xl/_rels/workbook.xml.rels
12:29:24.991 [main] DEBUG - Parsing relationship: /_rels/.rels
12:29:25.000 [main] DEBUG - Save content types part
12:29:25.001 [main] DEBUG - Save package relationships
12:29:25.001 [main] DEBUG - Save part 'docProps/app.xml'
12:29:25.001 [main] DEBUG - Save part 'docProps/core.xml'
12:29:25.001 [main] DEBUG - Save part 'docProps/custom.xml'
12:29:25.001 [main] DEBUG - Save part 'xl/sharedStrings.xml'
12:29:25.001 [main] DEBUG - Save part 'xl/styles.xml'
12:29:25.002 [main] DEBUG - Save part 'xl/theme/theme1.xml'
12:29:25.002 [main] DEBUG - Save part 'xl/workbook.xml'
12:29:25.002 [main] DEBUG - Save part 'xl/worksheets/sheet1.xml'
12:29:25.002 [main] DEBUG - Save part 'xl/worksheets/sheet2.xml'
12:29:25.002 [main] DEBUG - Save part 'xl/worksheets/sheet3.xml'
12:29:25.003 [main] DEBUG - Parsing relationship: /xl/_rels/workbook.xml.rels
12:29:25.004 [main] DEBUG - Parsing relationship: /_rels/.rels
12:29:25.010 [main] DEBUG - Save content types part
12:29:25.010 [main] DEBUG - Save package relationships
12:29:25.010 [main] DEBUG - Save part 'docProps/app.xml'
12:29:25.010 [main] DEBUG - Save part 'docProps/core.xml'
12:29:25.011 [main] DEBUG - Save part 'docProps/custom.xml'
12:29:25.011 [main] DEBUG - Save part 'xl/sharedStrings.xml'
12:29:25.011 [main] DEBUG - Save part 'xl/styles.xml'
12:29:25.011 [main] DEBUG - Save part 'xl/theme/theme1.xml'
12:29:25.011 [main] DEBUG - Save part 'xl/workbook.xml'
12:29:25.012 [main] DEBUG - Save part 'xl/worksheets/sheet1.xml'
12:29:25.012 [main] DEBUG - Save part 'xl/worksheets/sheet2.xml'
12:29:25.012 [main] DEBUG - Save part 'xl/worksheets/sheet3.xml'
