20:00:49.859 [main] DEBUG - Save part 'docProps/app.xml'
20:00:49.860 [main] DEBUG - Save part 'docProps/core.xml'
20:00:49.861 [main] DEBUG - Save part 'docProps/custom.xml'
20:00:49.861 [main] DEBUG - Save part 'xl/sharedStrings.xml'
20:00:49.861 [main] DEBUG - Save part 'xl/styles.xml'
20:00:49.861 [main] DEBUG - Save part 'xl/theme/theme1.xml'
20:00:49.861 [main] DEBUG - Save part 'xl/workbook.xml'
20:00:49.861 [main] DEBUG - Save part 'xl/worksheets/sheet1.xml'
20:00:49.861 [main] DEBUG - Save part 'xl/worksheets/sheet2.xml'
20:00:49.862 [main] DEBUG - Save part 'xl/worksheets/sheet3.xml'
20:00:49.862 [main] DEBUG - Save part 'xl/worksheets/sheet4.xml'
20:00:49.863 [main] DEBUG - Parsing relationship: /xl/_rels/workbook.xml.rels
20:00:49.863 [main] DEBUG - Parsing relationship: /_rels/.rels
20:00:49.868 [main] DEBUG - Save content types part
20:00:49.868 [main] DEBUG - Save package relationships
20:00:49.868 [main] DEBUG - Save part 'docProps/app.xml'
20:00:49.868 [main] DEBUG - Save part 'docProps/core.xml'
20:00:49.868 [main] DEBUG - Save part 'docProps/custom.xml'
20:00:49.868 [main] DEBUG - Save part 'xl/sharedStrings.xml'
20:00:49.869 [main] DEBUG - Save part 'xl/styles.xml'
20:00:49.869 [main] DEBUG - Save part 'xl/theme/theme1.xml'
20:00:49.869 [main] DEBUG - Save part 'xl/workbook.xml'
20:00:49.869 [main] DEBUG - Save part 'xl/worksheets/sheet1.xml'
20:00:49.869 [main] DEBUG - Save part 'xl/worksheets/sheet2.xml'
20:00:49.869 [main] DEBUG - Save part 'xl/worksheets/sheet3.xml'
20:00:49.869 [main] DEBUG - Save part 'xl/worksheets/sheet4.xml'
20:00:49.885 [main] DEBUG - Parsing relationship: /xl/_rels/workbook.xml.rels
20:00:49.885 [main] DEBUG - Parsing relationship: /_rels/.rels
20:00:49.891 [main] DEBUG - Save content types part
20:00:49.891 [main] DEBUG - Save package relationships
20:00:49.891 [main] DEBUG - Save part 'docProps/app.xml'
20:00:49.891 [main] DEBUG - Save part 'docProps/core.xml'
20:00:49.891 [main] DEBUG - Save part 'docProps/custom.xml'
20:00:49.892 [main] DEBUG - Save part 'xl/sharedStrings.xml'
20:00:49.892 [main] DEBUG - Save part 'xl/styles.xml'
20:00:49.892 [main] DEBUG - Save part 'xl/theme/theme1.xml'
20:00:49.892 [main] DEBUG - Save part 'xl/workbook.xml'
20:00:49.892 [main] DEBUG - Save part 'xl/worksheets/sheet1.xml'
20:00:49.892 [main] DEBUG - Save part 'xl/worksheets/sheet2.xml'
20:00:49.892 [main] DEBUG - Save part 'xl/worksheets/sheet3.xml'
20:00:49.892 [main] DEBUG - Save part 'xl/worksheets/sheet4.xml'
20:00:49.894 [main] DEBUG - Parsing relationship: /xl/_rels/workbook.xml.rels
20:00:49.894 [main] DEBUG - Parsing relationship: /_rels/.rels
20:00:49.899 [main] DEBUG - Save content types part
20:00:49.899 [main] DEBUG - Save package relationships
20:00:49.899 [main] DEBUG - Save part 'docProps/app.xml'
20:00:49.900 [main] DEBUG - Save part 'docProps/core.xml'
20:00:49.900 [main] DEBUG - Save part 'docProps/custom.xml'
20:00:49.900 [main] DEBUG - Save part 'xl/sharedStrings.xml'
20:00:49.900 [main] DEBUG - Save part 'xl/styles.xml'
20:00:49.900 [main] DEBUG - Save part 'xl/theme/theme1.xml'
20:00:49.900 [main] DEBUG - Save part 'xl/workbook.xml'
20:00:49.900 [main] DEBUG - Save part 'xl/worksheets/sheet1.xml'
20:00:49.900 [main] DEBUG - Save part 'xl/worksheets/sheet2.xml'
20:00:49.901 [main] DEBUG - Save part 'xl/worksheets/sheet3.xml'
20:00:49.901 [main] DEBUG - Save part 'xl/worksheets/sheet4.xml'
20:00:49.902 [main] DEBUG - Parsing relationship: /xl/_rels/workbook.xml.rels
20:00:49.902 [main] DEBUG - Parsing relationship: /_rels/.rels
20:00:49.908 [main] DEBUG - Save content types part
20:00:49.908 [main] DEBUG - Save package relationships
20:00:49.908 [main] DEBUG - Save part 'docProps/app.xml'
20:00:49.908 [main] DEBUG - Save part 'docProps/core.xml'
20:00:49.908 [main] DEBUG - Save part 'docProps/custom.xml'
20:00:49.909 [main] DEBUG - Save part 'xl/sharedStrings.xml'
20:00:49.909 [main] DEBUG - Save part 'xl/styles.xml'
20:00:49.909 [main] DEBUG - Save part 'xl/theme/theme1.xml'
20:00:49.909 [main] DEBUG - Save part 'xl/workbook.xml'
20:00:49.909 [main] DEBUG - Save part 'xl/worksheets/sheet1.xml'
20:00:49.909 [main] DEBUG - Save part 'xl/worksheets/sheet2.xml'
20:00:49.909 [main] DEBUG - Save part 'xl/worksheets/sheet3.xml'
20:00:49.909 [main] DEBUG - Save part 'xl/worksheets/sheet4.xml'
20:00:49.922 [main] DEBUG - Parsing relationship: /xl/_rels/workbook.xml.rels
20:00:49.922 [main] DEBUG - Parsing relationship: /_rels/.rels
20:00:49.925 [main] DEBUG - Save content types part
20:00:49.926 [main] DEBUG - Save package relationships
20:00:49.926 [main] DEBUG - Save part 'docProps/app.xml'
20:00:49.926 [main] DEBUG - Save part 'docProps/core.xml'
20:00:49.926 [main] DEBUG - Save part 'docProps/custom.xml'
20:00:49.926 [main] DEBUG - Save part 'xl/sharedStrings.xml'
20:00:49.926 [main] DEBUG - Save part 'xl/styles.xml'
20:00:49.927 [main] DEBUG - Save part 'xl/theme/theme1.xml'
20:00:49.927 [main] DEBUG - Save part 'xl/workbook.xml'
20:00:49.927 [main] DEBUG - Save part 'xl/worksheets/sheet1.xml'
20:00:49.927 [main] DEBUG - Save part 'xl/worksheets/sheet2.xml'
20:00:49.927 [main] DEBUG - Save part 'xl/worksheets/sheet3.xml'
20:00:49.927 [main] DEBUG - Save part 'xl/worksheets/sheet4.xml'
20:00:49.929 [main] DEBUG - Parsing relationship: /xl/_rels/workbook.xml.rels
20:00:49.929 [main] DEBUG - Parsing relationship: /_rels/.rels
20:00:49.935 [main] DEBUG - Save content types part
20:00:49.935 [main] DEBUG - Save package relationships
20:00:49.935 [main] DEBUG - Save part 'docProps/app.xml'
20:00:49.935 [main] DEBUG - Save part 'docProps/core.xml'
20:00:49.935 [main] DEBUG - Save part 'docProps/custom.xml'
20:00:49.935 [main] DEBUG - Save part 'xl/sharedStrings.xml'
20:00:49.935 [main] DEBUG - Save part 'xl/styles.xml'
20:00:49.936 [main] DEBUG - Save part 'xl/theme/theme1.xml'
20:00:49.936 [main] DEBUG - Save part 'xl/workbook.xml'
20:00:49.936 [main] DEBUG - Save part 'xl/worksheets/sheet1.xml'
20:00:49.936 [main] DEBUG - Save part 'xl/worksheets/sheet2.xml'
20:00:49.936 [main] DEBUG - Save part 'xl/worksheets/sheet3.xml'
20:00:49.936 [main] DEBUG - Save part 'xl/worksheets/sheet4.xml'
20:00:49.938 [main] DEBUG - Parsing relationship: /xl/_rels/workbook.xml.rels
20:00:49.938 [main] DEBUG - Parsing relationship: /_rels/.rels
20:00:49.944 [main] DEBUG - Save content types part
20:00:49.944 [main] DEBUG - Save package relationships
20:00:49.944 [main] DEBUG - Save part 'docProps/app.xml'
20:00:49.944 [main] DEBUG - Save part 'docProps/core.xml'
20:00:49.944 [main] DEBUG - Save part 'docProps/custom.xml'
20:00:49.944 [main] DEBUG - Save part 'xl/sharedStrings.xml'
20:00:49.944 [main] DEBUG - Save part 'xl/styles.xml'
20:00:49.945 [main] DEBUG - Save part 'xl/theme/theme1.xml'
20:00:49.945 [main] DEBUG - Save part 'xl/workbook.xml'
20:00:49.945 [main] DEBUG - Save part 'xl/worksheets/sheet1.xml'
20:00:49.945 [main] DEBUG - Save part 'xl/worksheets/sheet2.xml'
20:00:49.945 [main] DEBUG - Save part 'xl/worksheets/sheet3.xml'
20:00:49.945 [main] DEBUG - Save part 'xl/worksheets/sheet4.xml'
20:00:49.957 [main] DEBUG - Parsing relationship: /xl/_rels/workbook.xml.rels
20:00:49.958 [main] DEBUG - Parsing relationship: /_rels/.rels
20:00:49.961 [main] DEBUG - Save content types part
20:00:49.961 [main] DEBUG - Save package relationships
20:00:49.961 [main] DEBUG - Save part 'docProps/app.xml'
20:00:49.961 [main] DEBUG - Save part 'docProps/core.xml'
20:00:49.962 [main] DEBUG - Save part 'docProps/custom.xml'
20:00:49.962 [main] DEBUG - Save part 'xl/sharedStrings.xml'
20:00:49.962 [main] DEBUG - Save part 'xl/styles.xml'
20:00:49.962 [main] DEBUG - Save part 'xl/theme/theme1.xml'
20:00:49.962 [main] DEBUG - Save part 'xl/workbook.xml'
20:00:49.962 [main] DEBUG - Save part 'xl/worksheets/sheet1.xml'
20:00:49.962 [main] DEBUG - Save part 'xl/worksheets/sheet2.xml'
20:00:49.962 [main] DEBUG - Save part 'xl/worksheets/sheet3.xml'
20:00:49.963 [main] DEBUG - Save part 'xl/worksheets/sheet4.xml'
20:00:49.964 [main] DEBUG - Parsing relationship: /xl/_rels/workbook.xml.rels
20:00:49.964 [main] DEBUG - Parsing relationship: /_rels/.rels
20:00:49.969 [main] DEBUG - Save content types part
20:00:49.969 [main] DEBUG - Save package relationships
20:00:49.969 [main] DEBUG - Save part 'docProps/app.xml'
20:00:49.969 [main] DEBUG - Save part 'docProps/core.xml'
20:00:49.970 [main] DEBUG - Save part 'docProps/custom.xml'
20:00:49.970 [main] DEBUG - Save part 'xl/sharedStrings.xml'
20:00:49.970 [main] DEBUG - Save part 'xl/styles.xml'
20:00:49.970 [main] DEBUG - Save part 'xl/theme/theme1.xml'
20:00:49.970 [main] DEBUG - Save part 'xl/workbook.xml'
20:00:49.970 [main] DEBUG - Save part 'xl/worksheets/sheet1.xml'
20:00:49.970 [main] DEBUG - Save part 'xl/worksheets/sheet2.xml'
20:00:49.970 [main] DEBUG - Save part 'xl/worksheets/sheet3.xml'
20:00:49.971 [main] DEBUG - Save part 'xl/worksheets/sheet4.xml'
20:00:49.972 [main] DEBUG - Parsing relationship: /xl/_rels/workbook.xml.rels
20:00:49.972 [main] DEBUG - Parsing relationship: /_rels/.rels
20:00:49.976 [main] DEBUG - Save content types part
20:00:49.977 [main] DEBUG - Save package relationships
20:00:49.977 [main] DEBUG - Save part 'docProps/app.xml'
20:00:49.977 [main] DEBUG - Save part 'docProps/core.xml'
20:00:49.977 [main] DEBUG - Save part 'docProps/custom.xml'
20:00:49.977 [main] DEBUG - Save part 'xl/sharedStrings.xml'
20:00:49.977 [main] DEBUG - Save part 'xl/styles.xml'
20:00:49.977 [main] DEBUG - Save part 'xl/theme/theme1.xml'
20:00:49.978 [main] DEBUG - Save part 'xl/workbook.xml'
20:00:49.978 [main] DEBUG - Save part 'xl/worksheets/sheet1.xml'
20:00:49.978 [main] DEBUG - Save part 'xl/worksheets/sheet2.xml'
20:00:49.978 [main] DEBUG - Save part 'xl/worksheets/sheet3.xml'
20:00:49.978 [main] DEBUG - Save part 'xl/worksheets/sheet4.xml'
20:00:49.991 [main] DEBUG - Parsing relationship: /xl/_rels/workbook.xml.rels
20:00:49.991 [main] DEBUG - Parsing relationship: /_rels/.rels
20:00:49.995 [main] DEBUG - Save content types part
20:00:49.995 [main] DEBUG - Save package relationships
20:00:49.995 [main] DEBUG - Save part 'docProps/app.xml'
20:00:49.995 [main] DEBUG - Save part 'docProps/core.xml'
20:00:49.996 [main] DEBUG - Save part 'docProps/custom.xml'
20:00:49.996 [main] DEBUG - Save part 'xl/sharedStrings.xml'
20:00:49.996 [main] DEBUG - Save part 'xl/styles.xml'
20:00:49.996 [main] DEBUG - Save part 'xl/theme/theme1.xml'
20:00:49.996 [main] DEBUG - Save part 'xl/workbook.xml'
20:00:49.996 [main] DEBUG - Save part 'xl/worksheets/sheet1.xml'
20:00:49.996 [main] DEBUG - Save part 'xl/worksheets/sheet2.xml'
20:00:49.996 [main] DEBUG - Save part 'xl/worksheets/sheet3.xml'
20:00:49.997 [main] DEBUG - Save part 'xl/worksheets/sheet4.xml'
20:00:49.998 [main] DEBUG - Parsing relationship: /xl/_rels/workbook.xml.rels
20:00:49.998 [main] DEBUG - Parsing relationship: /_rels/.rels
20:00:50.005 [main] DEBUG - Save content types part
20:00:50.006 [main] DEBUG - Save package relationships
20:00:50.006 [main] DEBUG - Save part 'docProps/app.xml'
20:00:50.006 [main] DEBUG - Save part 'docProps/core.xml'
20:00:50.006 [main] DEBUG - Save part 'docProps/custom.xml'
20:00:50.006 [main] DEBUG - Save part 'xl/sharedStrings.xml'
20:00:50.006 [main] DEBUG - Save part 'xl/styles.xml'
20:00:50.007 [main] DEBUG - Save part 'xl/theme/theme1.xml'
20:00:50.007 [main] DEBUG - Save part 'xl/workbook.xml'
20:00:50.007 [main] DEBUG - Save part 'xl/worksheets/sheet1.xml'
20:00:50.007 [main] DEBUG - Save part 'xl/worksheets/sheet2.xml'
20:00:50.007 [main] DEBUG - Save part 'xl/worksheets/sheet3.xml'
20:00:50.007 [main] DEBUG - Save part 'xl/worksheets/sheet4.xml'
20:00:50.008 [main] DEBUG - Parsing relationship: /xl/_rels/workbook.xml.rels
20:00:50.008 [main] DEBUG - Parsing relationship: /_rels/.rels
20:00:50.013 [main] DEBUG - Save content types part
20:00:50.014 [main] DEBUG - Save package relationships
20:00:50.014 [main] DEBUG - Save part 'docProps/app.xml'
20:00:50.014 [main] DEBUG - Save part 'docProps/core.xml'
20:00:50.014 [main] DEBUG - Save part 'docProps/custom.xml'
20:00:50.014 [main] DEBUG - Save part 'xl/sharedStrings.xml'
20:00:50.014 [main] DEBUG - Save part 'xl/styles.xml'
20:00:50.014 [main] DEBUG - Save part 'xl/theme/theme1.xml'
20:00:50.014 [main] DEBUG - Save part 'xl/workbook.xml'
20:00:50.015 [main] DEBUG - Save part 'xl/worksheets/sheet1.xml'
20:00:50.015 [main] DEBUG - Save part 'xl/worksheets/sheet2.xml'
20:00:50.015 [main] DEBUG - Save part 'xl/worksheets/sheet3.xml'
20:00:50.015 [main] DEBUG - Save part 'xl/worksheets/sheet4.xml'
20:00:50.027 [main] DEBUG - Parsing relationship: /xl/_rels/workbook.xml.rels
20:00:50.027 [main] DEBUG - Parsing relationship: /_rels/.rels
20:00:50.031 [main] DEBUG - Save content types part
20:00:50.031 [main] DEBUG - Save package relationships
20:00:50.031 [main] DEBUG - Save part 'docProps/app.xml'
20:00:50.031 [main] DEBUG - Save part 'docProps/core.xml'
20:00:50.032 [main] DEBUG - Save part 'docProps/custom.xml'
20:00:50.032 [main] DEBUG - Save part 'xl/sharedStrings.xml'
20:00:50.032 [main] DEBUG - Save part 'xl/styles.xml'
20:00:50.032 [main] DEBUG - Save part 'xl/theme/theme1.xml'
20:00:50.032 [main] DEBUG - Save part 'xl/workbook.xml'
20:00:50.032 [main] DEBUG - Save part 'xl/worksheets/sheet1.xml'
20:00:50.032 [main] DEBUG - Save part 'xl/worksheets/sheet2.xml'
20:00:50.033 [main] DEBUG - Save part 'xl/worksheets/sheet3.xml'
20:00:50.033 [main] DEBUG - Save part 'xl/worksheets/sheet4.xml'
20:00:50.034 [main] DEBUG - Parsing relationship: /xl/_rels/workbook.xml.rels
20:00:50.034 [main] DEBUG - Parsing relationship: /_rels/.rels
20:00:50.040 [main] DEBUG - Save content types part
20:00:50.040 [main] DEBUG - Save package relationships
20:00:50.040 [main] DEBUG - Save part 'docProps/app.xml'
20:00:50.040 [main] DEBUG - Save part 'docProps/core.xml'
20:00:50.040 [main] DEBUG - Save part 'docProps/custom.xml'
20:00:50.040 [main] DEBUG - Save part 'xl/sharedStrings.xml'
20:00:50.040 [main] DEBUG - Save part 'xl/styles.xml'
20:00:50.041 [main] DEBUG - Save part 'xl/theme/theme1.xml'
20:00:50.041 [main] DEBUG - Save part 'xl/workbook.xml'
20:00:50.041 [main] DEBUG - Save part 'xl/worksheets/sheet1.xml'
20:00:50.041 [main] DEBUG - Save part 'xl/worksheets/sheet2.xml'
20:00:50.041 [main] DEBUG - Save part 'xl/worksheets/sheet3.xml'
20:00:50.041 [main] DEBUG - Save part 'xl/worksheets/sheet4.xml'
20:00:50.042 [main] DEBUG - Parsing relationship: /xl/_rels/workbook.xml.rels
20:00:50.042 [main] DEBUG - Parsing relationship: /_rels/.rels
20:00:50.047 [main] DEBUG - Save content types part
20:00:50.047 [main] DEBUG - Save package relationships
20:00:50.048 [main] DEBUG - Save part 'docProps/app.xml'
20:00:50.048 [main] DEBUG - Save part 'docProps/core.xml'
20:00:50.048 [main] DEBUG - Save part 'docProps/custom.xml'
20:00:50.048 [main] DEBUG - Save part 'xl/sharedStrings.xml'
20:00:50.048 [main] DEBUG - Save part 'xl/styles.xml'
20:00:50.048 [main] DEBUG - Save part 'xl/theme/theme1.xml'
20:00:50.048 [main] DEBUG - Save part 'xl/workbook.xml'
20:00:50.048 [main] DEBUG - Save part 'xl/worksheets/sheet1.xml'
20:00:50.048 [main] DEBUG - Save part 'xl/worksheets/sheet2.xml'
20:00:50.049 [main] DEBUG - Save part 'xl/worksheets/sheet3.xml'
20:00:50.049 [main] DEBUG - Save part 'xl/worksheets/sheet4.xml'
20:00:50.061 [main] DEBUG - Parsing relationship: /xl/_rels/workbook.xml.rels
20:00:50.061 [main] DEBUG - Parsing relationship: /_rels/.rels
20:00:50.064 [main] DEBUG - Save content types part
20:00:50.064 [main] DEBUG - Save package relationships
20:00:50.064 [main] DEBUG - Save part 'docProps/app.xml'
20:00:50.065 [main] DEBUG - Save part 'docProps/core.xml'
20:00:50.065 [main] DEBUG - Save part 'docProps/custom.xml'
20:00:50.065 [main] DEBUG - Save part 'xl/sharedStrings.xml'
20:00:50.065 [main] DEBUG - Save part 'xl/styles.xml'
20:00:50.065 [main] DEBUG - Save part 'xl/theme/theme1.xml'
20:00:50.065 [main] DEBUG - Save part 'xl/workbook.xml'
20:00:50.065 [main] DEBUG - Save part 'xl/worksheets/sheet1.xml'
20:00:50.066 [main] DEBUG - Save part 'xl/worksheets/sheet2.xml'
20:00:50.066 [main] DEBUG - Save part 'xl/worksheets/sheet3.xml'
20:00:50.066 [main] DEBUG - Save part 'xl/worksheets/sheet4.xml'
20:00:50.067 [main] DEBUG - Parsing relationship: /xl/_rels/workbook.xml.rels
20:00:50.067 [main] DEBUG - Parsing relationship: /_rels/.rels
20:00:50.072 [main] DEBUG - Save content types part
20:00:50.072 [main] DEBUG - Save package relationships
20:00:50.073 [main] DEBUG - Save part 'docProps/app.xml'
20:00:50.073 [main] DEBUG - Save part 'docProps/core.xml'
20:00:50.073 [main] DEBUG - Save part 'docProps/custom.xml'
20:00:50.073 [main] DEBUG - Save part 'xl/sharedStrings.xml'
20:00:50.073 [main] DEBUG - Save part 'xl/styles.xml'
20:00:50.073 [main] DEBUG - Save part 'xl/theme/theme1.xml'
20:00:50.073 [main] DEBUG - Save part 'xl/workbook.xml'
20:00:50.073 [main] DEBUG - Save part 'xl/worksheets/sheet1.xml'
20:00:50.073 [main] DEBUG - Save part 'xl/worksheets/sheet2.xml'
20:00:50.074 [main] DEBUG - Save part 'xl/worksheets/sheet3.xml'
20:00:50.074 [main] DEBUG - Save part 'xl/worksheets/sheet4.xml'
20:00:50.075 [main] DEBUG - Parsing relationship: /xl/_rels/workbook.xml.rels
20:00:50.075 [main] DEBUG - Parsing relationship: /_rels/.rels
20:00:50.079 [main] DEBUG - Save content types part
20:00:50.080 [main] DEBUG - Save package relationships
20:00:50.080 [main] DEBUG - Save part 'docProps/app.xml'
20:00:50.080 [main] DEBUG - Save part 'docProps/core.xml'
20:00:50.080 [main] DEBUG - Save part 'docProps/custom.xml'
20:00:50.080 [main] DEBUG - Save part 'xl/sharedStrings.xml'
20:00:50.080 [main] DEBUG - Save part 'xl/styles.xml'
20:00:50.080 [main] DEBUG - Save part 'xl/theme/theme1.xml'
20:00:50.081 [main] DEBUG - Save part 'xl/workbook.xml'
20:00:50.081 [main] DEBUG - Save part 'xl/worksheets/sheet1.xml'
20:00:50.081 [main] DEBUG - Save part 'xl/worksheets/sheet2.xml'
20:00:50.081 [main] DEBUG - Save part 'xl/worksheets/sheet3.xml'
20:00:50.081 [main] DEBUG - Save part 'xl/worksheets/sheet4.xml'
20:00:53.880 [main] INFO  - Goto my account-->Click on Login.. 
20:00:54.111 [main] INFO  - Entering email and password.. 
