10:45:14.183 [main] DEBUG - Parsing relationship: /_rels/.rels
10:45:14.194 [main] DEBUG - using default POIXMLDocumentPart for http://schemas.openxmlformats.org/officeDocument/2006/relationships/printerSettings
10:45:34.289 [main] INFO  - Goto my account-->Click on Login.. 
10:45:34.479 [main] INFO  - Entering email and password.. 
10:45:46.409 [main] INFO  - Add to Cart Successfull
10:45:46.424 [main] INFO  - Add to Cart Successfull
10:46:00.270 [main] INFO  - Goto my account-->Click on Login.. 
10:46:00.465 [main] INFO  - Entering email and password.. 
10:46:11.242 [main] DEBUG - Parsing relationship: /xl/_rels/workbook.xml.rels
10:46:11.243 [main] DEBUG - Parsing relationship: /_rels/.rels
10:46:11.248 [main] TRACE - Resolving type for handle ctnumfmtsb58btype
10:46:11.251 [main] TRACE - Resolving type for handle ctnumfmt3870type
10:46:11.252 [main] TRACE - Resolving type for handle stnumfmtid76fbtype
10:46:11.268 [main] DEBUG - Save content types part
10:46:11.298 [main] DEBUG - Save package relationships
10:46:11.300 [main] DEBUG - Save part 'docProps/app.xml'
10:46:11.300 [main] DEBUG - Save part 'docProps/core.xml'
10:46:11.301 [main] DEBUG - Save part 'docProps/custom.xml'
10:46:11.302 [main] DEBUG - Save part 'xl/sharedStrings.xml'
10:46:11.302 [main] DEBUG - Save part 'xl/styles.xml'
10:46:11.302 [main] DEBUG - Save part 'xl/theme/theme1.xml'
10:46:11.302 [main] DEBUG - Save part 'xl/workbook.xml'
10:46:11.303 [main] DEBUG - Save part 'xl/worksheets/sheet1.xml'
10:46:11.303 [main] DEBUG - Save part 'xl/worksheets/sheet2.xml'
10:46:11.303 [main] DEBUG - Save part 'xl/worksheets/sheet3.xml'
10:46:11.309 [main] DEBUG - Parsing relationship: /xl/_rels/workbook.xml.rels
10:46:11.309 [main] DEBUG - Parsing relationship: /_rels/.rels
10:46:15.874 [main] DEBUG - Parsing relationship: /xl/_rels/workbook.xml.rels
10:46:15.874 [main] DEBUG - Parsing relationship: /_rels/.rels
10:46:15.885 [main] DEBUG - Save content types part
10:46:15.886 [main] DEBUG - Save package relationships
10:46:15.887 [main] DEBUG - Save part 'docProps/app.xml'
10:46:15.887 [main] DEBUG - Save part 'docProps/core.xml'
10:46:15.887 [main] DEBUG - Save part 'docProps/custom.xml'
10:46:15.887 [main] DEBUG - Save part 'xl/sharedStrings.xml'
10:46:15.887 [main] DEBUG - Save part 'xl/styles.xml'
10:46:15.888 [main] DEBUG - Save part 'xl/theme/theme1.xml'
10:46:15.888 [main] DEBUG - Save part 'xl/workbook.xml'
10:46:15.889 [main] DEBUG - Save part 'xl/worksheets/sheet1.xml'
10:46:15.889 [main] DEBUG - Save part 'xl/worksheets/sheet2.xml'
10:46:15.889 [main] DEBUG - Save part 'xl/worksheets/sheet3.xml'
10:46:15.892 [main] DEBUG - Parsing relationship: /xl/_rels/workbook.xml.rels
10:46:15.893 [main] DEBUG - Parsing relationship: /_rels/.rels
10:46:15.908 [main] TRACE - Resolving type for handle stcellstylexfid70c7type
10:46:15.910 [main] TRACE - Resolving type for handle ctsheetdimensiond310type
10:46:15.911 [main] TRACE - Resolving type for handle stref90a2type
10:46:15.920 [main] TRACE - Resolving type for handle propertiesee84doctype
10:46:15.921 [main] TRACE - Resolving type for handle ctproperties3f10type
10:46:15.923 [main] TRACE - Resolving type for handle properties288cdoctype
10:46:15.924 [main] TRACE - Resolving type for handle ctproperties2c18type
10:46:15.926 [main] DEBUG - Save content types part
10:46:15.927 [main] DEBUG - Save package relationships
10:46:15.927 [main] DEBUG - Save part 'docProps/app.xml'
10:46:15.927 [main] DEBUG - Save part 'docProps/core.xml'
10:46:15.928 [main] DEBUG - Save part 'docProps/custom.xml'
10:46:15.928 [main] DEBUG - Save part 'xl/sharedStrings.xml'
10:46:15.928 [main] DEBUG - Save part 'xl/styles.xml'
10:46:15.928 [main] DEBUG - Save part 'xl/theme/theme1.xml'
10:46:15.928 [main] DEBUG - Save part 'xl/workbook.xml'
10:46:15.929 [main] DEBUG - Save part 'xl/worksheets/sheet1.xml'
10:46:15.929 [main] DEBUG - Save part 'xl/worksheets/sheet2.xml'
10:46:15.929 [main] DEBUG - Save part 'xl/worksheets/sheet3.xml'
10:46:15.932 [main] DEBUG - Parsing relationship: /xl/_rels/workbook.xml.rels
10:46:15.932 [main] DEBUG - Parsing relationship: /_rels/.rels
10:46:15.946 [main] DEBUG - Save content types part
10:46:15.947 [main] DEBUG - Save package relationships
10:46:15.947 [main] DEBUG - Save part 'docProps/app.xml'
10:46:15.947 [main] DEBUG - Save part 'docProps/core.xml'
10:46:15.948 [main] DEBUG - Save part 'docProps/custom.xml'
10:46:15.948 [main] DEBUG - Save part 'xl/sharedStrings.xml'
10:46:15.948 [main] DEBUG - Save part 'xl/styles.xml'
10:46:15.948 [main] DEBUG - Save part 'xl/theme/theme1.xml'
10:46:15.948 [main] DEBUG - Save part 'xl/workbook.xml'
10:46:15.949 [main] DEBUG - Save part 'xl/worksheets/sheet1.xml'
10:46:15.949 [main] DEBUG - Save part 'xl/worksheets/sheet2.xml'
10:46:15.949 [main] DEBUG - Save part 'xl/worksheets/sheet3.xml'
10:46:15.952 [main] DEBUG - Parsing relationship: /xl/_rels/workbook.xml.rels
10:46:15.953 [main] DEBUG - Parsing relationship: /_rels/.rels
10:46:15.960 [main] DEBUG - Save content types part
10:46:15.960 [main] DEBUG - Save package relationships
10:46:15.961 [main] DEBUG - Save part 'docProps/app.xml'
10:46:15.961 [main] DEBUG - Save part 'docProps/core.xml'
10:46:15.961 [main] DEBUG - Save part 'docProps/custom.xml'
10:46:15.961 [main] DEBUG - Save part 'xl/sharedStrings.xml'
10:46:15.961 [main] DEBUG - Save part 'xl/styles.xml'
10:46:15.962 [main] DEBUG - Save part 'xl/theme/theme1.xml'
10:46:15.962 [main] DEBUG - Save part 'xl/workbook.xml'
10:46:15.962 [main] DEBUG - Save part 'xl/worksheets/sheet1.xml'
10:46:15.963 [main] DEBUG - Save part 'xl/worksheets/sheet2.xml'
10:46:15.963 [main] DEBUG - Save part 'xl/worksheets/sheet3.xml'
10:46:15.965 [main] DEBUG - Parsing relationship: /xl/_rels/workbook.xml.rels
10:46:15.966 [main] DEBUG - Parsing relationship: /_rels/.rels
10:46:15.981 [main] DEBUG - Save content types part
10:46:15.981 [main] DEBUG - Save package relationships
10:46:15.982 [main] DEBUG - Save part 'docProps/app.xml'
10:46:15.982 [main] DEBUG - Save part 'docProps/core.xml'
10:46:15.982 [main] DEBUG - Save part 'docProps/custom.xml'
10:46:15.983 [main] DEBUG - Save part 'xl/sharedStrings.xml'
10:46:15.983 [main] DEBUG - Save part 'xl/styles.xml'
10:46:15.983 [main] DEBUG - Save part 'xl/theme/theme1.xml'
10:46:15.983 [main] DEBUG - Save part 'xl/workbook.xml'
10:46:15.984 [main] DEBUG - Save part 'xl/worksheets/sheet1.xml'
10:46:15.984 [main] DEBUG - Save part 'xl/worksheets/sheet2.xml'
10:46:15.984 [main] DEBUG - Save part 'xl/worksheets/sheet3.xml'
10:46:15.986 [main] DEBUG - Parsing relationship: /xl/_rels/workbook.xml.rels
10:46:15.986 [main] DEBUG - Parsing relationship: /_rels/.rels
10:46:15.999 [main] DEBUG - Save content types part
10:46:16.000 [main] DEBUG - Save package relationships
10:46:16.000 [main] DEBUG - Save part 'docProps/app.xml'
10:46:16.000 [main] DEBUG - Save part 'docProps/core.xml'
10:46:16.001 [main] DEBUG - Save part 'docProps/custom.xml'
10:46:16.001 [main] DEBUG - Save part 'xl/sharedStrings.xml'
10:46:16.001 [main] DEBUG - Save part 'xl/styles.xml'
10:46:16.001 [main] DEBUG - Save part 'xl/theme/theme1.xml'
10:46:16.001 [main] DEBUG - Save part 'xl/workbook.xml'
10:46:16.002 [main] DEBUG - Save part 'xl/worksheets/sheet1.xml'
10:46:16.002 [main] DEBUG - Save part 'xl/worksheets/sheet2.xml'
10:46:16.002 [main] DEBUG - Save part 'xl/worksheets/sheet3.xml'
10:46:16.004 [main] DEBUG - Parsing relationship: /xl/_rels/workbook.xml.rels
10:46:16.004 [main] DEBUG - Parsing relationship: /_rels/.rels
10:46:16.010 [main] DEBUG - Save content types part
10:46:16.011 [main] DEBUG - Save package relationships
10:46:16.011 [main] DEBUG - Save part 'docProps/app.xml'
10:46:16.011 [main] DEBUG - Save part 'docProps/core.xml'
10:46:16.013 [main] DEBUG - Save part 'docProps/custom.xml'
10:46:16.013 [main] DEBUG - Save part 'xl/sharedStrings.xml'
10:46:16.013 [main] DEBUG - Save part 'xl/styles.xml'
10:46:16.013 [main] DEBUG - Save part 'xl/theme/theme1.xml'
10:46:16.013 [main] DEBUG - Save part 'xl/workbook.xml'
10:46:16.014 [main] DEBUG - Save part 'xl/worksheets/sheet1.xml'
10:46:16.014 [main] DEBUG - Save part 'xl/worksheets/sheet2.xml'
10:46:16.014 [main] DEBUG - Save part 'xl/worksheets/sheet3.xml'
10:46:16.017 [main] DEBUG - Parsing relationship: /xl/_rels/workbook.xml.rels
10:46:16.017 [main] DEBUG - Parsing relationship: /_rels/.rels
10:46:16.026 [main] DEBUG - Save content types part
10:46:16.027 [main] DEBUG - Save package relationships
10:46:16.027 [main] DEBUG - Save part 'docProps/app.xml'
10:46:16.027 [main] DEBUG - Save part 'docProps/core.xml'
10:46:16.028 [main] DEBUG - Save part 'docProps/custom.xml'
10:46:16.028 [main] DEBUG - Save part 'xl/sharedStrings.xml'
10:46:16.028 [main] DEBUG - Save part 'xl/styles.xml'
10:46:16.028 [main] DEBUG - Save part 'xl/theme/theme1.xml'
10:46:16.028 [main] DEBUG - Save part 'xl/workbook.xml'
10:46:16.029 [main] DEBUG - Save part 'xl/worksheets/sheet1.xml'
10:46:16.029 [main] DEBUG - Save part 'xl/worksheets/sheet2.xml'
10:46:16.029 [main] DEBUG - Save part 'xl/worksheets/sheet3.xml'
10:46:16.031 [main] DEBUG - Parsing relationship: /xl/_rels/workbook.xml.rels
10:46:16.031 [main] DEBUG - Parsing relationship: /_rels/.rels
10:46:16.040 [main] DEBUG - Save content types part
10:46:16.041 [main] DEBUG - Save package relationships
10:46:16.041 [main] DEBUG - Save part 'docProps/app.xml'
10:46:16.041 [main] DEBUG - Save part 'docProps/core.xml'
10:46:16.042 [main] DEBUG - Save part 'docProps/custom.xml'
10:46:16.042 [main] DEBUG - Save part 'xl/sharedStrings.xml'
10:46:16.042 [main] DEBUG - Save part 'xl/styles.xml'
10:46:16.042 [main] DEBUG - Save part 'xl/theme/theme1.xml'
10:46:16.042 [main] DEBUG - Save part 'xl/workbook.xml'
10:46:16.043 [main] DEBUG - Save part 'xl/worksheets/sheet1.xml'
10:46:16.043 [main] DEBUG - Save part 'xl/worksheets/sheet2.xml'
10:46:16.043 [main] DEBUG - Save part 'xl/worksheets/sheet3.xml'
10:46:16.045 [main] DEBUG - Parsing relationship: /xl/_rels/workbook.xml.rels
10:46:16.045 [main] DEBUG - Parsing relationship: /_rels/.rels
10:46:16.051 [main] DEBUG - Save content types part
10:46:16.051 [main] DEBUG - Save package relationships
10:46:16.052 [main] DEBUG - Save part 'docProps/app.xml'
10:46:16.052 [main] DEBUG - Save part 'docProps/core.xml'
10:46:16.052 [main] DEBUG - Save part 'docProps/custom.xml'
10:46:16.052 [main] DEBUG - Save part 'xl/sharedStrings.xml'
10:46:16.053 [main] DEBUG - Save part 'xl/styles.xml'
10:46:16.053 [main] DEBUG - Save part 'xl/theme/theme1.xml'
10:46:16.053 [main] DEBUG - Save part 'xl/workbook.xml'
10:46:16.054 [main] DEBUG - Save part 'xl/worksheets/sheet1.xml'
10:46:16.054 [main] DEBUG - Save part 'xl/worksheets/sheet2.xml'
10:46:16.054 [main] DEBUG - Save part 'xl/worksheets/sheet3.xml'
10:46:16.056 [main] DEBUG - Parsing relationship: /xl/_rels/workbook.xml.rels
10:46:16.057 [main] DEBUG - Parsing relationship: /_rels/.rels
10:46:16.066 [main] DEBUG - Save content types part
10:46:16.066 [main] DEBUG - Save package relationships
10:46:16.066 [main] DEBUG - Save part 'docProps/app.xml'
10:46:16.067 [main] DEBUG - Save part 'docProps/core.xml'
10:46:16.067 [main] DEBUG - Save part 'docProps/custom.xml'
10:46:16.067 [main] DEBUG - Save part 'xl/sharedStrings.xml'
10:46:16.067 [main] DEBUG - Save part 'xl/styles.xml'
10:46:16.068 [main] DEBUG - Save part 'xl/theme/theme1.xml'
10:46:16.068 [main] DEBUG - Save part 'xl/workbook.xml'
10:46:16.068 [main] DEBUG - Save part 'xl/worksheets/sheet1.xml'
10:46:16.068 [main] DEBUG - Save part 'xl/worksheets/sheet2.xml'
10:46:16.068 [main] DEBUG - Save part 'xl/worksheets/sheet3.xml'
10:46:16.070 [main] DEBUG - Parsing relationship: /xl/_rels/workbook.xml.rels
10:46:16.070 [main] DEBUG - Parsing relationship: /_rels/.rels
10:46:16.079 [main] DEBUG - Save content types part
10:46:16.079 [main] DEBUG - Save package relationships
10:46:16.080 [main] DEBUG - Save part 'docProps/app.xml'
10:46:16.080 [main] DEBUG - Save part 'docProps/core.xml'
10:46:16.080 [main] DEBUG - Save part 'docProps/custom.xml'
10:46:16.080 [main] DEBUG - Save part 'xl/sharedStrings.xml'
10:46:16.080 [main] DEBUG - Save part 'xl/styles.xml'
10:46:16.081 [main] DEBUG - Save part 'xl/theme/theme1.xml'
10:46:16.081 [main] DEBUG - Save part 'xl/workbook.xml'
10:46:16.081 [main] DEBUG - Save part 'xl/worksheets/sheet1.xml'
10:46:16.081 [main] DEBUG - Save part 'xl/worksheets/sheet2.xml'
10:46:16.081 [main] DEBUG - Save part 'xl/worksheets/sheet3.xml'
10:46:16.084 [main] DEBUG - Parsing relationship: /xl/_rels/workbook.xml.rels
10:46:16.084 [main] DEBUG - Parsing relationship: /_rels/.rels
10:46:16.090 [main] DEBUG - Save content types part
10:46:16.091 [main] DEBUG - Save package relationships
10:46:16.091 [main] DEBUG - Save part 'docProps/app.xml'
10:46:16.091 [main] DEBUG - Save part 'docProps/core.xml'
10:46:16.092 [main] DEBUG - Save part 'docProps/custom.xml'
10:46:16.092 [main] DEBUG - Save part 'xl/sharedStrings.xml'
10:46:16.092 [main] DEBUG - Save part 'xl/styles.xml'
10:46:16.093 [main] DEBUG - Save part 'xl/theme/theme1.xml'
10:46:16.093 [main] DEBUG - Save part 'xl/workbook.xml'
10:46:16.093 [main] DEBUG - Save part 'xl/worksheets/sheet1.xml'
10:46:16.094 [main] DEBUG - Save part 'xl/worksheets/sheet2.xml'
10:46:16.094 [main] DEBUG - Save part 'xl/worksheets/sheet3.xml'
10:46:16.096 [main] DEBUG - Parsing relationship: /xl/_rels/workbook.xml.rels
10:46:16.096 [main] DEBUG - Parsing relationship: /_rels/.rels
10:46:16.105 [main] DEBUG - Save content types part
10:46:16.105 [main] DEBUG - Save package relationships
10:46:16.106 [main] DEBUG - Save part 'docProps/app.xml'
10:46:16.106 [main] DEBUG - Save part 'docProps/core.xml'
10:46:16.106 [main] DEBUG - Save part 'docProps/custom.xml'
10:46:16.106 [main] DEBUG - Save part 'xl/sharedStrings.xml'
10:46:16.106 [main] DEBUG - Save part 'xl/styles.xml'
10:46:16.107 [main] DEBUG - Save part 'xl/theme/theme1.xml'
10:46:16.107 [main] DEBUG - Save part 'xl/workbook.xml'
10:46:16.107 [main] DEBUG - Save part 'xl/worksheets/sheet1.xml'
10:46:16.107 [main] DEBUG - Save part 'xl/worksheets/sheet2.xml'
10:46:16.107 [main] DEBUG - Save part 'xl/worksheets/sheet3.xml'
10:46:16.109 [main] DEBUG - Parsing relationship: /xl/_rels/workbook.xml.rels
10:46:16.109 [main] DEBUG - Parsing relationship: /_rels/.rels
10:46:16.118 [main] DEBUG - Save content types part
10:46:16.118 [main] DEBUG - Save package relationships
10:46:16.119 [main] DEBUG - Save part 'docProps/app.xml'
10:46:16.119 [main] DEBUG - Save part 'docProps/core.xml'
10:46:16.119 [main] DEBUG - Save part 'docProps/custom.xml'
10:46:16.119 [main] DEBUG - Save part 'xl/sharedStrings.xml'
10:46:16.119 [main] DEBUG - Save part 'xl/styles.xml'
10:46:16.119 [main] DEBUG - Save part 'xl/theme/theme1.xml'
10:46:16.119 [main] DEBUG - Save part 'xl/workbook.xml'
10:46:16.120 [main] DEBUG - Save part 'xl/worksheets/sheet1.xml'
10:46:16.120 [main] DEBUG - Save part 'xl/worksheets/sheet2.xml'
10:46:16.120 [main] DEBUG - Save part 'xl/worksheets/sheet3.xml'
10:46:16.122 [main] DEBUG - Parsing relationship: /xl/_rels/workbook.xml.rels
10:46:16.122 [main] DEBUG - Parsing relationship: /_rels/.rels
10:46:16.127 [main] DEBUG - Save content types part
10:46:16.128 [main] DEBUG - Save package relationships
10:46:16.128 [main] DEBUG - Save part 'docProps/app.xml'
10:46:16.128 [main] DEBUG - Save part 'docProps/core.xml'
10:46:16.129 [main] DEBUG - Save part 'docProps/custom.xml'
10:46:16.129 [main] DEBUG - Save part 'xl/sharedStrings.xml'
10:46:16.129 [main] DEBUG - Save part 'xl/styles.xml'
10:46:16.129 [main] DEBUG - Save part 'xl/theme/theme1.xml'
10:46:16.129 [main] DEBUG - Save part 'xl/workbook.xml'
10:46:16.130 [main] DEBUG - Save part 'xl/worksheets/sheet1.xml'
10:46:16.130 [main] DEBUG - Save part 'xl/worksheets/sheet2.xml'
10:46:16.130 [main] DEBUG - Save part 'xl/worksheets/sheet3.xml'
10:46:16.134 [main] DEBUG - Parsing relationship: /xl/_rels/workbook.xml.rels
10:46:16.134 [main] DEBUG - Parsing relationship: /_rels/.rels
10:46:16.144 [main] DEBUG - Save content types part
10:46:16.144 [main] DEBUG - Save package relationships
10:46:16.145 [main] DEBUG - Save part 'docProps/app.xml'
10:46:16.145 [main] DEBUG - Save part 'docProps/core.xml'
10:46:16.145 [main] DEBUG - Save part 'docProps/custom.xml'
10:46:16.145 [main] DEBUG - Save part 'xl/sharedStrings.xml'
10:46:16.145 [main] DEBUG - Save part 'xl/styles.xml'
10:46:16.146 [main] DEBUG - Save part 'xl/theme/theme1.xml'
10:46:16.146 [main] DEBUG - Save part 'xl/workbook.xml'
10:46:16.146 [main] DEBUG - Save part 'xl/worksheets/sheet1.xml'
10:46:16.146 [main] DEBUG - Save part 'xl/worksheets/sheet2.xml'
10:46:16.146 [main] DEBUG - Save part 'xl/worksheets/sheet3.xml'
10:46:16.148 [main] DEBUG - Parsing relationship: /xl/_rels/workbook.xml.rels
10:46:16.148 [main] DEBUG - Parsing relationship: /_rels/.rels
10:46:16.158 [main] DEBUG - Save content types part
10:46:16.158 [main] DEBUG - Save package relationships
10:46:16.158 [main] DEBUG - Save part 'docProps/app.xml'
10:46:16.159 [main] DEBUG - Save part 'docProps/core.xml'
10:46:16.159 [main] DEBUG - Save part 'docProps/custom.xml'
10:46:16.159 [main] DEBUG - Save part 'xl/sharedStrings.xml'
10:46:16.159 [main] DEBUG - Save part 'xl/styles.xml'
10:46:16.159 [main] DEBUG - Save part 'xl/theme/theme1.xml'
10:46:16.159 [main] DEBUG - Save part 'xl/workbook.xml'
10:46:16.160 [main] DEBUG - Save part 'xl/worksheets/sheet1.xml'
10:46:16.160 [main] DEBUG - Save part 'xl/worksheets/sheet2.xml'
10:46:16.160 [main] DEBUG - Save part 'xl/worksheets/sheet3.xml'
10:46:16.163 [main] DEBUG - Parsing relationship: /xl/_rels/workbook.xml.rels
10:46:16.164 [main] DEBUG - Parsing relationship: /_rels/.rels
10:46:16.169 [main] DEBUG - Save content types part
10:46:16.169 [main] DEBUG - Save package relationships
10:46:16.170 [main] DEBUG - Save part 'docProps/app.xml'
10:46:16.170 [main] DEBUG - Save part 'docProps/core.xml'
10:46:16.170 [main] DEBUG - Save part 'docProps/custom.xml'
10:46:16.170 [main] DEBUG - Save part 'xl/sharedStrings.xml'
10:46:16.170 [main] DEBUG - Save part 'xl/styles.xml'
10:46:16.171 [main] DEBUG - Save part 'xl/theme/theme1.xml'
10:46:16.171 [main] DEBUG - Save part 'xl/workbook.xml'
10:46:16.171 [main] DEBUG - Save part 'xl/worksheets/sheet1.xml'
10:46:16.171 [main] DEBUG - Save part 'xl/worksheets/sheet2.xml'
10:46:16.171 [main] DEBUG - Save part 'xl/worksheets/sheet3.xml'
10:46:16.174 [main] DEBUG - Parsing relationship: /xl/_rels/workbook.xml.rels
10:46:16.174 [main] DEBUG - Parsing relationship: /_rels/.rels
10:46:16.184 [main] DEBUG - Save content types part
10:46:16.185 [main] DEBUG - Save package relationships
10:46:16.185 [main] DEBUG - Save part 'docProps/app.xml'
10:46:16.185 [main] DEBUG - Save part 'docProps/core.xml'
10:46:16.186 [main] DEBUG - Save part 'docProps/custom.xml'
10:46:16.186 [main] DEBUG - Save part 'xl/sharedStrings.xml'
10:46:16.186 [main] DEBUG - Save part 'xl/styles.xml'
10:46:16.186 [main] DEBUG - Save part 'xl/theme/theme1.xml'
10:46:16.186 [main] DEBUG - Save part 'xl/workbook.xml'
10:46:16.186 [main] DEBUG - Save part 'xl/worksheets/sheet1.xml'
10:46:16.187 [main] DEBUG - Save part 'xl/worksheets/sheet2.xml'
10:46:16.187 [main] DEBUG - Save part 'xl/worksheets/sheet3.xml'
10:46:16.188 [main] DEBUG - Parsing relationship: /xl/_rels/workbook.xml.rels
10:46:16.189 [main] DEBUG - Parsing relationship: /_rels/.rels
10:46:16.199 [main] DEBUG - Save content types part
10:46:16.199 [main] DEBUG - Save package relationships
10:46:16.199 [main] DEBUG - Save part 'docProps/app.xml'
10:46:16.199 [main] DEBUG - Save part 'docProps/core.xml'
10:46:16.200 [main] DEBUG - Save part 'docProps/custom.xml'
10:46:16.200 [main] DEBUG - Save part 'xl/sharedStrings.xml'
10:46:16.200 [main] DEBUG - Save part 'xl/styles.xml'
10:46:16.200 [main] DEBUG - Save part 'xl/theme/theme1.xml'
10:46:16.200 [main] DEBUG - Save part 'xl/workbook.xml'
10:46:16.201 [main] DEBUG - Save part 'xl/worksheets/sheet1.xml'
10:46:16.201 [main] DEBUG - Save part 'xl/worksheets/sheet2.xml'
10:46:16.201 [main] DEBUG - Save part 'xl/worksheets/sheet3.xml'
10:46:16.203 [main] DEBUG - Parsing relationship: /xl/_rels/workbook.xml.rels
10:46:16.203 [main] DEBUG - Parsing relationship: /_rels/.rels
10:46:16.209 [main] DEBUG - Save content types part
10:46:16.209 [main] DEBUG - Save package relationships
10:46:16.210 [main] DEBUG - Save part 'docProps/app.xml'
10:46:16.210 [main] DEBUG - Save part 'docProps/core.xml'
10:46:16.210 [main] DEBUG - Save part 'docProps/custom.xml'
10:46:16.210 [main] DEBUG - Save part 'xl/sharedStrings.xml'
10:46:16.210 [main] DEBUG - Save part 'xl/styles.xml'
10:46:16.211 [main] DEBUG - Save part 'xl/theme/theme1.xml'
10:46:16.211 [main] DEBUG - Save part 'xl/workbook.xml'
10:46:16.211 [main] DEBUG - Save part 'xl/worksheets/sheet1.xml'
10:46:16.211 [main] DEBUG - Save part 'xl/worksheets/sheet2.xml'
10:46:16.211 [main] DEBUG - Save part 'xl/worksheets/sheet3.xml'
10:46:16.213 [main] DEBUG - Parsing relationship: /xl/_rels/workbook.xml.rels
10:46:16.214 [main] DEBUG - Parsing relationship: /_rels/.rels
10:46:16.224 [main] DEBUG - Save content types part
10:46:16.225 [main] DEBUG - Save package relationships
10:46:16.225 [main] DEBUG - Save part 'docProps/app.xml'
10:46:16.225 [main] DEBUG - Save part 'docProps/core.xml'
10:46:16.225 [main] DEBUG - Save part 'docProps/custom.xml'
10:46:16.225 [main] DEBUG - Save part 'xl/sharedStrings.xml'
10:46:16.225 [main] DEBUG - Save part 'xl/styles.xml'
10:46:16.226 [main] DEBUG - Save part 'xl/theme/theme1.xml'
10:46:16.226 [main] DEBUG - Save part 'xl/workbook.xml'
10:46:16.226 [main] DEBUG - Save part 'xl/worksheets/sheet1.xml'
10:46:16.226 [main] DEBUG - Save part 'xl/worksheets/sheet2.xml'
10:46:16.226 [main] DEBUG - Save part 'xl/worksheets/sheet3.xml'
10:46:16.228 [main] DEBUG - Parsing relationship: /xl/_rels/workbook.xml.rels
10:46:16.228 [main] DEBUG - Parsing relationship: /_rels/.rels
10:46:16.238 [main] DEBUG - Save content types part
10:46:16.239 [main] DEBUG - Save package relationships
10:46:16.239 [main] DEBUG - Save part 'docProps/app.xml'
10:46:16.239 [main] DEBUG - Save part 'docProps/core.xml'
10:46:16.239 [main] DEBUG - Save part 'docProps/custom.xml'
10:46:16.239 [main] DEBUG - Save part 'xl/sharedStrings.xml'
10:46:16.239 [main] DEBUG - Save part 'xl/styles.xml'
10:46:16.239 [main] DEBUG - Save part 'xl/theme/theme1.xml'
10:46:16.240 [main] DEBUG - Save part 'xl/workbook.xml'
10:46:16.240 [main] DEBUG - Save part 'xl/worksheets/sheet1.xml'
10:46:16.240 [main] DEBUG - Save part 'xl/worksheets/sheet2.xml'
10:46:16.240 [main] DEBUG - Save part 'xl/worksheets/sheet3.xml'
10:46:16.242 [main] DEBUG - Parsing relationship: /xl/_rels/workbook.xml.rels
10:46:16.242 [main] DEBUG - Parsing relationship: /_rels/.rels
10:46:16.248 [main] DEBUG - Save content types part
10:46:16.248 [main] DEBUG - Save package relationships
10:46:16.248 [main] DEBUG - Save part 'docProps/app.xml'
10:46:16.248 [main] DEBUG - Save part 'docProps/core.xml'
10:46:16.249 [main] DEBUG - Save part 'docProps/custom.xml'
10:46:16.249 [main] DEBUG - Save part 'xl/sharedStrings.xml'
10:46:16.249 [main] DEBUG - Save part 'xl/styles.xml'
10:46:16.249 [main] DEBUG - Save part 'xl/theme/theme1.xml'
10:46:16.249 [main] DEBUG - Save part 'xl/workbook.xml'
10:46:16.250 [main] DEBUG - Save part 'xl/worksheets/sheet1.xml'
10:46:16.250 [main] DEBUG - Save part 'xl/worksheets/sheet2.xml'
10:46:16.250 [main] DEBUG - Save part 'xl/worksheets/sheet3.xml'
10:46:16.253 [main] DEBUG - Parsing relationship: /xl/_rels/workbook.xml.rels
10:46:16.253 [main] DEBUG - Parsing relationship: /_rels/.rels
10:46:16.263 [main] DEBUG - Save content types part
10:46:16.263 [main] DEBUG - Save package relationships
10:46:16.264 [main] DEBUG - Save part 'docProps/app.xml'
10:46:16.264 [main] DEBUG - Save part 'docProps/core.xml'
10:46:16.264 [main] DEBUG - Save part 'docProps/custom.xml'
10:46:16.264 [main] DEBUG - Save part 'xl/sharedStrings.xml'
10:46:16.264 [main] DEBUG - Save part 'xl/styles.xml'
10:46:16.264 [main] DEBUG - Save part 'xl/theme/theme1.xml'
10:46:16.264 [main] DEBUG - Save part 'xl/workbook.xml'
10:46:16.265 [main] DEBUG - Save part 'xl/worksheets/sheet1.xml'
10:46:16.265 [main] DEBUG - Save part 'xl/worksheets/sheet2.xml'
10:46:16.265 [main] DEBUG - Save part 'xl/worksheets/sheet3.xml'
10:46:16.266 [main] DEBUG - Parsing relationship: /xl/_rels/workbook.xml.rels
10:46:16.267 [main] DEBUG - Parsing relationship: /_rels/.rels
10:46:16.277 [main] DEBUG - Save content types part
10:46:16.278 [main] DEBUG - Save package relationships
10:46:16.278 [main] DEBUG - Save part 'docProps/app.xml'
10:46:16.278 [main] DEBUG - Save part 'docProps/core.xml'
10:46:16.278 [main] DEBUG - Save part 'docProps/custom.xml'
10:46:16.278 [main] DEBUG - Save part 'xl/sharedStrings.xml'
10:46:16.279 [main] DEBUG - Save part 'xl/styles.xml'
10:46:16.279 [main] DEBUG - Save part 'xl/theme/theme1.xml'
10:46:16.279 [main] DEBUG - Save part 'xl/workbook.xml'
10:46:16.279 [main] DEBUG - Save part 'xl/worksheets/sheet1.xml'
10:46:16.279 [main] DEBUG - Save part 'xl/worksheets/sheet2.xml'
10:46:16.279 [main] DEBUG - Save part 'xl/worksheets/sheet3.xml'
10:46:16.281 [main] DEBUG - Parsing relationship: /xl/_rels/workbook.xml.rels
10:46:16.281 [main] DEBUG - Parsing relationship: /_rels/.rels
10:46:16.286 [main] DEBUG - Save content types part
10:46:16.287 [main] DEBUG - Save package relationships
10:46:16.287 [main] DEBUG - Save part 'docProps/app.xml'
10:46:16.287 [main] DEBUG - Save part 'docProps/core.xml'
10:46:16.287 [main] DEBUG - Save part 'docProps/custom.xml'
10:46:16.287 [main] DEBUG - Save part 'xl/sharedStrings.xml'
10:46:16.287 [main] DEBUG - Save part 'xl/styles.xml'
10:46:16.288 [main] DEBUG - Save part 'xl/theme/theme1.xml'
10:46:16.288 [main] DEBUG - Save part 'xl/workbook.xml'
10:46:16.288 [main] DEBUG - Save part 'xl/worksheets/sheet1.xml'
10:46:16.288 [main] DEBUG - Save part 'xl/worksheets/sheet2.xml'
10:46:16.288 [main] DEBUG - Save part 'xl/worksheets/sheet3.xml'
10:46:16.291 [main] DEBUG - Parsing relationship: /xl/_rels/workbook.xml.rels
10:46:16.291 [main] DEBUG - Parsing relationship: /_rels/.rels
10:46:16.299 [main] DEBUG - Save content types part
10:46:16.300 [main] DEBUG - Save package relationships
10:46:16.300 [main] DEBUG - Save part 'docProps/app.xml'
10:46:16.300 [main] DEBUG - Save part 'docProps/core.xml'
10:46:16.300 [main] DEBUG - Save part 'docProps/custom.xml'
10:46:16.300 [main] DEBUG - Save part 'xl/sharedStrings.xml'
10:46:16.300 [main] DEBUG - Save part 'xl/styles.xml'
10:46:16.301 [main] DEBUG - Save part 'xl/theme/theme1.xml'
10:46:16.301 [main] DEBUG - Save part 'xl/workbook.xml'
10:46:16.301 [main] DEBUG - Save part 'xl/worksheets/sheet1.xml'
10:46:16.301 [main] DEBUG - Save part 'xl/worksheets/sheet2.xml'
10:46:16.301 [main] DEBUG - Save part 'xl/worksheets/sheet3.xml'
10:46:16.303 [main] DEBUG - Parsing relationship: /xl/_rels/workbook.xml.rels
10:46:16.303 [main] DEBUG - Parsing relationship: /_rels/.rels
10:46:16.312 [main] DEBUG - Save content types part
10:46:16.313 [main] DEBUG - Save package relationships
10:46:16.313 [main] DEBUG - Save part 'docProps/app.xml'
10:46:16.313 [main] DEBUG - Save part 'docProps/core.xml'
10:46:16.313 [main] DEBUG - Save part 'docProps/custom.xml'
10:46:16.313 [main] DEBUG - Save part 'xl/sharedStrings.xml'
10:46:16.313 [main] DEBUG - Save part 'xl/styles.xml'
10:46:16.314 [main] DEBUG - Save part 'xl/theme/theme1.xml'
10:46:16.314 [main] DEBUG - Save part 'xl/workbook.xml'
10:46:16.314 [main] DEBUG - Save part 'xl/worksheets/sheet1.xml'
10:46:16.314 [main] DEBUG - Save part 'xl/worksheets/sheet2.xml'
10:46:16.314 [main] DEBUG - Save part 'xl/worksheets/sheet3.xml'
10:46:16.316 [main] DEBUG - Parsing relationship: /xl/_rels/workbook.xml.rels
10:46:16.316 [main] DEBUG - Parsing relationship: /_rels/.rels
10:46:16.322 [main] DEBUG - Save content types part
10:46:16.322 [main] DEBUG - Save package relationships
10:46:16.322 [main] DEBUG - Save part 'docProps/app.xml'
10:46:16.322 [main] DEBUG - Save part 'docProps/core.xml'
10:46:16.323 [main] DEBUG - Save part 'docProps/custom.xml'
10:46:16.323 [main] DEBUG - Save part 'xl/sharedStrings.xml'
10:46:16.323 [main] DEBUG - Save part 'xl/styles.xml'
10:46:16.323 [main] DEBUG - Save part 'xl/theme/theme1.xml'
10:46:16.324 [main] DEBUG - Save part 'xl/workbook.xml'
10:46:16.324 [main] DEBUG - Save part 'xl/worksheets/sheet1.xml'
10:46:16.324 [main] DEBUG - Save part 'xl/worksheets/sheet2.xml'
10:46:16.325 [main] DEBUG - Save part 'xl/worksheets/sheet3.xml'
10:46:16.327 [main] DEBUG - Parsing relationship: /xl/_rels/workbook.xml.rels
10:46:16.327 [main] DEBUG - Parsing relationship: /_rels/.rels
10:46:16.335 [main] DEBUG - Save content types part
10:46:16.336 [main] DEBUG - Save package relationships
10:46:16.336 [main] DEBUG - Save part 'docProps/app.xml'
10:46:16.336 [main] DEBUG - Save part 'docProps/core.xml'
10:46:16.336 [main] DEBUG - Save part 'docProps/custom.xml'
10:46:16.336 [main] DEBUG - Save part 'xl/sharedStrings.xml'
10:46:16.336 [main] DEBUG - Save part 'xl/styles.xml'
10:46:16.336 [main] DEBUG - Save part 'xl/theme/theme1.xml'
10:46:16.337 [main] DEBUG - Save part 'xl/workbook.xml'
10:46:16.337 [main] DEBUG - Save part 'xl/worksheets/sheet1.xml'
10:46:16.337 [main] DEBUG - Save part 'xl/worksheets/sheet2.xml'
10:46:16.337 [main] DEBUG - Save part 'xl/worksheets/sheet3.xml'
10:46:16.338 [main] DEBUG - Parsing relationship: /xl/_rels/workbook.xml.rels
10:46:16.339 [main] DEBUG - Parsing relationship: /_rels/.rels
10:46:16.347 [main] DEBUG - Save content types part
10:46:16.348 [main] DEBUG - Save package relationships
10:46:16.348 [main] DEBUG - Save part 'docProps/app.xml'
10:46:16.348 [main] DEBUG - Save part 'docProps/core.xml'
10:46:16.348 [main] DEBUG - Save part 'docProps/custom.xml'
10:46:16.348 [main] DEBUG - Save part 'xl/sharedStrings.xml'
10:46:16.348 [main] DEBUG - Save part 'xl/styles.xml'
10:46:16.348 [main] DEBUG - Save part 'xl/theme/theme1.xml'
10:46:16.349 [main] DEBUG - Save part 'xl/workbook.xml'
10:46:16.349 [main] DEBUG - Save part 'xl/worksheets/sheet1.xml'
10:46:16.349 [main] DEBUG - Save part 'xl/worksheets/sheet2.xml'
10:46:16.349 [main] DEBUG - Save part 'xl/worksheets/sheet3.xml'
10:46:16.351 [main] DEBUG - Parsing relationship: /xl/_rels/workbook.xml.rels
10:46:16.351 [main] DEBUG - Parsing relationship: /_rels/.rels
10:46:16.356 [main] DEBUG - Save content types part
10:46:16.357 [main] DEBUG - Save package relationships
10:46:16.357 [main] DEBUG - Save part 'docProps/app.xml'
10:46:16.357 [main] DEBUG - Save part 'docProps/core.xml'
10:46:16.358 [main] DEBUG - Save part 'docProps/custom.xml'
10:46:16.358 [main] DEBUG - Save part 'xl/sharedStrings.xml'
10:46:16.358 [main] DEBUG - Save part 'xl/styles.xml'
10:46:16.358 [main] DEBUG - Save part 'xl/theme/theme1.xml'
10:46:16.358 [main] DEBUG - Save part 'xl/workbook.xml'
10:46:16.359 [main] DEBUG - Save part 'xl/worksheets/sheet1.xml'
10:46:16.359 [main] DEBUG - Save part 'xl/worksheets/sheet2.xml'
10:46:16.359 [main] DEBUG - Save part 'xl/worksheets/sheet3.xml'
10:46:16.361 [main] DEBUG - Parsing relationship: /xl/_rels/workbook.xml.rels
10:46:16.361 [main] DEBUG - Parsing relationship: /_rels/.rels
10:46:16.370 [main] DEBUG - Save content types part
10:46:16.370 [main] DEBUG - Save package relationships
10:46:16.370 [main] DEBUG - Save part 'docProps/app.xml'
10:46:16.370 [main] DEBUG - Save part 'docProps/core.xml'
10:46:16.371 [main] DEBUG - Save part 'docProps/custom.xml'
10:46:16.371 [main] DEBUG - Save part 'xl/sharedStrings.xml'
10:46:16.371 [main] DEBUG - Save part 'xl/styles.xml'
10:46:16.371 [main] DEBUG - Save part 'xl/theme/theme1.xml'
10:46:16.371 [main] DEBUG - Save part 'xl/workbook.xml'
10:46:16.371 [main] DEBUG - Save part 'xl/worksheets/sheet1.xml'
10:46:16.371 [main] DEBUG - Save part 'xl/worksheets/sheet2.xml'
10:46:16.371 [main] DEBUG - Save part 'xl/worksheets/sheet3.xml'
10:46:16.373 [main] DEBUG - Parsing relationship: /xl/_rels/workbook.xml.rels
10:46:16.373 [main] DEBUG - Parsing relationship: /_rels/.rels
10:46:16.383 [main] DEBUG - Save content types part
10:46:16.383 [main] DEBUG - Save package relationships
10:46:16.383 [main] DEBUG - Save part 'docProps/app.xml'
10:46:16.383 [main] DEBUG - Save part 'docProps/core.xml'
10:46:16.384 [main] DEBUG - Save part 'docProps/custom.xml'
10:46:16.384 [main] DEBUG - Save part 'xl/sharedStrings.xml'
10:46:16.384 [main] DEBUG - Save part 'xl/styles.xml'
10:46:16.384 [main] DEBUG - Save part 'xl/theme/theme1.xml'
10:46:16.384 [main] DEBUG - Save part 'xl/workbook.xml'
10:46:16.385 [main] DEBUG - Save part 'xl/worksheets/sheet1.xml'
10:46:16.385 [main] DEBUG - Save part 'xl/worksheets/sheet2.xml'
10:46:16.385 [main] DEBUG - Save part 'xl/worksheets/sheet3.xml'
10:46:16.386 [main] DEBUG - Parsing relationship: /xl/_rels/workbook.xml.rels
10:46:16.386 [main] DEBUG - Parsing relationship: /_rels/.rels
10:46:16.397 [main] DEBUG - Save content types part
10:46:16.398 [main] DEBUG - Save package relationships
10:46:16.398 [main] DEBUG - Save part 'docProps/app.xml'
10:46:16.398 [main] DEBUG - Save part 'docProps/core.xml'
10:46:16.398 [main] DEBUG - Save part 'docProps/custom.xml'
10:46:16.398 [main] DEBUG - Save part 'xl/sharedStrings.xml'
10:46:16.398 [main] DEBUG - Save part 'xl/styles.xml'
10:46:16.399 [main] DEBUG - Save part 'xl/theme/theme1.xml'
10:46:16.399 [main] DEBUG - Save part 'xl/workbook.xml'
10:46:16.399 [main] DEBUG - Save part 'xl/worksheets/sheet1.xml'
10:46:16.399 [main] DEBUG - Save part 'xl/worksheets/sheet2.xml'
10:46:16.399 [main] DEBUG - Save part 'xl/worksheets/sheet3.xml'
10:46:16.401 [main] DEBUG - Parsing relationship: /xl/_rels/workbook.xml.rels
10:46:16.401 [main] DEBUG - Parsing relationship: /_rels/.rels
10:46:16.410 [main] DEBUG - Save content types part
10:46:16.411 [main] DEBUG - Save package relationships
10:46:16.411 [main] DEBUG - Save part 'docProps/app.xml'
10:46:16.411 [main] DEBUG - Save part 'docProps/core.xml'
10:46:16.411 [main] DEBUG - Save part 'docProps/custom.xml'
10:46:16.412 [main] DEBUG - Save part 'xl/sharedStrings.xml'
10:46:16.412 [main] DEBUG - Save part 'xl/styles.xml'
10:46:16.412 [main] DEBUG - Save part 'xl/theme/theme1.xml'
10:46:16.412 [main] DEBUG - Save part 'xl/workbook.xml'
10:46:16.412 [main] DEBUG - Save part 'xl/worksheets/sheet1.xml'
10:46:16.412 [main] DEBUG - Save part 'xl/worksheets/sheet2.xml'
10:46:16.412 [main] DEBUG - Save part 'xl/worksheets/sheet3.xml'
10:46:16.414 [main] DEBUG - Parsing relationship: /xl/_rels/workbook.xml.rels
10:46:16.414 [main] DEBUG - Parsing relationship: /_rels/.rels
10:46:16.423 [main] DEBUG - Save content types part
10:46:16.423 [main] DEBUG - Save package relationships
10:46:16.424 [main] DEBUG - Save part 'docProps/app.xml'
10:46:16.424 [main] DEBUG - Save part 'docProps/core.xml'
10:46:16.424 [main] DEBUG - Save part 'docProps/custom.xml'
10:46:16.424 [main] DEBUG - Save part 'xl/sharedStrings.xml'
10:46:16.424 [main] DEBUG - Save part 'xl/styles.xml'
10:46:16.424 [main] DEBUG - Save part 'xl/theme/theme1.xml'
10:46:16.424 [main] DEBUG - Save part 'xl/workbook.xml'
10:46:16.425 [main] DEBUG - Save part 'xl/worksheets/sheet1.xml'
10:46:16.425 [main] DEBUG - Save part 'xl/worksheets/sheet2.xml'
10:46:16.425 [main] DEBUG - Save part 'xl/worksheets/sheet3.xml'
10:46:16.427 [main] DEBUG - Parsing relationship: /xl/_rels/workbook.xml.rels
10:46:16.427 [main] DEBUG - Parsing relationship: /_rels/.rels
10:46:16.433 [main] DEBUG - Save content types part
10:46:16.434 [main] DEBUG - Save package relationships
10:46:16.434 [main] DEBUG - Save part 'docProps/app.xml'
10:46:16.434 [main] DEBUG - Save part 'docProps/core.xml'
10:46:16.434 [main] DEBUG - Save part 'docProps/custom.xml'
10:46:16.434 [main] DEBUG - Save part 'xl/sharedStrings.xml'
10:46:16.434 [main] DEBUG - Save part 'xl/styles.xml'
10:46:16.435 [main] DEBUG - Save part 'xl/theme/theme1.xml'
10:46:16.435 [main] DEBUG - Save part 'xl/workbook.xml'
10:46:16.435 [main] DEBUG - Save part 'xl/worksheets/sheet1.xml'
10:46:16.435 [main] DEBUG - Save part 'xl/worksheets/sheet2.xml'
10:46:16.435 [main] DEBUG - Save part 'xl/worksheets/sheet3.xml'
10:46:16.437 [main] DEBUG - Parsing relationship: /xl/_rels/workbook.xml.rels
10:46:16.437 [main] DEBUG - Parsing relationship: /_rels/.rels
10:46:16.446 [main] DEBUG - Save content types part
10:46:16.447 [main] DEBUG - Save package relationships
10:46:16.447 [main] DEBUG - Save part 'docProps/app.xml'
10:46:16.447 [main] DEBUG - Save part 'docProps/core.xml'
10:46:16.447 [main] DEBUG - Save part 'docProps/custom.xml'
10:46:16.447 [main] DEBUG - Save part 'xl/sharedStrings.xml'
10:46:16.447 [main] DEBUG - Save part 'xl/styles.xml'
10:46:16.448 [main] DEBUG - Save part 'xl/theme/theme1.xml'
10:46:16.448 [main] DEBUG - Save part 'xl/workbook.xml'
10:46:16.448 [main] DEBUG - Save part 'xl/worksheets/sheet1.xml'
10:46:16.448 [main] DEBUG - Save part 'xl/worksheets/sheet2.xml'
10:46:16.448 [main] DEBUG - Save part 'xl/worksheets/sheet3.xml'
10:46:16.450 [main] DEBUG - Parsing relationship: /xl/_rels/workbook.xml.rels
10:46:16.450 [main] DEBUG - Parsing relationship: /_rels/.rels
10:46:16.458 [main] DEBUG - Save content types part
10:46:16.458 [main] DEBUG - Save package relationships
10:46:16.458 [main] DEBUG - Save part 'docProps/app.xml'
10:46:16.459 [main] DEBUG - Save part 'docProps/core.xml'
10:46:16.459 [main] DEBUG - Save part 'docProps/custom.xml'
10:46:16.459 [main] DEBUG - Save part 'xl/sharedStrings.xml'
10:46:16.459 [main] DEBUG - Save part 'xl/styles.xml'
10:46:16.459 [main] DEBUG - Save part 'xl/theme/theme1.xml'
10:46:16.459 [main] DEBUG - Save part 'xl/workbook.xml'
10:46:16.460 [main] DEBUG - Save part 'xl/worksheets/sheet1.xml'
10:46:16.460 [main] DEBUG - Save part 'xl/worksheets/sheet2.xml'
10:46:16.460 [main] DEBUG - Save part 'xl/worksheets/sheet3.xml'
10:46:16.461 [main] DEBUG - Parsing relationship: /xl/_rels/workbook.xml.rels
10:46:16.461 [main] DEBUG - Parsing relationship: /_rels/.rels
10:46:16.466 [main] DEBUG - Save content types part
10:46:16.467 [main] DEBUG - Save package relationships
10:46:16.467 [main] DEBUG - Save part 'docProps/app.xml'
10:46:16.467 [main] DEBUG - Save part 'docProps/core.xml'
10:46:16.467 [main] DEBUG - Save part 'docProps/custom.xml'
10:46:16.467 [main] DEBUG - Save part 'xl/sharedStrings.xml'
10:46:16.467 [main] DEBUG - Save part 'xl/styles.xml'
10:46:16.468 [main] DEBUG - Save part 'xl/theme/theme1.xml'
10:46:16.468 [main] DEBUG - Save part 'xl/workbook.xml'
10:46:16.468 [main] DEBUG - Save part 'xl/worksheets/sheet1.xml'
10:46:16.468 [main] DEBUG - Save part 'xl/worksheets/sheet2.xml'
10:46:16.468 [main] DEBUG - Save part 'xl/worksheets/sheet3.xml'
10:46:16.470 [main] DEBUG - Parsing relationship: /xl/_rels/workbook.xml.rels
10:46:16.470 [main] DEBUG - Parsing relationship: /_rels/.rels
10:46:16.478 [main] DEBUG - Save content types part
10:46:16.479 [main] DEBUG - Save package relationships
10:46:16.479 [main] DEBUG - Save part 'docProps/app.xml'
10:46:16.479 [main] DEBUG - Save part 'docProps/core.xml'
10:46:16.479 [main] DEBUG - Save part 'docProps/custom.xml'
10:46:16.479 [main] DEBUG - Save part 'xl/sharedStrings.xml'
10:46:16.479 [main] DEBUG - Save part 'xl/styles.xml'
10:46:16.480 [main] DEBUG - Save part 'xl/theme/theme1.xml'
10:46:16.480 [main] DEBUG - Save part 'xl/workbook.xml'
10:46:16.480 [main] DEBUG - Save part 'xl/worksheets/sheet1.xml'
10:46:16.480 [main] DEBUG - Save part 'xl/worksheets/sheet2.xml'
10:46:16.480 [main] DEBUG - Save part 'xl/worksheets/sheet3.xml'
10:46:16.481 [main] DEBUG - Parsing relationship: /xl/_rels/workbook.xml.rels
10:46:16.482 [main] DEBUG - Parsing relationship: /_rels/.rels
10:46:16.491 [main] DEBUG - Save content types part
10:46:16.491 [main] DEBUG - Save package relationships
10:46:16.491 [main] DEBUG - Save part 'docProps/app.xml'
10:46:16.491 [main] DEBUG - Save part 'docProps/core.xml'
10:46:16.492 [main] DEBUG - Save part 'docProps/custom.xml'
10:46:16.492 [main] DEBUG - Save part 'xl/sharedStrings.xml'
10:46:16.492 [main] DEBUG - Save part 'xl/styles.xml'
10:46:16.492 [main] DEBUG - Save part 'xl/theme/theme1.xml'
10:46:16.492 [main] DEBUG - Save part 'xl/workbook.xml'
10:46:16.492 [main] DEBUG - Save part 'xl/worksheets/sheet1.xml'
10:46:16.492 [main] DEBUG - Save part 'xl/worksheets/sheet2.xml'
10:46:16.493 [main] DEBUG - Save part 'xl/worksheets/sheet3.xml'
10:46:16.494 [main] DEBUG - Parsing relationship: /xl/_rels/workbook.xml.rels
10:46:16.494 [main] DEBUG - Parsing relationship: /_rels/.rels
10:46:16.499 [main] DEBUG - Save content types part
10:46:16.499 [main] DEBUG - Save package relationships
10:46:16.500 [main] DEBUG - Save part 'docProps/app.xml'
10:46:16.500 [main] DEBUG - Save part 'docProps/core.xml'
10:46:16.500 [main] DEBUG - Save part 'docProps/custom.xml'
10:46:16.500 [main] DEBUG - Save part 'xl/sharedStrings.xml'
10:46:16.501 [main] DEBUG - Save part 'xl/styles.xml'
10:46:16.501 [main] DEBUG - Save part 'xl/theme/theme1.xml'
10:46:16.501 [main] DEBUG - Save part 'xl/workbook.xml'
10:46:16.501 [main] DEBUG - Save part 'xl/worksheets/sheet1.xml'
10:46:16.501 [main] DEBUG - Save part 'xl/worksheets/sheet2.xml'
10:46:16.501 [main] DEBUG - Save part 'xl/worksheets/sheet3.xml'
10:46:16.504 [main] DEBUG - Parsing relationship: /xl/_rels/workbook.xml.rels
10:46:16.504 [main] DEBUG - Parsing relationship: /_rels/.rels
10:46:16.515 [main] DEBUG - Save content types part
10:46:16.515 [main] DEBUG - Save package relationships
10:46:16.515 [main] DEBUG - Save part 'docProps/app.xml'
10:46:16.516 [main] DEBUG - Save part 'docProps/core.xml'
10:46:16.516 [main] DEBUG - Save part 'docProps/custom.xml'
10:46:16.516 [main] DEBUG - Save part 'xl/sharedStrings.xml'
10:46:16.516 [main] DEBUG - Save part 'xl/styles.xml'
10:46:16.516 [main] DEBUG - Save part 'xl/theme/theme1.xml'
10:46:16.516 [main] DEBUG - Save part 'xl/workbook.xml'
10:46:16.517 [main] DEBUG - Save part 'xl/worksheets/sheet1.xml'
10:46:16.517 [main] DEBUG - Save part 'xl/worksheets/sheet2.xml'
10:46:16.517 [main] DEBUG - Save part 'xl/worksheets/sheet3.xml'
10:46:16.518 [main] DEBUG - Parsing relationship: /xl/_rels/workbook.xml.rels
10:46:16.519 [main] DEBUG - Parsing relationship: /_rels/.rels
10:46:16.527 [main] DEBUG - Save content types part
10:46:16.527 [main] DEBUG - Save package relationships
10:46:16.527 [main] DEBUG - Save part 'docProps/app.xml'
10:46:16.527 [main] DEBUG - Save part 'docProps/core.xml'
10:46:16.528 [main] DEBUG - Save part 'docProps/custom.xml'
10:46:16.528 [main] DEBUG - Save part 'xl/sharedStrings.xml'
10:46:16.528 [main] DEBUG - Save part 'xl/styles.xml'
10:46:16.528 [main] DEBUG - Save part 'xl/theme/theme1.xml'
10:46:16.528 [main] DEBUG - Save part 'xl/workbook.xml'
10:46:16.528 [main] DEBUG - Save part 'xl/worksheets/sheet1.xml'
10:46:16.528 [main] DEBUG - Save part 'xl/worksheets/sheet2.xml'
10:46:16.528 [main] DEBUG - Save part 'xl/worksheets/sheet3.xml'
10:46:16.530 [main] DEBUG - Parsing relationship: /xl/_rels/workbook.xml.rels
10:46:16.531 [main] DEBUG - Parsing relationship: /_rels/.rels
10:46:16.535 [main] DEBUG - Save content types part
10:46:16.536 [main] DEBUG - Save package relationships
10:46:16.536 [main] DEBUG - Save part 'docProps/app.xml'
10:46:16.536 [main] DEBUG - Save part 'docProps/core.xml'
10:46:16.536 [main] DEBUG - Save part 'docProps/custom.xml'
10:46:16.536 [main] DEBUG - Save part 'xl/sharedStrings.xml'
10:46:16.537 [main] DEBUG - Save part 'xl/styles.xml'
10:46:16.537 [main] DEBUG - Save part 'xl/theme/theme1.xml'
10:46:16.537 [main] DEBUG - Save part 'xl/workbook.xml'
10:46:16.537 [main] DEBUG - Save part 'xl/worksheets/sheet1.xml'
10:46:16.537 [main] DEBUG - Save part 'xl/worksheets/sheet2.xml'
10:46:16.537 [main] DEBUG - Save part 'xl/worksheets/sheet3.xml'
10:46:16.539 [main] DEBUG - Parsing relationship: /xl/_rels/workbook.xml.rels
10:46:16.539 [main] DEBUG - Parsing relationship: /_rels/.rels
10:46:16.548 [main] DEBUG - Save content types part
10:46:16.548 [main] DEBUG - Save package relationships
10:46:16.548 [main] DEBUG - Save part 'docProps/app.xml'
10:46:16.548 [main] DEBUG - Save part 'docProps/core.xml'
10:46:16.549 [main] DEBUG - Save part 'docProps/custom.xml'
10:46:16.549 [main] DEBUG - Save part 'xl/sharedStrings.xml'
10:46:16.549 [main] DEBUG - Save part 'xl/styles.xml'
10:46:16.549 [main] DEBUG - Save part 'xl/theme/theme1.xml'
10:46:16.549 [main] DEBUG - Save part 'xl/workbook.xml'
10:46:16.549 [main] DEBUG - Save part 'xl/worksheets/sheet1.xml'
10:46:16.549 [main] DEBUG - Save part 'xl/worksheets/sheet2.xml'
10:46:16.549 [main] DEBUG - Save part 'xl/worksheets/sheet3.xml'
10:46:16.551 [main] DEBUG - Parsing relationship: /xl/_rels/workbook.xml.rels
10:46:16.551 [main] DEBUG - Parsing relationship: /_rels/.rels
10:46:16.558 [main] DEBUG - Save content types part
10:46:16.559 [main] DEBUG - Save package relationships
10:46:16.559 [main] DEBUG - Save part 'docProps/app.xml'
10:46:16.559 [main] DEBUG - Save part 'docProps/core.xml'
10:46:16.559 [main] DEBUG - Save part 'docProps/custom.xml'
10:46:16.559 [main] DEBUG - Save part 'xl/sharedStrings.xml'
10:46:16.559 [main] DEBUG - Save part 'xl/styles.xml'
10:46:16.560 [main] DEBUG - Save part 'xl/theme/theme1.xml'
10:46:16.560 [main] DEBUG - Save part 'xl/workbook.xml'
10:46:16.560 [main] DEBUG - Save part 'xl/worksheets/sheet1.xml'
10:46:16.560 [main] DEBUG - Save part 'xl/worksheets/sheet2.xml'
10:46:16.560 [main] DEBUG - Save part 'xl/worksheets/sheet3.xml'
10:46:16.562 [main] DEBUG - Parsing relationship: /xl/_rels/workbook.xml.rels
10:46:16.562 [main] DEBUG - Parsing relationship: /_rels/.rels
10:46:16.569 [main] DEBUG - Save content types part
10:46:16.570 [main] DEBUG - Save package relationships
10:46:16.570 [main] DEBUG - Save part 'docProps/app.xml'
10:46:16.570 [main] DEBUG - Save part 'docProps/core.xml'
10:46:16.570 [main] DEBUG - Save part 'docProps/custom.xml'
10:46:16.570 [main] DEBUG - Save part 'xl/sharedStrings.xml'
10:46:16.571 [main] DEBUG - Save part 'xl/styles.xml'
10:46:16.571 [main] DEBUG - Save part 'xl/theme/theme1.xml'
10:46:16.571 [main] DEBUG - Save part 'xl/workbook.xml'
10:46:16.571 [main] DEBUG - Save part 'xl/worksheets/sheet1.xml'
10:46:16.571 [main] DEBUG - Save part 'xl/worksheets/sheet2.xml'
10:46:16.571 [main] DEBUG - Save part 'xl/worksheets/sheet3.xml'
10:46:16.574 [main] DEBUG - Parsing relationship: /xl/_rels/workbook.xml.rels
10:46:16.574 [main] DEBUG - Parsing relationship: /_rels/.rels
10:46:16.581 [main] DEBUG - Save content types part
10:46:16.582 [main] DEBUG - Save package relationships
10:46:16.582 [main] DEBUG - Save part 'docProps/app.xml'
10:46:16.582 [main] DEBUG - Save part 'docProps/core.xml'
10:46:16.582 [main] DEBUG - Save part 'docProps/custom.xml'
10:46:16.582 [main] DEBUG - Save part 'xl/sharedStrings.xml'
10:46:16.582 [main] DEBUG - Save part 'xl/styles.xml'
10:46:16.583 [main] DEBUG - Save part 'xl/theme/theme1.xml'
10:46:16.583 [main] DEBUG - Save part 'xl/workbook.xml'
10:46:16.583 [main] DEBUG - Save part 'xl/worksheets/sheet1.xml'
10:46:16.583 [main] DEBUG - Save part 'xl/worksheets/sheet2.xml'
10:46:16.583 [main] DEBUG - Save part 'xl/worksheets/sheet3.xml'
10:46:16.585 [main] DEBUG - Parsing relationship: /xl/_rels/workbook.xml.rels
10:46:16.585 [main] DEBUG - Parsing relationship: /_rels/.rels
10:46:16.592 [main] DEBUG - Save content types part
10:46:16.592 [main] DEBUG - Save package relationships
10:46:16.592 [main] DEBUG - Save part 'docProps/app.xml'
10:46:16.592 [main] DEBUG - Save part 'docProps/core.xml'
10:46:16.592 [main] DEBUG - Save part 'docProps/custom.xml'
10:46:16.593 [main] DEBUG - Save part 'xl/sharedStrings.xml'
10:46:16.593 [main] DEBUG - Save part 'xl/styles.xml'
10:46:16.593 [main] DEBUG - Save part 'xl/theme/theme1.xml'
10:46:16.593 [main] DEBUG - Save part 'xl/workbook.xml'
10:46:16.593 [main] DEBUG - Save part 'xl/worksheets/sheet1.xml'
10:46:16.593 [main] DEBUG - Save part 'xl/worksheets/sheet2.xml'
10:46:16.593 [main] DEBUG - Save part 'xl/worksheets/sheet3.xml'
10:46:16.596 [main] DEBUG - Parsing relationship: /xl/_rels/workbook.xml.rels
10:46:16.596 [main] DEBUG - Parsing relationship: /_rels/.rels
10:46:16.600 [main] DEBUG - Save content types part
10:46:16.601 [main] DEBUG - Save package relationships
10:46:16.601 [main] DEBUG - Save part 'docProps/app.xml'
10:46:16.602 [main] DEBUG - Save part 'docProps/core.xml'
10:46:16.602 [main] DEBUG - Save part 'docProps/custom.xml'
10:46:16.602 [main] DEBUG - Save part 'xl/sharedStrings.xml'
10:46:16.602 [main] DEBUG - Save part 'xl/styles.xml'
10:46:16.602 [main] DEBUG - Save part 'xl/theme/theme1.xml'
10:46:16.603 [main] DEBUG - Save part 'xl/workbook.xml'
10:46:16.603 [main] DEBUG - Save part 'xl/worksheets/sheet1.xml'
10:46:16.603 [main] DEBUG - Save part 'xl/worksheets/sheet2.xml'
10:46:16.603 [main] DEBUG - Save part 'xl/worksheets/sheet3.xml'
10:46:16.605 [main] DEBUG - Parsing relationship: /xl/_rels/workbook.xml.rels
10:46:16.605 [main] DEBUG - Parsing relationship: /_rels/.rels
10:46:16.612 [main] DEBUG - Save content types part
10:46:16.612 [main] DEBUG - Save package relationships
10:46:16.613 [main] DEBUG - Save part 'docProps/app.xml'
10:46:16.613 [main] DEBUG - Save part 'docProps/core.xml'
10:46:16.613 [main] DEBUG - Save part 'docProps/custom.xml'
10:46:16.613 [main] DEBUG - Save part 'xl/sharedStrings.xml'
10:46:16.613 [main] DEBUG - Save part 'xl/styles.xml'
10:46:16.613 [main] DEBUG - Save part 'xl/theme/theme1.xml'
10:46:16.613 [main] DEBUG - Save part 'xl/workbook.xml'
10:46:16.613 [main] DEBUG - Save part 'xl/worksheets/sheet1.xml'
10:46:16.614 [main] DEBUG - Save part 'xl/worksheets/sheet2.xml'
10:46:16.614 [main] DEBUG - Save part 'xl/worksheets/sheet3.xml'
10:46:16.615 [main] DEBUG - Parsing relationship: /xl/_rels/workbook.xml.rels
10:46:16.615 [main] DEBUG - Parsing relationship: /_rels/.rels
10:46:16.622 [main] DEBUG - Save content types part
