00:08:05.942 [main] TRACE - Resolving type for handle strelationshipid1e94type
00:08:05.945 [main] TRACE - Resolving type for handle worksheetf539doctype
00:08:05.947 [main] TRACE - Resolving type for handle ctworksheet530dtype
00:08:05.949 [main] TRACE - Resolving type for handle ctsheetdata8408type
00:08:05.950 [main] TRACE - Resolving type for handle ctrowdd39type
00:08:05.952 [main] TRACE - Resolving type for handle ctcell842btype
00:08:05.954 [main] TRACE - Resolving type for handle stcellrefe4e0type
00:08:05.957 [main] TRACE - Resolving type for handle ctcols627ctype
00:08:05.959 [main] TRACE - Resolving type for handle ctcola95ftype
00:08:05.970 [main] TRACE - Resolving type for handle stcelltypebf95type
00:08:06.002 [main] DEBUG - Parsing relationship: /xl/_rels/workbook.xml.rels
00:08:06.002 [main] DEBUG - Parsing relationship: /_rels/.rels
00:08:06.043 [main] DEBUG - Parsing relationship: /xl/_rels/workbook.xml.rels
00:08:06.043 [main] DEBUG - Parsing relationship: /_rels/.rels
00:08:06.089 [main] DEBUG - Parsing relationship: /xl/_rels/workbook.xml.rels
00:08:06.090 [main] DEBUG - Parsing relationship: /_rels/.rels
00:08:38.122 [main] INFO  - Goto my account-->Click on Login.. 
00:08:38.390 [main] INFO  - Entering email and password.. 
00:08:49.480 [main] DEBUG - Parsing relationship: /xl/_rels/workbook.xml.rels
00:08:49.481 [main] DEBUG - Parsing relationship: /_rels/.rels
00:08:49.535 [main] TRACE - Loading type system org.apache.poi.schemas.ooxml.system.ooxml
00:08:49.536 [main] TRACE - Loading type system org.apache.xmlbeans.metadata.system.sXMLCONFIG
00:08:49.536 [main] TRACE - Loading type system org.apache.xmlbeans.metadata.system.sXMLLANG
00:08:49.536 [main] TRACE - Loading type system org.apache.xmlbeans.metadata.system.sXMLSCHEMA
00:08:49.536 [main] TRACE - Loading type system org.apache.xmlbeans.metadata.system.sXMLTOOLS
00:08:49.537 [main] TRACE - Reading unresolved handles for type system org.apache.xmlbeans.metadata.system.sXMLTOOLS
00:08:49.545 [main] TRACE - Finished loading type system org.apache.xmlbeans.metadata.system.sXMLTOOLS
00:08:49.545 [main] TRACE - Reading unresolved handles for type system org.apache.xmlbeans.metadata.system.sXMLSCHEMA
00:08:49.548 [main] TRACE - Finished loading type system org.apache.xmlbeans.metadata.system.sXMLSCHEMA
00:08:49.548 [main] TRACE - Reading unresolved handles for type system org.apache.xmlbeans.metadata.system.sXMLLANG
00:08:49.549 [main] TRACE - Finished loading type system org.apache.xmlbeans.metadata.system.sXMLLANG
00:08:49.549 [main] TRACE - Reading unresolved handles for type system org.apache.xmlbeans.metadata.system.sXMLCONFIG
00:08:49.549 [main] TRACE - Finished loading type system org.apache.xmlbeans.metadata.system.sXMLCONFIG
00:08:49.550 [main] TRACE - Reading unresolved handles for type system org.apache.poi.schemas.ooxml.system.ooxml
00:08:49.583 [main] TRACE - Finished loading type system org.apache.poi.schemas.ooxml.system.ooxml
00:08:49.583 [main] TRACE - Resolving type for handle themefd26doctype
00:08:49.603 [main] TRACE - Resolving type for handle stylesheet5d8bdoctype
00:08:49.610 [main] TRACE - Resolving type for handle ctstylesheet4257type
00:08:49.612 [main] TRACE - Resolving type for handle ctnumfmtsb58btype
00:08:49.613 [main] TRACE - Resolving type for handle ctnumfmt3870type
00:08:49.614 [main] TRACE - Resolving type for handle stnumfmtid76fbtype
00:08:49.616 [main] TRACE - Resolving type for handle stxstringf179type
00:08:49.618 [main] TRACE - Resolving type for handle ctfonts6623type
00:08:49.620 [main] TRACE - Resolving type for handle ctfont14d8type
00:08:49.622 [main] TRACE - Resolving type for handle ctfills2c6ftype
00:08:49.623 [main] TRACE - Resolving type for handle ctfill550ctype
00:08:49.623 [main] TRACE - Resolving type for handle ctborders0d66type
00:08:49.624 [main] TRACE - Resolving type for handle ctborderf935type
00:08:49.625 [main] TRACE - Resolving type for handle ctcellxfs1322type
00:08:49.626 [main] TRACE - Resolving type for handle ctxf97f7type
00:08:49.628 [main] TRACE - Resolving type for handle ctcellstylexfsa81ftype
00:08:49.629 [main] TRACE - Resolving type for handle cttablestyles872ftype
00:08:49.630 [main] TRACE - Resolving type for handle sstf81fdoctype
00:08:49.632 [main] TRACE - Resolving type for handle ctsst44f3type
00:08:49.633 [main] TRACE - Resolving type for handle ctrsta472type
00:08:49.642 [main] TRACE - Resolving type for handle workbookec17doctype
00:08:49.643 [main] TRACE - Resolving type for handle ctworkbook83c3type
00:08:49.646 [main] TRACE - Resolving type for handle ctsheets49fdtype
00:08:49.646 [main] TRACE - Resolving type for handle ctsheet4dbetype
00:08:49.647 [main] TRACE - Resolving type for handle strelationshipid1e94type
00:08:49.648 [main] TRACE - Resolving type for handle worksheetf539doctype
00:08:49.650 [main] TRACE - Resolving type for handle ctworksheet530dtype
00:08:49.653 [main] TRACE - Resolving type for handle ctsheetdata8408type
00:08:49.654 [main] TRACE - Resolving type for handle ctrowdd39type
00:08:49.655 [main] TRACE - Resolving type for handle ctcell842btype
00:08:49.657 [main] TRACE - Resolving type for handle stcellrefe4e0type
00:08:49.663 [main] TRACE - Resolving type for handle ctcols627ctype
00:08:49.664 [main] TRACE - Resolving type for handle ctcola95ftype
00:08:49.675 [main] TRACE - Resolving type for handle stcelltypebf95type
00:08:49.705 [main] DEBUG - Parsing relationship: /xl/_rels/workbook.xml.rels
00:08:49.705 [main] DEBUG - Parsing relationship: /_rels/.rels
00:08:49.747 [main] DEBUG - Parsing relationship: /xl/_rels/workbook.xml.rels
00:08:49.748 [main] DEBUG - Parsing relationship: /_rels/.rels
00:08:49.793 [main] DEBUG - Parsing relationship: /xl/_rels/workbook.xml.rels
00:08:49.794 [main] DEBUG - Parsing relationship: /_rels/.rels
07:27:22.008 [main] INFO  - Goto my account-->Click on Login.. 
07:27:22.299 [main] INFO  - Entering email and password.. 
07:27:33.380 [main] DEBUG - Parsing relationship: /xl/_rels/workbook.xml.rels
07:27:33.382 [main] DEBUG - Parsing relationship: /_rels/.rels
07:27:33.452 [main] TRACE - Loading type system org.apache.poi.schemas.ooxml.system.ooxml
07:27:33.454 [main] TRACE - Loading type system org.apache.xmlbeans.metadata.system.sXMLCONFIG
07:27:33.454 [main] TRACE - Loading type system org.apache.xmlbeans.metadata.system.sXMLLANG
07:27:33.454 [main] TRACE - Loading type system org.apache.xmlbeans.metadata.system.sXMLSCHEMA
07:27:33.454 [main] TRACE - Loading type system org.apache.xmlbeans.metadata.system.sXMLTOOLS
07:27:33.455 [main] TRACE - Reading unresolved handles for type system org.apache.xmlbeans.metadata.system.sXMLTOOLS
07:27:33.465 [main] TRACE - Finished loading type system org.apache.xmlbeans.metadata.system.sXMLTOOLS
07:27:33.465 [main] TRACE - Reading unresolved handles for type system org.apache.xmlbeans.metadata.system.sXMLSCHEMA
07:27:33.473 [main] TRACE - Finished loading type system org.apache.xmlbeans.metadata.system.sXMLSCHEMA
07:27:33.474 [main] TRACE - Reading unresolved handles for type system org.apache.xmlbeans.metadata.system.sXMLLANG
07:27:33.475 [main] TRACE - Finished loading type system org.apache.xmlbeans.metadata.system.sXMLLANG
07:27:33.475 [main] TRACE - Reading unresolved handles for type system org.apache.xmlbeans.metadata.system.sXMLCONFIG
07:27:33.476 [main] TRACE - Finished loading type system org.apache.xmlbeans.metadata.system.sXMLCONFIG
07:27:33.476 [main] TRACE - Reading unresolved handles for type system org.apache.poi.schemas.ooxml.system.ooxml
07:27:33.515 [main] TRACE - Finished loading type system org.apache.poi.schemas.ooxml.system.ooxml
07:27:33.515 [main] TRACE - Resolving type for handle themefd26doctype
07:27:33.539 [main] TRACE - Resolving type for handle stylesheet5d8bdoctype
07:27:33.551 [main] TRACE - Resolving type for handle ctstylesheet4257type
07:27:33.553 [main] TRACE - Resolving type for handle ctnumfmtsb58btype
07:27:33.557 [main] TRACE - Resolving type for handle ctnumfmt3870type
07:27:33.557 [main] TRACE - Resolving type for handle stnumfmtid76fbtype
07:27:33.562 [main] TRACE - Resolving type for handle stxstringf179type
07:27:33.563 [main] TRACE - Resolving type for handle ctfonts6623type
07:27:33.565 [main] TRACE - Resolving type for handle ctfont14d8type
07:27:33.568 [main] TRACE - Resolving type for handle ctfills2c6ftype
07:27:33.570 [main] TRACE - Resolving type for handle ctfill550ctype
07:27:33.572 [main] TRACE - Resolving type for handle ctborders0d66type
07:27:33.573 [main] TRACE - Resolving type for handle ctborderf935type
07:27:33.575 [main] TRACE - Resolving type for handle ctcellxfs1322type
07:27:33.578 [main] TRACE - Resolving type for handle ctxf97f7type
07:27:33.580 [main] TRACE - Resolving type for handle ctcellstylexfsa81ftype
07:27:33.581 [main] TRACE - Resolving type for handle cttablestyles872ftype
07:27:33.582 [main] TRACE - Resolving type for handle sstf81fdoctype
07:27:33.585 [main] TRACE - Resolving type for handle ctsst44f3type
07:27:33.587 [main] TRACE - Resolving type for handle ctrsta472type
07:27:33.598 [main] TRACE - Resolving type for handle workbookec17doctype
07:27:33.600 [main] TRACE - Resolving type for handle ctworkbook83c3type
07:27:33.602 [main] TRACE - Resolving type for handle ctsheets49fdtype
07:27:33.602 [main] TRACE - Resolving type for handle ctsheet4dbetype
07:27:33.603 [main] TRACE - Resolving type for handle strelationshipid1e94type
07:27:33.604 [main] TRACE - Resolving type for handle worksheetf539doctype
07:27:33.606 [main] TRACE - Resolving type for handle ctworksheet530dtype
07:27:33.608 [main] TRACE - Resolving type for handle ctsheetdata8408type
07:27:33.609 [main] TRACE - Resolving type for handle ctrowdd39type
07:27:33.612 [main] TRACE - Resolving type for handle ctcell842btype
07:27:33.618 [main] TRACE - Resolving type for handle stcellrefe4e0type
07:27:33.621 [main] TRACE - Resolving type for handle ctcols627ctype
07:27:33.622 [main] TRACE - Resolving type for handle ctcola95ftype
07:27:33.637 [main] TRACE - Resolving type for handle stcelltypebf95type
07:27:33.648 [main] DEBUG - Parsing relationship: /xl/_rels/workbook.xml.rels
07:27:33.648 [main] DEBUG - Parsing relationship: /_rels/.rels
07:27:33.668 [main] TRACE - Resolving type for handle stcellstylexfid70c7type
07:27:33.670 [main] TRACE - Resolving type for handle ctsheetdimensiond310type
07:27:33.671 [main] TRACE - Resolving type for handle stref90a2type
07:27:33.683 [main] TRACE - Resolving type for handle propertiesee84doctype
07:27:33.684 [main] TRACE - Resolving type for handle ctproperties3f10type
07:27:33.686 [main] TRACE - Resolving type for handle properties288cdoctype
07:27:33.687 [main] TRACE - Resolving type for handle ctproperties2c18type
07:36:53.514 [main] INFO  - Goto my account-->Click on Login.. 
07:36:54.000 [main] INFO  - Entering email and password.. 
07:41:10.723 [main] INFO  - Goto my account-->Click on Login.. 
07:41:11.022 [main] INFO  - Entering email and password.. 
07:50:05.314 [main] INFO  - Goto my account-->Click on Login.. 
07:50:05.986 [main] INFO  - Entering email and password.. 
07:51:05.030 [main] INFO  - Goto my account-->Click on Login.. 
07:51:05.381 [main] INFO  - Entering email and password.. 
07:52:13.394 [main] INFO  - Goto my account-->Click on Login.. 
07:52:14.159 [main] INFO  - Entering email and password.. 
08:04:29.580 [main] INFO  - Goto my account-->Click on Login.. 
08:04:29.869 [main] INFO  - Entering email and password.. 
08:05:38.223 [main] INFO  - Goto my account-->Click on Login.. 
08:05:38.522 [main] INFO  - Entering email and password.. 
08:11:42.584 [main] INFO  - Goto my account-->Click on Login.. 
08:12:06.748 [main] INFO  - Goto my account-->Click on Login.. 
08:12:07.277 [main] INFO  - Entering email and password.. 
08:12:45.362 [main] INFO  - Goto my account-->Click on Login.. 
08:12:45.859 [main] INFO  - Entering email and password.. 
08:18:16.103 [main] INFO  - Goto my account-->Click on Login.. 
08:18:16.420 [main] INFO  - Entering email and password.. 
08:20:03.102 [main] INFO  - Goto my account-->Click on Login.. 
08:20:03.404 [main] INFO  - Entering email and password.. 
08:22:59.015 [main] INFO  - Goto my account-->Click on Login.. 
08:22:59.498 [main] INFO  - Entering email and password.. 
08:26:40.240 [main] INFO  - Goto my account-->Click on Login.. 
08:26:40.515 [main] INFO  - Entering email and password.. 
08:49:52.263 [main] INFO  - Goto my account-->Click on Login.. 
08:49:52.756 [main] INFO  - Entering email and password.. 
08:50:46.539 [main] INFO  - Goto my account-->Click on Login.. 
08:50:47.006 [main] INFO  - Entering email and password.. 
08:50:58.072 [main] DEBUG - Parsing relationship: /xl/_rels/workbook.xml.rels
08:50:58.073 [main] DEBUG - Parsing relationship: /_rels/.rels
08:50:58.136 [main] TRACE - Loading type system org.apache.poi.schemas.ooxml.system.ooxml
08:50:58.138 [main] TRACE - Loading type system org.apache.xmlbeans.metadata.system.sXMLCONFIG
08:50:58.138 [main] TRACE - Loading type system org.apache.xmlbeans.metadata.system.sXMLLANG
08:50:58.138 [main] TRACE - Loading type system org.apache.xmlbeans.metadata.system.sXMLSCHEMA
08:50:58.138 [main] TRACE - Loading type system org.apache.xmlbeans.metadata.system.sXMLTOOLS
08:50:58.139 [main] TRACE - Reading unresolved handles for type system org.apache.xmlbeans.metadata.system.sXMLTOOLS
08:50:58.144 [main] TRACE - Finished loading type system org.apache.xmlbeans.metadata.system.sXMLTOOLS
08:50:58.144 [main] TRACE - Reading unresolved handles for type system org.apache.xmlbeans.metadata.system.sXMLSCHEMA
08:50:58.147 [main] TRACE - Finished loading type system org.apache.xmlbeans.metadata.system.sXMLSCHEMA
08:50:58.147 [main] TRACE - Reading unresolved handles for type system org.apache.xmlbeans.metadata.system.sXMLLANG
08:50:58.148 [main] TRACE - Finished loading type system org.apache.xmlbeans.metadata.system.sXMLLANG
08:50:58.148 [main] TRACE - Reading unresolved handles for type system org.apache.xmlbeans.metadata.system.sXMLCONFIG
08:50:58.148 [main] TRACE - Finished loading type system org.apache.xmlbeans.metadata.system.sXMLCONFIG
08:50:58.148 [main] TRACE - Reading unresolved handles for type system org.apache.poi.schemas.ooxml.system.ooxml
08:50:58.184 [main] TRACE - Finished loading type system org.apache.poi.schemas.ooxml.system.ooxml
08:50:58.185 [main] TRACE - Resolving type for handle themefd26doctype
08:50:58.208 [main] TRACE - Resolving type for handle stylesheet5d8bdoctype
08:50:58.215 [main] TRACE - Resolving type for handle ctstylesheet4257type
08:50:58.217 [main] TRACE - Resolving type for handle ctnumfmtsb58btype
08:50:58.220 [main] TRACE - Resolving type for handle ctnumfmt3870type
08:50:58.221 [main] TRACE - Resolving type for handle stnumfmtid76fbtype
08:50:58.223 [main] TRACE - Resolving type for handle stxstringf179type
08:50:58.224 [main] TRACE - Resolving type for handle ctfonts6623type
08:50:58.225 [main] TRACE - Resolving type for handle ctfont14d8type
08:50:58.227 [main] TRACE - Resolving type for handle ctfills2c6ftype
08:50:58.228 [main] TRACE - Resolving type for handle ctfill550ctype
08:50:58.229 [main] TRACE - Resolving type for handle ctborders0d66type
08:50:58.230 [main] TRACE - Resolving type for handle ctborderf935type
08:50:58.231 [main] TRACE - Resolving type for handle ctcellxfs1322type
08:50:58.232 [main] TRACE - Resolving type for handle ctxf97f7type
08:50:58.234 [main] TRACE - Resolving type for handle ctcellstylexfsa81ftype
08:50:58.234 [main] TRACE - Resolving type for handle cttablestyles872ftype
08:50:58.235 [main] TRACE - Resolving type for handle sstf81fdoctype
08:50:58.237 [main] TRACE - Resolving type for handle ctsst44f3type
08:50:58.238 [main] TRACE - Resolving type for handle ctrsta472type
08:50:58.247 [main] TRACE - Resolving type for handle workbookec17doctype
08:50:58.248 [main] TRACE - Resolving type for handle ctworkbook83c3type
08:50:58.251 [main] TRACE - Resolving type for handle ctsheets49fdtype
08:50:58.251 [main] TRACE - Resolving type for handle ctsheet4dbetype
08:50:58.252 [main] TRACE - Resolving type for handle strelationshipid1e94type
08:50:58.252 [main] TRACE - Resolving type for handle worksheetf539doctype
08:50:58.254 [main] TRACE - Resolving type for handle ctworksheet530dtype
08:50:58.257 [main] TRACE - Resolving type for handle ctsheetdata8408type
08:50:58.257 [main] TRACE - Resolving type for handle ctrowdd39type
08:50:58.259 [main] TRACE - Resolving type for handle ctcell842btype
08:50:58.261 [main] TRACE - Resolving type for handle stcellrefe4e0type
08:50:58.264 [main] TRACE - Resolving type for handle ctcols627ctype
08:50:58.266 [main] TRACE - Resolving type for handle ctcola95ftype
08:50:58.279 [main] TRACE - Resolving type for handle stcelltypebf95type
08:51:32.871 [main] INFO  - Goto my account-->Click on Login.. 
08:51:33.163 [main] INFO  - Entering email and password.. 
08:51:44.363 [main] DEBUG - Parsing relationship: /xl/_rels/workbook.xml.rels
08:51:44.364 [main] DEBUG - Parsing relationship: /_rels/.rels
08:51:44.418 [main] TRACE - Loading type system org.apache.poi.schemas.ooxml.system.ooxml
08:51:44.419 [main] TRACE - Loading type system org.apache.xmlbeans.metadata.system.sXMLCONFIG
08:51:44.419 [main] TRACE - Loading type system org.apache.xmlbeans.metadata.system.sXMLLANG
08:51:44.419 [main] TRACE - Loading type system org.apache.xmlbeans.metadata.system.sXMLSCHEMA
08:51:44.420 [main] TRACE - Loading type system org.apache.xmlbeans.metadata.system.sXMLTOOLS
08:51:44.420 [main] TRACE - Reading unresolved handles for type system org.apache.xmlbeans.metadata.system.sXMLTOOLS
08:51:44.425 [main] TRACE - Finished loading type system org.apache.xmlbeans.metadata.system.sXMLTOOLS
08:51:44.425 [main] TRACE - Reading unresolved handles for type system org.apache.xmlbeans.metadata.system.sXMLSCHEMA
08:51:44.431 [main] TRACE - Finished loading type system org.apache.xmlbeans.metadata.system.sXMLSCHEMA
08:51:44.432 [main] TRACE - Reading unresolved handles for type system org.apache.xmlbeans.metadata.system.sXMLLANG
08:51:44.432 [main] TRACE - Finished loading type system org.apache.xmlbeans.metadata.system.sXMLLANG
08:51:44.432 [main] TRACE - Reading unresolved handles for type system org.apache.xmlbeans.metadata.system.sXMLCONFIG
08:51:44.433 [main] TRACE - Finished loading type system org.apache.xmlbeans.metadata.system.sXMLCONFIG
08:51:44.433 [main] TRACE - Reading unresolved handles for type system org.apache.poi.schemas.ooxml.system.ooxml
08:51:44.467 [main] TRACE - Finished loading type system org.apache.poi.schemas.ooxml.system.ooxml
08:51:44.467 [main] TRACE - Resolving type for handle themefd26doctype
08:51:44.487 [main] TRACE - Resolving type for handle stylesheet5d8bdoctype
08:51:44.494 [main] TRACE - Resolving type for handle ctstylesheet4257type
08:51:44.496 [main] TRACE - Resolving type for handle ctnumfmtsb58btype
08:51:44.497 [main] TRACE - Resolving type for handle ctnumfmt3870type
08:51:44.498 [main] TRACE - Resolving type for handle stnumfmtid76fbtype
08:51:44.501 [main] TRACE - Resolving type for handle stxstringf179type
08:51:44.502 [main] TRACE - Resolving type for handle ctfonts6623type
08:51:44.504 [main] TRACE - Resolving type for handle ctfont14d8type
08:51:44.506 [main] TRACE - Resolving type for handle ctfills2c6ftype
08:51:44.507 [main] TRACE - Resolving type for handle ctfill550ctype
08:51:44.507 [main] TRACE - Resolving type for handle ctborders0d66type
08:51:44.508 [main] TRACE - Resolving type for handle ctborderf935type
08:51:44.509 [main] TRACE - Resolving type for handle ctcellxfs1322type
08:51:44.510 [main] TRACE - Resolving type for handle ctxf97f7type
08:51:44.512 [main] TRACE - Resolving type for handle ctcellstylexfsa81ftype
08:51:44.513 [main] TRACE - Resolving type for handle cttablestyles872ftype
08:51:44.514 [main] TRACE - Resolving type for handle sstf81fdoctype
08:51:44.517 [main] TRACE - Resolving type for handle ctsst44f3type
08:51:44.518 [main] TRACE - Resolving type for handle ctrsta472type
08:51:44.527 [main] TRACE - Resolving type for handle workbookec17doctype
08:51:44.528 [main] TRACE - Resolving type for handle ctworkbook83c3type
08:51:44.530 [main] TRACE - Resolving type for handle ctsheets49fdtype
08:51:44.531 [main] TRACE - Resolving type for handle ctsheet4dbetype
08:51:44.532 [main] TRACE - Resolving type for handle strelationshipid1e94type
08:51:44.533 [main] TRACE - Resolving type for handle worksheetf539doctype
08:51:44.535 [main] TRACE - Resolving type for handle ctworksheet530dtype
08:51:44.537 [main] TRACE - Resolving type for handle ctsheetdata8408type
08:51:44.538 [main] TRACE - Resolving type for handle ctrowdd39type
08:51:44.542 [main] TRACE - Resolving type for handle ctcell842btype
08:51:44.544 [main] TRACE - Resolving type for handle stcellrefe4e0type
08:51:44.547 [main] TRACE - Resolving type for handle ctcols627ctype
08:51:44.549 [main] TRACE - Resolving type for handle ctcola95ftype
08:51:44.560 [main] TRACE - Resolving type for handle stcelltypebf95type
08:54:55.788 [main] INFO  - Goto my account-->Click on Login.. 
08:54:56.072 [main] INFO  - Entering email and password.. 
08:55:07.114 [main] DEBUG - Parsing relationship: /xl/_rels/workbook.xml.rels
08:55:07.116 [main] DEBUG - Parsing relationship: /_rels/.rels
08:55:07.171 [main] TRACE - Loading type system org.apache.poi.schemas.ooxml.system.ooxml
08:55:07.172 [main] TRACE - Loading type system org.apache.xmlbeans.metadata.system.sXMLCONFIG
08:55:07.172 [main] TRACE - Loading type system org.apache.xmlbeans.metadata.system.sXMLLANG
08:55:07.172 [main] TRACE - Loading type system org.apache.xmlbeans.metadata.system.sXMLSCHEMA
08:55:07.173 [main] TRACE - Loading type system org.apache.xmlbeans.metadata.system.sXMLTOOLS
08:55:07.173 [main] TRACE - Reading unresolved handles for type system org.apache.xmlbeans.metadata.system.sXMLTOOLS
08:55:07.181 [main] TRACE - Finished loading type system org.apache.xmlbeans.metadata.system.sXMLTOOLS
08:55:07.182 [main] TRACE - Reading unresolved handles for type system org.apache.xmlbeans.metadata.system.sXMLSCHEMA
08:55:07.185 [main] TRACE - Finished loading type system org.apache.xmlbeans.metadata.system.sXMLSCHEMA
08:55:07.185 [main] TRACE - Reading unresolved handles for type system org.apache.xmlbeans.metadata.system.sXMLLANG
08:55:07.185 [main] TRACE - Finished loading type system org.apache.xmlbeans.metadata.system.sXMLLANG
08:55:07.185 [main] TRACE - Reading unresolved handles for type system org.apache.xmlbeans.metadata.system.sXMLCONFIG
08:55:07.186 [main] TRACE - Finished loading type system org.apache.xmlbeans.metadata.system.sXMLCONFIG
08:55:07.186 [main] TRACE - Reading unresolved handles for type system org.apache.poi.schemas.ooxml.system.ooxml
08:55:07.219 [main] TRACE - Finished loading type system org.apache.poi.schemas.ooxml.system.ooxml
08:55:07.220 [main] TRACE - Resolving type for handle themefd26doctype
08:55:07.239 [main] TRACE - Resolving type for handle stylesheet5d8bdoctype
08:55:07.247 [main] TRACE - Resolving type for handle ctstylesheet4257type
08:55:07.249 [main] TRACE - Resolving type for handle ctnumfmtsb58btype
08:55:07.250 [main] TRACE - Resolving type for handle ctnumfmt3870type
08:55:07.251 [main] TRACE - Resolving type for handle stnumfmtid76fbtype
08:55:07.254 [main] TRACE - Resolving type for handle stxstringf179type
08:55:07.255 [main] TRACE - Resolving type for handle ctfonts6623type
08:55:07.256 [main] TRACE - Resolving type for handle ctfont14d8type
08:55:07.259 [main] TRACE - Resolving type for handle ctfills2c6ftype
08:55:07.260 [main] TRACE - Resolving type for handle ctfill550ctype
08:55:07.260 [main] TRACE - Resolving type for handle ctborders0d66type
08:55:07.261 [main] TRACE - Resolving type for handle ctborderf935type
08:55:07.262 [main] TRACE - Resolving type for handle ctcellxfs1322type
08:55:07.263 [main] TRACE - Resolving type for handle ctxf97f7type
08:55:07.264 [main] TRACE - Resolving type for handle ctcellstylexfsa81ftype
08:55:07.265 [main] TRACE - Resolving type for handle cttablestyles872ftype
08:55:07.266 [main] TRACE - Resolving type for handle sstf81fdoctype
08:55:07.268 [main] TRACE - Resolving type for handle ctsst44f3type
08:55:07.269 [main] TRACE - Resolving type for handle ctrsta472type
08:55:07.278 [main] TRACE - Resolving type for handle workbookec17doctype
08:55:07.280 [main] TRACE - Resolving type for handle ctworkbook83c3type
08:55:07.282 [main] TRACE - Resolving type for handle ctsheets49fdtype
08:55:07.283 [main] TRACE - Resolving type for handle ctsheet4dbetype
08:55:07.283 [main] TRACE - Resolving type for handle strelationshipid1e94type
08:55:07.284 [main] TRACE - Resolving type for handle worksheetf539doctype
08:55:07.285 [main] TRACE - Resolving type for handle ctworksheet530dtype
08:55:07.288 [main] TRACE - Resolving type for handle ctsheetdata8408type
08:55:07.291 [main] TRACE - Resolving type for handle ctrowdd39type
08:55:07.293 [main] TRACE - Resolving type for handle ctcell842btype
08:55:07.296 [main] TRACE - Resolving type for handle stcellrefe4e0type
08:55:07.298 [main] TRACE - Resolving type for handle ctcols627ctype
08:55:07.300 [main] TRACE - Resolving type for handle ctcola95ftype
08:55:07.312 [main] TRACE - Resolving type for handle stcelltypebf95type
08:55:37.208 [main] INFO  - Goto my account-->Click on Login.. 
08:55:37.505 [main] INFO  - Entering email and password.. 
08:55:48.853 [main] DEBUG - Parsing relationship: /xl/_rels/workbook.xml.rels
08:55:48.854 [main] DEBUG - Parsing relationship: /_rels/.rels
08:55:48.910 [main] TRACE - Loading type system org.apache.poi.schemas.ooxml.system.ooxml
08:55:48.911 [main] TRACE - Loading type system org.apache.xmlbeans.metadata.system.sXMLCONFIG
08:55:48.912 [main] TRACE - Loading type system org.apache.xmlbeans.metadata.system.sXMLLANG
08:55:48.912 [main] TRACE - Loading type system org.apache.xmlbeans.metadata.system.sXMLSCHEMA
08:55:48.912 [main] TRACE - Loading type system org.apache.xmlbeans.metadata.system.sXMLTOOLS
08:55:48.912 [main] TRACE - Reading unresolved handles for type system org.apache.xmlbeans.metadata.system.sXMLTOOLS
08:55:48.922 [main] TRACE - Finished loading type system org.apache.xmlbeans.metadata.system.sXMLTOOLS
08:55:48.922 [main] TRACE - Reading unresolved handles for type system org.apache.xmlbeans.metadata.system.sXMLSCHEMA
08:55:48.926 [main] TRACE - Finished loading type system org.apache.xmlbeans.metadata.system.sXMLSCHEMA
08:55:48.926 [main] TRACE - Reading unresolved handles for type system org.apache.xmlbeans.metadata.system.sXMLLANG
08:55:48.926 [main] TRACE - Finished loading type system org.apache.xmlbeans.metadata.system.sXMLLANG
08:55:48.926 [main] TRACE - Reading unresolved handles for type system org.apache.xmlbeans.metadata.system.sXMLCONFIG
08:55:48.927 [main] TRACE - Finished loading type system org.apache.xmlbeans.metadata.system.sXMLCONFIG
08:55:48.927 [main] TRACE - Reading unresolved handles for type system org.apache.poi.schemas.ooxml.system.ooxml
08:55:48.960 [main] TRACE - Finished loading type system org.apache.poi.schemas.ooxml.system.ooxml
08:55:48.961 [main] TRACE - Resolving type for handle themefd26doctype
08:55:48.981 [main] TRACE - Resolving type for handle stylesheet5d8bdoctype
08:55:48.989 [main] TRACE - Resolving type for handle ctstylesheet4257type
08:55:48.993 [main] TRACE - Resolving type for handle ctnumfmtsb58btype
08:55:48.994 [main] TRACE - Resolving type for handle ctnumfmt3870type
08:55:48.995 [main] TRACE - Resolving type for handle stnumfmtid76fbtype
08:55:48.997 [main] TRACE - Resolving type for handle stxstringf179type
08:55:48.998 [main] TRACE - Resolving type for handle ctfonts6623type
08:55:48.999 [main] TRACE - Resolving type for handle ctfont14d8type
08:55:49.001 [main] TRACE - Resolving type for handle ctfills2c6ftype
08:55:49.002 [main] TRACE - Resolving type for handle ctfill550ctype
08:55:49.003 [main] TRACE - Resolving type for handle ctborders0d66type
08:55:49.004 [main] TRACE - Resolving type for handle ctborderf935type
08:55:49.005 [main] TRACE - Resolving type for handle ctcellxfs1322type
08:55:49.006 [main] TRACE - Resolving type for handle ctxf97f7type
08:55:49.008 [main] TRACE - Resolving type for handle ctcellstylexfsa81ftype
08:55:49.009 [main] TRACE - Resolving type for handle cttablestyles872ftype
08:55:49.010 [main] TRACE - Resolving type for handle sstf81fdoctype
08:55:49.012 [main] TRACE - Resolving type for handle ctsst44f3type
08:55:49.013 [main] TRACE - Resolving type for handle ctrsta472type
08:55:49.021 [main] TRACE - Resolving type for handle workbookec17doctype
08:55:49.023 [main] TRACE - Resolving type for handle ctworkbook83c3type
08:55:49.026 [main] TRACE - Resolving type for handle ctsheets49fdtype
08:55:49.026 [main] TRACE - Resolving type for handle ctsheet4dbetype
08:55:49.027 [main] TRACE - Resolving type for handle strelationshipid1e94type
08:55:49.028 [main] TRACE - Resolving type for handle worksheetf539doctype
08:55:49.029 [main] TRACE - Resolving type for handle ctworksheet530dtype
08:55:49.032 [main] TRACE - Resolving type for handle ctsheetdata8408type
08:55:49.034 [main] TRACE - Resolving type for handle ctrowdd39type
08:55:49.037 [main] TRACE - Resolving type for handle ctcell842btype
08:55:49.039 [main] TRACE - Resolving type for handle stcellrefe4e0type
08:55:49.042 [main] TRACE - Resolving type for handle ctcols627ctype
08:55:49.044 [main] TRACE - Resolving type for handle ctcola95ftype
08:55:49.055 [main] TRACE - Resolving type for handle stcelltypebf95type
09:07:35.718 [main] INFO  - Goto my account-->Click on Login.. 
09:07:36.036 [main] INFO  - Entering email and password.. 
09:07:46.982 [main] DEBUG - Parsing relationship: /xl/_rels/workbook.xml.rels
09:07:46.984 [main] DEBUG - Parsing relationship: /_rels/.rels
09:07:47.051 [main] TRACE - Loading type system org.apache.poi.schemas.ooxml.system.ooxml
09:07:47.052 [main] TRACE - Loading type system org.apache.xmlbeans.metadata.system.sXMLCONFIG
09:07:47.052 [main] TRACE - Loading type system org.apache.xmlbeans.metadata.system.sXMLLANG
09:07:47.053 [main] TRACE - Loading type system org.apache.xmlbeans.metadata.system.sXMLSCHEMA
09:07:47.053 [main] TRACE - Loading type system org.apache.xmlbeans.metadata.system.sXMLTOOLS
09:07:47.053 [main] TRACE - Reading unresolved handles for type system org.apache.xmlbeans.metadata.system.sXMLTOOLS
09:07:47.058 [main] TRACE - Finished loading type system org.apache.xmlbeans.metadata.system.sXMLTOOLS
09:07:47.059 [main] TRACE - Reading unresolved handles for type system org.apache.xmlbeans.metadata.system.sXMLSCHEMA
09:07:47.065 [main] TRACE - Finished loading type system org.apache.xmlbeans.metadata.system.sXMLSCHEMA
09:07:47.065 [main] TRACE - Reading unresolved handles for type system org.apache.xmlbeans.metadata.system.sXMLLANG
09:07:47.066 [main] TRACE - Finished loading type system org.apache.xmlbeans.metadata.system.sXMLLANG
09:07:47.066 [main] TRACE - Reading unresolved handles for type system org.apache.xmlbeans.metadata.system.sXMLCONFIG
09:07:47.066 [main] TRACE - Finished loading type system org.apache.xmlbeans.metadata.system.sXMLCONFIG
09:07:47.067 [main] TRACE - Reading unresolved handles for type system org.apache.poi.schemas.ooxml.system.ooxml
09:07:47.101 [main] TRACE - Finished loading type system org.apache.poi.schemas.ooxml.system.ooxml
09:07:47.102 [main] TRACE - Resolving type for handle themefd26doctype
09:07:47.122 [main] TRACE - Resolving type for handle stylesheet5d8bdoctype
09:07:47.130 [main] TRACE - Resolving type for handle ctstylesheet4257type
09:07:47.133 [main] TRACE - Resolving type for handle ctnumfmtsb58btype
09:07:47.136 [main] TRACE - Resolving type for handle ctnumfmt3870type
09:07:47.136 [main] TRACE - Resolving type for handle stnumfmtid76fbtype
09:07:47.139 [main] TRACE - Resolving type for handle stxstringf179type
09:07:47.140 [main] TRACE - Resolving type for handle ctfonts6623type
09:07:47.141 [main] TRACE - Resolving type for handle ctfont14d8type
09:07:47.143 [main] TRACE - Resolving type for handle ctfills2c6ftype
09:07:47.144 [main] TRACE - Resolving type for handle ctfill550ctype
09:07:47.145 [main] TRACE - Resolving type for handle ctborders0d66type
09:07:47.146 [main] TRACE - Resolving type for handle ctborderf935type
09:07:47.147 [main] TRACE - Resolving type for handle ctcellxfs1322type
09:07:47.148 [main] TRACE - Resolving type for handle ctxf97f7type
09:07:47.149 [main] TRACE - Resolving type for handle ctcellstylexfsa81ftype
09:07:47.151 [main] TRACE - Resolving type for handle cttablestyles872ftype
09:07:47.152 [main] TRACE - Resolving type for handle sstf81fdoctype
09:07:47.154 [main] TRACE - Resolving type for handle ctsst44f3type
09:07:47.156 [main] TRACE - Resolving type for handle ctrsta472type
09:07:47.164 [main] TRACE - Resolving type for handle workbookec17doctype
09:07:47.166 [main] TRACE - Resolving type for handle ctworkbook83c3type
09:07:47.168 [main] TRACE - Resolving type for handle ctsheets49fdtype
09:07:47.169 [main] TRACE - Resolving type for handle ctsheet4dbetype
09:07:47.169 [main] TRACE - Resolving type for handle strelationshipid1e94type
09:07:47.170 [main] TRACE - Resolving type for handle worksheetf539doctype
09:07:47.172 [main] TRACE - Resolving type for handle ctworksheet530dtype
09:07:47.174 [main] TRACE - Resolving type for handle ctsheetdata8408type
09:07:47.175 [main] TRACE - Resolving type for handle ctrowdd39type
09:07:47.178 [main] TRACE - Resolving type for handle ctcell842btype
09:07:47.181 [main] TRACE - Resolving type for handle stcellrefe4e0type
09:07:47.184 [main] TRACE - Resolving type for handle ctcols627ctype
09:07:47.186 [main] TRACE - Resolving type for handle ctcola95ftype
09:07:47.197 [main] TRACE - Resolving type for handle stcelltypebf95type
09:28:09.758 [main] INFO  - Goto my account-->Click on Login.. 
09:28:10.031 [main] INFO  - Entering email and password.. 
09:28:20.834 [main] DEBUG - Parsing relationship: /xl/_rels/workbook.xml.rels
09:28:20.836 [main] DEBUG - Parsing relationship: /_rels/.rels
09:28:20.897 [main] TRACE - Loading type system org.apache.poi.schemas.ooxml.system.ooxml
09:28:20.898 [main] TRACE - Loading type system org.apache.xmlbeans.metadata.system.sXMLCONFIG
09:28:20.899 [main] TRACE - Loading type system org.apache.xmlbeans.metadata.system.sXMLLANG
09:28:20.899 [main] TRACE - Loading type system org.apache.xmlbeans.metadata.system.sXMLSCHEMA
09:28:20.899 [main] TRACE - Loading type system org.apache.xmlbeans.metadata.system.sXMLTOOLS
09:28:20.900 [main] TRACE - Reading unresolved handles for type system org.apache.xmlbeans.metadata.system.sXMLTOOLS
09:28:20.905 [main] TRACE - Finished loading type system org.apache.xmlbeans.metadata.system.sXMLTOOLS
09:28:20.905 [main] TRACE - Reading unresolved handles for type system org.apache.xmlbeans.metadata.system.sXMLSCHEMA
09:28:20.911 [main] TRACE - Finished loading type system org.apache.xmlbeans.metadata.system.sXMLSCHEMA
09:28:20.911 [main] TRACE - Reading unresolved handles for type system org.apache.xmlbeans.metadata.system.sXMLLANG
09:28:20.912 [main] TRACE - Finished loading type system org.apache.xmlbeans.metadata.system.sXMLLANG
09:28:20.912 [main] TRACE - Reading unresolved handles for type system org.apache.xmlbeans.metadata.system.sXMLCONFIG
09:28:20.912 [main] TRACE - Finished loading type system org.apache.xmlbeans.metadata.system.sXMLCONFIG
09:28:20.912 [main] TRACE - Reading unresolved handles for type system org.apache.poi.schemas.ooxml.system.ooxml
09:28:20.946 [main] TRACE - Finished loading type system org.apache.poi.schemas.ooxml.system.ooxml
09:28:20.947 [main] TRACE - Resolving type for handle themefd26doctype
09:28:20.967 [main] TRACE - Resolving type for handle stylesheet5d8bdoctype
09:28:20.974 [main] TRACE - Resolving type for handle ctstylesheet4257type
09:28:20.976 [main] TRACE - Resolving type for handle ctnumfmtsb58btype
09:28:20.978 [main] TRACE - Resolving type for handle ctnumfmt3870type
09:28:20.979 [main] TRACE - Resolving type for handle stnumfmtid76fbtype
09:28:20.982 [main] TRACE - Resolving type for handle stxstringf179type
09:28:20.984 [main] TRACE - Resolving type for handle ctfonts6623type
09:28:20.985 [main] TRACE - Resolving type for handle ctfont14d8type
09:28:20.987 [main] TRACE - Resolving type for handle ctfills2c6ftype
09:28:20.988 [main] TRACE - Resolving type for handle ctfill550ctype
09:28:20.989 [main] TRACE - Resolving type for handle ctborders0d66type
09:28:20.990 [main] TRACE - Resolving type for handle ctborderf935type
09:28:20.991 [main] TRACE - Resolving type for handle ctcellxfs1322type
09:28:20.992 [main] TRACE - Resolving type for handle ctxf97f7type
09:28:20.993 [main] TRACE - Resolving type for handle ctcellstylexfsa81ftype
09:28:20.994 [main] TRACE - Resolving type for handle cttablestyles872ftype
09:28:20.995 [main] TRACE - Resolving type for handle sstf81fdoctype
09:28:20.997 [main] TRACE - Resolving type for handle ctsst44f3type
09:28:20.999 [main] TRACE - Resolving type for handle ctrsta472type
09:28:21.007 [main] TRACE - Resolving type for handle workbookec17doctype
09:28:21.009 [main] TRACE - Resolving type for handle ctworkbook83c3type
09:28:21.011 [main] TRACE - Resolving type for handle ctsheets49fdtype
09:28:21.012 [main] TRACE - Resolving type for handle ctsheet4dbetype
09:28:21.012 [main] TRACE - Resolving type for handle strelationshipid1e94type
09:28:21.013 [main] TRACE - Resolving type for handle worksheetf539doctype
09:28:21.014 [main] TRACE - Resolving type for handle ctworksheet530dtype
09:28:21.018 [main] TRACE - Resolving type for handle ctsheetdata8408type
09:28:21.018 [main] TRACE - Resolving type for handle ctrowdd39type
09:28:21.022 [main] TRACE - Resolving type for handle ctcell842btype
09:28:21.025 [main] TRACE - Resolving type for handle stcellrefe4e0type
09:28:21.027 [main] TRACE - Resolving type for handle ctcols627ctype
09:28:21.029 [main] TRACE - Resolving type for handle ctcola95ftype
09:28:21.040 [main] TRACE - Resolving type for handle stcelltypebf95type
09:47:37.435 [main] INFO  - Goto my account-->Click on Login.. 
09:47:37.784 [main] INFO  - Entering email and password.. 
09:47:48.635 [main] DEBUG - Parsing relationship: /xl/_rels/workbook.xml.rels
09:47:48.636 [main] DEBUG - Parsing relationship: /_rels/.rels
09:47:48.695 [main] TRACE - Loading type system org.apache.poi.schemas.ooxml.system.ooxml
09:47:48.696 [main] TRACE - Loading type system org.apache.xmlbeans.metadata.system.sXMLCONFIG
09:47:48.696 [main] TRACE - Loading type system org.apache.xmlbeans.metadata.system.sXMLLANG
09:47:48.697 [main] TRACE - Loading type system org.apache.xmlbeans.metadata.system.sXMLSCHEMA
09:47:48.697 [main] TRACE - Loading type system org.apache.xmlbeans.metadata.system.sXMLTOOLS
09:47:48.697 [main] TRACE - Reading unresolved handles for type system org.apache.xmlbeans.metadata.system.sXMLTOOLS
09:47:48.702 [main] TRACE - Finished loading type system org.apache.xmlbeans.metadata.system.sXMLTOOLS
09:47:48.703 [main] TRACE - Reading unresolved handles for type system org.apache.xmlbeans.metadata.system.sXMLSCHEMA
09:47:48.709 [main] TRACE - Finished loading type system org.apache.xmlbeans.metadata.system.sXMLSCHEMA
09:47:48.709 [main] TRACE - Reading unresolved handles for type system org.apache.xmlbeans.metadata.system.sXMLLANG
09:47:48.709 [main] TRACE - Finished loading type system org.apache.xmlbeans.metadata.system.sXMLLANG
09:47:48.710 [main] TRACE - Reading unresolved handles for type system org.apache.xmlbeans.metadata.system.sXMLCONFIG
09:47:48.710 [main] TRACE - Finished loading type system org.apache.xmlbeans.metadata.system.sXMLCONFIG
09:47:48.710 [main] TRACE - Reading unresolved handles for type system org.apache.poi.schemas.ooxml.system.ooxml
09:47:48.744 [main] TRACE - Finished loading type system org.apache.poi.schemas.ooxml.system.ooxml
09:47:48.745 [main] TRACE - Resolving type for handle themefd26doctype
09:47:48.765 [main] TRACE - Resolving type for handle stylesheet5d8bdoctype
09:47:48.773 [main] TRACE - Resolving type for handle ctstylesheet4257type
09:47:48.775 [main] TRACE - Resolving type for handle ctnumfmtsb58btype
09:47:48.776 [main] TRACE - Resolving type for handle ctnumfmt3870type
09:47:48.777 [main] TRACE - Resolving type for handle stnumfmtid76fbtype
09:47:48.780 [main] TRACE - Resolving type for handle stxstringf179type
09:47:48.781 [main] TRACE - Resolving type for handle ctfonts6623type
09:47:48.782 [main] TRACE - Resolving type for handle ctfont14d8type
09:47:48.784 [main] TRACE - Resolving type for handle ctfills2c6ftype
09:47:48.785 [main] TRACE - Resolving type for handle ctfill550ctype
09:47:48.786 [main] TRACE - Resolving type for handle ctborders0d66type
09:47:48.787 [main] TRACE - Resolving type for handle ctborderf935type
09:47:48.788 [main] TRACE - Resolving type for handle ctcellxfs1322type
09:47:48.789 [main] TRACE - Resolving type for handle ctxf97f7type
09:47:48.790 [main] TRACE - Resolving type for handle ctcellstylexfsa81ftype
09:47:48.791 [main] TRACE - Resolving type for handle cttablestyles872ftype
09:47:48.792 [main] TRACE - Resolving type for handle sstf81fdoctype
09:47:48.794 [main] TRACE - Resolving type for handle ctsst44f3type
09:47:48.795 [main] TRACE - Resolving type for handle ctrsta472type
09:47:48.804 [main] TRACE - Resolving type for handle workbookec17doctype
09:47:48.806 [main] TRACE - Resolving type for handle ctworkbook83c3type
09:47:48.808 [main] TRACE - Resolving type for handle ctsheets49fdtype
09:47:48.809 [main] TRACE - Resolving type for handle ctsheet4dbetype
09:47:48.809 [main] TRACE - Resolving type for handle strelationshipid1e94type
09:47:48.810 [main] TRACE - Resolving type for handle worksheetf539doctype
09:47:48.812 [main] TRACE - Resolving type for handle ctworksheet530dtype
09:47:48.814 [main] TRACE - Resolving type for handle ctsheetdata8408type
09:47:48.815 [main] TRACE - Resolving type for handle ctrowdd39type
09:47:48.819 [main] TRACE - Resolving type for handle ctcell842btype
09:47:48.822 [main] TRACE - Resolving type for handle stcellrefe4e0type
09:47:48.825 [main] TRACE - Resolving type for handle ctcols627ctype
09:47:48.826 [main] TRACE - Resolving type for handle ctcola95ftype
09:47:48.838 [main] TRACE - Resolving type for handle stcelltypebf95type
10:00:13.872 [main] INFO  - Goto my account-->Click on Login.. 
10:00:14.061 [main] INFO  - Entering email and password.. 
10:00:24.891 [main] DEBUG - Parsing relationship: /xl/_rels/workbook.xml.rels
10:00:24.892 [main] DEBUG - Parsing relationship: /_rels/.rels
10:00:24.950 [main] TRACE - Loading type system org.apache.poi.schemas.ooxml.system.ooxml
10:00:24.951 [main] TRACE - Loading type system org.apache.xmlbeans.metadata.system.sXMLCONFIG
10:00:24.952 [main] TRACE - Loading type system org.apache.xmlbeans.metadata.system.sXMLLANG
10:00:24.952 [main] TRACE - Loading type system org.apache.xmlbeans.metadata.system.sXMLSCHEMA
10:00:24.952 [main] TRACE - Loading type system org.apache.xmlbeans.metadata.system.sXMLTOOLS
10:00:24.952 [main] TRACE - Reading unresolved handles for type system org.apache.xmlbeans.metadata.system.sXMLTOOLS
10:00:24.957 [main] TRACE - Finished loading type system org.apache.xmlbeans.metadata.system.sXMLTOOLS
10:00:24.958 [main] TRACE - Reading unresolved handles for type system org.apache.xmlbeans.metadata.system.sXMLSCHEMA
10:00:24.964 [main] TRACE - Finished loading type system org.apache.xmlbeans.metadata.system.sXMLSCHEMA
10:00:24.964 [main] TRACE - Reading unresolved handles for type system org.apache.xmlbeans.metadata.system.sXMLLANG
10:00:24.964 [main] TRACE - Finished loading type system org.apache.xmlbeans.metadata.system.sXMLLANG
10:00:24.964 [main] TRACE - Reading unresolved handles for type system org.apache.xmlbeans.metadata.system.sXMLCONFIG
10:00:24.965 [main] TRACE - Finished loading type system org.apache.xmlbeans.metadata.system.sXMLCONFIG
10:00:24.965 [main] TRACE - Reading unresolved handles for type system org.apache.poi.schemas.ooxml.system.ooxml
10:00:24.998 [main] TRACE - Finished loading type system org.apache.poi.schemas.ooxml.system.ooxml
10:00:24.999 [main] TRACE - Resolving type for handle themefd26doctype
10:00:25.019 [main] TRACE - Resolving type for handle stylesheet5d8bdoctype
10:00:25.027 [main] TRACE - Resolving type for handle ctstylesheet4257type
10:00:25.029 [main] TRACE - Resolving type for handle ctnumfmtsb58btype
10:00:25.031 [main] TRACE - Resolving type for handle ctnumfmt3870type
10:00:25.033 [main] TRACE - Resolving type for handle stnumfmtid76fbtype
10:00:25.035 [main] TRACE - Resolving type for handle stxstringf179type
10:00:25.036 [main] TRACE - Resolving type for handle ctfonts6623type
10:00:25.037 [main] TRACE - Resolving type for handle ctfont14d8type
10:00:25.039 [main] TRACE - Resolving type for handle ctfills2c6ftype
10:00:25.040 [main] TRACE - Resolving type for handle ctfill550ctype
10:00:25.041 [main] TRACE - Resolving type for handle ctborders0d66type
10:00:25.042 [main] TRACE - Resolving type for handle ctborderf935type
10:00:25.043 [main] TRACE - Resolving type for handle ctcellxfs1322type
10:00:25.044 [main] TRACE - Resolving type for handle ctxf97f7type
10:00:25.045 [main] TRACE - Resolving type for handle ctcellstylexfsa81ftype
10:00:25.046 [main] TRACE - Resolving type for handle cttablestyles872ftype
10:00:25.047 [main] TRACE - Resolving type for handle sstf81fdoctype
10:00:25.049 [main] TRACE - Resolving type for handle ctsst44f3type
10:00:25.051 [main] TRACE - Resolving type for handle ctrsta472type
10:00:25.059 [main] TRACE - Resolving type for handle workbookec17doctype
10:00:25.061 [main] TRACE - Resolving type for handle ctworkbook83c3type
10:00:25.063 [main] TRACE - Resolving type for handle ctsheets49fdtype
10:00:25.064 [main] TRACE - Resolving type for handle ctsheet4dbetype
10:00:25.065 [main] TRACE - Resolving type for handle strelationshipid1e94type
10:00:25.065 [main] TRACE - Resolving type for handle worksheetf539doctype
10:00:25.067 [main] TRACE - Resolving type for handle ctworksheet530dtype
10:00:25.069 [main] TRACE - Resolving type for handle ctsheetdata8408type
10:00:25.070 [main] TRACE - Resolving type for handle ctrowdd39type
10:00:25.074 [main] TRACE - Resolving type for handle ctcell842btype
10:00:25.076 [main] TRACE - Resolving type for handle stcellrefe4e0type
10:00:25.080 [main] TRACE - Resolving type for handle ctcols627ctype
10:00:25.082 [main] TRACE - Resolving type for handle ctcola95ftype
10:00:25.093 [main] TRACE - Resolving type for handle stcelltypebf95type
10:35:57.720 [main] INFO  - Goto my account-->Click on Login.. 
10:35:57.935 [main] INFO  - Entering email and password.. 
10:36:08.745 [main] DEBUG - Parsing relationship: /xl/_rels/workbook.xml.rels
10:36:08.746 [main] DEBUG - Parsing relationship: /_rels/.rels
10:36:08.805 [main] TRACE - Loading type system org.apache.poi.schemas.ooxml.system.ooxml
10:36:08.806 [main] TRACE - Loading type system org.apache.xmlbeans.metadata.system.sXMLCONFIG
10:36:08.807 [main] TRACE - Loading type system org.apache.xmlbeans.metadata.system.sXMLLANG
10:36:08.807 [main] TRACE - Loading type system org.apache.xmlbeans.metadata.system.sXMLSCHEMA
10:36:08.807 [main] TRACE - Loading type system org.apache.xmlbeans.metadata.system.sXMLTOOLS
10:36:08.807 [main] TRACE - Reading unresolved handles for type system org.apache.xmlbeans.metadata.system.sXMLTOOLS
10:36:08.813 [main] TRACE - Finished loading type system org.apache.xmlbeans.metadata.system.sXMLTOOLS
10:36:08.813 [main] TRACE - Reading unresolved handles for type system org.apache.xmlbeans.metadata.system.sXMLSCHEMA
10:36:08.818 [main] TRACE - Finished loading type system org.apache.xmlbeans.metadata.system.sXMLSCHEMA
10:36:08.819 [main] TRACE - Reading unresolved handles for type system org.apache.xmlbeans.metadata.system.sXMLLANG
10:36:08.819 [main] TRACE - Finished loading type system org.apache.xmlbeans.metadata.system.sXMLLANG
10:36:08.819 [main] TRACE - Reading unresolved handles for type system org.apache.xmlbeans.metadata.system.sXMLCONFIG
10:36:08.820 [main] TRACE - Finished loading type system org.apache.xmlbeans.metadata.system.sXMLCONFIG
10:36:08.820 [main] TRACE - Reading unresolved handles for type system org.apache.poi.schemas.ooxml.system.ooxml
10:36:08.853 [main] TRACE - Finished loading type system org.apache.poi.schemas.ooxml.system.ooxml
10:36:08.854 [main] TRACE - Resolving type for handle themefd26doctype
10:36:08.873 [main] TRACE - Resolving type for handle stylesheet5d8bdoctype
10:36:08.881 [main] TRACE - Resolving type for handle ctstylesheet4257type
10:36:08.883 [main] TRACE - Resolving type for handle ctnumfmtsb58btype
10:36:08.884 [main] TRACE - Resolving type for handle ctnumfmt3870type
10:36:08.885 [main] TRACE - Resolving type for handle stnumfmtid76fbtype
10:36:08.888 [main] TRACE - Resolving type for handle stxstringf179type
10:36:08.890 [main] TRACE - Resolving type for handle ctfonts6623type
10:36:08.891 [main] TRACE - Resolving type for handle ctfont14d8type
10:36:08.893 [main] TRACE - Resolving type for handle ctfills2c6ftype
10:36:08.894 [main] TRACE - Resolving type for handle ctfill550ctype
10:36:08.895 [main] TRACE - Resolving type for handle ctborders0d66type
10:36:08.896 [main] TRACE - Resolving type for handle ctborderf935type
10:36:08.897 [main] TRACE - Resolving type for handle ctcellxfs1322type
10:36:08.898 [main] TRACE - Resolving type for handle ctxf97f7type
10:36:08.899 [main] TRACE - Resolving type for handle ctcellstylexfsa81ftype
10:36:08.900 [main] TRACE - Resolving type for handle cttablestyles872ftype
10:36:08.901 [main] TRACE - Resolving type for handle sstf81fdoctype
10:36:08.903 [main] TRACE - Resolving type for handle ctsst44f3type
10:36:08.905 [main] TRACE - Resolving type for handle ctrsta472type
10:36:08.914 [main] TRACE - Resolving type for handle workbookec17doctype
10:36:08.916 [main] TRACE - Resolving type for handle ctworkbook83c3type
