23:44:45.751 [main] DEBUG - Save part 'xl/workbook.xml'
23:44:45.754 [main] DEBUG - Save part 'xl/worksheets/sheet1.xml'
23:44:45.755 [main] DEBUG - Save part 'xl/worksheets/sheet2.xml'
23:44:45.755 [main] DEBUG - Save part 'xl/worksheets/sheet3.xml'
23:44:45.755 [main] DEBUG - Save part 'xl/worksheets/sheet4.xml'
23:44:45.773 [main] DEBUG - Parsing relationship: /xl/_rels/workbook.xml.rels
23:44:45.773 [main] DEBUG - Parsing relationship: /_rels/.rels
23:44:45.808 [main] DEBUG - Save content types part
23:44:45.808 [main] DEBUG - Save package relationships
23:44:45.809 [main] DEBUG - Save part 'docProps/app.xml'
23:44:45.809 [main] DEBUG - Save part 'docProps/core.xml'
23:44:45.810 [main] DEBUG - Save part 'docProps/custom.xml'
23:44:45.810 [main] DEBUG - Save part 'xl/sharedStrings.xml'
23:44:45.810 [main] DEBUG - Save part 'xl/styles.xml'
23:44:45.810 [main] DEBUG - Save part 'xl/theme/theme1.xml'
23:44:45.810 [main] DEBUG - Save part 'xl/workbook.xml'
23:44:45.811 [main] DEBUG - Save part 'xl/worksheets/sheet1.xml'
23:44:45.811 [main] DEBUG - Save part 'xl/worksheets/sheet2.xml'
23:44:45.811 [main] DEBUG - Save part 'xl/worksheets/sheet3.xml'
23:44:45.811 [main] DEBUG - Save part 'xl/worksheets/sheet4.xml'
23:44:45.828 [main] DEBUG - Parsing relationship: /xl/_rels/workbook.xml.rels
23:44:45.829 [main] DEBUG - Parsing relationship: /_rels/.rels
23:44:45.844 [main] DEBUG - Save content types part
23:44:45.845 [main] DEBUG - Save package relationships
23:44:45.845 [main] DEBUG - Save part 'docProps/app.xml'
23:44:45.846 [main] DEBUG - Save part 'docProps/core.xml'
23:44:45.846 [main] DEBUG - Save part 'docProps/custom.xml'
23:44:45.846 [main] DEBUG - Save part 'xl/sharedStrings.xml'
23:44:45.846 [main] DEBUG - Save part 'xl/styles.xml'
23:44:45.847 [main] DEBUG - Save part 'xl/theme/theme1.xml'
23:44:45.847 [main] DEBUG - Save part 'xl/workbook.xml'
23:44:45.847 [main] DEBUG - Save part 'xl/worksheets/sheet1.xml'
23:44:45.848 [main] DEBUG - Save part 'xl/worksheets/sheet2.xml'
23:44:45.848 [main] DEBUG - Save part 'xl/worksheets/sheet3.xml'
23:44:45.848 [main] DEBUG - Save part 'xl/worksheets/sheet4.xml'
23:44:45.865 [main] DEBUG - Parsing relationship: /xl/_rels/workbook.xml.rels
23:44:45.865 [main] DEBUG - Parsing relationship: /_rels/.rels
23:44:45.879 [main] DEBUG - Save content types part
23:44:45.879 [main] DEBUG - Save package relationships
23:44:45.880 [main] DEBUG - Save part 'docProps/app.xml'
23:44:45.880 [main] DEBUG - Save part 'docProps/core.xml'
23:44:45.880 [main] DEBUG - Save part 'docProps/custom.xml'
23:44:45.881 [main] DEBUG - Save part 'xl/sharedStrings.xml'
23:44:45.881 [main] DEBUG - Save part 'xl/styles.xml'
23:44:45.881 [main] DEBUG - Save part 'xl/theme/theme1.xml'
23:44:45.881 [main] DEBUG - Save part 'xl/workbook.xml'
23:44:45.882 [main] DEBUG - Save part 'xl/worksheets/sheet1.xml'
23:44:45.882 [main] DEBUG - Save part 'xl/worksheets/sheet2.xml'
23:44:45.882 [main] DEBUG - Save part 'xl/worksheets/sheet3.xml'
23:44:45.883 [main] DEBUG - Save part 'xl/worksheets/sheet4.xml'
23:44:45.899 [main] DEBUG - Parsing relationship: /xl/_rels/workbook.xml.rels
23:44:45.899 [main] DEBUG - Parsing relationship: /_rels/.rels
23:44:45.911 [main] DEBUG - Save content types part
23:44:45.912 [main] DEBUG - Save package relationships
23:44:45.912 [main] DEBUG - Save part 'docProps/app.xml'
23:44:45.912 [main] DEBUG - Save part 'docProps/core.xml'
23:44:45.913 [main] DEBUG - Save part 'docProps/custom.xml'
23:44:45.913 [main] DEBUG - Save part 'xl/sharedStrings.xml'
23:44:45.913 [main] DEBUG - Save part 'xl/styles.xml'
23:44:45.913 [main] DEBUG - Save part 'xl/theme/theme1.xml'
23:44:45.914 [main] DEBUG - Save part 'xl/workbook.xml'
23:44:45.914 [main] DEBUG - Save part 'xl/worksheets/sheet1.xml'
23:44:45.914 [main] DEBUG - Save part 'xl/worksheets/sheet2.xml'
23:44:45.914 [main] DEBUG - Save part 'xl/worksheets/sheet3.xml'
23:44:45.914 [main] DEBUG - Save part 'xl/worksheets/sheet4.xml'
23:44:45.930 [main] DEBUG - Parsing relationship: /xl/_rels/workbook.xml.rels
23:44:45.931 [main] DEBUG - Parsing relationship: /_rels/.rels
23:44:45.944 [main] DEBUG - Save content types part
23:44:45.945 [main] DEBUG - Save package relationships
23:44:45.945 [main] DEBUG - Save part 'docProps/app.xml'
23:44:45.945 [main] DEBUG - Save part 'docProps/core.xml'
23:44:45.946 [main] DEBUG - Save part 'docProps/custom.xml'
23:44:45.946 [main] DEBUG - Save part 'xl/sharedStrings.xml'
23:44:45.946 [main] DEBUG - Save part 'xl/styles.xml'
23:44:45.946 [main] DEBUG - Save part 'xl/theme/theme1.xml'
23:44:45.946 [main] DEBUG - Save part 'xl/workbook.xml'
23:44:45.947 [main] DEBUG - Save part 'xl/worksheets/sheet1.xml'
23:44:45.947 [main] DEBUG - Save part 'xl/worksheets/sheet2.xml'
23:44:45.947 [main] DEBUG - Save part 'xl/worksheets/sheet3.xml'
23:44:45.947 [main] DEBUG - Save part 'xl/worksheets/sheet4.xml'
23:44:45.962 [main] DEBUG - Parsing relationship: /xl/_rels/workbook.xml.rels
23:44:45.963 [main] DEBUG - Parsing relationship: /_rels/.rels
23:44:45.974 [main] DEBUG - Save content types part
23:44:45.975 [main] DEBUG - Save package relationships
23:44:45.975 [main] DEBUG - Save part 'docProps/app.xml'
23:44:45.976 [main] DEBUG - Save part 'docProps/core.xml'
23:44:45.976 [main] DEBUG - Save part 'docProps/custom.xml'
23:44:45.976 [main] DEBUG - Save part 'xl/sharedStrings.xml'
23:44:45.976 [main] DEBUG - Save part 'xl/styles.xml'
23:44:45.977 [main] DEBUG - Save part 'xl/theme/theme1.xml'
23:44:45.977 [main] DEBUG - Save part 'xl/workbook.xml'
23:44:45.978 [main] DEBUG - Save part 'xl/worksheets/sheet1.xml'
23:44:45.978 [main] DEBUG - Save part 'xl/worksheets/sheet2.xml'
23:44:45.978 [main] DEBUG - Save part 'xl/worksheets/sheet3.xml'
23:44:45.978 [main] DEBUG - Save part 'xl/worksheets/sheet4.xml'
23:44:45.995 [main] DEBUG - Parsing relationship: /xl/_rels/workbook.xml.rels
23:44:45.995 [main] DEBUG - Parsing relationship: /_rels/.rels
23:44:46.008 [main] DEBUG - Save content types part
23:44:46.009 [main] DEBUG - Save package relationships
23:44:46.009 [main] DEBUG - Save part 'docProps/app.xml'
23:44:46.009 [main] DEBUG - Save part 'docProps/core.xml'
23:44:46.010 [main] DEBUG - Save part 'docProps/custom.xml'
23:44:46.010 [main] DEBUG - Save part 'xl/sharedStrings.xml'
23:44:46.010 [main] DEBUG - Save part 'xl/styles.xml'
23:44:46.010 [main] DEBUG - Save part 'xl/theme/theme1.xml'
23:44:46.010 [main] DEBUG - Save part 'xl/workbook.xml'
23:44:46.011 [main] DEBUG - Save part 'xl/worksheets/sheet1.xml'
23:44:46.011 [main] DEBUG - Save part 'xl/worksheets/sheet2.xml'
23:44:46.011 [main] DEBUG - Save part 'xl/worksheets/sheet3.xml'
23:44:46.011 [main] DEBUG - Save part 'xl/worksheets/sheet4.xml'
23:44:46.028 [main] DEBUG - Parsing relationship: /xl/_rels/workbook.xml.rels
23:44:46.028 [main] DEBUG - Parsing relationship: /_rels/.rels
23:44:46.040 [main] DEBUG - Save content types part
23:44:46.041 [main] DEBUG - Save package relationships
23:44:46.041 [main] DEBUG - Save part 'docProps/app.xml'
23:44:46.041 [main] DEBUG - Save part 'docProps/core.xml'
23:44:46.042 [main] DEBUG - Save part 'docProps/custom.xml'
23:44:46.042 [main] DEBUG - Save part 'xl/sharedStrings.xml'
23:44:46.042 [main] DEBUG - Save part 'xl/styles.xml'
23:44:46.042 [main] DEBUG - Save part 'xl/theme/theme1.xml'
23:44:46.042 [main] DEBUG - Save part 'xl/workbook.xml'
23:44:46.043 [main] DEBUG - Save part 'xl/worksheets/sheet1.xml'
23:44:46.043 [main] DEBUG - Save part 'xl/worksheets/sheet2.xml'
23:44:46.043 [main] DEBUG - Save part 'xl/worksheets/sheet3.xml'
23:44:46.043 [main] DEBUG - Save part 'xl/worksheets/sheet4.xml'
23:44:46.062 [main] DEBUG - Parsing relationship: /xl/_rels/workbook.xml.rels
23:44:46.062 [main] DEBUG - Parsing relationship: /_rels/.rels
23:46:39.623 [main] INFO  - Goto my account-->Click on Login.. 
23:46:39.837 [main] INFO  - Entering email and password.. 
23:46:53.478 [main] DEBUG - Parsing relationship: /xl/_rels/workbook.xml.rels
23:46:53.479 [main] DEBUG - Parsing relationship: /_rels/.rels
23:46:53.538 [main] TRACE - Loading type system org.apache.poi.schemas.ooxml.system.ooxml
23:46:53.540 [main] TRACE - Loading type system org.apache.xmlbeans.metadata.system.sXMLCONFIG
23:46:53.540 [main] TRACE - Loading type system org.apache.xmlbeans.metadata.system.sXMLLANG
23:46:53.544 [main] TRACE - Loading type system org.apache.xmlbeans.metadata.system.sXMLSCHEMA
23:46:53.544 [main] TRACE - Loading type system org.apache.xmlbeans.metadata.system.sXMLTOOLS
23:46:53.544 [main] TRACE - Reading unresolved handles for type system org.apache.xmlbeans.metadata.system.sXMLTOOLS
23:46:53.549 [main] TRACE - Finished loading type system org.apache.xmlbeans.metadata.system.sXMLTOOLS
23:46:53.550 [main] TRACE - Reading unresolved handles for type system org.apache.xmlbeans.metadata.system.sXMLSCHEMA
23:46:53.552 [main] TRACE - Finished loading type system org.apache.xmlbeans.metadata.system.sXMLSCHEMA
23:46:53.553 [main] TRACE - Reading unresolved handles for type system org.apache.xmlbeans.metadata.system.sXMLLANG
23:46:53.553 [main] TRACE - Finished loading type system org.apache.xmlbeans.metadata.system.sXMLLANG
23:46:53.553 [main] TRACE - Reading unresolved handles for type system org.apache.xmlbeans.metadata.system.sXMLCONFIG
23:46:53.554 [main] TRACE - Finished loading type system org.apache.xmlbeans.metadata.system.sXMLCONFIG
23:46:53.554 [main] TRACE - Reading unresolved handles for type system org.apache.poi.schemas.ooxml.system.ooxml
23:46:53.587 [main] TRACE - Finished loading type system org.apache.poi.schemas.ooxml.system.ooxml
23:46:53.587 [main] TRACE - Resolving type for handle themefd26doctype
23:46:53.608 [main] TRACE - Resolving type for handle stylesheet5d8bdoctype
23:46:53.618 [main] TRACE - Resolving type for handle ctstylesheet4257type
23:46:53.620 [main] TRACE - Resolving type for handle ctnumfmtsb58btype
23:46:53.621 [main] TRACE - Resolving type for handle ctnumfmt3870type
23:46:53.622 [main] TRACE - Resolving type for handle stnumfmtid76fbtype
23:46:53.624 [main] TRACE - Resolving type for handle stxstringf179type
23:46:53.625 [main] TRACE - Resolving type for handle ctfonts6623type
23:46:53.626 [main] TRACE - Resolving type for handle ctfont14d8type
23:46:53.628 [main] TRACE - Resolving type for handle ctfills2c6ftype
23:46:53.630 [main] TRACE - Resolving type for handle ctfill550ctype
23:46:53.630 [main] TRACE - Resolving type for handle ctborders0d66type
23:46:53.631 [main] TRACE - Resolving type for handle ctborderf935type
23:46:53.633 [main] TRACE - Resolving type for handle ctcellxfs1322type
23:46:53.634 [main] TRACE - Resolving type for handle ctxf97f7type
23:46:53.635 [main] TRACE - Resolving type for handle ctcellstylexfsa81ftype
23:46:53.636 [main] TRACE - Resolving type for handle cttablestyles872ftype
23:46:53.637 [main] TRACE - Resolving type for handle sstf81fdoctype
23:46:53.639 [main] TRACE - Resolving type for handle ctsst44f3type
23:46:53.640 [main] TRACE - Resolving type for handle ctrsta472type
23:46:53.652 [main] TRACE - Resolving type for handle workbookec17doctype
23:46:53.654 [main] TRACE - Resolving type for handle ctworkbook83c3type
23:46:53.656 [main] TRACE - Resolving type for handle ctsheets49fdtype
23:46:53.657 [main] TRACE - Resolving type for handle ctsheet4dbetype
23:46:53.658 [main] TRACE - Resolving type for handle strelationshipid1e94type
23:46:53.658 [main] TRACE - Resolving type for handle worksheetf539doctype
23:46:53.660 [main] TRACE - Resolving type for handle ctworksheet530dtype
23:46:53.662 [main] TRACE - Resolving type for handle ctsheetdata8408type
23:46:53.663 [main] TRACE - Resolving type for handle ctrowdd39type
23:46:53.664 [main] TRACE - Resolving type for handle ctcell842btype
23:46:53.667 [main] TRACE - Resolving type for handle stcellrefe4e0type
23:46:53.670 [main] TRACE - Resolving type for handle ctcols627ctype
23:46:53.671 [main] TRACE - Resolving type for handle ctcola95ftype
23:46:53.682 [main] TRACE - Resolving type for handle ctcellformula3583type
23:46:53.684 [main] TRACE - Resolving type for handle stcellformulatypee2cdtype
23:46:53.685 [main] TRACE - Resolving type for handle stref90a2type
23:46:53.688 [main] TRACE - Resolving type for handle stcelltypebf95type
23:46:53.692 [main] TRACE - Resolving type for handle stcellstylexfid70c7type
23:46:53.694 [main] TRACE - Resolving type for handle ctsheetdimensiond310type
23:46:53.705 [main] TRACE - Resolving type for handle propertiesee84doctype
23:46:53.706 [main] TRACE - Resolving type for handle ctproperties3f10type
23:46:53.708 [main] TRACE - Resolving type for handle properties288cdoctype
23:46:53.709 [main] TRACE - Resolving type for handle ctproperties2c18type
23:46:53.713 [main] DEBUG - Save content types part
23:46:53.734 [main] DEBUG - Save package relationships
23:46:53.735 [main] DEBUG - Save part 'docProps/app.xml'
23:46:53.735 [main] DEBUG - Save part 'docProps/core.xml'
23:46:53.736 [main] DEBUG - Save part 'docProps/custom.xml'
23:46:53.736 [main] DEBUG - Save part 'xl/sharedStrings.xml'
23:46:53.737 [main] DEBUG - Save part 'xl/styles.xml'
23:46:53.737 [main] DEBUG - Save part 'xl/theme/theme1.xml'
23:46:53.737 [main] DEBUG - Save part 'xl/workbook.xml'
23:46:53.738 [main] DEBUG - Save part 'xl/worksheets/sheet1.xml'
23:46:53.738 [main] DEBUG - Save part 'xl/worksheets/sheet2.xml'
23:46:53.738 [main] DEBUG - Save part 'xl/worksheets/sheet3.xml'
23:46:53.738 [main] DEBUG - Save part 'xl/worksheets/sheet4.xml'
23:46:53.757 [main] DEBUG - Parsing relationship: /xl/_rels/workbook.xml.rels
23:46:53.758 [main] DEBUG - Parsing relationship: /_rels/.rels
23:46:53.793 [main] DEBUG - Save content types part
23:46:53.794 [main] DEBUG - Save package relationships
23:46:53.794 [main] DEBUG - Save part 'docProps/app.xml'
23:46:53.795 [main] DEBUG - Save part 'docProps/core.xml'
23:46:53.795 [main] DEBUG - Save part 'docProps/custom.xml'
23:46:53.795 [main] DEBUG - Save part 'xl/sharedStrings.xml'
23:46:53.795 [main] DEBUG - Save part 'xl/styles.xml'
23:46:53.796 [main] DEBUG - Save part 'xl/theme/theme1.xml'
23:46:53.796 [main] DEBUG - Save part 'xl/workbook.xml'
23:46:53.796 [main] DEBUG - Save part 'xl/worksheets/sheet1.xml'
23:46:53.797 [main] DEBUG - Save part 'xl/worksheets/sheet2.xml'
23:46:53.797 [main] DEBUG - Save part 'xl/worksheets/sheet3.xml'
23:46:53.797 [main] DEBUG - Save part 'xl/worksheets/sheet4.xml'
23:46:53.813 [main] DEBUG - Parsing relationship: /xl/_rels/workbook.xml.rels
23:46:53.814 [main] DEBUG - Parsing relationship: /_rels/.rels
23:46:53.829 [main] DEBUG - Save content types part
23:46:53.829 [main] DEBUG - Save package relationships
23:46:53.830 [main] DEBUG - Save part 'docProps/app.xml'
23:46:53.830 [main] DEBUG - Save part 'docProps/core.xml'
23:46:53.830 [main] DEBUG - Save part 'docProps/custom.xml'
23:46:53.830 [main] DEBUG - Save part 'xl/sharedStrings.xml'
23:46:53.830 [main] DEBUG - Save part 'xl/styles.xml'
23:46:53.831 [main] DEBUG - Save part 'xl/theme/theme1.xml'
23:46:53.831 [main] DEBUG - Save part 'xl/workbook.xml'
23:46:53.831 [main] DEBUG - Save part 'xl/worksheets/sheet1.xml'
23:46:53.832 [main] DEBUG - Save part 'xl/worksheets/sheet2.xml'
23:46:53.832 [main] DEBUG - Save part 'xl/worksheets/sheet3.xml'
23:46:53.832 [main] DEBUG - Save part 'xl/worksheets/sheet4.xml'
23:46:53.849 [main] DEBUG - Parsing relationship: /xl/_rels/workbook.xml.rels
23:46:53.850 [main] DEBUG - Parsing relationship: /_rels/.rels
23:46:53.866 [main] DEBUG - Save content types part
23:46:53.867 [main] DEBUG - Save package relationships
23:46:53.867 [main] DEBUG - Save part 'docProps/app.xml'
23:46:53.867 [main] DEBUG - Save part 'docProps/core.xml'
23:46:53.868 [main] DEBUG - Save part 'docProps/custom.xml'
23:46:53.868 [main] DEBUG - Save part 'xl/sharedStrings.xml'
23:46:53.868 [main] DEBUG - Save part 'xl/styles.xml'
23:46:53.868 [main] DEBUG - Save part 'xl/theme/theme1.xml'
23:46:53.868 [main] DEBUG - Save part 'xl/workbook.xml'
23:46:53.869 [main] DEBUG - Save part 'xl/worksheets/sheet1.xml'
23:46:53.869 [main] DEBUG - Save part 'xl/worksheets/sheet2.xml'
23:46:53.869 [main] DEBUG - Save part 'xl/worksheets/sheet3.xml'
23:46:53.869 [main] DEBUG - Save part 'xl/worksheets/sheet4.xml'
23:46:53.886 [main] DEBUG - Parsing relationship: /xl/_rels/workbook.xml.rels
23:46:53.886 [main] DEBUG - Parsing relationship: /_rels/.rels
23:46:53.899 [main] DEBUG - Save content types part
23:46:53.899 [main] DEBUG - Save package relationships
23:46:53.900 [main] DEBUG - Save part 'docProps/app.xml'
23:46:53.900 [main] DEBUG - Save part 'docProps/core.xml'
23:46:53.900 [main] DEBUG - Save part 'docProps/custom.xml'
23:46:53.900 [main] DEBUG - Save part 'xl/sharedStrings.xml'
23:46:53.901 [main] DEBUG - Save part 'xl/styles.xml'
23:46:53.901 [main] DEBUG - Save part 'xl/theme/theme1.xml'
23:46:53.901 [main] DEBUG - Save part 'xl/workbook.xml'
23:46:53.902 [main] DEBUG - Save part 'xl/worksheets/sheet1.xml'
23:46:53.902 [main] DEBUG - Save part 'xl/worksheets/sheet2.xml'
23:46:53.902 [main] DEBUG - Save part 'xl/worksheets/sheet3.xml'
23:46:53.903 [main] DEBUG - Save part 'xl/worksheets/sheet4.xml'
23:46:53.923 [main] DEBUG - Parsing relationship: /xl/_rels/workbook.xml.rels
23:46:53.923 [main] DEBUG - Parsing relationship: /_rels/.rels
23:46:53.934 [main] DEBUG - Save content types part
23:46:53.934 [main] DEBUG - Save package relationships
23:46:53.935 [main] DEBUG - Save part 'docProps/app.xml'
23:46:53.935 [main] DEBUG - Save part 'docProps/core.xml'
23:46:53.935 [main] DEBUG - Save part 'docProps/custom.xml'
23:46:53.935 [main] DEBUG - Save part 'xl/sharedStrings.xml'
23:46:53.936 [main] DEBUG - Save part 'xl/styles.xml'
23:46:53.936 [main] DEBUG - Save part 'xl/theme/theme1.xml'
23:46:53.936 [main] DEBUG - Save part 'xl/workbook.xml'
23:46:53.937 [main] DEBUG - Save part 'xl/worksheets/sheet1.xml'
23:46:53.937 [main] DEBUG - Save part 'xl/worksheets/sheet2.xml'
23:46:53.937 [main] DEBUG - Save part 'xl/worksheets/sheet3.xml'
23:46:53.937 [main] DEBUG - Save part 'xl/worksheets/sheet4.xml'
23:46:53.954 [main] DEBUG - Parsing relationship: /xl/_rels/workbook.xml.rels
23:46:53.955 [main] DEBUG - Parsing relationship: /_rels/.rels
23:46:53.967 [main] DEBUG - Save content types part
23:46:53.968 [main] DEBUG - Save package relationships
23:46:53.968 [main] DEBUG - Save part 'docProps/app.xml'
23:46:53.968 [main] DEBUG - Save part 'docProps/core.xml'
23:46:53.969 [main] DEBUG - Save part 'docProps/custom.xml'
23:46:53.969 [main] DEBUG - Save part 'xl/sharedStrings.xml'
23:46:53.969 [main] DEBUG - Save part 'xl/styles.xml'
23:46:53.969 [main] DEBUG - Save part 'xl/theme/theme1.xml'
23:46:53.970 [main] DEBUG - Save part 'xl/workbook.xml'
23:46:53.970 [main] DEBUG - Save part 'xl/worksheets/sheet1.xml'
23:46:53.970 [main] DEBUG - Save part 'xl/worksheets/sheet2.xml'
23:46:53.970 [main] DEBUG - Save part 'xl/worksheets/sheet3.xml'
23:46:53.971 [main] DEBUG - Save part 'xl/worksheets/sheet4.xml'
23:46:53.987 [main] DEBUG - Parsing relationship: /xl/_rels/workbook.xml.rels
23:46:53.988 [main] DEBUG - Parsing relationship: /_rels/.rels
23:46:53.999 [main] DEBUG - Save content types part
23:46:54.000 [main] DEBUG - Save package relationships
23:46:54.000 [main] DEBUG - Save part 'docProps/app.xml'
23:46:54.000 [main] DEBUG - Save part 'docProps/core.xml'
23:46:54.001 [main] DEBUG - Save part 'docProps/custom.xml'
23:46:54.001 [main] DEBUG - Save part 'xl/sharedStrings.xml'
23:46:54.001 [main] DEBUG - Save part 'xl/styles.xml'
23:46:54.001 [main] DEBUG - Save part 'xl/theme/theme1.xml'
23:46:54.002 [main] DEBUG - Save part 'xl/workbook.xml'
23:46:54.002 [main] DEBUG - Save part 'xl/worksheets/sheet1.xml'
23:46:54.002 [main] DEBUG - Save part 'xl/worksheets/sheet2.xml'
23:46:54.002 [main] DEBUG - Save part 'xl/worksheets/sheet3.xml'
23:46:54.002 [main] DEBUG - Save part 'xl/worksheets/sheet4.xml'
23:46:54.020 [main] DEBUG - Parsing relationship: /xl/_rels/workbook.xml.rels
23:46:54.021 [main] DEBUG - Parsing relationship: /_rels/.rels
23:46:54.033 [main] DEBUG - Save content types part
23:46:54.034 [main] DEBUG - Save package relationships
23:46:54.034 [main] DEBUG - Save part 'docProps/app.xml'
23:46:54.034 [main] DEBUG - Save part 'docProps/core.xml'
23:46:54.035 [main] DEBUG - Save part 'docProps/custom.xml'
23:46:54.035 [main] DEBUG - Save part 'xl/sharedStrings.xml'
23:46:54.035 [main] DEBUG - Save part 'xl/styles.xml'
23:46:54.035 [main] DEBUG - Save part 'xl/theme/theme1.xml'
23:46:54.035 [main] DEBUG - Save part 'xl/workbook.xml'
23:46:54.036 [main] DEBUG - Save part 'xl/worksheets/sheet1.xml'
23:46:54.036 [main] DEBUG - Save part 'xl/worksheets/sheet2.xml'
23:46:54.036 [main] DEBUG - Save part 'xl/worksheets/sheet3.xml'
23:46:54.036 [main] DEBUG - Save part 'xl/worksheets/sheet4.xml'
23:46:54.052 [main] DEBUG - Parsing relationship: /xl/_rels/workbook.xml.rels
23:46:54.052 [main] DEBUG - Parsing relationship: /_rels/.rels
23:46:54.063 [main] DEBUG - Save content types part
23:46:54.064 [main] DEBUG - Save package relationships
23:46:54.064 [main] DEBUG - Save part 'docProps/app.xml'
23:46:54.064 [main] DEBUG - Save part 'docProps/core.xml'
23:46:54.065 [main] DEBUG - Save part 'docProps/custom.xml'
23:46:54.065 [main] DEBUG - Save part 'xl/sharedStrings.xml'
23:46:54.065 [main] DEBUG - Save part 'xl/styles.xml'
23:46:54.065 [main] DEBUG - Save part 'xl/theme/theme1.xml'
23:46:54.065 [main] DEBUG - Save part 'xl/workbook.xml'
23:46:54.066 [main] DEBUG - Save part 'xl/worksheets/sheet1.xml'
23:46:54.066 [main] DEBUG - Save part 'xl/worksheets/sheet2.xml'
23:46:54.066 [main] DEBUG - Save part 'xl/worksheets/sheet3.xml'
23:46:54.066 [main] DEBUG - Save part 'xl/worksheets/sheet4.xml'
23:50:54.278 [main] INFO  - Goto my account-->Click on Login.. 
23:50:54.589 [main] INFO  - Entering email and password.. 
23:51:08.215 [main] DEBUG - Parsing relationship: /xl/_rels/workbook.xml.rels
23:51:08.216 [main] DEBUG - Parsing relationship: /_rels/.rels
23:51:08.277 [main] TRACE - Loading type system org.apache.poi.schemas.ooxml.system.ooxml
23:51:08.279 [main] TRACE - Loading type system org.apache.xmlbeans.metadata.system.sXMLCONFIG
23:51:08.279 [main] TRACE - Loading type system org.apache.xmlbeans.metadata.system.sXMLLANG
23:51:08.279 [main] TRACE - Loading type system org.apache.xmlbeans.metadata.system.sXMLSCHEMA
23:51:08.279 [main] TRACE - Loading type system org.apache.xmlbeans.metadata.system.sXMLTOOLS
23:51:08.279 [main] TRACE - Reading unresolved handles for type system org.apache.xmlbeans.metadata.system.sXMLTOOLS
23:51:08.284 [main] TRACE - Finished loading type system org.apache.xmlbeans.metadata.system.sXMLTOOLS
23:51:08.284 [main] TRACE - Reading unresolved handles for type system org.apache.xmlbeans.metadata.system.sXMLSCHEMA
23:51:08.290 [main] TRACE - Finished loading type system org.apache.xmlbeans.metadata.system.sXMLSCHEMA
23:51:08.291 [main] TRACE - Reading unresolved handles for type system org.apache.xmlbeans.metadata.system.sXMLLANG
23:51:08.291 [main] TRACE - Finished loading type system org.apache.xmlbeans.metadata.system.sXMLLANG
23:51:08.291 [main] TRACE - Reading unresolved handles for type system org.apache.xmlbeans.metadata.system.sXMLCONFIG
23:51:08.292 [main] TRACE - Finished loading type system org.apache.xmlbeans.metadata.system.sXMLCONFIG
23:51:08.292 [main] TRACE - Reading unresolved handles for type system org.apache.poi.schemas.ooxml.system.ooxml
23:51:08.321 [main] TRACE - Finished loading type system org.apache.poi.schemas.ooxml.system.ooxml
23:51:08.322 [main] TRACE - Resolving type for handle themefd26doctype
23:51:08.342 [main] TRACE - Resolving type for handle stylesheet5d8bdoctype
23:51:08.351 [main] TRACE - Resolving type for handle ctstylesheet4257type
23:51:08.352 [main] TRACE - Resolving type for handle ctnumfmtsb58btype
23:51:08.354 [main] TRACE - Resolving type for handle ctnumfmt3870type
23:51:08.355 [main] TRACE - Resolving type for handle stnumfmtid76fbtype
23:51:08.357 [main] TRACE - Resolving type for handle stxstringf179type
23:51:08.358 [main] TRACE - Resolving type for handle ctfonts6623type
23:51:08.359 [main] TRACE - Resolving type for handle ctfont14d8type
23:51:08.361 [main] TRACE - Resolving type for handle ctfills2c6ftype
23:51:08.362 [main] TRACE - Resolving type for handle ctfill550ctype
23:51:08.363 [main] TRACE - Resolving type for handle ctborders0d66type
23:51:08.364 [main] TRACE - Resolving type for handle ctborderf935type
23:51:08.365 [main] TRACE - Resolving type for handle ctcellxfs1322type
23:51:08.366 [main] TRACE - Resolving type for handle ctxf97f7type
23:51:08.367 [main] TRACE - Resolving type for handle ctcellstylexfsa81ftype
23:51:08.368 [main] TRACE - Resolving type for handle cttablestyles872ftype
23:51:08.369 [main] TRACE - Resolving type for handle sstf81fdoctype
23:51:08.372 [main] TRACE - Resolving type for handle ctsst44f3type
23:51:08.373 [main] TRACE - Resolving type for handle ctrsta472type
23:51:08.382 [main] TRACE - Resolving type for handle workbookec17doctype
23:51:08.384 [main] TRACE - Resolving type for handle ctworkbook83c3type
23:51:08.386 [main] TRACE - Resolving type for handle ctsheets49fdtype
23:51:08.386 [main] TRACE - Resolving type for handle ctsheet4dbetype
23:51:08.387 [main] TRACE - Resolving type for handle strelationshipid1e94type
23:51:08.388 [main] TRACE - Resolving type for handle worksheetf539doctype
23:51:08.389 [main] TRACE - Resolving type for handle ctworksheet530dtype
23:51:08.392 [main] TRACE - Resolving type for handle ctsheetdata8408type
23:51:08.393 [main] TRACE - Resolving type for handle ctrowdd39type
23:51:08.394 [main] TRACE - Resolving type for handle ctcell842btype
23:51:08.398 [main] TRACE - Resolving type for handle stcellrefe4e0type
23:51:08.400 [main] TRACE - Resolving type for handle ctcols627ctype
23:51:08.402 [main] TRACE - Resolving type for handle ctcola95ftype
23:51:08.417 [main] TRACE - Resolving type for handle ctcellformula3583type
23:51:08.418 [main] TRACE - Resolving type for handle stcellformulatypee2cdtype
23:51:08.419 [main] TRACE - Resolving type for handle stref90a2type
23:51:08.423 [main] TRACE - Resolving type for handle stcelltypebf95type
23:51:08.427 [main] DEBUG - Save content types part
23:51:08.452 [main] DEBUG - Save package relationships
23:51:08.454 [main] DEBUG - Save part 'docProps/app.xml'
23:51:08.454 [main] DEBUG - Save part 'docProps/core.xml'
23:51:08.455 [main] DEBUG - Save part 'docProps/custom.xml'
23:51:08.456 [main] DEBUG - Save part 'xl/sharedStrings.xml'
23:51:08.456 [main] DEBUG - Save part 'xl/styles.xml'
23:51:08.456 [main] DEBUG - Save part 'xl/theme/theme1.xml'
23:51:08.456 [main] DEBUG - Save part 'xl/workbook.xml'
23:51:08.457 [main] DEBUG - Save part 'xl/worksheets/sheet1.xml'
23:51:08.457 [main] DEBUG - Save part 'xl/worksheets/sheet2.xml'
23:51:08.457 [main] DEBUG - Save part 'xl/worksheets/sheet3.xml'
23:51:08.458 [main] DEBUG - Save part 'xl/worksheets/sheet4.xml'
23:51:08.465 [main] DEBUG - Parsing relationship: /xl/_rels/workbook.xml.rels
23:51:08.466 [main] DEBUG - Parsing relationship: /_rels/.rels
23:51:08.484 [main] TRACE - Resolving type for handle stcellstylexfid70c7type
23:51:08.487 [main] TRACE - Resolving type for handle ctsheetdimensiond310type
23:51:08.497 [main] TRACE - Resolving type for handle propertiesee84doctype
23:51:08.498 [main] TRACE - Resolving type for handle ctproperties3f10type
23:51:08.500 [main] TRACE - Resolving type for handle properties288cdoctype
23:51:08.500 [main] TRACE - Resolving type for handle ctproperties2c18type
23:51:08.503 [main] DEBUG - Save content types part
23:51:08.504 [main] DEBUG - Save package relationships
23:51:08.504 [main] DEBUG - Save part 'docProps/app.xml'
23:51:08.504 [main] DEBUG - Save part 'docProps/core.xml'
23:51:08.505 [main] DEBUG - Save part 'docProps/custom.xml'
23:51:08.505 [main] DEBUG - Save part 'xl/sharedStrings.xml'
23:51:08.505 [main] DEBUG - Save part 'xl/styles.xml'
23:51:08.505 [main] DEBUG - Save part 'xl/theme/theme1.xml'
23:51:08.505 [main] DEBUG - Save part 'xl/workbook.xml'
23:51:08.506 [main] DEBUG - Save part 'xl/worksheets/sheet1.xml'
23:51:08.506 [main] DEBUG - Save part 'xl/worksheets/sheet2.xml'
23:51:08.506 [main] DEBUG - Save part 'xl/worksheets/sheet3.xml'
23:51:08.506 [main] DEBUG - Save part 'xl/worksheets/sheet4.xml'
23:51:08.510 [main] DEBUG - Parsing relationship: /xl/_rels/workbook.xml.rels
23:51:08.510 [main] DEBUG - Parsing relationship: /_rels/.rels
23:51:08.526 [main] DEBUG - Save content types part
23:51:08.527 [main] DEBUG - Save package relationships
23:51:08.528 [main] DEBUG - Save part 'docProps/app.xml'
23:51:08.528 [main] DEBUG - Save part 'docProps/core.xml'
23:51:08.528 [main] DEBUG - Save part 'docProps/custom.xml'
23:51:08.528 [main] DEBUG - Save part 'xl/sharedStrings.xml'
23:51:08.528 [main] DEBUG - Save part 'xl/styles.xml'
23:51:08.529 [main] DEBUG - Save part 'xl/theme/theme1.xml'
23:51:08.529 [main] DEBUG - Save part 'xl/workbook.xml'
23:51:08.529 [main] DEBUG - Save part 'xl/worksheets/sheet1.xml'
23:51:08.530 [main] DEBUG - Save part 'xl/worksheets/sheet2.xml'
23:51:08.530 [main] DEBUG - Save part 'xl/worksheets/sheet3.xml'
23:51:08.530 [main] DEBUG - Save part 'xl/worksheets/sheet4.xml'
23:51:08.547 [main] DEBUG - Parsing relationship: /xl/_rels/workbook.xml.rels
23:51:08.547 [main] DEBUG - Parsing relationship: /_rels/.rels
23:51:08.558 [main] DEBUG - Save content types part
23:51:08.558 [main] DEBUG - Save package relationships
23:51:08.559 [main] DEBUG - Save part 'docProps/app.xml'
23:51:08.559 [main] DEBUG - Save part 'docProps/core.xml'
23:51:08.559 [main] DEBUG - Save part 'docProps/custom.xml'
23:51:08.560 [main] DEBUG - Save part 'xl/sharedStrings.xml'
23:51:08.560 [main] DEBUG - Save part 'xl/styles.xml'
23:51:08.560 [main] DEBUG - Save part 'xl/theme/theme1.xml'
23:51:08.560 [main] DEBUG - Save part 'xl/workbook.xml'
23:51:08.561 [main] DEBUG - Save part 'xl/worksheets/sheet1.xml'
23:51:08.561 [main] DEBUG - Save part 'xl/worksheets/sheet2.xml'
23:51:08.561 [main] DEBUG - Save part 'xl/worksheets/sheet3.xml'
23:51:08.561 [main] DEBUG - Save part 'xl/worksheets/sheet4.xml'
23:51:08.564 [main] DEBUG - Parsing relationship: /xl/_rels/workbook.xml.rels
23:51:08.565 [main] DEBUG - Parsing relationship: /_rels/.rels
23:51:08.595 [main] DEBUG - Save content types part
23:51:08.596 [main] DEBUG - Save package relationships
23:51:08.596 [main] DEBUG - Save part 'docProps/app.xml'
23:51:08.596 [main] DEBUG - Save part 'docProps/core.xml'
23:51:08.597 [main] DEBUG - Save part 'docProps/custom.xml'
23:51:08.597 [main] DEBUG - Save part 'xl/sharedStrings.xml'
23:51:08.597 [main] DEBUG - Save part 'xl/styles.xml'
23:51:08.597 [main] DEBUG - Save part 'xl/theme/theme1.xml'
23:51:08.597 [main] DEBUG - Save part 'xl/workbook.xml'
23:51:08.598 [main] DEBUG - Save part 'xl/worksheets/sheet1.xml'
23:51:08.598 [main] DEBUG - Save part 'xl/worksheets/sheet2.xml'
23:51:08.598 [main] DEBUG - Save part 'xl/worksheets/sheet3.xml'
23:51:08.598 [main] DEBUG - Save part 'xl/worksheets/sheet4.xml'
23:51:08.601 [main] DEBUG - Parsing relationship: /xl/_rels/workbook.xml.rels
23:51:08.601 [main] DEBUG - Parsing relationship: /_rels/.rels
23:51:08.616 [main] DEBUG - Save content types part
23:51:08.616 [main] DEBUG - Save package relationships
23:51:08.617 [main] DEBUG - Save part 'docProps/app.xml'
23:51:08.617 [main] DEBUG - Save part 'docProps/core.xml'
23:51:08.617 [main] DEBUG - Save part 'docProps/custom.xml'
23:51:08.617 [main] DEBUG - Save part 'xl/sharedStrings.xml'
23:51:08.618 [main] DEBUG - Save part 'xl/styles.xml'
23:51:08.618 [main] DEBUG - Save part 'xl/theme/theme1.xml'
23:51:08.618 [main] DEBUG - Save part 'xl/workbook.xml'
23:51:08.618 [main] DEBUG - Save part 'xl/worksheets/sheet1.xml'
23:51:08.619 [main] DEBUG - Save part 'xl/worksheets/sheet2.xml'
23:51:08.619 [main] DEBUG - Save part 'xl/worksheets/sheet3.xml'
23:51:08.619 [main] DEBUG - Save part 'xl/worksheets/sheet4.xml'
23:51:08.635 [main] DEBUG - Parsing relationship: /xl/_rels/workbook.xml.rels
23:51:08.635 [main] DEBUG - Parsing relationship: /_rels/.rels
23:51:08.644 [main] DEBUG - Save content types part
23:51:08.644 [main] DEBUG - Save package relationships
23:51:08.645 [main] DEBUG - Save part 'docProps/app.xml'
23:51:08.645 [main] DEBUG - Save part 'docProps/core.xml'
23:51:08.645 [main] DEBUG - Save part 'docProps/custom.xml'
23:51:08.645 [main] DEBUG - Save part 'xl/sharedStrings.xml'
23:51:08.646 [main] DEBUG - Save part 'xl/styles.xml'
23:51:08.646 [main] DEBUG - Save part 'xl/theme/theme1.xml'
23:51:08.646 [main] DEBUG - Save part 'xl/workbook.xml'
23:51:08.647 [main] DEBUG - Save part 'xl/worksheets/sheet1.xml'
23:51:08.647 [main] DEBUG - Save part 'xl/worksheets/sheet2.xml'
23:51:08.647 [main] DEBUG - Save part 'xl/worksheets/sheet3.xml'
23:51:08.647 [main] DEBUG - Save part 'xl/worksheets/sheet4.xml'
23:51:08.650 [main] DEBUG - Parsing relationship: /xl/_rels/workbook.xml.rels
23:51:08.650 [main] DEBUG - Parsing relationship: /_rels/.rels
23:51:08.662 [main] DEBUG - Save content types part
23:51:08.663 [main] DEBUG - Save package relationships
23:51:08.663 [main] DEBUG - Save part 'docProps/app.xml'
23:51:08.663 [main] DEBUG - Save part 'docProps/core.xml'
23:51:08.664 [main] DEBUG - Save part 'docProps/custom.xml'
23:51:08.664 [main] DEBUG - Save part 'xl/sharedStrings.xml'
23:51:08.664 [main] DEBUG - Save part 'xl/styles.xml'
23:51:08.664 [main] DEBUG - Save part 'xl/theme/theme1.xml'
23:51:08.665 [main] DEBUG - Save part 'xl/workbook.xml'
23:51:08.665 [main] DEBUG - Save part 'xl/worksheets/sheet1.xml'
23:51:08.665 [main] DEBUG - Save part 'xl/worksheets/sheet2.xml'
23:51:08.665 [main] DEBUG - Save part 'xl/worksheets/sheet3.xml'
23:51:08.665 [main] DEBUG - Save part 'xl/worksheets/sheet4.xml'
23:51:08.668 [main] DEBUG - Parsing relationship: /xl/_rels/workbook.xml.rels
23:51:08.668 [main] DEBUG - Parsing relationship: /_rels/.rels
23:51:08.679 [main] DEBUG - Save content types part
23:51:08.680 [main] DEBUG - Save package relationships
23:51:08.680 [main] DEBUG - Save part 'docProps/app.xml'
23:51:08.682 [main] DEBUG - Save part 'docProps/core.xml'
23:51:08.682 [main] DEBUG - Save part 'docProps/custom.xml'
23:51:08.682 [main] DEBUG - Save part 'xl/sharedStrings.xml'
23:51:08.682 [main] DEBUG - Save part 'xl/styles.xml'
23:51:08.682 [main] DEBUG - Save part 'xl/theme/theme1.xml'
23:51:08.683 [main] DEBUG - Save part 'xl/workbook.xml'
23:51:08.683 [main] DEBUG - Save part 'xl/worksheets/sheet1.xml'
23:51:08.683 [main] DEBUG - Save part 'xl/worksheets/sheet2.xml'
23:51:08.683 [main] DEBUG - Save part 'xl/worksheets/sheet3.xml'
23:51:08.683 [main] DEBUG - Save part 'xl/worksheets/sheet4.xml'
23:51:08.700 [main] DEBUG - Parsing relationship: /xl/_rels/workbook.xml.rels
23:51:08.700 [main] DEBUG - Parsing relationship: /_rels/.rels
23:51:08.708 [main] DEBUG - Save content types part
23:51:08.709 [main] DEBUG - Save package relationships
23:51:08.709 [main] DEBUG - Save part 'docProps/app.xml'
23:51:08.709 [main] DEBUG - Save part 'docProps/core.xml'
23:51:08.710 [main] DEBUG - Save part 'docProps/custom.xml'
23:51:08.710 [main] DEBUG - Save part 'xl/sharedStrings.xml'
23:51:08.710 [main] DEBUG - Save part 'xl/styles.xml'
23:51:08.710 [main] DEBUG - Save part 'xl/theme/theme1.xml'
23:51:08.710 [main] DEBUG - Save part 'xl/workbook.xml'
23:51:08.711 [main] DEBUG - Save part 'xl/worksheets/sheet1.xml'
23:51:08.711 [main] DEBUG - Save part 'xl/worksheets/sheet2.xml'
23:51:08.711 [main] DEBUG - Save part 'xl/worksheets/sheet3.xml'
23:51:08.711 [main] DEBUG - Save part 'xl/worksheets/sheet4.xml'
23:51:08.714 [main] DEBUG - Parsing relationship: /xl/_rels/workbook.xml.rels
23:51:08.714 [main] DEBUG - Parsing relationship: /_rels/.rels
23:51:08.725 [main] DEBUG - Save content types part
23:51:08.726 [main] DEBUG - Save package relationships
23:51:08.726 [main] DEBUG - Save part 'docProps/app.xml'
23:51:08.726 [main] DEBUG - Save part 'docProps/core.xml'
23:51:08.727 [main] DEBUG - Save part 'docProps/custom.xml'
23:51:08.729 [main] DEBUG - Save part 'xl/sharedStrings.xml'
23:51:08.729 [main] DEBUG - Save part 'xl/styles.xml'
23:51:08.729 [main] DEBUG - Save part 'xl/theme/theme1.xml'
23:51:08.729 [main] DEBUG - Save part 'xl/workbook.xml'
23:51:08.730 [main] DEBUG - Save part 'xl/worksheets/sheet1.xml'
23:51:08.730 [main] DEBUG - Save part 'xl/worksheets/sheet2.xml'
23:51:08.730 [main] DEBUG - Save part 'xl/worksheets/sheet3.xml'
23:51:08.730 [main] DEBUG - Save part 'xl/worksheets/sheet4.xml'
23:51:08.734 [main] DEBUG - Parsing relationship: /xl/_rels/workbook.xml.rels
23:51:08.734 [main] DEBUG - Parsing relationship: /_rels/.rels
23:51:08.746 [main] DEBUG - Save content types part
23:51:08.746 [main] DEBUG - Save package relationships
23:51:08.747 [main] DEBUG - Save part 'docProps/app.xml'
23:51:08.747 [main] DEBUG - Save part 'docProps/core.xml'
23:51:08.747 [main] DEBUG - Save part 'docProps/custom.xml'
23:51:08.747 [main] DEBUG - Save part 'xl/sharedStrings.xml'
23:51:08.747 [main] DEBUG - Save part 'xl/styles.xml'
23:51:08.747 [main] DEBUG - Save part 'xl/theme/theme1.xml'
23:51:08.748 [main] DEBUG - Save part 'xl/workbook.xml'
23:51:08.748 [main] DEBUG - Save part 'xl/worksheets/sheet1.xml'
23:51:08.748 [main] DEBUG - Save part 'xl/worksheets/sheet2.xml'
23:51:08.748 [main] DEBUG - Save part 'xl/worksheets/sheet3.xml'
23:51:08.748 [main] DEBUG - Save part 'xl/worksheets/sheet4.xml'
23:51:08.766 [main] DEBUG - Parsing relationship: /xl/_rels/workbook.xml.rels
23:51:08.766 [main] DEBUG - Parsing relationship: /_rels/.rels
23:51:08.773 [main] DEBUG - Save content types part
23:51:08.773 [main] DEBUG - Save package relationships
23:51:08.774 [main] DEBUG - Save part 'docProps/app.xml'
23:51:08.774 [main] DEBUG - Save part 'docProps/core.xml'
23:51:08.774 [main] DEBUG - Save part 'docProps/custom.xml'
23:51:08.774 [main] DEBUG - Save part 'xl/sharedStrings.xml'
23:51:08.775 [main] DEBUG - Save part 'xl/styles.xml'
23:51:08.775 [main] DEBUG - Save part 'xl/theme/theme1.xml'
23:51:08.775 [main] DEBUG - Save part 'xl/workbook.xml'
23:51:08.776 [main] DEBUG - Save part 'xl/worksheets/sheet1.xml'
23:51:08.776 [main] DEBUG - Save part 'xl/worksheets/sheet2.xml'
23:51:08.776 [main] DEBUG - Save part 'xl/worksheets/sheet3.xml'
23:51:08.776 [main] DEBUG - Save part 'xl/worksheets/sheet4.xml'
23:51:08.779 [main] DEBUG - Parsing relationship: /xl/_rels/workbook.xml.rels
23:51:08.779 [main] DEBUG - Parsing relationship: /_rels/.rels
23:51:08.789 [main] DEBUG - Save content types part
23:51:08.790 [main] DEBUG - Save package relationships
23:51:08.790 [main] DEBUG - Save part 'docProps/app.xml'
23:51:08.790 [main] DEBUG - Save part 'docProps/core.xml'
23:51:08.791 [main] DEBUG - Save part 'docProps/custom.xml'
23:51:08.791 [main] DEBUG - Save part 'xl/sharedStrings.xml'
23:51:08.791 [main] DEBUG - Save part 'xl/styles.xml'
23:51:08.791 [main] DEBUG - Save part 'xl/theme/theme1.xml'
23:51:08.791 [main] DEBUG - Save part 'xl/workbook.xml'
23:51:08.792 [main] DEBUG - Save part 'xl/worksheets/sheet1.xml'
23:51:08.792 [main] DEBUG - Save part 'xl/worksheets/sheet2.xml'
23:51:08.792 [main] DEBUG - Save part 'xl/worksheets/sheet3.xml'
23:51:08.792 [main] DEBUG - Save part 'xl/worksheets/sheet4.xml'
23:51:08.794 [main] DEBUG - Parsing relationship: /xl/_rels/workbook.xml.rels
23:51:08.794 [main] DEBUG - Parsing relationship: /_rels/.rels
23:51:08.804 [main] DEBUG - Save content types part
23:51:08.804 [main] DEBUG - Save package relationships
23:51:08.805 [main] DEBUG - Save part 'docProps/app.xml'
23:51:08.805 [main] DEBUG - Save part 'docProps/core.xml'
23:51:08.805 [main] DEBUG - Save part 'docProps/custom.xml'
23:51:08.805 [main] DEBUG - Save part 'xl/sharedStrings.xml'
23:51:08.805 [main] DEBUG - Save part 'xl/styles.xml'
23:51:08.806 [main] DEBUG - Save part 'xl/theme/theme1.xml'
23:51:08.806 [main] DEBUG - Save part 'xl/workbook.xml'
23:51:08.806 [main] DEBUG - Save part 'xl/worksheets/sheet1.xml'
23:51:08.806 [main] DEBUG - Save part 'xl/worksheets/sheet2.xml'
23:51:08.807 [main] DEBUG - Save part 'xl/worksheets/sheet3.xml'
23:51:08.807 [main] DEBUG - Save part 'xl/worksheets/sheet4.xml'
23:51:08.822 [main] DEBUG - Parsing relationship: /xl/_rels/workbook.xml.rels
23:51:08.823 [main] DEBUG - Parsing relationship: /_rels/.rels
23:51:08.829 [main] DEBUG - Save content types part
23:51:08.829 [main] DEBUG - Save package relationships
23:51:08.829 [main] DEBUG - Save part 'docProps/app.xml'
23:51:08.830 [main] DEBUG - Save part 'docProps/core.xml'
23:51:08.830 [main] DEBUG - Save part 'docProps/custom.xml'
23:51:08.830 [main] DEBUG - Save part 'xl/sharedStrings.xml'
23:51:08.830 [main] DEBUG - Save part 'xl/styles.xml'
23:51:08.831 [main] DEBUG - Save part 'xl/theme/theme1.xml'
23:51:08.831 [main] DEBUG - Save part 'xl/workbook.xml'
23:51:08.831 [main] DEBUG - Save part 'xl/worksheets/sheet1.xml'
23:51:08.831 [main] DEBUG - Save part 'xl/worksheets/sheet2.xml'
23:51:08.831 [main] DEBUG - Save part 'xl/worksheets/sheet3.xml'
23:51:08.831 [main] DEBUG - Save part 'xl/worksheets/sheet4.xml'
23:51:08.835 [main] DEBUG - Parsing relationship: /xl/_rels/workbook.xml.rels
23:51:08.836 [main] DEBUG - Parsing relationship: /_rels/.rels
23:51:08.846 [main] DEBUG - Save content types part
23:51:08.846 [main] DEBUG - Save package relationships
23:51:08.847 [main] DEBUG - Save part 'docProps/app.xml'
23:51:08.847 [main] DEBUG - Save part 'docProps/core.xml'
23:51:08.847 [main] DEBUG - Save part 'docProps/custom.xml'
23:51:08.847 [main] DEBUG - Save part 'xl/sharedStrings.xml'
23:51:08.847 [main] DEBUG - Save part 'xl/styles.xml'
23:51:08.847 [main] DEBUG - Save part 'xl/theme/theme1.xml'
23:51:08.848 [main] DEBUG - Save part 'xl/workbook.xml'
23:51:08.848 [main] DEBUG - Save part 'xl/worksheets/sheet1.xml'
23:51:08.848 [main] DEBUG - Save part 'xl/worksheets/sheet2.xml'
23:51:08.848 [main] DEBUG - Save part 'xl/worksheets/sheet3.xml'
23:51:08.848 [main] DEBUG - Save part 'xl/worksheets/sheet4.xml'
23:51:08.851 [main] DEBUG - Parsing relationship: /xl/_rels/workbook.xml.rels
23:51:08.851 [main] DEBUG - Parsing relationship: /_rels/.rels
23:51:08.861 [main] DEBUG - Save content types part
23:51:08.861 [main] DEBUG - Save package relationships
23:51:08.861 [main] DEBUG - Save part 'docProps/app.xml'
23:51:08.861 [main] DEBUG - Save part 'docProps/core.xml'
23:51:08.862 [main] DEBUG - Save part 'docProps/custom.xml'
23:51:08.862 [main] DEBUG - Save part 'xl/sharedStrings.xml'
23:51:08.862 [main] DEBUG - Save part 'xl/styles.xml'
23:51:08.862 [main] DEBUG - Save part 'xl/theme/theme1.xml'
23:51:08.862 [main] DEBUG - Save part 'xl/workbook.xml'
23:51:08.863 [main] DEBUG - Save part 'xl/worksheets/sheet1.xml'
23:51:08.863 [main] DEBUG - Save part 'xl/worksheets/sheet2.xml'
23:51:08.863 [main] DEBUG - Save part 'xl/worksheets/sheet3.xml'
23:51:08.863 [main] DEBUG - Save part 'xl/worksheets/sheet4.xml'
23:51:08.882 [main] DEBUG - Parsing relationship: /xl/_rels/workbook.xml.rels
23:51:08.882 [main] DEBUG - Parsing relationship: /_rels/.rels
23:51:08.888 [main] DEBUG - Save content types part
23:51:08.889 [main] DEBUG - Save package relationships
23:51:08.889 [main] DEBUG - Save part 'docProps/app.xml'
23:51:08.889 [main] DEBUG - Save part 'docProps/core.xml'
23:51:08.890 [main] DEBUG - Save part 'docProps/custom.xml'
23:51:08.890 [main] DEBUG - Save part 'xl/sharedStrings.xml'
23:51:08.890 [main] DEBUG - Save part 'xl/styles.xml'
23:51:08.890 [main] DEBUG - Save part 'xl/theme/theme1.xml'
23:51:08.890 [main] DEBUG - Save part 'xl/workbook.xml'
23:51:08.891 [main] DEBUG - Save part 'xl/worksheets/sheet1.xml'
23:51:08.891 [main] DEBUG - Save part 'xl/worksheets/sheet2.xml'
23:51:08.891 [main] DEBUG - Save part 'xl/worksheets/sheet3.xml'
23:51:08.891 [main] DEBUG - Save part 'xl/worksheets/sheet4.xml'
23:51:08.893 [main] DEBUG - Parsing relationship: /xl/_rels/workbook.xml.rels
23:51:08.894 [main] DEBUG - Parsing relationship: /_rels/.rels
23:51:08.905 [main] DEBUG - Save content types part
23:51:08.905 [main] DEBUG - Save package relationships
23:51:08.905 [main] DEBUG - Save part 'docProps/app.xml'
23:51:08.905 [main] DEBUG - Save part 'docProps/core.xml'
23:51:08.906 [main] DEBUG - Save part 'docProps/custom.xml'
23:51:08.906 [main] DEBUG - Save part 'xl/sharedStrings.xml'
23:51:08.906 [main] DEBUG - Save part 'xl/styles.xml'
23:51:08.906 [main] DEBUG - Save part 'xl/theme/theme1.xml'
23:51:08.906 [main] DEBUG - Save part 'xl/workbook.xml'
23:51:08.907 [main] DEBUG - Save part 'xl/worksheets/sheet1.xml'
23:51:08.907 [main] DEBUG - Save part 'xl/worksheets/sheet2.xml'
23:51:08.907 [main] DEBUG - Save part 'xl/worksheets/sheet3.xml'
23:51:08.907 [main] DEBUG - Save part 'xl/worksheets/sheet4.xml'
23:51:08.909 [main] DEBUG - Parsing relationship: /xl/_rels/workbook.xml.rels
23:51:08.909 [main] DEBUG - Parsing relationship: /_rels/.rels
23:51:08.919 [main] DEBUG - Save content types part
23:51:08.920 [main] DEBUG - Save package relationships
23:51:08.920 [main] DEBUG - Save part 'docProps/app.xml'
23:51:08.920 [main] DEBUG - Save part 'docProps/core.xml'
23:51:08.921 [main] DEBUG - Save part 'docProps/custom.xml'
23:51:08.921 [main] DEBUG - Save part 'xl/sharedStrings.xml'
23:51:08.921 [main] DEBUG - Save part 'xl/styles.xml'
23:51:08.921 [main] DEBUG - Save part 'xl/theme/theme1.xml'
23:51:08.921 [main] DEBUG - Save part 'xl/workbook.xml'
23:51:08.921 [main] DEBUG - Save part 'xl/worksheets/sheet1.xml'
23:51:08.922 [main] DEBUG - Save part 'xl/worksheets/sheet2.xml'
23:51:08.922 [main] DEBUG - Save part 'xl/worksheets/sheet3.xml'
23:51:08.922 [main] DEBUG - Save part 'xl/worksheets/sheet4.xml'
23:51:08.937 [main] DEBUG - Parsing relationship: /xl/_rels/workbook.xml.rels
23:51:08.938 [main] DEBUG - Parsing relationship: /_rels/.rels
23:51:08.943 [main] DEBUG - Save content types part
23:51:08.944 [main] DEBUG - Save package relationships
23:51:08.944 [main] DEBUG - Save part 'docProps/app.xml'
23:51:08.944 [main] DEBUG - Save part 'docProps/core.xml'
23:51:08.945 [main] DEBUG - Save part 'docProps/custom.xml'
23:51:08.945 [main] DEBUG - Save part 'xl/sharedStrings.xml'
23:51:08.945 [main] DEBUG - Save part 'xl/styles.xml'
23:51:08.945 [main] DEBUG - Save part 'xl/theme/theme1.xml'
23:51:08.945 [main] DEBUG - Save part 'xl/workbook.xml'
23:51:08.946 [main] DEBUG - Save part 'xl/worksheets/sheet1.xml'
23:51:08.946 [main] DEBUG - Save part 'xl/worksheets/sheet2.xml'
23:51:08.946 [main] DEBUG - Save part 'xl/worksheets/sheet3.xml'
23:51:08.946 [main] DEBUG - Save part 'xl/worksheets/sheet4.xml'
23:51:08.948 [main] DEBUG - Parsing relationship: /xl/_rels/workbook.xml.rels
23:51:08.948 [main] DEBUG - Parsing relationship: /_rels/.rels
23:51:08.956 [main] DEBUG - Save content types part
23:51:08.957 [main] DEBUG - Save package relationships
23:51:08.957 [main] DEBUG - Save part 'docProps/app.xml'
23:51:08.957 [main] DEBUG - Save part 'docProps/core.xml'
23:51:08.957 [main] DEBUG - Save part 'docProps/custom.xml'
23:51:08.957 [main] DEBUG - Save part 'xl/sharedStrings.xml'
23:51:08.957 [main] DEBUG - Save part 'xl/styles.xml'
23:51:08.958 [main] DEBUG - Save part 'xl/theme/theme1.xml'
23:51:08.958 [main] DEBUG - Save part 'xl/workbook.xml'
23:51:08.958 [main] DEBUG - Save part 'xl/worksheets/sheet1.xml'
23:51:08.958 [main] DEBUG - Save part 'xl/worksheets/sheet2.xml'
23:51:08.958 [main] DEBUG - Save part 'xl/worksheets/sheet3.xml'
23:51:08.958 [main] DEBUG - Save part 'xl/worksheets/sheet4.xml'
23:51:08.960 [main] DEBUG - Parsing relationship: /xl/_rels/workbook.xml.rels
23:51:08.960 [main] DEBUG - Parsing relationship: /_rels/.rels
23:51:08.968 [main] DEBUG - Save content types part
23:51:08.969 [main] DEBUG - Save package relationships
23:51:08.969 [main] DEBUG - Save part 'docProps/app.xml'
23:51:08.969 [main] DEBUG - Save part 'docProps/core.xml'
23:51:08.970 [main] DEBUG - Save part 'docProps/custom.xml'
23:51:08.970 [main] DEBUG - Save part 'xl/sharedStrings.xml'
23:51:08.970 [main] DEBUG - Save part 'xl/styles.xml'
23:51:08.970 [main] DEBUG - Save part 'xl/theme/theme1.xml'
23:51:08.970 [main] DEBUG - Save part 'xl/workbook.xml'
23:51:08.971 [main] DEBUG - Save part 'xl/worksheets/sheet1.xml'
23:51:08.971 [main] DEBUG - Save part 'xl/worksheets/sheet2.xml'
23:51:08.971 [main] DEBUG - Save part 'xl/worksheets/sheet3.xml'
23:51:08.971 [main] DEBUG - Save part 'xl/worksheets/sheet4.xml'
23:51:08.985 [main] DEBUG - Parsing relationship: /xl/_rels/workbook.xml.rels
23:51:08.986 [main] DEBUG - Parsing relationship: /_rels/.rels
23:51:08.991 [main] DEBUG - Save content types part
23:51:08.992 [main] DEBUG - Save package relationships
23:51:08.992 [main] DEBUG - Save part 'docProps/app.xml'
23:51:08.992 [main] DEBUG - Save part 'docProps/core.xml'
23:51:08.993 [main] DEBUG - Save part 'docProps/custom.xml'
23:51:08.993 [main] DEBUG - Save part 'xl/sharedStrings.xml'
23:51:08.993 [main] DEBUG - Save part 'xl/styles.xml'
23:51:08.993 [main] DEBUG - Save part 'xl/theme/theme1.xml'
23:51:08.993 [main] DEBUG - Save part 'xl/workbook.xml'
23:51:08.994 [main] DEBUG - Save part 'xl/worksheets/sheet1.xml'
23:51:08.994 [main] DEBUG - Save part 'xl/worksheets/sheet2.xml'
23:51:08.994 [main] DEBUG - Save part 'xl/worksheets/sheet3.xml'
23:51:08.994 [main] DEBUG - Save part 'xl/worksheets/sheet4.xml'
23:51:08.996 [main] DEBUG - Parsing relationship: /xl/_rels/workbook.xml.rels
23:51:08.996 [main] DEBUG - Parsing relationship: /_rels/.rels
23:51:09.004 [main] DEBUG - Save content types part
23:51:09.004 [main] DEBUG - Save package relationships
23:51:09.004 [main] DEBUG - Save part 'docProps/app.xml'
23:51:09.004 [main] DEBUG - Save part 'docProps/core.xml'
23:51:09.005 [main] DEBUG - Save part 'docProps/custom.xml'
23:51:09.005 [main] DEBUG - Save part 'xl/sharedStrings.xml'
23:51:09.005 [main] DEBUG - Save part 'xl/styles.xml'
23:51:09.005 [main] DEBUG - Save part 'xl/theme/theme1.xml'
23:51:09.005 [main] DEBUG - Save part 'xl/workbook.xml'
