23:55:45.559 [main] DEBUG - Save part 'xl/sharedStrings.xml'
23:55:45.562 [main] DEBUG - Save part 'xl/styles.xml'
23:55:45.562 [main] DEBUG - Save part 'xl/theme/theme1.xml'
23:55:45.563 [main] DEBUG - Save part 'xl/workbook.xml'
23:55:45.563 [main] DEBUG - Save part 'xl/worksheets/sheet1.xml'
23:55:45.563 [main] DEBUG - Save part 'xl/worksheets/sheet2.xml'
23:55:45.563 [main] DEBUG - Save part 'xl/worksheets/sheet3.xml'
23:55:45.564 [main] DEBUG - Save part 'xl/worksheets/sheet4.xml'
23:55:45.566 [main] DEBUG - Parsing relationship: /xl/_rels/workbook.xml.rels
23:55:45.566 [main] DEBUG - Parsing relationship: /_rels/.rels
23:55:45.573 [main] DEBUG - Save content types part
23:55:45.573 [main] DEBUG - Save package relationships
23:55:45.574 [main] DEBUG - Save part 'docProps/app.xml'
23:55:45.574 [main] DEBUG - Save part 'docProps/core.xml'
23:55:45.574 [main] DEBUG - Save part 'docProps/custom.xml'
23:55:45.574 [main] DEBUG - Save part 'xl/sharedStrings.xml'
23:55:45.574 [main] DEBUG - Save part 'xl/styles.xml'
23:55:45.574 [main] DEBUG - Save part 'xl/theme/theme1.xml'
23:55:45.574 [main] DEBUG - Save part 'xl/workbook.xml'
23:55:45.575 [main] DEBUG - Save part 'xl/worksheets/sheet1.xml'
23:55:45.575 [main] DEBUG - Save part 'xl/worksheets/sheet2.xml'
23:55:45.575 [main] DEBUG - Save part 'xl/worksheets/sheet3.xml'
23:55:45.575 [main] DEBUG - Save part 'xl/worksheets/sheet4.xml'
23:55:45.578 [main] DEBUG - Parsing relationship: /xl/_rels/workbook.xml.rels
23:55:45.579 [main] DEBUG - Parsing relationship: /_rels/.rels
23:55:45.586 [main] DEBUG - Save content types part
23:55:45.586 [main] DEBUG - Save package relationships
23:55:45.586 [main] DEBUG - Save part 'docProps/app.xml'
23:55:45.586 [main] DEBUG - Save part 'docProps/core.xml'
23:55:45.587 [main] DEBUG - Save part 'docProps/custom.xml'
23:55:45.587 [main] DEBUG - Save part 'xl/sharedStrings.xml'
23:55:45.587 [main] DEBUG - Save part 'xl/styles.xml'
23:55:45.587 [main] DEBUG - Save part 'xl/theme/theme1.xml'
23:55:45.587 [main] DEBUG - Save part 'xl/workbook.xml'
23:55:45.587 [main] DEBUG - Save part 'xl/worksheets/sheet1.xml'
23:55:45.587 [main] DEBUG - Save part 'xl/worksheets/sheet2.xml'
23:55:45.587 [main] DEBUG - Save part 'xl/worksheets/sheet3.xml'
23:55:45.588 [main] DEBUG - Save part 'xl/worksheets/sheet4.xml'
23:55:45.603 [main] DEBUG - Parsing relationship: /xl/_rels/workbook.xml.rels
23:55:45.603 [main] DEBUG - Parsing relationship: /_rels/.rels
23:55:45.609 [main] DEBUG - Save content types part
23:55:45.609 [main] DEBUG - Save package relationships
23:55:45.609 [main] DEBUG - Save part 'docProps/app.xml'
23:55:45.610 [main] DEBUG - Save part 'docProps/core.xml'
23:55:45.610 [main] DEBUG - Save part 'docProps/custom.xml'
23:55:45.610 [main] DEBUG - Save part 'xl/sharedStrings.xml'
23:55:45.610 [main] DEBUG - Save part 'xl/styles.xml'
23:55:45.610 [main] DEBUG - Save part 'xl/theme/theme1.xml'
23:55:45.611 [main] DEBUG - Save part 'xl/workbook.xml'
23:55:45.611 [main] DEBUG - Save part 'xl/worksheets/sheet1.xml'
23:55:45.612 [main] DEBUG - Save part 'xl/worksheets/sheet2.xml'
23:55:45.612 [main] DEBUG - Save part 'xl/worksheets/sheet3.xml'
23:55:45.612 [main] DEBUG - Save part 'xl/worksheets/sheet4.xml'
23:55:45.614 [main] DEBUG - Parsing relationship: /xl/_rels/workbook.xml.rels
23:55:45.615 [main] DEBUG - Parsing relationship: /_rels/.rels
23:55:45.623 [main] DEBUG - Save content types part
23:55:45.624 [main] DEBUG - Save package relationships
23:55:45.624 [main] DEBUG - Save part 'docProps/app.xml'
23:55:45.624 [main] DEBUG - Save part 'docProps/core.xml'
23:55:45.624 [main] DEBUG - Save part 'docProps/custom.xml'
23:55:45.624 [main] DEBUG - Save part 'xl/sharedStrings.xml'
23:55:45.625 [main] DEBUG - Save part 'xl/styles.xml'
23:55:45.625 [main] DEBUG - Save part 'xl/theme/theme1.xml'
23:55:45.625 [main] DEBUG - Save part 'xl/workbook.xml'
23:55:45.625 [main] DEBUG - Save part 'xl/worksheets/sheet1.xml'
23:55:45.625 [main] DEBUG - Save part 'xl/worksheets/sheet2.xml'
23:55:45.625 [main] DEBUG - Save part 'xl/worksheets/sheet3.xml'
23:55:45.626 [main] DEBUG - Save part 'xl/worksheets/sheet4.xml'
23:55:45.627 [main] DEBUG - Parsing relationship: /xl/_rels/workbook.xml.rels
23:55:45.628 [main] DEBUG - Parsing relationship: /_rels/.rels
23:55:45.636 [main] DEBUG - Save content types part
23:55:45.636 [main] DEBUG - Save package relationships
23:55:45.636 [main] DEBUG - Save part 'docProps/app.xml'
23:55:45.637 [main] DEBUG - Save part 'docProps/core.xml'
23:55:45.637 [main] DEBUG - Save part 'docProps/custom.xml'
23:55:45.637 [main] DEBUG - Save part 'xl/sharedStrings.xml'
23:55:45.637 [main] DEBUG - Save part 'xl/styles.xml'
23:55:45.637 [main] DEBUG - Save part 'xl/theme/theme1.xml'
23:55:45.637 [main] DEBUG - Save part 'xl/workbook.xml'
23:55:45.638 [main] DEBUG - Save part 'xl/worksheets/sheet1.xml'
23:55:45.638 [main] DEBUG - Save part 'xl/worksheets/sheet2.xml'
23:55:45.638 [main] DEBUG - Save part 'xl/worksheets/sheet3.xml'
23:55:45.638 [main] DEBUG - Save part 'xl/worksheets/sheet4.xml'
23:57:33.558 [main] INFO  - Goto my account-->Click on Login.. 
23:57:33.796 [main] INFO  - Entering email and password.. 
23:57:47.218 [main] DEBUG - Parsing relationship: /xl/_rels/workbook.xml.rels
23:57:47.219 [main] DEBUG - Parsing relationship: /_rels/.rels
23:57:47.275 [main] TRACE - Loading type system org.apache.poi.schemas.ooxml.system.ooxml
23:57:47.276 [main] TRACE - Loading type system org.apache.xmlbeans.metadata.system.sXMLCONFIG
23:57:47.277 [main] TRACE - Loading type system org.apache.xmlbeans.metadata.system.sXMLLANG
23:57:47.277 [main] TRACE - Loading type system org.apache.xmlbeans.metadata.system.sXMLSCHEMA
23:57:47.277 [main] TRACE - Loading type system org.apache.xmlbeans.metadata.system.sXMLTOOLS
23:57:47.278 [main] TRACE - Reading unresolved handles for type system org.apache.xmlbeans.metadata.system.sXMLTOOLS
23:57:47.283 [main] TRACE - Finished loading type system org.apache.xmlbeans.metadata.system.sXMLTOOLS
23:57:47.283 [main] TRACE - Reading unresolved handles for type system org.apache.xmlbeans.metadata.system.sXMLSCHEMA
23:57:47.286 [main] TRACE - Finished loading type system org.apache.xmlbeans.metadata.system.sXMLSCHEMA
23:57:47.286 [main] TRACE - Reading unresolved handles for type system org.apache.xmlbeans.metadata.system.sXMLLANG
23:57:47.286 [main] TRACE - Finished loading type system org.apache.xmlbeans.metadata.system.sXMLLANG
23:57:47.287 [main] TRACE - Reading unresolved handles for type system org.apache.xmlbeans.metadata.system.sXMLCONFIG
23:57:47.287 [main] TRACE - Finished loading type system org.apache.xmlbeans.metadata.system.sXMLCONFIG
23:57:47.287 [main] TRACE - Reading unresolved handles for type system org.apache.poi.schemas.ooxml.system.ooxml
23:57:47.321 [main] TRACE - Finished loading type system org.apache.poi.schemas.ooxml.system.ooxml
23:57:47.322 [main] TRACE - Resolving type for handle themefd26doctype
23:57:47.346 [main] TRACE - Resolving type for handle stylesheet5d8bdoctype
23:57:47.354 [main] TRACE - Resolving type for handle ctstylesheet4257type
23:57:47.356 [main] TRACE - Resolving type for handle ctnumfmtsb58btype
23:57:47.357 [main] TRACE - Resolving type for handle ctnumfmt3870type
23:57:47.358 [main] TRACE - Resolving type for handle stnumfmtid76fbtype
23:57:47.360 [main] TRACE - Resolving type for handle stxstringf179type
23:57:47.361 [main] TRACE - Resolving type for handle ctfonts6623type
23:57:47.363 [main] TRACE - Resolving type for handle ctfont14d8type
23:57:47.365 [main] TRACE - Resolving type for handle ctfills2c6ftype
23:57:47.366 [main] TRACE - Resolving type for handle ctfill550ctype
23:57:47.367 [main] TRACE - Resolving type for handle ctborders0d66type
23:57:47.368 [main] TRACE - Resolving type for handle ctborderf935type
23:57:47.369 [main] TRACE - Resolving type for handle ctcellxfs1322type
23:57:47.370 [main] TRACE - Resolving type for handle ctxf97f7type
23:57:47.371 [main] TRACE - Resolving type for handle ctcellstylexfsa81ftype
23:57:47.371 [main] TRACE - Resolving type for handle cttablestyles872ftype
23:57:47.372 [main] TRACE - Resolving type for handle sstf81fdoctype
23:57:47.374 [main] TRACE - Resolving type for handle ctsst44f3type
23:57:47.376 [main] TRACE - Resolving type for handle ctrsta472type
23:57:47.385 [main] TRACE - Resolving type for handle workbookec17doctype
23:57:47.387 [main] TRACE - Resolving type for handle ctworkbook83c3type
23:57:47.389 [main] TRACE - Resolving type for handle ctsheets49fdtype
23:57:47.389 [main] TRACE - Resolving type for handle ctsheet4dbetype
23:57:47.390 [main] TRACE - Resolving type for handle strelationshipid1e94type
23:57:47.391 [main] TRACE - Resolving type for handle worksheetf539doctype
23:57:47.392 [main] TRACE - Resolving type for handle ctworksheet530dtype
23:57:47.394 [main] TRACE - Resolving type for handle ctsheetdata8408type
23:57:47.396 [main] TRACE - Resolving type for handle ctrowdd39type
23:57:47.397 [main] TRACE - Resolving type for handle ctcell842btype
23:57:47.400 [main] TRACE - Resolving type for handle stcellrefe4e0type
23:57:47.402 [main] TRACE - Resolving type for handle ctcols627ctype
23:57:47.403 [main] TRACE - Resolving type for handle ctcola95ftype
23:57:47.419 [main] TRACE - Resolving type for handle stcelltypebf95type
23:57:47.423 [main] DEBUG - Save content types part
23:57:47.442 [main] DEBUG - Save package relationships
23:57:47.443 [main] DEBUG - Save part 'docProps/app.xml'
23:57:47.444 [main] DEBUG - Save part 'docProps/core.xml'
23:57:47.445 [main] DEBUG - Save part 'docProps/custom.xml'
23:57:47.445 [main] DEBUG - Save part 'xl/sharedStrings.xml'
23:57:47.446 [main] DEBUG - Save part 'xl/styles.xml'
23:57:47.446 [main] DEBUG - Save part 'xl/theme/theme1.xml'
23:57:47.446 [main] DEBUG - Save part 'xl/workbook.xml'
23:57:47.447 [main] DEBUG - Save part 'xl/worksheets/sheet1.xml'
23:57:47.447 [main] DEBUG - Save part 'xl/worksheets/sheet2.xml'
23:57:47.447 [main] DEBUG - Save part 'xl/worksheets/sheet3.xml'
23:57:47.448 [main] DEBUG - Save part 'xl/worksheets/sheet4.xml'
23:57:47.456 [main] DEBUG - Parsing relationship: /xl/_rels/workbook.xml.rels
23:57:47.457 [main] DEBUG - Parsing relationship: /_rels/.rels
23:57:47.473 [main] TRACE - Resolving type for handle stcellstylexfid70c7type
23:57:47.474 [main] TRACE - Resolving type for handle ctsheetdimensiond310type
23:57:47.475 [main] TRACE - Resolving type for handle stref90a2type
23:57:47.485 [main] TRACE - Resolving type for handle propertiesee84doctype
23:57:47.486 [main] TRACE - Resolving type for handle ctproperties3f10type
23:57:47.488 [main] TRACE - Resolving type for handle properties288cdoctype
23:57:47.489 [main] TRACE - Resolving type for handle ctproperties2c18type
23:57:47.491 [main] DEBUG - Save content types part
23:57:47.492 [main] DEBUG - Save package relationships
23:57:47.493 [main] DEBUG - Save part 'docProps/app.xml'
23:57:47.493 [main] DEBUG - Save part 'docProps/core.xml'
23:57:47.493 [main] DEBUG - Save part 'docProps/custom.xml'
23:57:47.493 [main] DEBUG - Save part 'xl/sharedStrings.xml'
23:57:47.494 [main] DEBUG - Save part 'xl/styles.xml'
23:57:47.494 [main] DEBUG - Save part 'xl/theme/theme1.xml'
23:57:47.494 [main] DEBUG - Save part 'xl/workbook.xml'
23:57:47.495 [main] DEBUG - Save part 'xl/worksheets/sheet1.xml'
23:57:47.495 [main] DEBUG - Save part 'xl/worksheets/sheet2.xml'
23:57:47.495 [main] DEBUG - Save part 'xl/worksheets/sheet3.xml'
23:57:47.495 [main] DEBUG - Save part 'xl/worksheets/sheet4.xml'
23:57:47.499 [main] DEBUG - Parsing relationship: /xl/_rels/workbook.xml.rels
23:57:47.500 [main] DEBUG - Parsing relationship: /_rels/.rels
23:57:47.517 [main] DEBUG - Save content types part
23:57:47.517 [main] DEBUG - Save package relationships
23:57:47.518 [main] DEBUG - Save part 'docProps/app.xml'
23:57:47.518 [main] DEBUG - Save part 'docProps/core.xml'
23:57:47.518 [main] DEBUG - Save part 'docProps/custom.xml'
23:57:47.519 [main] DEBUG - Save part 'xl/sharedStrings.xml'
23:57:47.519 [main] DEBUG - Save part 'xl/styles.xml'
23:57:47.519 [main] DEBUG - Save part 'xl/theme/theme1.xml'
23:57:47.519 [main] DEBUG - Save part 'xl/workbook.xml'
23:57:47.520 [main] DEBUG - Save part 'xl/worksheets/sheet1.xml'
23:57:47.520 [main] DEBUG - Save part 'xl/worksheets/sheet2.xml'
23:57:47.520 [main] DEBUG - Save part 'xl/worksheets/sheet3.xml'
23:57:47.520 [main] DEBUG - Save part 'xl/worksheets/sheet4.xml'
23:57:47.537 [main] DEBUG - Parsing relationship: /xl/_rels/workbook.xml.rels
23:57:47.538 [main] DEBUG - Parsing relationship: /_rels/.rels
23:57:47.548 [main] DEBUG - Save content types part
23:57:47.549 [main] DEBUG - Save package relationships
23:57:47.549 [main] DEBUG - Save part 'docProps/app.xml'
23:57:47.549 [main] DEBUG - Save part 'docProps/core.xml'
23:57:47.550 [main] DEBUG - Save part 'docProps/custom.xml'
23:57:47.550 [main] DEBUG - Save part 'xl/sharedStrings.xml'
23:57:47.550 [main] DEBUG - Save part 'xl/styles.xml'
23:57:47.551 [main] DEBUG - Save part 'xl/theme/theme1.xml'
23:57:47.551 [main] DEBUG - Save part 'xl/workbook.xml'
23:57:47.552 [main] DEBUG - Save part 'xl/worksheets/sheet1.xml'
23:57:47.552 [main] DEBUG - Save part 'xl/worksheets/sheet2.xml'
23:57:47.552 [main] DEBUG - Save part 'xl/worksheets/sheet3.xml'
23:57:47.552 [main] DEBUG - Save part 'xl/worksheets/sheet4.xml'
23:57:47.556 [main] DEBUG - Parsing relationship: /xl/_rels/workbook.xml.rels
23:57:47.556 [main] DEBUG - Parsing relationship: /_rels/.rels
23:57:47.589 [main] DEBUG - Save content types part
23:57:47.589 [main] DEBUG - Save package relationships
23:57:47.590 [main] DEBUG - Save part 'docProps/app.xml'
23:57:47.590 [main] DEBUG - Save part 'docProps/core.xml'
23:57:47.591 [main] DEBUG - Save part 'docProps/custom.xml'
23:57:47.591 [main] DEBUG - Save part 'xl/sharedStrings.xml'
23:57:47.591 [main] DEBUG - Save part 'xl/styles.xml'
23:57:47.591 [main] DEBUG - Save part 'xl/theme/theme1.xml'
23:57:47.591 [main] DEBUG - Save part 'xl/workbook.xml'
23:57:47.592 [main] DEBUG - Save part 'xl/worksheets/sheet1.xml'
23:57:47.592 [main] DEBUG - Save part 'xl/worksheets/sheet2.xml'
23:57:47.592 [main] DEBUG - Save part 'xl/worksheets/sheet3.xml'
23:57:47.592 [main] DEBUG - Save part 'xl/worksheets/sheet4.xml'
23:57:47.595 [main] DEBUG - Parsing relationship: /xl/_rels/workbook.xml.rels
23:57:47.596 [main] DEBUG - Parsing relationship: /_rels/.rels
23:57:47.607 [main] DEBUG - Save content types part
23:57:47.607 [main] DEBUG - Save package relationships
23:57:47.608 [main] DEBUG - Save part 'docProps/app.xml'
23:57:47.608 [main] DEBUG - Save part 'docProps/core.xml'
23:57:47.609 [main] DEBUG - Save part 'docProps/custom.xml'
23:57:47.609 [main] DEBUG - Save part 'xl/sharedStrings.xml'
23:57:47.609 [main] DEBUG - Save part 'xl/styles.xml'
23:57:47.609 [main] DEBUG - Save part 'xl/theme/theme1.xml'
23:57:47.610 [main] DEBUG - Save part 'xl/workbook.xml'
23:57:47.610 [main] DEBUG - Save part 'xl/worksheets/sheet1.xml'
23:57:47.610 [main] DEBUG - Save part 'xl/worksheets/sheet2.xml'
23:57:47.610 [main] DEBUG - Save part 'xl/worksheets/sheet3.xml'
23:57:47.611 [main] DEBUG - Save part 'xl/worksheets/sheet4.xml'
23:57:47.627 [main] DEBUG - Parsing relationship: /xl/_rels/workbook.xml.rels
23:57:47.627 [main] DEBUG - Parsing relationship: /_rels/.rels
23:57:47.636 [main] DEBUG - Save content types part
23:57:47.636 [main] DEBUG - Save package relationships
23:57:47.637 [main] DEBUG - Save part 'docProps/app.xml'
23:57:47.637 [main] DEBUG - Save part 'docProps/core.xml'
23:57:47.637 [main] DEBUG - Save part 'docProps/custom.xml'
23:57:47.638 [main] DEBUG - Save part 'xl/sharedStrings.xml'
23:57:47.638 [main] DEBUG - Save part 'xl/styles.xml'
23:57:47.638 [main] DEBUG - Save part 'xl/theme/theme1.xml'
23:57:47.639 [main] DEBUG - Save part 'xl/workbook.xml'
23:57:47.639 [main] DEBUG - Save part 'xl/worksheets/sheet1.xml'
23:57:47.639 [main] DEBUG - Save part 'xl/worksheets/sheet2.xml'
23:57:47.639 [main] DEBUG - Save part 'xl/worksheets/sheet3.xml'
23:57:47.640 [main] DEBUG - Save part 'xl/worksheets/sheet4.xml'
23:57:47.643 [main] DEBUG - Parsing relationship: /xl/_rels/workbook.xml.rels
23:57:47.643 [main] DEBUG - Parsing relationship: /_rels/.rels
23:57:47.654 [main] DEBUG - Save content types part
23:57:47.654 [main] DEBUG - Save package relationships
23:57:47.655 [main] DEBUG - Save part 'docProps/app.xml'
23:57:47.655 [main] DEBUG - Save part 'docProps/core.xml'
23:57:47.655 [main] DEBUG - Save part 'docProps/custom.xml'
23:57:47.655 [main] DEBUG - Save part 'xl/sharedStrings.xml'
23:57:47.656 [main] DEBUG - Save part 'xl/styles.xml'
23:57:47.656 [main] DEBUG - Save part 'xl/theme/theme1.xml'
23:57:47.656 [main] DEBUG - Save part 'xl/workbook.xml'
23:57:47.656 [main] DEBUG - Save part 'xl/worksheets/sheet1.xml'
23:57:47.656 [main] DEBUG - Save part 'xl/worksheets/sheet2.xml'
23:57:47.657 [main] DEBUG - Save part 'xl/worksheets/sheet3.xml'
23:57:47.657 [main] DEBUG - Save part 'xl/worksheets/sheet4.xml'
23:57:47.659 [main] DEBUG - Parsing relationship: /xl/_rels/workbook.xml.rels
23:57:47.660 [main] DEBUG - Parsing relationship: /_rels/.rels
23:57:47.669 [main] DEBUG - Save content types part
23:57:47.670 [main] DEBUG - Save package relationships
23:57:47.670 [main] DEBUG - Save part 'docProps/app.xml'
23:57:47.670 [main] DEBUG - Save part 'docProps/core.xml'
23:57:47.672 [main] DEBUG - Save part 'docProps/custom.xml'
23:57:47.672 [main] DEBUG - Save part 'xl/sharedStrings.xml'
23:57:47.672 [main] DEBUG - Save part 'xl/styles.xml'
23:57:47.672 [main] DEBUG - Save part 'xl/theme/theme1.xml'
23:57:47.673 [main] DEBUG - Save part 'xl/workbook.xml'
23:57:47.674 [main] DEBUG - Save part 'xl/worksheets/sheet1.xml'
23:57:47.674 [main] DEBUG - Save part 'xl/worksheets/sheet2.xml'
23:57:47.674 [main] DEBUG - Save part 'xl/worksheets/sheet3.xml'
23:57:47.674 [main] DEBUG - Save part 'xl/worksheets/sheet4.xml'
23:57:47.691 [main] DEBUG - Parsing relationship: /xl/_rels/workbook.xml.rels
23:57:47.691 [main] DEBUG - Parsing relationship: /_rels/.rels
23:57:47.698 [main] DEBUG - Save content types part
23:57:47.699 [main] DEBUG - Save package relationships
23:57:47.699 [main] DEBUG - Save part 'docProps/app.xml'
23:57:47.699 [main] DEBUG - Save part 'docProps/core.xml'
23:57:47.700 [main] DEBUG - Save part 'docProps/custom.xml'
23:57:47.700 [main] DEBUG - Save part 'xl/sharedStrings.xml'
23:57:47.700 [main] DEBUG - Save part 'xl/styles.xml'
23:57:47.700 [main] DEBUG - Save part 'xl/theme/theme1.xml'
23:57:47.701 [main] DEBUG - Save part 'xl/workbook.xml'
23:57:47.701 [main] DEBUG - Save part 'xl/worksheets/sheet1.xml'
23:57:47.701 [main] DEBUG - Save part 'xl/worksheets/sheet2.xml'
23:57:47.701 [main] DEBUG - Save part 'xl/worksheets/sheet3.xml'
23:57:47.701 [main] DEBUG - Save part 'xl/worksheets/sheet4.xml'
23:57:47.704 [main] DEBUG - Parsing relationship: /xl/_rels/workbook.xml.rels
23:57:47.705 [main] DEBUG - Parsing relationship: /_rels/.rels
23:57:47.715 [main] DEBUG - Save content types part
23:57:47.715 [main] DEBUG - Save package relationships
23:57:47.716 [main] DEBUG - Save part 'docProps/app.xml'
23:57:47.716 [main] DEBUG - Save part 'docProps/core.xml'
23:57:47.716 [main] DEBUG - Save part 'docProps/custom.xml'
23:57:47.716 [main] DEBUG - Save part 'xl/sharedStrings.xml'
23:57:47.716 [main] DEBUG - Save part 'xl/styles.xml'
23:57:47.717 [main] DEBUG - Save part 'xl/theme/theme1.xml'
23:57:47.717 [main] DEBUG - Save part 'xl/workbook.xml'
23:57:47.717 [main] DEBUG - Save part 'xl/worksheets/sheet1.xml'
23:57:47.717 [main] DEBUG - Save part 'xl/worksheets/sheet2.xml'
23:57:47.717 [main] DEBUG - Save part 'xl/worksheets/sheet3.xml'
23:57:47.717 [main] DEBUG - Save part 'xl/worksheets/sheet4.xml'
23:57:47.720 [main] DEBUG - Parsing relationship: /xl/_rels/workbook.xml.rels
23:57:47.720 [main] DEBUG - Parsing relationship: /_rels/.rels
23:57:47.732 [main] DEBUG - Save content types part
23:57:47.733 [main] DEBUG - Save package relationships
23:57:47.733 [main] DEBUG - Save part 'docProps/app.xml'
23:57:47.733 [main] DEBUG - Save part 'docProps/core.xml'
23:57:47.733 [main] DEBUG - Save part 'docProps/custom.xml'
23:57:47.734 [main] DEBUG - Save part 'xl/sharedStrings.xml'
23:57:47.734 [main] DEBUG - Save part 'xl/styles.xml'
23:57:47.734 [main] DEBUG - Save part 'xl/theme/theme1.xml'
23:57:47.734 [main] DEBUG - Save part 'xl/workbook.xml'
23:57:47.734 [main] DEBUG - Save part 'xl/worksheets/sheet1.xml'
23:57:47.735 [main] DEBUG - Save part 'xl/worksheets/sheet2.xml'
23:57:47.735 [main] DEBUG - Save part 'xl/worksheets/sheet3.xml'
23:57:47.735 [main] DEBUG - Save part 'xl/worksheets/sheet4.xml'
23:57:47.752 [main] DEBUG - Parsing relationship: /xl/_rels/workbook.xml.rels
23:57:47.752 [main] DEBUG - Parsing relationship: /_rels/.rels
23:57:47.759 [main] DEBUG - Save content types part
23:57:47.760 [main] DEBUG - Save package relationships
23:57:47.760 [main] DEBUG - Save part 'docProps/app.xml'
23:57:47.760 [main] DEBUG - Save part 'docProps/core.xml'
23:57:47.761 [main] DEBUG - Save part 'docProps/custom.xml'
23:57:47.761 [main] DEBUG - Save part 'xl/sharedStrings.xml'
23:57:47.761 [main] DEBUG - Save part 'xl/styles.xml'
23:57:47.761 [main] DEBUG - Save part 'xl/theme/theme1.xml'
23:57:47.762 [main] DEBUG - Save part 'xl/workbook.xml'
23:57:47.762 [main] DEBUG - Save part 'xl/worksheets/sheet1.xml'
23:57:47.762 [main] DEBUG - Save part 'xl/worksheets/sheet2.xml'
23:57:47.762 [main] DEBUG - Save part 'xl/worksheets/sheet3.xml'
23:57:47.762 [main] DEBUG - Save part 'xl/worksheets/sheet4.xml'
23:57:47.765 [main] DEBUG - Parsing relationship: /xl/_rels/workbook.xml.rels
23:57:47.765 [main] DEBUG - Parsing relationship: /_rels/.rels
23:57:47.776 [main] DEBUG - Save content types part
23:57:47.776 [main] DEBUG - Save package relationships
23:57:47.777 [main] DEBUG - Save part 'docProps/app.xml'
23:57:47.777 [main] DEBUG - Save part 'docProps/core.xml'
23:57:47.777 [main] DEBUG - Save part 'docProps/custom.xml'
23:57:47.777 [main] DEBUG - Save part 'xl/sharedStrings.xml'
23:57:47.777 [main] DEBUG - Save part 'xl/styles.xml'
23:57:47.778 [main] DEBUG - Save part 'xl/theme/theme1.xml'
23:57:47.778 [main] DEBUG - Save part 'xl/workbook.xml'
23:57:47.778 [main] DEBUG - Save part 'xl/worksheets/sheet1.xml'
23:57:47.779 [main] DEBUG - Save part 'xl/worksheets/sheet2.xml'
23:57:47.779 [main] DEBUG - Save part 'xl/worksheets/sheet3.xml'
23:57:47.779 [main] DEBUG - Save part 'xl/worksheets/sheet4.xml'
23:57:47.781 [main] DEBUG - Parsing relationship: /xl/_rels/workbook.xml.rels
23:57:47.781 [main] DEBUG - Parsing relationship: /_rels/.rels
23:57:47.792 [main] DEBUG - Save content types part
23:57:47.792 [main] DEBUG - Save package relationships
23:57:47.792 [main] DEBUG - Save part 'docProps/app.xml'
23:57:47.793 [main] DEBUG - Save part 'docProps/core.xml'
23:57:47.793 [main] DEBUG - Save part 'docProps/custom.xml'
23:57:47.793 [main] DEBUG - Save part 'xl/sharedStrings.xml'
23:57:47.793 [main] DEBUG - Save part 'xl/styles.xml'
23:57:47.793 [main] DEBUG - Save part 'xl/theme/theme1.xml'
23:57:47.793 [main] DEBUG - Save part 'xl/workbook.xml'
23:57:47.794 [main] DEBUG - Save part 'xl/worksheets/sheet1.xml'
23:57:47.794 [main] DEBUG - Save part 'xl/worksheets/sheet2.xml'
23:57:47.794 [main] DEBUG - Save part 'xl/worksheets/sheet3.xml'
23:57:47.794 [main] DEBUG - Save part 'xl/worksheets/sheet4.xml'
23:57:47.815 [main] DEBUG - Parsing relationship: /xl/_rels/workbook.xml.rels
23:57:47.815 [main] DEBUG - Parsing relationship: /_rels/.rels
23:57:47.821 [main] DEBUG - Save content types part
23:57:47.821 [main] DEBUG - Save package relationships
23:57:47.822 [main] DEBUG - Save part 'docProps/app.xml'
23:57:47.822 [main] DEBUG - Save part 'docProps/core.xml'
23:57:47.822 [main] DEBUG - Save part 'docProps/custom.xml'
23:57:47.822 [main] DEBUG - Save part 'xl/sharedStrings.xml'
23:57:47.822 [main] DEBUG - Save part 'xl/styles.xml'
23:57:47.823 [main] DEBUG - Save part 'xl/theme/theme1.xml'
23:57:47.823 [main] DEBUG - Save part 'xl/workbook.xml'
23:57:47.823 [main] DEBUG - Save part 'xl/worksheets/sheet1.xml'
23:57:47.823 [main] DEBUG - Save part 'xl/worksheets/sheet2.xml'
23:57:47.824 [main] DEBUG - Save part 'xl/worksheets/sheet3.xml'
23:57:47.824 [main] DEBUG - Save part 'xl/worksheets/sheet4.xml'
23:57:47.826 [main] DEBUG - Parsing relationship: /xl/_rels/workbook.xml.rels
23:57:47.826 [main] DEBUG - Parsing relationship: /_rels/.rels
23:57:47.839 [main] DEBUG - Save content types part
23:57:47.840 [main] DEBUG - Save package relationships
23:57:47.840 [main] DEBUG - Save part 'docProps/app.xml'
23:57:47.840 [main] DEBUG - Save part 'docProps/core.xml'
23:57:47.841 [main] DEBUG - Save part 'docProps/custom.xml'
23:57:47.841 [main] DEBUG - Save part 'xl/sharedStrings.xml'
23:57:47.841 [main] DEBUG - Save part 'xl/styles.xml'
23:57:47.841 [main] DEBUG - Save part 'xl/theme/theme1.xml'
23:57:47.841 [main] DEBUG - Save part 'xl/workbook.xml'
23:57:47.841 [main] DEBUG - Save part 'xl/worksheets/sheet1.xml'
23:57:47.841 [main] DEBUG - Save part 'xl/worksheets/sheet2.xml'
23:57:47.842 [main] DEBUG - Save part 'xl/worksheets/sheet3.xml'
23:57:47.842 [main] DEBUG - Save part 'xl/worksheets/sheet4.xml'
23:57:47.844 [main] DEBUG - Parsing relationship: /xl/_rels/workbook.xml.rels
23:57:47.844 [main] DEBUG - Parsing relationship: /_rels/.rels
23:57:47.854 [main] DEBUG - Save content types part
23:57:47.854 [main] DEBUG - Save package relationships
23:57:47.854 [main] DEBUG - Save part 'docProps/app.xml'
23:57:47.854 [main] DEBUG - Save part 'docProps/core.xml'
23:57:47.855 [main] DEBUG - Save part 'docProps/custom.xml'
23:57:47.855 [main] DEBUG - Save part 'xl/sharedStrings.xml'
23:57:47.855 [main] DEBUG - Save part 'xl/styles.xml'
23:57:47.855 [main] DEBUG - Save part 'xl/theme/theme1.xml'
23:57:47.855 [main] DEBUG - Save part 'xl/workbook.xml'
23:57:47.856 [main] DEBUG - Save part 'xl/worksheets/sheet1.xml'
23:57:47.856 [main] DEBUG - Save part 'xl/worksheets/sheet2.xml'
23:57:47.856 [main] DEBUG - Save part 'xl/worksheets/sheet3.xml'
23:57:47.856 [main] DEBUG - Save part 'xl/worksheets/sheet4.xml'
23:57:47.872 [main] DEBUG - Parsing relationship: /xl/_rels/workbook.xml.rels
23:57:47.872 [main] DEBUG - Parsing relationship: /_rels/.rels
23:57:47.878 [main] DEBUG - Save content types part
23:57:47.878 [main] DEBUG - Save package relationships
23:57:47.880 [main] DEBUG - Save part 'docProps/app.xml'
23:57:47.880 [main] DEBUG - Save part 'docProps/core.xml'
23:57:47.881 [main] DEBUG - Save part 'docProps/custom.xml'
23:57:47.881 [main] DEBUG - Save part 'xl/sharedStrings.xml'
23:57:47.881 [main] DEBUG - Save part 'xl/styles.xml'
23:57:47.881 [main] DEBUG - Save part 'xl/theme/theme1.xml'
23:57:47.882 [main] DEBUG - Save part 'xl/workbook.xml'
23:57:47.882 [main] DEBUG - Save part 'xl/worksheets/sheet1.xml'
23:57:47.882 [main] DEBUG - Save part 'xl/worksheets/sheet2.xml'
23:57:47.882 [main] DEBUG - Save part 'xl/worksheets/sheet3.xml'
23:57:47.882 [main] DEBUG - Save part 'xl/worksheets/sheet4.xml'
23:57:47.885 [main] DEBUG - Parsing relationship: /xl/_rels/workbook.xml.rels
23:57:47.885 [main] DEBUG - Parsing relationship: /_rels/.rels
23:57:47.895 [main] DEBUG - Save content types part
23:57:47.895 [main] DEBUG - Save package relationships
23:57:47.896 [main] DEBUG - Save part 'docProps/app.xml'
23:57:47.896 [main] DEBUG - Save part 'docProps/core.xml'
23:57:47.896 [main] DEBUG - Save part 'docProps/custom.xml'
23:57:47.896 [main] DEBUG - Save part 'xl/sharedStrings.xml'
23:57:47.896 [main] DEBUG - Save part 'xl/styles.xml'
23:57:47.896 [main] DEBUG - Save part 'xl/theme/theme1.xml'
23:57:47.897 [main] DEBUG - Save part 'xl/workbook.xml'
23:57:47.897 [main] DEBUG - Save part 'xl/worksheets/sheet1.xml'
23:57:47.897 [main] DEBUG - Save part 'xl/worksheets/sheet2.xml'
23:57:47.897 [main] DEBUG - Save part 'xl/worksheets/sheet3.xml'
23:57:47.897 [main] DEBUG - Save part 'xl/worksheets/sheet4.xml'
23:57:47.899 [main] DEBUG - Parsing relationship: /xl/_rels/workbook.xml.rels
23:57:47.899 [main] DEBUG - Parsing relationship: /_rels/.rels
23:57:47.909 [main] DEBUG - Save content types part
23:57:47.910 [main] DEBUG - Save package relationships
23:57:47.910 [main] DEBUG - Save part 'docProps/app.xml'
23:57:47.910 [main] DEBUG - Save part 'docProps/core.xml'
23:57:47.910 [main] DEBUG - Save part 'docProps/custom.xml'
23:57:47.910 [main] DEBUG - Save part 'xl/sharedStrings.xml'
23:57:47.910 [main] DEBUG - Save part 'xl/styles.xml'
23:57:47.911 [main] DEBUG - Save part 'xl/theme/theme1.xml'
23:57:47.911 [main] DEBUG - Save part 'xl/workbook.xml'
23:57:47.911 [main] DEBUG - Save part 'xl/worksheets/sheet1.xml'
23:57:47.911 [main] DEBUG - Save part 'xl/worksheets/sheet2.xml'
23:57:47.911 [main] DEBUG - Save part 'xl/worksheets/sheet3.xml'
23:57:47.911 [main] DEBUG - Save part 'xl/worksheets/sheet4.xml'
23:57:47.926 [main] DEBUG - Parsing relationship: /xl/_rels/workbook.xml.rels
23:57:47.926 [main] DEBUG - Parsing relationship: /_rels/.rels
23:57:47.932 [main] DEBUG - Save content types part
23:57:47.932 [main] DEBUG - Save package relationships
23:57:47.932 [main] DEBUG - Save part 'docProps/app.xml'
23:57:47.932 [main] DEBUG - Save part 'docProps/core.xml'
23:57:47.933 [main] DEBUG - Save part 'docProps/custom.xml'
23:57:47.933 [main] DEBUG - Save part 'xl/sharedStrings.xml'
23:57:47.933 [main] DEBUG - Save part 'xl/styles.xml'
23:57:47.933 [main] DEBUG - Save part 'xl/theme/theme1.xml'
23:57:47.934 [main] DEBUG - Save part 'xl/workbook.xml'
23:57:47.934 [main] DEBUG - Save part 'xl/worksheets/sheet1.xml'
23:57:47.934 [main] DEBUG - Save part 'xl/worksheets/sheet2.xml'
23:57:47.934 [main] DEBUG - Save part 'xl/worksheets/sheet3.xml'
23:57:47.935 [main] DEBUG - Save part 'xl/worksheets/sheet4.xml'
23:57:47.937 [main] DEBUG - Parsing relationship: /xl/_rels/workbook.xml.rels
23:57:47.937 [main] DEBUG - Parsing relationship: /_rels/.rels
23:57:47.944 [main] DEBUG - Save content types part
23:57:47.945 [main] DEBUG - Save package relationships
23:57:47.945 [main] DEBUG - Save part 'docProps/app.xml'
23:57:47.945 [main] DEBUG - Save part 'docProps/core.xml'
23:57:47.945 [main] DEBUG - Save part 'docProps/custom.xml'
23:57:47.945 [main] DEBUG - Save part 'xl/sharedStrings.xml'
23:57:47.945 [main] DEBUG - Save part 'xl/styles.xml'
23:57:47.946 [main] DEBUG - Save part 'xl/theme/theme1.xml'
23:57:47.946 [main] DEBUG - Save part 'xl/workbook.xml'
23:57:47.946 [main] DEBUG - Save part 'xl/worksheets/sheet1.xml'
23:57:47.946 [main] DEBUG - Save part 'xl/worksheets/sheet2.xml'
23:57:47.946 [main] DEBUG - Save part 'xl/worksheets/sheet3.xml'
23:57:47.946 [main] DEBUG - Save part 'xl/worksheets/sheet4.xml'
23:57:47.948 [main] DEBUG - Parsing relationship: /xl/_rels/workbook.xml.rels
23:57:47.948 [main] DEBUG - Parsing relationship: /_rels/.rels
23:57:47.956 [main] DEBUG - Save content types part
23:57:47.957 [main] DEBUG - Save package relationships
23:57:47.957 [main] DEBUG - Save part 'docProps/app.xml'
23:57:47.957 [main] DEBUG - Save part 'docProps/core.xml'
23:57:47.957 [main] DEBUG - Save part 'docProps/custom.xml'
23:57:47.957 [main] DEBUG - Save part 'xl/sharedStrings.xml'
23:57:47.957 [main] DEBUG - Save part 'xl/styles.xml'
23:57:47.958 [main] DEBUG - Save part 'xl/theme/theme1.xml'
23:57:47.958 [main] DEBUG - Save part 'xl/workbook.xml'
23:57:47.958 [main] DEBUG - Save part 'xl/worksheets/sheet1.xml'
23:57:47.958 [main] DEBUG - Save part 'xl/worksheets/sheet2.xml'
23:57:47.959 [main] DEBUG - Save part 'xl/worksheets/sheet3.xml'
23:57:47.959 [main] DEBUG - Save part 'xl/worksheets/sheet4.xml'
23:57:47.975 [main] DEBUG - Parsing relationship: /xl/_rels/workbook.xml.rels
23:57:47.975 [main] DEBUG - Parsing relationship: /_rels/.rels
23:57:47.981 [main] DEBUG - Save content types part
23:57:47.981 [main] DEBUG - Save package relationships
23:57:47.982 [main] DEBUG - Save part 'docProps/app.xml'
23:57:47.982 [main] DEBUG - Save part 'docProps/core.xml'
23:57:47.982 [main] DEBUG - Save part 'docProps/custom.xml'
23:57:47.982 [main] DEBUG - Save part 'xl/sharedStrings.xml'
23:57:47.982 [main] DEBUG - Save part 'xl/styles.xml'
23:57:47.983 [main] DEBUG - Save part 'xl/theme/theme1.xml'
23:57:47.983 [main] DEBUG - Save part 'xl/workbook.xml'
23:57:47.983 [main] DEBUG - Save part 'xl/worksheets/sheet1.xml'
23:57:47.983 [main] DEBUG - Save part 'xl/worksheets/sheet2.xml'
23:57:47.983 [main] DEBUG - Save part 'xl/worksheets/sheet3.xml'
23:57:47.984 [main] DEBUG - Save part 'xl/worksheets/sheet4.xml'
23:57:47.985 [main] DEBUG - Parsing relationship: /xl/_rels/workbook.xml.rels
23:57:47.986 [main] DEBUG - Parsing relationship: /_rels/.rels
23:57:47.993 [main] DEBUG - Save content types part
23:57:47.993 [main] DEBUG - Save package relationships
23:57:47.993 [main] DEBUG - Save part 'docProps/app.xml'
23:57:47.993 [main] DEBUG - Save part 'docProps/core.xml'
23:57:47.994 [main] DEBUG - Save part 'docProps/custom.xml'
23:57:47.994 [main] DEBUG - Save part 'xl/sharedStrings.xml'
23:57:47.994 [main] DEBUG - Save part 'xl/styles.xml'
23:57:47.994 [main] DEBUG - Save part 'xl/theme/theme1.xml'
23:57:47.994 [main] DEBUG - Save part 'xl/workbook.xml'
23:57:47.995 [main] DEBUG - Save part 'xl/worksheets/sheet1.xml'
23:57:47.995 [main] DEBUG - Save part 'xl/worksheets/sheet2.xml'
23:57:47.995 [main] DEBUG - Save part 'xl/worksheets/sheet3.xml'
23:57:47.995 [main] DEBUG - Save part 'xl/worksheets/sheet4.xml'
23:57:47.997 [main] DEBUG - Parsing relationship: /xl/_rels/workbook.xml.rels
23:57:47.997 [main] DEBUG - Parsing relationship: /_rels/.rels
23:57:48.005 [main] DEBUG - Save content types part
23:57:48.006 [main] DEBUG - Save package relationships
23:57:48.006 [main] DEBUG - Save part 'docProps/app.xml'
23:57:48.006 [main] DEBUG - Save part 'docProps/core.xml'
23:57:48.006 [main] DEBUG - Save part 'docProps/custom.xml'
23:57:48.006 [main] DEBUG - Save part 'xl/sharedStrings.xml'
23:57:48.006 [main] DEBUG - Save part 'xl/styles.xml'
23:57:48.007 [main] DEBUG - Save part 'xl/theme/theme1.xml'
23:57:48.007 [main] DEBUG - Save part 'xl/workbook.xml'
23:57:48.007 [main] DEBUG - Save part 'xl/worksheets/sheet1.xml'
23:57:48.007 [main] DEBUG - Save part 'xl/worksheets/sheet2.xml'
23:57:48.007 [main] DEBUG - Save part 'xl/worksheets/sheet3.xml'
23:57:48.007 [main] DEBUG - Save part 'xl/worksheets/sheet4.xml'
23:57:48.022 [main] DEBUG - Parsing relationship: /xl/_rels/workbook.xml.rels
23:57:48.022 [main] DEBUG - Parsing relationship: /_rels/.rels
23:57:48.027 [main] DEBUG - Save content types part
23:57:48.028 [main] DEBUG - Save package relationships
23:57:48.028 [main] DEBUG - Save part 'docProps/app.xml'
23:57:48.028 [main] DEBUG - Save part 'docProps/core.xml'
23:57:48.029 [main] DEBUG - Save part 'docProps/custom.xml'
23:57:48.029 [main] DEBUG - Save part 'xl/sharedStrings.xml'
23:57:48.029 [main] DEBUG - Save part 'xl/styles.xml'
23:57:48.029 [main] DEBUG - Save part 'xl/theme/theme1.xml'
23:57:48.029 [main] DEBUG - Save part 'xl/workbook.xml'
23:57:48.030 [main] DEBUG - Save part 'xl/worksheets/sheet1.xml'
23:57:48.030 [main] DEBUG - Save part 'xl/worksheets/sheet2.xml'
23:57:48.030 [main] DEBUG - Save part 'xl/worksheets/sheet3.xml'
23:57:48.030 [main] DEBUG - Save part 'xl/worksheets/sheet4.xml'
23:57:48.032 [main] DEBUG - Parsing relationship: /xl/_rels/workbook.xml.rels
23:57:48.032 [main] DEBUG - Parsing relationship: /_rels/.rels
23:57:48.040 [main] DEBUG - Save content types part
23:57:48.040 [main] DEBUG - Save package relationships
23:57:48.040 [main] DEBUG - Save part 'docProps/app.xml'
23:57:48.040 [main] DEBUG - Save part 'docProps/core.xml'
23:57:48.041 [main] DEBUG - Save part 'docProps/custom.xml'
23:57:48.041 [main] DEBUG - Save part 'xl/sharedStrings.xml'
23:57:48.041 [main] DEBUG - Save part 'xl/styles.xml'
23:57:48.041 [main] DEBUG - Save part 'xl/theme/theme1.xml'
23:57:48.041 [main] DEBUG - Save part 'xl/workbook.xml'
23:57:48.041 [main] DEBUG - Save part 'xl/worksheets/sheet1.xml'
23:57:48.042 [main] DEBUG - Save part 'xl/worksheets/sheet2.xml'
23:57:48.042 [main] DEBUG - Save part 'xl/worksheets/sheet3.xml'
23:57:48.042 [main] DEBUG - Save part 'xl/worksheets/sheet4.xml'
23:57:48.044 [main] DEBUG - Parsing relationship: /xl/_rels/workbook.xml.rels
23:57:48.044 [main] DEBUG - Parsing relationship: /_rels/.rels
23:57:48.051 [main] DEBUG - Save content types part
23:57:48.052 [main] DEBUG - Save package relationships
23:57:48.052 [main] DEBUG - Save part 'docProps/app.xml'
23:57:48.052 [main] DEBUG - Save part 'docProps/core.xml'
23:57:48.052 [main] DEBUG - Save part 'docProps/custom.xml'
23:57:48.053 [main] DEBUG - Save part 'xl/sharedStrings.xml'
23:57:48.053 [main] DEBUG - Save part 'xl/styles.xml'
23:57:48.053 [main] DEBUG - Save part 'xl/theme/theme1.xml'
23:57:48.053 [main] DEBUG - Save part 'xl/workbook.xml'
23:57:48.053 [main] DEBUG - Save part 'xl/worksheets/sheet1.xml'
23:57:48.053 [main] DEBUG - Save part 'xl/worksheets/sheet2.xml'
23:57:48.053 [main] DEBUG - Save part 'xl/worksheets/sheet3.xml'
23:57:48.053 [main] DEBUG - Save part 'xl/worksheets/sheet4.xml'
23:59:28.337 [main] INFO  - Goto my account-->Click on Login.. 
23:59:28.561 [main] INFO  - Entering email and password.. 
23:59:42.084 [main] DEBUG - Parsing relationship: /xl/_rels/workbook.xml.rels
23:59:42.085 [main] DEBUG - Parsing relationship: /_rels/.rels
23:59:42.143 [main] TRACE - Loading type system org.apache.poi.schemas.ooxml.system.ooxml
23:59:42.145 [main] TRACE - Loading type system org.apache.xmlbeans.metadata.system.sXMLCONFIG
23:59:42.145 [main] TRACE - Loading type system org.apache.xmlbeans.metadata.system.sXMLLANG
23:59:42.145 [main] TRACE - Loading type system org.apache.xmlbeans.metadata.system.sXMLSCHEMA
23:59:42.145 [main] TRACE - Loading type system org.apache.xmlbeans.metadata.system.sXMLTOOLS
23:59:42.146 [main] TRACE - Reading unresolved handles for type system org.apache.xmlbeans.metadata.system.sXMLTOOLS
23:59:42.151 [main] TRACE - Finished loading type system org.apache.xmlbeans.metadata.system.sXMLTOOLS
23:59:42.151 [main] TRACE - Reading unresolved handles for type system org.apache.xmlbeans.metadata.system.sXMLSCHEMA
23:59:42.154 [main] TRACE - Finished loading type system org.apache.xmlbeans.metadata.system.sXMLSCHEMA
23:59:42.154 [main] TRACE - Reading unresolved handles for type system org.apache.xmlbeans.metadata.system.sXMLLANG
23:59:42.155 [main] TRACE - Finished loading type system org.apache.xmlbeans.metadata.system.sXMLLANG
23:59:42.155 [main] TRACE - Reading unresolved handles for type system org.apache.xmlbeans.metadata.system.sXMLCONFIG
23:59:42.155 [main] TRACE - Finished loading type system org.apache.xmlbeans.metadata.system.sXMLCONFIG
23:59:42.155 [main] TRACE - Reading unresolved handles for type system org.apache.poi.schemas.ooxml.system.ooxml
23:59:42.190 [main] TRACE - Finished loading type system org.apache.poi.schemas.ooxml.system.ooxml
23:59:42.191 [main] TRACE - Resolving type for handle themefd26doctype
23:59:42.211 [main] TRACE - Resolving type for handle stylesheet5d8bdoctype
23:59:42.221 [main] TRACE - Resolving type for handle ctstylesheet4257type
23:59:42.224 [main] TRACE - Resolving type for handle ctnumfmtsb58btype
23:59:42.225 [main] TRACE - Resolving type for handle ctnumfmt3870type
23:59:42.226 [main] TRACE - Resolving type for handle stnumfmtid76fbtype
23:59:42.231 [main] TRACE - Resolving type for handle stxstringf179type
23:59:42.233 [main] TRACE - Resolving type for handle ctfonts6623type
23:59:42.234 [main] TRACE - Resolving type for handle ctfont14d8type
23:59:42.237 [main] TRACE - Resolving type for handle ctfills2c6ftype
23:59:42.238 [main] TRACE - Resolving type for handle ctfill550ctype
23:59:42.238 [main] TRACE - Resolving type for handle ctborders0d66type
23:59:42.239 [main] TRACE - Resolving type for handle ctborderf935type
23:59:42.240 [main] TRACE - Resolving type for handle ctcellxfs1322type
23:59:42.241 [main] TRACE - Resolving type for handle ctxf97f7type
23:59:42.243 [main] TRACE - Resolving type for handle ctcellstylexfsa81ftype
23:59:42.243 [main] TRACE - Resolving type for handle cttablestyles872ftype
23:59:42.245 [main] TRACE - Resolving type for handle sstf81fdoctype
23:59:42.247 [main] TRACE - Resolving type for handle ctsst44f3type
23:59:42.249 [main] TRACE - Resolving type for handle ctrsta472type
23:59:42.258 [main] TRACE - Resolving type for handle workbookec17doctype
23:59:42.260 [main] TRACE - Resolving type for handle ctworkbook83c3type
23:59:42.262 [main] TRACE - Resolving type for handle ctsheets49fdtype
23:59:42.263 [main] TRACE - Resolving type for handle ctsheet4dbetype
23:59:42.264 [main] TRACE - Resolving type for handle strelationshipid1e94type
23:59:42.264 [main] TRACE - Resolving type for handle worksheetf539doctype
23:59:42.266 [main] TRACE - Resolving type for handle ctworksheet530dtype
23:59:42.268 [main] TRACE - Resolving type for handle ctsheetdata8408type
23:59:42.269 [main] TRACE - Resolving type for handle ctrowdd39type
23:59:42.271 [main] TRACE - Resolving type for handle ctcell842btype
23:59:42.273 [main] TRACE - Resolving type for handle stcellrefe4e0type
23:59:42.275 [main] TRACE - Resolving type for handle ctcols627ctype
23:59:42.277 [main] TRACE - Resolving type for handle ctcola95ftype
23:59:42.292 [main] TRACE - Resolving type for handle stcelltypebf95type
23:59:42.297 [main] DEBUG - Save content types part
23:59:42.315 [main] DEBUG - Save package relationships
23:59:42.317 [main] DEBUG - Save part 'docProps/app.xml'
23:59:42.317 [main] DEBUG - Save part 'docProps/core.xml'
23:59:42.318 [main] DEBUG - Save part 'docProps/custom.xml'
23:59:42.319 [main] DEBUG - Save part 'xl/sharedStrings.xml'
23:59:42.319 [main] DEBUG - Save part 'xl/styles.xml'
23:59:42.319 [main] DEBUG - Save part 'xl/theme/theme1.xml'
23:59:42.319 [main] DEBUG - Save part 'xl/workbook.xml'
23:59:42.320 [main] DEBUG - Save part 'xl/worksheets/sheet1.xml'
23:59:42.321 [main] DEBUG - Save part 'xl/worksheets/sheet2.xml'
23:59:42.321 [main] DEBUG - Save part 'xl/worksheets/sheet3.xml'
23:59:42.321 [main] DEBUG - Save part 'xl/worksheets/sheet4.xml'
23:59:42.329 [main] DEBUG - Parsing relationship: /xl/_rels/workbook.xml.rels
23:59:42.329 [main] DEBUG - Parsing relationship: /_rels/.rels
23:59:42.346 [main] TRACE - Resolving type for handle stcellstylexfid70c7type
23:59:42.348 [main] TRACE - Resolving type for handle ctsheetdimensiond310type
23:59:42.349 [main] TRACE - Resolving type for handle stref90a2type
23:59:42.358 [main] TRACE - Resolving type for handle propertiesee84doctype
23:59:42.359 [main] TRACE - Resolving type for handle ctproperties3f10type
23:59:42.361 [main] TRACE - Resolving type for handle properties288cdoctype
23:59:42.362 [main] TRACE - Resolving type for handle ctproperties2c18type
23:59:42.365 [main] DEBUG - Save content types part
23:59:42.366 [main] DEBUG - Save package relationships
23:59:42.366 [main] DEBUG - Save part 'docProps/app.xml'
23:59:42.366 [main] DEBUG - Save part 'docProps/core.xml'
23:59:42.367 [main] DEBUG - Save part 'docProps/custom.xml'
23:59:42.367 [main] DEBUG - Save part 'xl/sharedStrings.xml'
23:59:42.367 [main] DEBUG - Save part 'xl/styles.xml'
23:59:42.368 [main] DEBUG - Save part 'xl/theme/theme1.xml'
23:59:42.368 [main] DEBUG - Save part 'xl/workbook.xml'
23:59:42.368 [main] DEBUG - Save part 'xl/worksheets/sheet1.xml'
23:59:42.369 [main] DEBUG - Save part 'xl/worksheets/sheet2.xml'
23:59:42.369 [main] DEBUG - Save part 'xl/worksheets/sheet3.xml'
23:59:42.369 [main] DEBUG - Save part 'xl/worksheets/sheet4.xml'
23:59:42.373 [main] DEBUG - Parsing relationship: /xl/_rels/workbook.xml.rels
23:59:42.374 [main] DEBUG - Parsing relationship: /_rels/.rels
23:59:42.391 [main] DEBUG - Save content types part
23:59:42.392 [main] DEBUG - Save package relationships
23:59:42.392 [main] DEBUG - Save part 'docProps/app.xml'
23:59:42.393 [main] DEBUG - Save part 'docProps/core.xml'
23:59:42.393 [main] DEBUG - Save part 'docProps/custom.xml'
23:59:42.393 [main] DEBUG - Save part 'xl/sharedStrings.xml'
23:59:42.393 [main] DEBUG - Save part 'xl/styles.xml'
23:59:42.394 [main] DEBUG - Save part 'xl/theme/theme1.xml'
23:59:42.394 [main] DEBUG - Save part 'xl/workbook.xml'
23:59:42.395 [main] DEBUG - Save part 'xl/worksheets/sheet1.xml'
23:59:42.395 [main] DEBUG - Save part 'xl/worksheets/sheet2.xml'
23:59:42.395 [main] DEBUG - Save part 'xl/worksheets/sheet3.xml'
23:59:42.395 [main] DEBUG - Save part 'xl/worksheets/sheet4.xml'
23:59:42.413 [main] DEBUG - Parsing relationship: /xl/_rels/workbook.xml.rels
23:59:42.413 [main] DEBUG - Parsing relationship: /_rels/.rels
23:59:42.423 [main] DEBUG - Save content types part
23:59:42.424 [main] DEBUG - Save package relationships
23:59:42.425 [main] DEBUG - Save part 'docProps/app.xml'
23:59:42.425 [main] DEBUG - Save part 'docProps/core.xml'
23:59:42.425 [main] DEBUG - Save part 'docProps/custom.xml'
23:59:42.425 [main] DEBUG - Save part 'xl/sharedStrings.xml'
23:59:42.426 [main] DEBUG - Save part 'xl/styles.xml'
23:59:42.426 [main] DEBUG - Save part 'xl/theme/theme1.xml'
23:59:42.426 [main] DEBUG - Save part 'xl/workbook.xml'
23:59:42.427 [main] DEBUG - Save part 'xl/worksheets/sheet1.xml'
23:59:42.427 [main] DEBUG - Save part 'xl/worksheets/sheet2.xml'
23:59:42.427 [main] DEBUG - Save part 'xl/worksheets/sheet3.xml'
23:59:42.427 [main] DEBUG - Save part 'xl/worksheets/sheet4.xml'
23:59:42.431 [main] DEBUG - Parsing relationship: /xl/_rels/workbook.xml.rels
23:59:42.431 [main] DEBUG - Parsing relationship: /_rels/.rels
23:59:42.461 [main] DEBUG - Save content types part
23:59:42.462 [main] DEBUG - Save package relationships
23:59:42.462 [main] DEBUG - Save part 'docProps/app.xml'
23:59:42.463 [main] DEBUG - Save part 'docProps/core.xml'
23:59:42.463 [main] DEBUG - Save part 'docProps/custom.xml'
23:59:42.463 [main] DEBUG - Save part 'xl/sharedStrings.xml'
23:59:42.463 [main] DEBUG - Save part 'xl/styles.xml'
23:59:42.464 [main] DEBUG - Save part 'xl/theme/theme1.xml'
23:59:42.464 [main] DEBUG - Save part 'xl/workbook.xml'
23:59:42.464 [main] DEBUG - Save part 'xl/worksheets/sheet1.xml'
23:59:42.464 [main] DEBUG - Save part 'xl/worksheets/sheet2.xml'
23:59:42.465 [main] DEBUG - Save part 'xl/worksheets/sheet3.xml'
23:59:42.465 [main] DEBUG - Save part 'xl/worksheets/sheet4.xml'
23:59:42.467 [main] DEBUG - Parsing relationship: /xl/_rels/workbook.xml.rels
23:59:42.468 [main] DEBUG - Parsing relationship: /_rels/.rels
23:59:42.483 [main] DEBUG - Save content types part
23:59:42.483 [main] DEBUG - Save package relationships
23:59:42.484 [main] DEBUG - Save part 'docProps/app.xml'
23:59:42.484 [main] DEBUG - Save part 'docProps/core.xml'
23:59:42.484 [main] DEBUG - Save part 'docProps/custom.xml'
23:59:42.484 [main] DEBUG - Save part 'xl/sharedStrings.xml'
23:59:42.484 [main] DEBUG - Save part 'xl/styles.xml'
23:59:42.485 [main] DEBUG - Save part 'xl/theme/theme1.xml'
23:59:42.485 [main] DEBUG - Save part 'xl/workbook.xml'
23:59:42.485 [main] DEBUG - Save part 'xl/worksheets/sheet1.xml'
23:59:42.485 [main] DEBUG - Save part 'xl/worksheets/sheet2.xml'
23:59:42.486 [main] DEBUG - Save part 'xl/worksheets/sheet3.xml'
23:59:42.486 [main] DEBUG - Save part 'xl/worksheets/sheet4.xml'
23:59:42.503 [main] DEBUG - Parsing relationship: /xl/_rels/workbook.xml.rels
23:59:42.503 [main] DEBUG - Parsing relationship: /_rels/.rels
23:59:42.512 [main] DEBUG - Save content types part
23:59:42.513 [main] DEBUG - Save package relationships
23:59:42.513 [main] DEBUG - Save part 'docProps/app.xml'
23:59:42.513 [main] DEBUG - Save part 'docProps/core.xml'
23:59:42.514 [main] DEBUG - Save part 'docProps/custom.xml'
23:59:42.514 [main] DEBUG - Save part 'xl/sharedStrings.xml'
23:59:42.514 [main] DEBUG - Save part 'xl/styles.xml'
23:59:42.514 [main] DEBUG - Save part 'xl/theme/theme1.xml'
23:59:42.515 [main] DEBUG - Save part 'xl/workbook.xml'
23:59:42.515 [main] DEBUG - Save part 'xl/worksheets/sheet1.xml'
23:59:42.515 [main] DEBUG - Save part 'xl/worksheets/sheet2.xml'
23:59:42.516 [main] DEBUG - Save part 'xl/worksheets/sheet3.xml'
23:59:42.516 [main] DEBUG - Save part 'xl/worksheets/sheet4.xml'
23:59:42.518 [main] DEBUG - Parsing relationship: /xl/_rels/workbook.xml.rels
23:59:42.519 [main] DEBUG - Parsing relationship: /_rels/.rels
23:59:42.529 [main] DEBUG - Save content types part
23:59:42.530 [main] DEBUG - Save package relationships
23:59:42.530 [main] DEBUG - Save part 'docProps/app.xml'
23:59:42.530 [main] DEBUG - Save part 'docProps/core.xml'
23:59:42.531 [main] DEBUG - Save part 'docProps/custom.xml'
23:59:42.531 [main] DEBUG - Save part 'xl/sharedStrings.xml'
23:59:42.531 [main] DEBUG - Save part 'xl/styles.xml'
23:59:42.531 [main] DEBUG - Save part 'xl/theme/theme1.xml'
23:59:42.532 [main] DEBUG - Save part 'xl/workbook.xml'
23:59:42.532 [main] DEBUG - Save part 'xl/worksheets/sheet1.xml'
23:59:42.532 [main] DEBUG - Save part 'xl/worksheets/sheet2.xml'
23:59:42.532 [main] DEBUG - Save part 'xl/worksheets/sheet3.xml'
23:59:42.532 [main] DEBUG - Save part 'xl/worksheets/sheet4.xml'
23:59:42.535 [main] DEBUG - Parsing relationship: /xl/_rels/workbook.xml.rels
23:59:42.535 [main] DEBUG - Parsing relationship: /_rels/.rels
23:59:42.546 [main] DEBUG - Save content types part
23:59:42.547 [main] DEBUG - Save package relationships
23:59:42.547 [main] DEBUG - Save part 'docProps/app.xml'
23:59:42.547 [main] DEBUG - Save part 'docProps/core.xml'
23:59:42.548 [main] DEBUG - Save part 'docProps/custom.xml'
23:59:42.548 [main] DEBUG - Save part 'xl/sharedStrings.xml'
23:59:42.548 [main] DEBUG - Save part 'xl/styles.xml'
23:59:42.549 [main] DEBUG - Save part 'xl/theme/theme1.xml'
23:59:42.549 [main] DEBUG - Save part 'xl/workbook.xml'
23:59:42.549 [main] DEBUG - Save part 'xl/worksheets/sheet1.xml'
23:59:42.549 [main] DEBUG - Save part 'xl/worksheets/sheet2.xml'
23:59:42.549 [main] DEBUG - Save part 'xl/worksheets/sheet3.xml'
23:59:42.550 [main] DEBUG - Save part 'xl/worksheets/sheet4.xml'
