14:07:34.191 [main] INFO  - Goto my account-->Click on Login.. 
14:07:34.883 [main] INFO  - Entering email and password.. 
14:07:35.559 [main] INFO  - clicked on login button...
15:21:51.876 [main] INFO  - Goto my account-->Click on Login.. 
15:21:53.135 [main] INFO  - Entering email and password.. 
15:21:54.620 [main] INFO  - clicked on login button...
15:32:55.009 [main] INFO  - Goto my account-->Click on Login.. 
15:32:55.760 [main] INFO  - Entering email and password.. 
15:32:56.517 [main] INFO  - clicked on login button...
15:44:58.490 [main] INFO  - Goto my account-->Click on Login.. 
15:44:59.375 [main] INFO  - Entering email and password.. 
15:45:00.720 [main] INFO  - clicked on login button...
11:24:02.941 [pool-3-thread-1] INFO  - Goto my account-->Click on Login.. 
11:24:03.761 [pool-3-thread-1] INFO  - Entering email and password.. 
11:24:06.101 [pool-3-thread-1] INFO  - clicked on login button...
11:25:07.956 [main] INFO  - Goto my account-->Click on Login.. 
11:25:08.604 [main] INFO  - Entering email and password.. 
11:25:09.732 [main] INFO  - clicked on login button...
11:27:34.728 [main] INFO  - Goto my account-->Click on Login.. 
11:27:35.361 [main] INFO  - Entering email and password.. 
11:27:36.283 [main] INFO  - clicked on login button...
11:28:39.062 [pool-3-thread-1] INFO  - Goto my account-->Click on Login.. 
11:28:39.709 [pool-3-thread-1] INFO  - Entering email and password.. 
11:28:41.527 [pool-3-thread-1] INFO  - clicked on login button...
11:30:58.762 [main] INFO  - Goto my account-->Click on Login.. 
11:30:59.506 [main] INFO  - Entering email and password.. 
11:31:00.817 [main] INFO  - clicked on login button...
11:32:42.541 [main] INFO  - Goto my account-->Click on Login.. 
11:32:46.118 [main] INFO  - Entering email and password.. 
11:32:47.244 [main] INFO  - clicked on login button...
11:34:08.134 [main] INFO  - Goto my account-->Click on Login.. 
11:34:08.801 [main] INFO  - Entering email and password.. 
11:34:10.471 [main] INFO  - clicked on login button...
11:45:34.561 [main] INFO  - Goto my account-->Click on Login.. 
11:45:35.241 [main] INFO  - Entering email and password.. 
11:45:36.544 [main] INFO  - clicked on login button...
11:48:32.063 [main] INFO  - Goto my account-->Click on Login.. 
11:48:32.749 [main] INFO  - Entering email and password.. 
11:48:34.206 [main] INFO  - clicked on login button...
12:19:09.362 [main] INFO  - Goto my account-->Click on Login.. 
12:19:10.371 [main] INFO  - Entering email and password.. 
12:19:11.738 [main] INFO  - clicked on login button...
12:24:14.670 [main] INFO  - Goto my account-->Click on Login.. 
12:24:15.551 [main] INFO  - Entering email and password.. 
12:24:16.857 [main] INFO  - clicked on login button...
12:25:59.705 [main] INFO  - Goto my account-->Click on Login.. 
12:26:00.443 [main] INFO  - Entering email and password.. 
12:26:01.724 [main] INFO  - clicked on login button...
12:40:21.946 [main] INFO  - Goto my account-->Click on Login.. 
12:40:22.616 [main] INFO  - Entering email and password.. 
12:40:24.212 [main] INFO  - clicked on login button...
12:48:13.135 [main] INFO  - Goto my account-->Click on Login.. 
12:48:14.187 [main] INFO  - Entering email and password.. 
12:48:15.338 [main] INFO  - clicked on login button...
07:20:02.541 [main] INFO  - Goto my account-->Click on Login.. 
07:20:03.687 [main] INFO  - Entering email and password.. 
07:20:04.885 [main] INFO  - clicked on login button...
07:26:07.255 [main] INFO  - Goto my account-->Click on Login.. 
07:26:08.073 [main] INFO  - Entering email and password.. 
07:26:08.937 [main] INFO  - clicked on login button...
07:27:45.855 [main] INFO  - Goto my account-->Click on Login.. 
07:27:46.685 [main] INFO  - Entering email and password.. 
07:27:47.506 [main] INFO  - clicked on login button...
07:42:18.774 [main] INFO  - Goto my account-->Click on Login.. 
07:42:19.621 [main] INFO  - Entering email and password.. 
07:42:20.495 [main] INFO  - clicked on login button...
07:44:30.850 [main] INFO  - Goto my account-->Click on Login.. 
07:44:31.695 [main] INFO  - Entering email and password.. 
07:44:32.578 [main] INFO  - clicked on login button...
07:46:04.249 [main] INFO  - Goto my account-->Click on Login.. 
07:46:05.043 [main] INFO  - Entering email and password.. 
07:46:05.916 [main] INFO  - clicked on login button...
07:52:55.919 [main] INFO  - Goto my account-->Click on Login.. 
07:52:56.718 [main] INFO  - Entering email and password.. 
07:52:57.593 [main] INFO  - clicked on login button...
13:55:41.157 [main] INFO  - Goto my account-->Click on Login.. 
13:55:41.423 [main] INFO  - Entering email and password.. 
13:55:42.034 [main] INFO  - clicked on login button...
13:55:45.319 [main] INFO  - Goto my account-->Click on Login.. 
13:55:45.560 [main] INFO  - Entering email and password.. 
13:55:46.185 [main] INFO  - clicked on login button...
13:55:49.335 [main] INFO  - Goto my account-->Click on Login.. 
13:55:49.592 [main] INFO  - Entering email and password.. 
13:55:50.208 [main] INFO  - clicked on login button...
14:21:35.946 [main] INFO  - Goto my account-->Click on Login.. 
14:21:36.244 [main] INFO  - Entering email and password.. 
14:21:36.842 [main] INFO  - clicked on login button...
14:21:40.185 [main] INFO  - Goto my account-->Click on Login.. 
14:21:40.510 [main] INFO  - Entering email and password.. 
14:21:41.183 [main] INFO  - clicked on login button...
17:32:26.255 [main] INFO  - Goto my account-->Click on Login.. 
17:32:26.543 [main] INFO  - Entering email and password.. 
17:32:27.338 [main] INFO  - clicked on login button...
17:32:31.805 [main] INFO  - Goto my account-->Click on Login.. 
17:32:32.032 [main] INFO  - Entering email and password.. 
17:32:32.603 [main] INFO  - clicked on login button...
17:32:36.972 [main] INFO  - Goto my account-->Click on Login.. 
17:32:37.228 [main] INFO  - Entering email and password.. 
17:32:37.881 [main] INFO  - clicked on login button...
21:00:37.249 [main] INFO  - Goto my account-->Click on Login.. 
21:00:37.569 [main] INFO  - Entering email and password.. 
21:00:38.259 [main] INFO  - clicked on login button...
21:00:41.364 [main] INFO  - Goto my account-->Click on Login.. 
21:00:41.641 [main] INFO  - Entering email and password.. 
21:00:42.870 [main] INFO  - clicked on login button...
21:00:45.957 [main] INFO  - Goto my account-->Click on Login.. 
21:00:46.188 [main] INFO  - Entering email and password.. 
21:00:46.812 [main] INFO  - clicked on login button...
09:28:32.908 [main] INFO  - Goto my account-->Click on Login.. 
09:28:33.356 [main] INFO  - Entering email and password.. 
09:28:34.011 [main] INFO  - clicked on login button...
09:28:37.202 [main] INFO  - Goto my account-->Click on Login.. 
09:28:37.457 [main] INFO  - Entering email and password.. 
09:28:38.108 [main] INFO  - clicked on login button...
09:28:41.231 [main] INFO  - Goto my account-->Click on Login.. 
09:28:41.478 [main] INFO  - Entering email and password.. 
09:28:42.175 [main] INFO  - clicked on login button...
09:59:28.068 [main] INFO  - Goto my account-->Click on Login.. 
09:59:28.490 [main] INFO  - Entering email and password.. 
09:59:29.183 [main] INFO  - clicked on login button...
09:59:32.496 [main] INFO  - Goto my account-->Click on Login.. 
09:59:32.770 [main] INFO  - Entering email and password.. 
09:59:33.345 [main] INFO  - clicked on login button...
09:59:36.497 [main] INFO  - Goto my account-->Click on Login.. 
09:59:36.722 [main] INFO  - Entering email and password.. 
09:59:37.384 [main] INFO  - clicked on login button...
12:31:08.521 [main] INFO  - Goto my account-->Click on Login.. 
12:31:08.750 [main] INFO  - Entering email and password.. 
12:31:09.396 [main] INFO  - clicked on login button...
12:31:12.626 [main] INFO  - Goto my account-->Click on Login.. 
12:31:12.882 [main] INFO  - Entering email and password.. 
12:31:13.444 [main] INFO  - clicked on login button...
12:31:16.654 [main] INFO  - Goto my account-->Click on Login.. 
12:31:16.920 [main] INFO  - Entering email and password.. 
12:31:17.570 [main] INFO  - clicked on login button...
12:31:20.620 [main] INFO  - Goto my account-->Click on Login.. 
12:31:24.354 [main] INFO  - Goto my account-->Click on Login.. 
12:31:28.086 [main] INFO  - Goto my account-->Click on Login.. 
12:32:28.837 [main] INFO  - Goto my account-->Click on Login.. 
12:32:29.240 [main] INFO  - Entering email and password.. 
12:32:29.877 [main] INFO  - clicked on login button...
12:32:33.136 [main] INFO  - Goto my account-->Click on Login.. 
12:32:33.362 [main] INFO  - Entering email and password.. 
12:32:33.971 [main] INFO  - clicked on login button...
12:32:37.189 [main] INFO  - Goto my account-->Click on Login.. 
12:32:37.445 [main] INFO  - Entering email and password.. 
12:32:38.160 [main] INFO  - clicked on login button...
12:40:43.646 [main] INFO  - Goto my account-->Click on Login.. 
12:40:48.237 [main] INFO  - Goto my account-->Click on Login.. 
12:40:51.883 [main] INFO  - Goto my account-->Click on Login.. 
13:03:32.645 [main] INFO  - Goto my account-->Click on Login.. 
13:03:32.934 [main] DEBUG - Parsing relationship: /xl/_rels/workbook.xml.rels
13:03:32.935 [main] DEBUG - Parsing relationship: /xl/worksheets/_rels/sheet1.xml.rels
13:03:32.936 [main] DEBUG - Parsing relationship: /_rels/.rels
13:03:32.996 [main] TRACE - Loading type system org.apache.poi.schemas.ooxml.system.ooxml
13:03:32.998 [main] TRACE - Loading type system org.apache.xmlbeans.metadata.system.sXMLCONFIG
13:03:33.001 [main] TRACE - Loading type system org.apache.xmlbeans.metadata.system.sXMLLANG
13:03:33.005 [main] TRACE - Loading type system org.apache.xmlbeans.metadata.system.sXMLSCHEMA
13:03:33.005 [main] TRACE - Loading type system org.apache.xmlbeans.metadata.system.sXMLTOOLS
13:03:33.005 [main] TRACE - Reading unresolved handles for type system org.apache.xmlbeans.metadata.system.sXMLTOOLS
13:03:33.014 [main] TRACE - Finished loading type system org.apache.xmlbeans.metadata.system.sXMLTOOLS
13:03:33.017 [main] TRACE - Reading unresolved handles for type system org.apache.xmlbeans.metadata.system.sXMLSCHEMA
13:03:33.024 [main] TRACE - Finished loading type system org.apache.xmlbeans.metadata.system.sXMLSCHEMA
13:03:33.028 [main] TRACE - Reading unresolved handles for type system org.apache.xmlbeans.metadata.system.sXMLLANG
13:03:33.028 [main] TRACE - Finished loading type system org.apache.xmlbeans.metadata.system.sXMLLANG
13:03:33.028 [main] TRACE - Reading unresolved handles for type system org.apache.xmlbeans.metadata.system.sXMLCONFIG
13:03:33.029 [main] TRACE - Finished loading type system org.apache.xmlbeans.metadata.system.sXMLCONFIG
13:03:33.029 [main] TRACE - Reading unresolved handles for type system org.apache.poi.schemas.ooxml.system.ooxml
13:03:33.064 [main] TRACE - Finished loading type system org.apache.poi.schemas.ooxml.system.ooxml
13:03:33.064 [main] TRACE - Resolving type for handle themefd26doctype
13:03:33.087 [main] TRACE - Resolving type for handle stylesheet5d8bdoctype
13:03:33.092 [main] TRACE - Resolving type for handle ctstylesheet4257type
13:03:33.094 [main] TRACE - Resolving type for handle ctfonts6623type
13:03:33.097 [main] TRACE - Resolving type for handle ctfont14d8type
13:03:33.103 [main] TRACE - Resolving type for handle ctfills2c6ftype
13:03:33.105 [main] TRACE - Resolving type for handle ctfill550ctype
13:03:33.108 [main] TRACE - Resolving type for handle ctborders0d66type
13:03:33.112 [main] TRACE - Resolving type for handle ctborderf935type
13:03:33.116 [main] TRACE - Resolving type for handle ctcellxfs1322type
13:03:33.117 [main] TRACE - Resolving type for handle ctxf97f7type
13:03:33.119 [main] TRACE - Resolving type for handle ctcellstylexfsa81ftype
13:03:33.120 [main] TRACE - Resolving type for handle ctdxfsb26atype
13:03:33.121 [main] TRACE - Resolving type for handle cttablestyles872ftype
13:03:33.121 [main] TRACE - Resolving type for handle sstf81fdoctype
13:03:33.123 [main] TRACE - Resolving type for handle ctsst44f3type
13:03:33.126 [main] TRACE - Resolving type for handle ctrsta472type
13:03:33.132 [main] DEBUG - using default POIXMLDocumentPart for http://schemas.openxmlformats.org/officeDocument/2006/relationships/printerSettings
13:03:33.133 [main] TRACE - Resolving type for handle workbookec17doctype
13:03:33.135 [main] TRACE - Resolving type for handle ctworkbook83c3type
13:03:33.137 [main] TRACE - Resolving type for handle ctsheets49fdtype
13:03:33.138 [main] TRACE - Resolving type for handle ctsheet4dbetype
13:03:33.139 [main] TRACE - Resolving type for handle strelationshipid1e94type
13:03:33.139 [main] TRACE - Resolving type for handle worksheetf539doctype
13:03:33.141 [main] TRACE - Resolving type for handle ctworksheet530dtype
13:03:33.144 [main] TRACE - Resolving type for handle ctsheetdata8408type
13:03:33.145 [main] TRACE - Resolving type for handle ctrowdd39type
13:03:33.146 [main] TRACE - Resolving type for handle ctcell842btype
13:03:33.149 [main] TRACE - Resolving type for handle stcellrefe4e0type
13:03:33.152 [main] TRACE - Resolving type for handle ctcols627ctype
13:03:33.153 [main] TRACE - Resolving type for handle ctcola95ftype
13:03:33.159 [main] TRACE - Resolving type for handle cthyperlinks6416type
13:03:33.163 [main] TRACE - Resolving type for handle cthyperlink0c85type
13:03:33.168 [main] TRACE - Resolving type for handle stxstringf179type
13:03:33.170 [main] TRACE - Resolving type for handle stcelltypebf95type
13:03:37.762 [main] INFO  - Goto my account-->Click on Login.. 
13:03:38.007 [main] DEBUG - Parsing relationship: /xl/_rels/workbook.xml.rels
13:03:38.008 [main] DEBUG - Parsing relationship: /xl/worksheets/_rels/sheet1.xml.rels
13:03:38.009 [main] DEBUG - Parsing relationship: /_rels/.rels
13:03:38.018 [main] DEBUG - using default POIXMLDocumentPart for http://schemas.openxmlformats.org/officeDocument/2006/relationships/printerSettings
13:03:42.532 [main] INFO  - Goto my account-->Click on Login.. 
13:03:42.756 [main] DEBUG - Parsing relationship: /xl/_rels/workbook.xml.rels
13:03:42.757 [main] DEBUG - Parsing relationship: /xl/worksheets/_rels/sheet1.xml.rels
13:03:42.758 [main] DEBUG - Parsing relationship: /_rels/.rels
13:03:42.764 [main] DEBUG - using default POIXMLDocumentPart for http://schemas.openxmlformats.org/officeDocument/2006/relationships/printerSettings
13:25:39.611 [main] INFO  - Goto my account-->Click on Login.. 
13:25:39.937 [main] DEBUG - Parsing relationship: /xl/_rels/workbook.xml.rels
13:25:39.939 [main] DEBUG - Parsing relationship: /xl/worksheets/_rels/sheet1.xml.rels
13:25:39.939 [main] DEBUG - Parsing relationship: /_rels/.rels
13:25:39.999 [main] TRACE - Loading type system org.apache.poi.schemas.ooxml.system.ooxml
13:25:40.001 [main] TRACE - Loading type system org.apache.xmlbeans.metadata.system.sXMLCONFIG
13:25:40.001 [main] TRACE - Loading type system org.apache.xmlbeans.metadata.system.sXMLLANG
13:25:40.001 [main] TRACE - Loading type system org.apache.xmlbeans.metadata.system.sXMLSCHEMA
13:25:40.001 [main] TRACE - Loading type system org.apache.xmlbeans.metadata.system.sXMLTOOLS
13:25:40.002 [main] TRACE - Reading unresolved handles for type system org.apache.xmlbeans.metadata.system.sXMLTOOLS
13:25:40.008 [main] TRACE - Finished loading type system org.apache.xmlbeans.metadata.system.sXMLTOOLS
13:25:40.008 [main] TRACE - Reading unresolved handles for type system org.apache.xmlbeans.metadata.system.sXMLSCHEMA
13:25:40.014 [main] TRACE - Finished loading type system org.apache.xmlbeans.metadata.system.sXMLSCHEMA
13:25:40.014 [main] TRACE - Reading unresolved handles for type system org.apache.xmlbeans.metadata.system.sXMLLANG
13:25:40.015 [main] TRACE - Finished loading type system org.apache.xmlbeans.metadata.system.sXMLLANG
13:25:40.015 [main] TRACE - Reading unresolved handles for type system org.apache.xmlbeans.metadata.system.sXMLCONFIG
13:25:40.016 [main] TRACE - Finished loading type system org.apache.xmlbeans.metadata.system.sXMLCONFIG
13:25:40.016 [main] TRACE - Reading unresolved handles for type system org.apache.poi.schemas.ooxml.system.ooxml
13:25:40.047 [main] TRACE - Finished loading type system org.apache.poi.schemas.ooxml.system.ooxml
13:25:40.048 [main] TRACE - Resolving type for handle themefd26doctype
13:25:40.069 [main] TRACE - Resolving type for handle stylesheet5d8bdoctype
13:25:40.073 [main] TRACE - Resolving type for handle ctstylesheet4257type
13:25:40.075 [main] TRACE - Resolving type for handle ctfonts6623type
13:25:40.078 [main] TRACE - Resolving type for handle ctfont14d8type
13:25:40.080 [main] TRACE - Resolving type for handle ctfills2c6ftype
13:25:40.081 [main] TRACE - Resolving type for handle ctfill550ctype
13:25:40.082 [main] TRACE - Resolving type for handle ctborders0d66type
13:25:40.084 [main] TRACE - Resolving type for handle ctborderf935type
13:25:40.085 [main] TRACE - Resolving type for handle ctcellxfs1322type
13:25:40.086 [main] TRACE - Resolving type for handle ctxf97f7type
13:25:40.087 [main] TRACE - Resolving type for handle ctcellstylexfsa81ftype
13:25:40.088 [main] TRACE - Resolving type for handle ctdxfsb26atype
13:25:40.089 [main] TRACE - Resolving type for handle cttablestyles872ftype
13:25:40.090 [main] TRACE - Resolving type for handle sstf81fdoctype
13:25:40.091 [main] TRACE - Resolving type for handle ctsst44f3type
13:25:40.095 [main] TRACE - Resolving type for handle ctrsta472type
13:25:40.101 [main] DEBUG - using default POIXMLDocumentPart for http://schemas.openxmlformats.org/officeDocument/2006/relationships/printerSettings
13:25:40.101 [main] TRACE - Resolving type for handle workbookec17doctype
13:25:40.104 [main] TRACE - Resolving type for handle ctworkbook83c3type
13:25:40.107 [main] TRACE - Resolving type for handle ctsheets49fdtype
13:25:40.108 [main] TRACE - Resolving type for handle ctsheet4dbetype
13:25:40.109 [main] TRACE - Resolving type for handle strelationshipid1e94type
13:25:40.110 [main] TRACE - Resolving type for handle worksheetf539doctype
13:25:40.112 [main] TRACE - Resolving type for handle ctworksheet530dtype
13:25:40.115 [main] TRACE - Resolving type for handle ctsheetdata8408type
13:25:40.115 [main] TRACE - Resolving type for handle ctrowdd39type
13:25:40.117 [main] TRACE - Resolving type for handle ctcell842btype
13:25:40.120 [main] TRACE - Resolving type for handle stcellrefe4e0type
13:25:40.123 [main] TRACE - Resolving type for handle ctcols627ctype
13:25:40.124 [main] TRACE - Resolving type for handle ctcola95ftype
13:25:40.129 [main] TRACE - Resolving type for handle cthyperlinks6416type
13:25:40.130 [main] TRACE - Resolving type for handle cthyperlink0c85type
13:25:40.133 [main] TRACE - Resolving type for handle stxstringf179type
13:25:40.134 [main] TRACE - Resolving type for handle stcelltypebf95type
13:25:44.503 [main] INFO  - Goto my account-->Click on Login.. 
13:25:44.766 [main] DEBUG - Parsing relationship: /xl/_rels/workbook.xml.rels
13:25:44.767 [main] DEBUG - Parsing relationship: /xl/worksheets/_rels/sheet1.xml.rels
13:25:44.767 [main] DEBUG - Parsing relationship: /_rels/.rels
13:25:44.778 [main] DEBUG - using default POIXMLDocumentPart for http://schemas.openxmlformats.org/officeDocument/2006/relationships/printerSettings
13:25:49.175 [main] INFO  - Goto my account-->Click on Login.. 
13:25:49.428 [main] DEBUG - Parsing relationship: /xl/_rels/workbook.xml.rels
13:25:49.429 [main] DEBUG - Parsing relationship: /xl/worksheets/_rels/sheet1.xml.rels
13:25:49.430 [main] DEBUG - Parsing relationship: /_rels/.rels
13:25:49.436 [main] DEBUG - using default POIXMLDocumentPart for http://schemas.openxmlformats.org/officeDocument/2006/relationships/printerSettings
13:42:36.644 [main] INFO  - Goto my account-->Click on Login.. 
13:42:36.964 [main] DEBUG - Parsing relationship: /xl/_rels/workbook.xml.rels
13:42:36.965 [main] DEBUG - Parsing relationship: /xl/worksheets/_rels/sheet1.xml.rels
13:42:36.966 [main] DEBUG - Parsing relationship: /_rels/.rels
13:42:37.024 [main] TRACE - Loading type system org.apache.poi.schemas.ooxml.system.ooxml
13:42:37.025 [main] TRACE - Loading type system org.apache.xmlbeans.metadata.system.sXMLCONFIG
13:42:37.026 [main] TRACE - Loading type system org.apache.xmlbeans.metadata.system.sXMLLANG
13:42:37.026 [main] TRACE - Loading type system org.apache.xmlbeans.metadata.system.sXMLSCHEMA
13:42:37.026 [main] TRACE - Loading type system org.apache.xmlbeans.metadata.system.sXMLTOOLS
13:42:37.026 [main] TRACE - Reading unresolved handles for type system org.apache.xmlbeans.metadata.system.sXMLTOOLS
13:42:37.031 [main] TRACE - Finished loading type system org.apache.xmlbeans.metadata.system.sXMLTOOLS
13:42:37.032 [main] TRACE - Reading unresolved handles for type system org.apache.xmlbeans.metadata.system.sXMLSCHEMA
13:42:37.035 [main] TRACE - Finished loading type system org.apache.xmlbeans.metadata.system.sXMLSCHEMA
13:42:37.035 [main] TRACE - Reading unresolved handles for type system org.apache.xmlbeans.metadata.system.sXMLLANG
13:42:37.036 [main] TRACE - Finished loading type system org.apache.xmlbeans.metadata.system.sXMLLANG
13:42:37.036 [main] TRACE - Reading unresolved handles for type system org.apache.xmlbeans.metadata.system.sXMLCONFIG
13:42:37.037 [main] TRACE - Finished loading type system org.apache.xmlbeans.metadata.system.sXMLCONFIG
13:42:37.037 [main] TRACE - Reading unresolved handles for type system org.apache.poi.schemas.ooxml.system.ooxml
13:42:37.073 [main] TRACE - Finished loading type system org.apache.poi.schemas.ooxml.system.ooxml
13:42:37.073 [main] TRACE - Resolving type for handle themefd26doctype
13:42:37.094 [main] TRACE - Resolving type for handle stylesheet5d8bdoctype
13:42:37.097 [main] TRACE - Resolving type for handle ctstylesheet4257type
13:42:37.101 [main] TRACE - Resolving type for handle ctfonts6623type
13:42:37.105 [main] TRACE - Resolving type for handle ctfont14d8type
13:42:37.108 [main] TRACE - Resolving type for handle ctfills2c6ftype
13:42:37.109 [main] TRACE - Resolving type for handle ctfill550ctype
13:42:37.110 [main] TRACE - Resolving type for handle ctborders0d66type
13:42:37.111 [main] TRACE - Resolving type for handle ctborderf935type
13:42:37.112 [main] TRACE - Resolving type for handle ctcellxfs1322type
13:42:37.113 [main] TRACE - Resolving type for handle ctxf97f7type
13:42:37.114 [main] TRACE - Resolving type for handle ctcellstylexfsa81ftype
13:42:37.115 [main] TRACE - Resolving type for handle ctdxfsb26atype
13:42:37.116 [main] TRACE - Resolving type for handle cttablestyles872ftype
13:42:37.116 [main] TRACE - Resolving type for handle sstf81fdoctype
13:42:37.118 [main] TRACE - Resolving type for handle ctsst44f3type
13:42:37.121 [main] TRACE - Resolving type for handle ctrsta472type
13:42:37.127 [main] DEBUG - using default POIXMLDocumentPart for http://schemas.openxmlformats.org/officeDocument/2006/relationships/printerSettings
13:42:37.128 [main] TRACE - Resolving type for handle workbookec17doctype
13:42:37.130 [main] TRACE - Resolving type for handle ctworkbook83c3type
13:42:37.132 [main] TRACE - Resolving type for handle ctsheets49fdtype
13:42:37.133 [main] TRACE - Resolving type for handle ctsheet4dbetype
13:42:37.134 [main] TRACE - Resolving type for handle strelationshipid1e94type
13:42:37.135 [main] TRACE - Resolving type for handle worksheetf539doctype
13:42:37.137 [main] TRACE - Resolving type for handle ctworksheet530dtype
13:42:37.140 [main] TRACE - Resolving type for handle ctsheetdata8408type
13:42:37.140 [main] TRACE - Resolving type for handle ctrowdd39type
13:42:37.142 [main] TRACE - Resolving type for handle ctcell842btype
13:42:37.145 [main] TRACE - Resolving type for handle stcellrefe4e0type
13:42:37.147 [main] TRACE - Resolving type for handle ctcols627ctype
13:42:37.149 [main] TRACE - Resolving type for handle ctcola95ftype
13:42:37.155 [main] TRACE - Resolving type for handle cthyperlinks6416type
13:42:37.156 [main] TRACE - Resolving type for handle cthyperlink0c85type
13:42:37.158 [main] TRACE - Resolving type for handle stxstringf179type
13:42:37.159 [main] TRACE - Resolving type for handle stcelltypebf95type
13:42:41.567 [main] INFO  - Goto my account-->Click on Login.. 
13:42:41.807 [main] DEBUG - Parsing relationship: /xl/_rels/workbook.xml.rels
13:42:41.808 [main] DEBUG - Parsing relationship: /xl/worksheets/_rels/sheet1.xml.rels
13:42:41.808 [main] DEBUG - Parsing relationship: /_rels/.rels
13:42:41.818 [main] DEBUG - using default POIXMLDocumentPart for http://schemas.openxmlformats.org/officeDocument/2006/relationships/printerSettings
13:42:46.456 [main] INFO  - Goto my account-->Click on Login.. 
13:42:46.692 [main] DEBUG - Parsing relationship: /xl/_rels/workbook.xml.rels
13:42:46.693 [main] DEBUG - Parsing relationship: /xl/worksheets/_rels/sheet1.xml.rels
13:42:46.693 [main] DEBUG - Parsing relationship: /_rels/.rels
13:42:46.700 [main] DEBUG - using default POIXMLDocumentPart for http://schemas.openxmlformats.org/officeDocument/2006/relationships/printerSettings
22:16:43.998 [main] INFO  - Goto my account-->Click on Login.. 
22:16:44.351 [main] DEBUG - Parsing relationship: /xl/_rels/workbook.xml.rels
22:16:44.352 [main] DEBUG - Parsing relationship: /xl/worksheets/_rels/sheet1.xml.rels
22:16:44.354 [main] DEBUG - Parsing relationship: /_rels/.rels
22:16:44.413 [main] TRACE - Loading type system org.apache.poi.schemas.ooxml.system.ooxml
22:16:44.414 [main] TRACE - Loading type system org.apache.xmlbeans.metadata.system.sXMLCONFIG
22:16:44.414 [main] TRACE - Loading type system org.apache.xmlbeans.metadata.system.sXMLLANG
22:16:44.415 [main] TRACE - Loading type system org.apache.xmlbeans.metadata.system.sXMLSCHEMA
22:16:44.415 [main] TRACE - Loading type system org.apache.xmlbeans.metadata.system.sXMLTOOLS
22:16:44.415 [main] TRACE - Reading unresolved handles for type system org.apache.xmlbeans.metadata.system.sXMLTOOLS
22:16:44.420 [main] TRACE - Finished loading type system org.apache.xmlbeans.metadata.system.sXMLTOOLS
22:16:44.421 [main] TRACE - Reading unresolved handles for type system org.apache.xmlbeans.metadata.system.sXMLSCHEMA
22:16:44.426 [main] TRACE - Finished loading type system org.apache.xmlbeans.metadata.system.sXMLSCHEMA
22:16:44.427 [main] TRACE - Reading unresolved handles for type system org.apache.xmlbeans.metadata.system.sXMLLANG
22:16:44.427 [main] TRACE - Finished loading type system org.apache.xmlbeans.metadata.system.sXMLLANG
22:16:44.427 [main] TRACE - Reading unresolved handles for type system org.apache.xmlbeans.metadata.system.sXMLCONFIG
22:16:44.428 [main] TRACE - Finished loading type system org.apache.xmlbeans.metadata.system.sXMLCONFIG
22:16:44.428 [main] TRACE - Reading unresolved handles for type system org.apache.poi.schemas.ooxml.system.ooxml
22:16:44.458 [main] TRACE - Finished loading type system org.apache.poi.schemas.ooxml.system.ooxml
22:16:44.459 [main] TRACE - Resolving type for handle themefd26doctype
22:16:44.481 [main] TRACE - Resolving type for handle stylesheet5d8bdoctype
22:16:44.484 [main] TRACE - Resolving type for handle ctstylesheet4257type
22:16:44.486 [main] TRACE - Resolving type for handle ctfonts6623type
22:16:44.490 [main] TRACE - Resolving type for handle ctfont14d8type
22:16:44.493 [main] TRACE - Resolving type for handle ctfills2c6ftype
22:16:44.494 [main] TRACE - Resolving type for handle ctfill550ctype
22:16:44.494 [main] TRACE - Resolving type for handle ctborders0d66type
22:16:44.497 [main] TRACE - Resolving type for handle ctborderf935type
22:16:44.498 [main] TRACE - Resolving type for handle ctcellxfs1322type
22:16:44.499 [main] TRACE - Resolving type for handle ctxf97f7type
22:16:44.500 [main] TRACE - Resolving type for handle ctcellstylexfsa81ftype
22:16:44.501 [main] TRACE - Resolving type for handle ctdxfsb26atype
22:16:44.502 [main] TRACE - Resolving type for handle cttablestyles872ftype
22:16:44.503 [main] TRACE - Resolving type for handle sstf81fdoctype
22:16:44.505 [main] TRACE - Resolving type for handle ctsst44f3type
22:16:44.508 [main] TRACE - Resolving type for handle ctrsta472type
22:16:44.514 [main] DEBUG - using default POIXMLDocumentPart for http://schemas.openxmlformats.org/officeDocument/2006/relationships/printerSettings
22:16:44.515 [main] TRACE - Resolving type for handle workbookec17doctype
22:16:44.517 [main] TRACE - Resolving type for handle ctworkbook83c3type
22:16:44.519 [main] TRACE - Resolving type for handle ctsheets49fdtype
22:16:44.520 [main] TRACE - Resolving type for handle ctsheet4dbetype
22:16:44.521 [main] TRACE - Resolving type for handle strelationshipid1e94type
22:16:44.522 [main] TRACE - Resolving type for handle worksheetf539doctype
22:16:44.524 [main] TRACE - Resolving type for handle ctworksheet530dtype
22:16:44.527 [main] TRACE - Resolving type for handle ctsheetdata8408type
22:16:44.528 [main] TRACE - Resolving type for handle ctrowdd39type
22:16:44.529 [main] TRACE - Resolving type for handle ctcell842btype
22:16:44.532 [main] TRACE - Resolving type for handle stcellrefe4e0type
22:16:44.534 [main] TRACE - Resolving type for handle ctcols627ctype
22:16:44.536 [main] TRACE - Resolving type for handle ctcola95ftype
22:16:44.542 [main] TRACE - Resolving type for handle cthyperlinks6416type
22:16:44.543 [main] TRACE - Resolving type for handle cthyperlink0c85type
22:16:44.545 [main] TRACE - Resolving type for handle stxstringf179type
22:16:44.546 [main] TRACE - Resolving type for handle stcelltypebf95type
22:17:06.543 [main] INFO  - Goto my account-->Click on Login.. 
22:17:06.848 [main] DEBUG - Parsing relationship: /xl/_rels/workbook.xml.rels
22:17:06.849 [main] DEBUG - Parsing relationship: /xl/worksheets/_rels/sheet1.xml.rels
22:17:06.849 [main] DEBUG - Parsing relationship: /_rels/.rels
22:17:06.906 [main] TRACE - Loading type system org.apache.poi.schemas.ooxml.system.ooxml
22:17:06.907 [main] TRACE - Loading type system org.apache.xmlbeans.metadata.system.sXMLCONFIG
22:17:06.907 [main] TRACE - Loading type system org.apache.xmlbeans.metadata.system.sXMLLANG
22:17:06.907 [main] TRACE - Loading type system org.apache.xmlbeans.metadata.system.sXMLSCHEMA
22:17:06.907 [main] TRACE - Loading type system org.apache.xmlbeans.metadata.system.sXMLTOOLS
22:17:06.908 [main] TRACE - Reading unresolved handles for type system org.apache.xmlbeans.metadata.system.sXMLTOOLS
22:17:06.913 [main] TRACE - Finished loading type system org.apache.xmlbeans.metadata.system.sXMLTOOLS
22:17:06.913 [main] TRACE - Reading unresolved handles for type system org.apache.xmlbeans.metadata.system.sXMLSCHEMA
22:17:06.919 [main] TRACE - Finished loading type system org.apache.xmlbeans.metadata.system.sXMLSCHEMA
22:17:06.919 [main] TRACE - Reading unresolved handles for type system org.apache.xmlbeans.metadata.system.sXMLLANG
22:17:06.920 [main] TRACE - Finished loading type system org.apache.xmlbeans.metadata.system.sXMLLANG
22:17:06.920 [main] TRACE - Reading unresolved handles for type system org.apache.xmlbeans.metadata.system.sXMLCONFIG
22:17:06.920 [main] TRACE - Finished loading type system org.apache.xmlbeans.metadata.system.sXMLCONFIG
22:17:06.920 [main] TRACE - Reading unresolved handles for type system org.apache.poi.schemas.ooxml.system.ooxml
22:17:06.948 [main] TRACE - Finished loading type system org.apache.poi.schemas.ooxml.system.ooxml
22:17:06.948 [main] TRACE - Resolving type for handle themefd26doctype
22:17:06.969 [main] TRACE - Resolving type for handle stylesheet5d8bdoctype
22:17:06.972 [main] TRACE - Resolving type for handle ctstylesheet4257type
22:17:06.974 [main] TRACE - Resolving type for handle ctfonts6623type
22:17:06.976 [main] TRACE - Resolving type for handle ctfont14d8type
22:17:06.979 [main] TRACE - Resolving type for handle ctfills2c6ftype
22:17:06.980 [main] TRACE - Resolving type for handle ctfill550ctype
22:17:06.981 [main] TRACE - Resolving type for handle ctborders0d66type
22:17:06.981 [main] TRACE - Resolving type for handle ctborderf935type
22:17:06.982 [main] TRACE - Resolving type for handle ctcellxfs1322type
22:17:06.983 [main] TRACE - Resolving type for handle ctxf97f7type
22:17:06.985 [main] TRACE - Resolving type for handle ctcellstylexfsa81ftype
22:17:06.985 [main] TRACE - Resolving type for handle ctdxfsb26atype
22:17:06.986 [main] TRACE - Resolving type for handle cttablestyles872ftype
22:17:06.988 [main] TRACE - Resolving type for handle sstf81fdoctype
22:17:06.990 [main] TRACE - Resolving type for handle ctsst44f3type
22:17:06.992 [main] TRACE - Resolving type for handle ctrsta472type
22:17:06.997 [main] DEBUG - using default POIXMLDocumentPart for http://schemas.openxmlformats.org/officeDocument/2006/relationships/printerSettings
22:17:06.997 [main] TRACE - Resolving type for handle workbookec17doctype
22:17:06.999 [main] TRACE - Resolving type for handle ctworkbook83c3type
22:17:07.001 [main] TRACE - Resolving type for handle ctsheets49fdtype
22:17:07.002 [main] TRACE - Resolving type for handle ctsheet4dbetype
22:17:07.003 [main] TRACE - Resolving type for handle strelationshipid1e94type
22:17:07.004 [main] TRACE - Resolving type for handle worksheetf539doctype
22:17:07.006 [main] TRACE - Resolving type for handle ctworksheet530dtype
22:17:07.008 [main] TRACE - Resolving type for handle ctsheetdata8408type
22:17:07.009 [main] TRACE - Resolving type for handle ctrowdd39type
22:17:07.011 [main] TRACE - Resolving type for handle ctcell842btype
22:17:07.013 [main] TRACE - Resolving type for handle stcellrefe4e0type
22:17:07.016 [main] TRACE - Resolving type for handle ctcols627ctype
22:17:07.017 [main] TRACE - Resolving type for handle ctcola95ftype
22:17:07.023 [main] TRACE - Resolving type for handle cthyperlinks6416type
22:17:07.024 [main] TRACE - Resolving type for handle cthyperlink0c85type
22:17:07.027 [main] TRACE - Resolving type for handle stxstringf179type
22:17:07.028 [main] TRACE - Resolving type for handle stcelltypebf95type
22:17:12.418 [main] INFO  - Goto my account-->Click on Login.. 
22:17:12.674 [main] DEBUG - Parsing relationship: /xl/_rels/workbook.xml.rels
22:17:12.675 [main] DEBUG - Parsing relationship: /xl/worksheets/_rels/sheet1.xml.rels
22:17:12.676 [main] DEBUG - Parsing relationship: /_rels/.rels
22:17:12.686 [main] DEBUG - using default POIXMLDocumentPart for http://schemas.openxmlformats.org/officeDocument/2006/relationships/printerSettings
22:19:22.074 [main] INFO  - Goto my account-->Click on Login.. 
22:19:22.526 [main] DEBUG - Parsing relationship: /xl/_rels/workbook.xml.rels
22:19:22.527 [main] DEBUG - Parsing relationship: /xl/worksheets/_rels/sheet1.xml.rels
22:19:22.528 [main] DEBUG - Parsing relationship: /_rels/.rels
22:19:22.586 [main] TRACE - Loading type system org.apache.poi.schemas.ooxml.system.ooxml
22:19:22.587 [main] TRACE - Loading type system org.apache.xmlbeans.metadata.system.sXMLCONFIG
22:19:22.588 [main] TRACE - Loading type system org.apache.xmlbeans.metadata.system.sXMLLANG
22:19:22.588 [main] TRACE - Loading type system org.apache.xmlbeans.metadata.system.sXMLSCHEMA
22:19:22.588 [main] TRACE - Loading type system org.apache.xmlbeans.metadata.system.sXMLTOOLS
22:19:22.588 [main] TRACE - Reading unresolved handles for type system org.apache.xmlbeans.metadata.system.sXMLTOOLS
22:19:22.593 [main] TRACE - Finished loading type system org.apache.xmlbeans.metadata.system.sXMLTOOLS
22:19:22.593 [main] TRACE - Reading unresolved handles for type system org.apache.xmlbeans.metadata.system.sXMLSCHEMA
22:19:22.599 [main] TRACE - Finished loading type system org.apache.xmlbeans.metadata.system.sXMLSCHEMA
22:19:22.599 [main] TRACE - Reading unresolved handles for type system org.apache.xmlbeans.metadata.system.sXMLLANG
22:19:22.600 [main] TRACE - Finished loading type system org.apache.xmlbeans.metadata.system.sXMLLANG
22:19:22.600 [main] TRACE - Reading unresolved handles for type system org.apache.xmlbeans.metadata.system.sXMLCONFIG
22:19:22.600 [main] TRACE - Finished loading type system org.apache.xmlbeans.metadata.system.sXMLCONFIG
22:19:22.600 [main] TRACE - Reading unresolved handles for type system org.apache.poi.schemas.ooxml.system.ooxml
22:19:22.629 [main] TRACE - Finished loading type system org.apache.poi.schemas.ooxml.system.ooxml
22:19:22.630 [main] TRACE - Resolving type for handle themefd26doctype
22:19:22.650 [main] TRACE - Resolving type for handle stylesheet5d8bdoctype
22:19:22.654 [main] TRACE - Resolving type for handle ctstylesheet4257type
22:19:22.657 [main] TRACE - Resolving type for handle ctfonts6623type
22:19:22.659 [main] TRACE - Resolving type for handle ctfont14d8type
22:19:22.661 [main] TRACE - Resolving type for handle ctfills2c6ftype
22:19:22.662 [main] TRACE - Resolving type for handle ctfill550ctype
22:19:22.663 [main] TRACE - Resolving type for handle ctborders0d66type
22:19:22.664 [main] TRACE - Resolving type for handle ctborderf935type
22:19:22.665 [main] TRACE - Resolving type for handle ctcellxfs1322type
22:19:22.666 [main] TRACE - Resolving type for handle ctxf97f7type
22:19:22.667 [main] TRACE - Resolving type for handle ctcellstylexfsa81ftype
22:19:22.668 [main] TRACE - Resolving type for handle ctdxfsb26atype
22:19:22.669 [main] TRACE - Resolving type for handle cttablestyles872ftype
22:19:22.670 [main] TRACE - Resolving type for handle sstf81fdoctype
22:19:22.671 [main] TRACE - Resolving type for handle ctsst44f3type
22:19:22.674 [main] TRACE - Resolving type for handle ctrsta472type
22:19:22.680 [main] DEBUG - using default POIXMLDocumentPart for http://schemas.openxmlformats.org/officeDocument/2006/relationships/printerSettings
22:19:22.680 [main] TRACE - Resolving type for handle workbookec17doctype
22:19:22.682 [main] TRACE - Resolving type for handle ctworkbook83c3type
22:19:22.684 [main] TRACE - Resolving type for handle ctsheets49fdtype
22:19:22.685 [main] TRACE - Resolving type for handle ctsheet4dbetype
22:19:22.686 [main] TRACE - Resolving type for handle strelationshipid1e94type
22:19:22.687 [main] TRACE - Resolving type for handle worksheetf539doctype
22:19:22.689 [main] TRACE - Resolving type for handle ctworksheet530dtype
22:19:22.691 [main] TRACE - Resolving type for handle ctsheetdata8408type
22:19:22.692 [main] TRACE - Resolving type for handle ctrowdd39type
22:19:22.694 [main] TRACE - Resolving type for handle ctcell842btype
22:19:22.696 [main] TRACE - Resolving type for handle stcellrefe4e0type
22:19:22.699 [main] TRACE - Resolving type for handle ctcols627ctype
22:19:22.700 [main] TRACE - Resolving type for handle ctcola95ftype
22:19:22.706 [main] TRACE - Resolving type for handle cthyperlinks6416type
22:19:22.707 [main] TRACE - Resolving type for handle cthyperlink0c85type
22:19:22.710 [main] TRACE - Resolving type for handle stxstringf179type
22:19:22.711 [main] TRACE - Resolving type for handle stcelltypebf95type
22:19:26.835 [main] INFO  - Goto my account-->Click on Login.. 
22:19:27.071 [main] DEBUG - Parsing relationship: /xl/_rels/workbook.xml.rels
22:19:27.072 [main] DEBUG - Parsing relationship: /xl/worksheets/_rels/sheet1.xml.rels
22:19:27.073 [main] DEBUG - Parsing relationship: /_rels/.rels
22:19:27.081 [main] DEBUG - using default POIXMLDocumentPart for http://schemas.openxmlformats.org/officeDocument/2006/relationships/printerSettings
22:19:44.686 [main] INFO  - Goto my account-->Click on Login.. 
22:19:45.249 [main] DEBUG - Parsing relationship: /xl/_rels/workbook.xml.rels
22:19:45.251 [main] DEBUG - Parsing relationship: /xl/worksheets/_rels/sheet1.xml.rels
22:19:45.252 [main] DEBUG - Parsing relationship: /_rels/.rels
22:19:45.308 [main] TRACE - Loading type system org.apache.poi.schemas.ooxml.system.ooxml
22:19:45.309 [main] TRACE - Loading type system org.apache.xmlbeans.metadata.system.sXMLCONFIG
22:19:45.309 [main] TRACE - Loading type system org.apache.xmlbeans.metadata.system.sXMLLANG
22:19:45.309 [main] TRACE - Loading type system org.apache.xmlbeans.metadata.system.sXMLSCHEMA
22:19:45.309 [main] TRACE - Loading type system org.apache.xmlbeans.metadata.system.sXMLTOOLS
22:19:45.310 [main] TRACE - Reading unresolved handles for type system org.apache.xmlbeans.metadata.system.sXMLTOOLS
22:19:45.315 [main] TRACE - Finished loading type system org.apache.xmlbeans.metadata.system.sXMLTOOLS
22:19:45.315 [main] TRACE - Reading unresolved handles for type system org.apache.xmlbeans.metadata.system.sXMLSCHEMA
22:19:45.318 [main] TRACE - Finished loading type system org.apache.xmlbeans.metadata.system.sXMLSCHEMA
22:19:45.319 [main] TRACE - Reading unresolved handles for type system org.apache.xmlbeans.metadata.system.sXMLLANG
22:19:45.319 [main] TRACE - Finished loading type system org.apache.xmlbeans.metadata.system.sXMLLANG
22:19:45.319 [main] TRACE - Reading unresolved handles for type system org.apache.xmlbeans.metadata.system.sXMLCONFIG
22:19:45.320 [main] TRACE - Finished loading type system org.apache.xmlbeans.metadata.system.sXMLCONFIG
22:19:45.320 [main] TRACE - Reading unresolved handles for type system org.apache.poi.schemas.ooxml.system.ooxml
22:19:45.356 [main] TRACE - Finished loading type system org.apache.poi.schemas.ooxml.system.ooxml
22:19:45.357 [main] TRACE - Resolving type for handle themefd26doctype
22:19:45.377 [main] TRACE - Resolving type for handle stylesheet5d8bdoctype
22:19:45.379 [main] TRACE - Resolving type for handle ctstylesheet4257type
22:19:45.381 [main] TRACE - Resolving type for handle ctfonts6623type
22:19:45.383 [main] TRACE - Resolving type for handle ctfont14d8type
22:19:45.389 [main] TRACE - Resolving type for handle ctfills2c6ftype
22:19:45.391 [main] TRACE - Resolving type for handle ctfill550ctype
22:19:45.391 [main] TRACE - Resolving type for handle ctborders0d66type
22:19:45.393 [main] TRACE - Resolving type for handle ctborderf935type
22:19:45.395 [main] TRACE - Resolving type for handle ctcellxfs1322type
22:19:45.396 [main] TRACE - Resolving type for handle ctxf97f7type
22:19:45.397 [main] TRACE - Resolving type for handle ctcellstylexfsa81ftype
22:19:45.397 [main] TRACE - Resolving type for handle ctdxfsb26atype
22:19:45.398 [main] TRACE - Resolving type for handle cttablestyles872ftype
22:19:45.399 [main] TRACE - Resolving type for handle sstf81fdoctype
22:19:45.401 [main] TRACE - Resolving type for handle ctsst44f3type
22:19:45.404 [main] TRACE - Resolving type for handle ctrsta472type
22:19:45.409 [main] DEBUG - using default POIXMLDocumentPart for http://schemas.openxmlformats.org/officeDocument/2006/relationships/printerSettings
22:19:45.410 [main] TRACE - Resolving type for handle workbookec17doctype
22:19:45.411 [main] TRACE - Resolving type for handle ctworkbook83c3type
22:19:45.413 [main] TRACE - Resolving type for handle ctsheets49fdtype
22:19:45.414 [main] TRACE - Resolving type for handle ctsheet4dbetype
22:19:45.415 [main] TRACE - Resolving type for handle strelationshipid1e94type
22:19:45.416 [main] TRACE - Resolving type for handle worksheetf539doctype
22:19:45.418 [main] TRACE - Resolving type for handle ctworksheet530dtype
22:19:45.421 [main] TRACE - Resolving type for handle ctsheetdata8408type
22:19:45.422 [main] TRACE - Resolving type for handle ctrowdd39type
22:19:45.424 [main] TRACE - Resolving type for handle ctcell842btype
22:19:45.426 [main] TRACE - Resolving type for handle stcellrefe4e0type
22:19:45.429 [main] TRACE - Resolving type for handle ctcols627ctype
22:19:45.430 [main] TRACE - Resolving type for handle ctcola95ftype
22:19:45.436 [main] TRACE - Resolving type for handle cthyperlinks6416type
22:19:45.437 [main] TRACE - Resolving type for handle cthyperlink0c85type
22:19:45.439 [main] TRACE - Resolving type for handle stxstringf179type
22:19:45.440 [main] TRACE - Resolving type for handle stcelltypebf95type
22:22:37.456 [main] INFO  - Goto my account-->Click on Login.. 
22:22:37.780 [main] DEBUG - Parsing relationship: /xl/_rels/workbook.xml.rels
22:22:37.781 [main] DEBUG - Parsing relationship: /xl/worksheets/_rels/sheet1.xml.rels
22:22:37.783 [main] DEBUG - Parsing relationship: /_rels/.rels
22:22:37.840 [main] TRACE - Loading type system org.apache.poi.schemas.ooxml.system.ooxml
22:22:37.842 [main] TRACE - Loading type system org.apache.xmlbeans.metadata.system.sXMLCONFIG
22:22:37.842 [main] TRACE - Loading type system org.apache.xmlbeans.metadata.system.sXMLLANG
22:22:37.842 [main] TRACE - Loading type system org.apache.xmlbeans.metadata.system.sXMLSCHEMA
22:22:37.842 [main] TRACE - Loading type system org.apache.xmlbeans.metadata.system.sXMLTOOLS
22:22:37.843 [main] TRACE - Reading unresolved handles for type system org.apache.xmlbeans.metadata.system.sXMLTOOLS
22:22:37.847 [main] TRACE - Finished loading type system org.apache.xmlbeans.metadata.system.sXMLTOOLS
22:22:37.848 [main] TRACE - Reading unresolved handles for type system org.apache.xmlbeans.metadata.system.sXMLSCHEMA
22:22:37.853 [main] TRACE - Finished loading type system org.apache.xmlbeans.metadata.system.sXMLSCHEMA
22:22:37.854 [main] TRACE - Reading unresolved handles for type system org.apache.xmlbeans.metadata.system.sXMLLANG
22:22:37.854 [main] TRACE - Finished loading type system org.apache.xmlbeans.metadata.system.sXMLLANG
22:22:37.854 [main] TRACE - Reading unresolved handles for type system org.apache.xmlbeans.metadata.system.sXMLCONFIG
22:22:37.855 [main] TRACE - Finished loading type system org.apache.xmlbeans.metadata.system.sXMLCONFIG
22:22:37.855 [main] TRACE - Reading unresolved handles for type system org.apache.poi.schemas.ooxml.system.ooxml
22:22:37.883 [main] TRACE - Finished loading type system org.apache.poi.schemas.ooxml.system.ooxml
22:22:37.884 [main] TRACE - Resolving type for handle themefd26doctype
22:22:37.904 [main] TRACE - Resolving type for handle stylesheet5d8bdoctype
22:22:37.907 [main] TRACE - Resolving type for handle ctstylesheet4257type
22:22:37.909 [main] TRACE - Resolving type for handle ctfonts6623type
22:22:37.911 [main] TRACE - Resolving type for handle ctfont14d8type
22:22:37.913 [main] TRACE - Resolving type for handle ctfills2c6ftype
22:22:37.914 [main] TRACE - Resolving type for handle ctfill550ctype
22:22:37.915 [main] TRACE - Resolving type for handle ctborders0d66type
22:22:37.916 [main] TRACE - Resolving type for handle ctborderf935type
22:22:37.917 [main] TRACE - Resolving type for handle ctcellxfs1322type
22:22:37.918 [main] TRACE - Resolving type for handle ctxf97f7type
22:22:37.920 [main] TRACE - Resolving type for handle ctcellstylexfsa81ftype
22:22:37.920 [main] TRACE - Resolving type for handle ctdxfsb26atype
22:22:37.921 [main] TRACE - Resolving type for handle cttablestyles872ftype
22:22:37.922 [main] TRACE - Resolving type for handle sstf81fdoctype
22:22:37.923 [main] TRACE - Resolving type for handle ctsst44f3type
22:22:37.927 [main] TRACE - Resolving type for handle ctrsta472type
22:22:37.932 [main] DEBUG - using default POIXMLDocumentPart for http://schemas.openxmlformats.org/officeDocument/2006/relationships/printerSettings
22:22:37.933 [main] TRACE - Resolving type for handle workbookec17doctype
22:22:37.935 [main] TRACE - Resolving type for handle ctworkbook83c3type
22:22:37.937 [main] TRACE - Resolving type for handle ctsheets49fdtype
22:22:37.938 [main] TRACE - Resolving type for handle ctsheet4dbetype
22:22:37.939 [main] TRACE - Resolving type for handle strelationshipid1e94type
22:22:37.940 [main] TRACE - Resolving type for handle worksheetf539doctype
22:22:37.944 [main] TRACE - Resolving type for handle ctworksheet530dtype
22:22:37.948 [main] TRACE - Resolving type for handle ctsheetdata8408type
22:22:37.949 [main] TRACE - Resolving type for handle ctrowdd39type
22:22:37.950 [main] TRACE - Resolving type for handle ctcell842btype
22:22:37.953 [main] TRACE - Resolving type for handle stcellrefe4e0type
22:22:37.955 [main] TRACE - Resolving type for handle ctcols627ctype
22:22:37.957 [main] TRACE - Resolving type for handle ctcola95ftype
22:22:37.963 [main] TRACE - Resolving type for handle cthyperlinks6416type
22:22:37.964 [main] TRACE - Resolving type for handle cthyperlink0c85type
22:22:37.966 [main] TRACE - Resolving type for handle stxstringf179type
22:22:37.967 [main] TRACE - Resolving type for handle stcelltypebf95type
22:23:02.515 [main] INFO  - Goto my account-->Click on Login.. 
22:23:02.939 [main] DEBUG - Parsing relationship: /xl/_rels/workbook.xml.rels
22:23:02.940 [main] DEBUG - Parsing relationship: /xl/worksheets/_rels/sheet1.xml.rels
22:23:02.942 [main] DEBUG - Parsing relationship: /_rels/.rels
22:23:03.036 [main] TRACE - Loading type system org.apache.poi.schemas.ooxml.system.ooxml
22:23:03.037 [main] TRACE - Loading type system org.apache.xmlbeans.metadata.system.sXMLCONFIG
22:23:03.037 [main] TRACE - Loading type system org.apache.xmlbeans.metadata.system.sXMLLANG
22:23:03.037 [main] TRACE - Loading type system org.apache.xmlbeans.metadata.system.sXMLSCHEMA
22:23:03.038 [main] TRACE - Loading type system org.apache.xmlbeans.metadata.system.sXMLTOOLS
22:23:03.038 [main] TRACE - Reading unresolved handles for type system org.apache.xmlbeans.metadata.system.sXMLTOOLS
22:23:03.043 [main] TRACE - Finished loading type system org.apache.xmlbeans.metadata.system.sXMLTOOLS
22:23:03.043 [main] TRACE - Reading unresolved handles for type system org.apache.xmlbeans.metadata.system.sXMLSCHEMA
22:23:03.046 [main] TRACE - Finished loading type system org.apache.xmlbeans.metadata.system.sXMLSCHEMA
22:23:03.046 [main] TRACE - Reading unresolved handles for type system org.apache.xmlbeans.metadata.system.sXMLLANG
22:23:03.046 [main] TRACE - Finished loading type system org.apache.xmlbeans.metadata.system.sXMLLANG
22:23:03.047 [main] TRACE - Reading unresolved handles for type system org.apache.xmlbeans.metadata.system.sXMLCONFIG
22:23:03.047 [main] TRACE - Finished loading type system org.apache.xmlbeans.metadata.system.sXMLCONFIG
22:23:03.047 [main] TRACE - Reading unresolved handles for type system org.apache.poi.schemas.ooxml.system.ooxml
22:23:03.081 [main] TRACE - Finished loading type system org.apache.poi.schemas.ooxml.system.ooxml
22:23:03.081 [main] TRACE - Resolving type for handle themefd26doctype
