21:36:54.388 [main] DEBUG - Save part 'xl/worksheets/sheet3.xml'
21:36:54.394 [main] DEBUG - Parsing relationship: /xl/_rels/workbook.xml.rels
21:36:54.394 [main] DEBUG - Parsing relationship: /_rels/.rels
21:36:54.406 [main] DEBUG - Save content types part
21:36:54.406 [main] DEBUG - Save package relationships
21:36:54.407 [main] DEBUG - Save part 'docProps/app.xml'
21:36:54.407 [main] DEBUG - Save part 'docProps/core.xml'
21:36:54.407 [main] DEBUG - Save part 'docProps/custom.xml'
21:36:54.408 [main] DEBUG - Save part 'xl/sharedStrings.xml'
21:36:54.408 [main] DEBUG - Save part 'xl/styles.xml'
21:36:54.408 [main] DEBUG - Save part 'xl/theme/theme1.xml'
21:36:54.408 [main] DEBUG - Save part 'xl/workbook.xml'
21:36:54.409 [main] DEBUG - Save part 'xl/worksheets/sheet1.xml'
21:36:54.409 [main] DEBUG - Save part 'xl/worksheets/sheet2.xml'
21:36:54.409 [main] DEBUG - Save part 'xl/worksheets/sheet3.xml'
21:36:54.411 [main] DEBUG - Parsing relationship: /xl/_rels/workbook.xml.rels
21:36:54.411 [main] DEBUG - Parsing relationship: /_rels/.rels
21:36:54.424 [main] DEBUG - Save content types part
21:36:54.424 [main] DEBUG - Save package relationships
21:36:54.425 [main] DEBUG - Save part 'docProps/app.xml'
21:36:54.425 [main] DEBUG - Save part 'docProps/core.xml'
21:36:54.425 [main] DEBUG - Save part 'docProps/custom.xml'
21:36:54.425 [main] DEBUG - Save part 'xl/sharedStrings.xml'
21:36:54.426 [main] DEBUG - Save part 'xl/styles.xml'
21:36:54.426 [main] DEBUG - Save part 'xl/theme/theme1.xml'
21:36:54.426 [main] DEBUG - Save part 'xl/workbook.xml'
21:36:54.426 [main] DEBUG - Save part 'xl/worksheets/sheet1.xml'
21:36:54.427 [main] DEBUG - Save part 'xl/worksheets/sheet2.xml'
21:36:54.427 [main] DEBUG - Save part 'xl/worksheets/sheet3.xml'
21:36:54.429 [main] DEBUG - Parsing relationship: /xl/_rels/workbook.xml.rels
21:36:54.430 [main] DEBUG - Parsing relationship: /_rels/.rels
21:36:54.436 [main] DEBUG - Save content types part
21:36:54.437 [main] DEBUG - Save package relationships
21:36:54.437 [main] DEBUG - Save part 'docProps/app.xml'
21:36:54.437 [main] DEBUG - Save part 'docProps/core.xml'
21:36:54.438 [main] DEBUG - Save part 'docProps/custom.xml'
21:36:54.438 [main] DEBUG - Save part 'xl/sharedStrings.xml'
21:36:54.438 [main] DEBUG - Save part 'xl/styles.xml'
21:36:54.438 [main] DEBUG - Save part 'xl/theme/theme1.xml'
21:36:54.438 [main] DEBUG - Save part 'xl/workbook.xml'
21:36:54.439 [main] DEBUG - Save part 'xl/worksheets/sheet1.xml'
21:36:54.439 [main] DEBUG - Save part 'xl/worksheets/sheet2.xml'
21:36:54.439 [main] DEBUG - Save part 'xl/worksheets/sheet3.xml'
21:36:54.442 [main] DEBUG - Parsing relationship: /xl/_rels/workbook.xml.rels
21:36:54.442 [main] DEBUG - Parsing relationship: /_rels/.rels
21:36:54.452 [main] DEBUG - Save content types part
21:36:54.452 [main] DEBUG - Save package relationships
21:36:54.453 [main] DEBUG - Save part 'docProps/app.xml'
21:36:54.453 [main] DEBUG - Save part 'docProps/core.xml'
21:36:54.453 [main] DEBUG - Save part 'docProps/custom.xml'
21:36:54.453 [main] DEBUG - Save part 'xl/sharedStrings.xml'
21:36:54.453 [main] DEBUG - Save part 'xl/styles.xml'
21:36:54.454 [main] DEBUG - Save part 'xl/theme/theme1.xml'
21:36:54.454 [main] DEBUG - Save part 'xl/workbook.xml'
21:36:54.454 [main] DEBUG - Save part 'xl/worksheets/sheet1.xml'
21:36:54.454 [main] DEBUG - Save part 'xl/worksheets/sheet2.xml'
21:36:54.455 [main] DEBUG - Save part 'xl/worksheets/sheet3.xml'
21:36:54.457 [main] DEBUG - Parsing relationship: /xl/_rels/workbook.xml.rels
21:36:54.457 [main] DEBUG - Parsing relationship: /_rels/.rels
21:36:54.468 [main] DEBUG - Save content types part
21:36:54.468 [main] DEBUG - Save package relationships
21:36:54.469 [main] DEBUG - Save part 'docProps/app.xml'
21:36:54.469 [main] DEBUG - Save part 'docProps/core.xml'
21:36:54.469 [main] DEBUG - Save part 'docProps/custom.xml'
21:36:54.469 [main] DEBUG - Save part 'xl/sharedStrings.xml'
21:36:54.470 [main] DEBUG - Save part 'xl/styles.xml'
21:36:54.470 [main] DEBUG - Save part 'xl/theme/theme1.xml'
21:36:54.470 [main] DEBUG - Save part 'xl/workbook.xml'
21:36:54.470 [main] DEBUG - Save part 'xl/worksheets/sheet1.xml'
21:36:54.470 [main] DEBUG - Save part 'xl/worksheets/sheet2.xml'
21:36:54.471 [main] DEBUG - Save part 'xl/worksheets/sheet3.xml'
21:36:54.472 [main] DEBUG - Parsing relationship: /xl/_rels/workbook.xml.rels
21:36:54.473 [main] DEBUG - Parsing relationship: /_rels/.rels
21:36:54.478 [main] DEBUG - Save content types part
21:36:54.479 [main] DEBUG - Save package relationships
21:36:54.479 [main] DEBUG - Save part 'docProps/app.xml'
21:36:54.479 [main] DEBUG - Save part 'docProps/core.xml'
21:36:54.480 [main] DEBUG - Save part 'docProps/custom.xml'
21:36:54.480 [main] DEBUG - Save part 'xl/sharedStrings.xml'
21:36:54.480 [main] DEBUG - Save part 'xl/styles.xml'
21:36:54.480 [main] DEBUG - Save part 'xl/theme/theme1.xml'
21:36:54.480 [main] DEBUG - Save part 'xl/workbook.xml'
21:36:54.481 [main] DEBUG - Save part 'xl/worksheets/sheet1.xml'
21:36:54.481 [main] DEBUG - Save part 'xl/worksheets/sheet2.xml'
21:36:54.481 [main] DEBUG - Save part 'xl/worksheets/sheet3.xml'
21:36:54.483 [main] DEBUG - Parsing relationship: /xl/_rels/workbook.xml.rels
21:36:54.484 [main] DEBUG - Parsing relationship: /_rels/.rels
21:36:54.494 [main] DEBUG - Save content types part
21:36:54.494 [main] DEBUG - Save package relationships
21:36:54.495 [main] DEBUG - Save part 'docProps/app.xml'
21:36:54.495 [main] DEBUG - Save part 'docProps/core.xml'
21:36:54.495 [main] DEBUG - Save part 'docProps/custom.xml'
21:36:54.495 [main] DEBUG - Save part 'xl/sharedStrings.xml'
21:36:54.495 [main] DEBUG - Save part 'xl/styles.xml'
21:36:54.496 [main] DEBUG - Save part 'xl/theme/theme1.xml'
21:36:54.496 [main] DEBUG - Save part 'xl/workbook.xml'
21:36:54.496 [main] DEBUG - Save part 'xl/worksheets/sheet1.xml'
21:36:54.496 [main] DEBUG - Save part 'xl/worksheets/sheet2.xml'
21:36:54.496 [main] DEBUG - Save part 'xl/worksheets/sheet3.xml'
21:36:54.498 [main] DEBUG - Parsing relationship: /xl/_rels/workbook.xml.rels
21:36:54.499 [main] DEBUG - Parsing relationship: /_rels/.rels
21:36:54.507 [main] DEBUG - Save content types part
21:36:54.507 [main] DEBUG - Save package relationships
21:36:54.508 [main] DEBUG - Save part 'docProps/app.xml'
21:36:54.508 [main] DEBUG - Save part 'docProps/core.xml'
21:36:54.508 [main] DEBUG - Save part 'docProps/custom.xml'
21:36:54.508 [main] DEBUG - Save part 'xl/sharedStrings.xml'
21:36:54.508 [main] DEBUG - Save part 'xl/styles.xml'
21:36:54.508 [main] DEBUG - Save part 'xl/theme/theme1.xml'
21:36:54.509 [main] DEBUG - Save part 'xl/workbook.xml'
21:36:54.509 [main] DEBUG - Save part 'xl/worksheets/sheet1.xml'
21:36:54.509 [main] DEBUG - Save part 'xl/worksheets/sheet2.xml'
21:36:54.509 [main] DEBUG - Save part 'xl/worksheets/sheet3.xml'
21:36:54.511 [main] DEBUG - Parsing relationship: /xl/_rels/workbook.xml.rels
21:36:54.511 [main] DEBUG - Parsing relationship: /_rels/.rels
21:36:54.517 [main] DEBUG - Save content types part
21:36:54.517 [main] DEBUG - Save package relationships
21:36:54.518 [main] DEBUG - Save part 'docProps/app.xml'
21:36:54.518 [main] DEBUG - Save part 'docProps/core.xml'
21:36:54.518 [main] DEBUG - Save part 'docProps/custom.xml'
21:36:54.518 [main] DEBUG - Save part 'xl/sharedStrings.xml'
21:36:54.518 [main] DEBUG - Save part 'xl/styles.xml'
21:36:54.519 [main] DEBUG - Save part 'xl/theme/theme1.xml'
21:36:54.519 [main] DEBUG - Save part 'xl/workbook.xml'
21:36:54.520 [main] DEBUG - Save part 'xl/worksheets/sheet1.xml'
21:36:54.520 [main] DEBUG - Save part 'xl/worksheets/sheet2.xml'
21:36:54.520 [main] DEBUG - Save part 'xl/worksheets/sheet3.xml'
21:36:54.522 [main] DEBUG - Parsing relationship: /xl/_rels/workbook.xml.rels
21:36:54.523 [main] DEBUG - Parsing relationship: /_rels/.rels
21:36:54.532 [main] DEBUG - Save content types part
21:36:54.532 [main] DEBUG - Save package relationships
21:36:54.532 [main] DEBUG - Save part 'docProps/app.xml'
21:36:54.533 [main] DEBUG - Save part 'docProps/core.xml'
21:36:54.533 [main] DEBUG - Save part 'docProps/custom.xml'
21:36:54.533 [main] DEBUG - Save part 'xl/sharedStrings.xml'
21:36:54.533 [main] DEBUG - Save part 'xl/styles.xml'
21:36:54.534 [main] DEBUG - Save part 'xl/theme/theme1.xml'
21:36:54.534 [main] DEBUG - Save part 'xl/workbook.xml'
21:36:54.534 [main] DEBUG - Save part 'xl/worksheets/sheet1.xml'
21:36:54.534 [main] DEBUG - Save part 'xl/worksheets/sheet2.xml'
21:36:54.534 [main] DEBUG - Save part 'xl/worksheets/sheet3.xml'
21:36:54.536 [main] DEBUG - Parsing relationship: /xl/_rels/workbook.xml.rels
21:36:54.537 [main] DEBUG - Parsing relationship: /_rels/.rels
21:36:54.546 [main] DEBUG - Save content types part
21:36:54.547 [main] DEBUG - Save package relationships
21:36:54.547 [main] DEBUG - Save part 'docProps/app.xml'
21:36:54.547 [main] DEBUG - Save part 'docProps/core.xml'
21:36:54.548 [main] DEBUG - Save part 'docProps/custom.xml'
21:36:54.548 [main] DEBUG - Save part 'xl/sharedStrings.xml'
21:36:54.548 [main] DEBUG - Save part 'xl/styles.xml'
21:36:54.548 [main] DEBUG - Save part 'xl/theme/theme1.xml'
21:36:54.548 [main] DEBUG - Save part 'xl/workbook.xml'
21:36:54.548 [main] DEBUG - Save part 'xl/worksheets/sheet1.xml'
21:36:54.549 [main] DEBUG - Save part 'xl/worksheets/sheet2.xml'
21:36:54.549 [main] DEBUG - Save part 'xl/worksheets/sheet3.xml'
21:36:54.551 [main] DEBUG - Parsing relationship: /xl/_rels/workbook.xml.rels
21:36:54.551 [main] DEBUG - Parsing relationship: /_rels/.rels
21:36:54.556 [main] DEBUG - Save content types part
21:36:54.557 [main] DEBUG - Save package relationships
21:36:54.557 [main] DEBUG - Save part 'docProps/app.xml'
21:36:54.557 [main] DEBUG - Save part 'docProps/core.xml'
21:36:54.558 [main] DEBUG - Save part 'docProps/custom.xml'
21:36:54.558 [main] DEBUG - Save part 'xl/sharedStrings.xml'
21:36:54.558 [main] DEBUG - Save part 'xl/styles.xml'
21:36:54.558 [main] DEBUG - Save part 'xl/theme/theme1.xml'
21:36:54.559 [main] DEBUG - Save part 'xl/workbook.xml'
21:36:54.559 [main] DEBUG - Save part 'xl/worksheets/sheet1.xml'
21:36:54.559 [main] DEBUG - Save part 'xl/worksheets/sheet2.xml'
21:36:54.559 [main] DEBUG - Save part 'xl/worksheets/sheet3.xml'
21:36:54.562 [main] DEBUG - Parsing relationship: /xl/_rels/workbook.xml.rels
21:36:54.562 [main] DEBUG - Parsing relationship: /_rels/.rels
21:36:54.574 [main] DEBUG - Save content types part
21:36:54.575 [main] DEBUG - Save package relationships
21:36:54.575 [main] DEBUG - Save part 'docProps/app.xml'
21:36:54.575 [main] DEBUG - Save part 'docProps/core.xml'
21:36:54.575 [main] DEBUG - Save part 'docProps/custom.xml'
21:36:54.575 [main] DEBUG - Save part 'xl/sharedStrings.xml'
21:36:54.575 [main] DEBUG - Save part 'xl/styles.xml'
21:36:54.576 [main] DEBUG - Save part 'xl/theme/theme1.xml'
21:36:54.576 [main] DEBUG - Save part 'xl/workbook.xml'
21:36:54.576 [main] DEBUG - Save part 'xl/worksheets/sheet1.xml'
21:36:54.576 [main] DEBUG - Save part 'xl/worksheets/sheet2.xml'
21:36:54.576 [main] DEBUG - Save part 'xl/worksheets/sheet3.xml'
21:36:54.578 [main] DEBUG - Parsing relationship: /xl/_rels/workbook.xml.rels
21:36:54.579 [main] DEBUG - Parsing relationship: /_rels/.rels
21:36:54.588 [main] DEBUG - Save content types part
21:36:54.588 [main] DEBUG - Save package relationships
21:36:54.589 [main] DEBUG - Save part 'docProps/app.xml'
21:36:54.589 [main] DEBUG - Save part 'docProps/core.xml'
21:36:54.589 [main] DEBUG - Save part 'docProps/custom.xml'
21:36:54.589 [main] DEBUG - Save part 'xl/sharedStrings.xml'
21:36:54.589 [main] DEBUG - Save part 'xl/styles.xml'
21:36:54.589 [main] DEBUG - Save part 'xl/theme/theme1.xml'
21:36:54.590 [main] DEBUG - Save part 'xl/workbook.xml'
21:36:54.590 [main] DEBUG - Save part 'xl/worksheets/sheet1.xml'
21:36:54.590 [main] DEBUG - Save part 'xl/worksheets/sheet2.xml'
21:36:54.590 [main] DEBUG - Save part 'xl/worksheets/sheet3.xml'
21:36:54.592 [main] DEBUG - Parsing relationship: /xl/_rels/workbook.xml.rels
21:36:54.592 [main] DEBUG - Parsing relationship: /_rels/.rels
21:36:54.601 [main] DEBUG - Save content types part
21:36:54.602 [main] DEBUG - Save package relationships
21:36:54.602 [main] DEBUG - Save part 'docProps/app.xml'
21:36:54.602 [main] DEBUG - Save part 'docProps/core.xml'
21:36:54.603 [main] DEBUG - Save part 'docProps/custom.xml'
21:36:54.603 [main] DEBUG - Save part 'xl/sharedStrings.xml'
21:36:54.603 [main] DEBUG - Save part 'xl/styles.xml'
21:36:54.603 [main] DEBUG - Save part 'xl/theme/theme1.xml'
21:36:54.603 [main] DEBUG - Save part 'xl/workbook.xml'
21:36:54.604 [main] DEBUG - Save part 'xl/worksheets/sheet1.xml'
21:36:54.604 [main] DEBUG - Save part 'xl/worksheets/sheet2.xml'
21:36:54.604 [main] DEBUG - Save part 'xl/worksheets/sheet3.xml'
21:36:54.606 [main] DEBUG - Parsing relationship: /xl/_rels/workbook.xml.rels
21:36:54.606 [main] DEBUG - Parsing relationship: /_rels/.rels
21:36:54.615 [main] DEBUG - Save content types part
21:36:54.616 [main] DEBUG - Save package relationships
21:36:54.616 [main] DEBUG - Save part 'docProps/app.xml'
21:36:54.616 [main] DEBUG - Save part 'docProps/core.xml'
21:36:54.616 [main] DEBUG - Save part 'docProps/custom.xml'
21:36:54.616 [main] DEBUG - Save part 'xl/sharedStrings.xml'
21:36:54.616 [main] DEBUG - Save part 'xl/styles.xml'
21:36:54.617 [main] DEBUG - Save part 'xl/theme/theme1.xml'
21:36:54.617 [main] DEBUG - Save part 'xl/workbook.xml'
21:36:54.617 [main] DEBUG - Save part 'xl/worksheets/sheet1.xml'
21:36:54.617 [main] DEBUG - Save part 'xl/worksheets/sheet2.xml'
21:36:54.617 [main] DEBUG - Save part 'xl/worksheets/sheet3.xml'
21:36:54.619 [main] DEBUG - Parsing relationship: /xl/_rels/workbook.xml.rels
21:36:54.619 [main] DEBUG - Parsing relationship: /_rels/.rels
21:36:54.628 [main] DEBUG - Save content types part
21:36:54.628 [main] DEBUG - Save package relationships
21:36:54.628 [main] DEBUG - Save part 'docProps/app.xml'
21:36:54.629 [main] DEBUG - Save part 'docProps/core.xml'
21:36:54.629 [main] DEBUG - Save part 'docProps/custom.xml'
21:36:54.629 [main] DEBUG - Save part 'xl/sharedStrings.xml'
21:36:54.629 [main] DEBUG - Save part 'xl/styles.xml'
21:36:54.629 [main] DEBUG - Save part 'xl/theme/theme1.xml'
21:36:54.629 [main] DEBUG - Save part 'xl/workbook.xml'
21:36:54.630 [main] DEBUG - Save part 'xl/worksheets/sheet1.xml'
21:36:54.630 [main] DEBUG - Save part 'xl/worksheets/sheet2.xml'
21:36:54.630 [main] DEBUG - Save part 'xl/worksheets/sheet3.xml'
21:36:54.632 [main] DEBUG - Parsing relationship: /xl/_rels/workbook.xml.rels
21:36:54.632 [main] DEBUG - Parsing relationship: /_rels/.rels
21:36:54.637 [main] DEBUG - Save content types part
21:36:54.637 [main] DEBUG - Save package relationships
21:36:54.637 [main] DEBUG - Save part 'docProps/app.xml'
21:36:54.638 [main] DEBUG - Save part 'docProps/core.xml'
21:36:54.638 [main] DEBUG - Save part 'docProps/custom.xml'
21:36:54.638 [main] DEBUG - Save part 'xl/sharedStrings.xml'
21:36:54.638 [main] DEBUG - Save part 'xl/styles.xml'
21:36:54.638 [main] DEBUG - Save part 'xl/theme/theme1.xml'
21:36:54.639 [main] DEBUG - Save part 'xl/workbook.xml'
21:36:54.639 [main] DEBUG - Save part 'xl/worksheets/sheet1.xml'
21:36:54.639 [main] DEBUG - Save part 'xl/worksheets/sheet2.xml'
21:36:54.639 [main] DEBUG - Save part 'xl/worksheets/sheet3.xml'
21:36:54.641 [main] DEBUG - Parsing relationship: /xl/_rels/workbook.xml.rels
21:36:54.641 [main] DEBUG - Parsing relationship: /_rels/.rels
21:36:54.650 [main] DEBUG - Save content types part
21:36:54.650 [main] DEBUG - Save package relationships
21:36:54.651 [main] DEBUG - Save part 'docProps/app.xml'
21:36:54.651 [main] DEBUG - Save part 'docProps/core.xml'
21:36:54.651 [main] DEBUG - Save part 'docProps/custom.xml'
21:36:54.651 [main] DEBUG - Save part 'xl/sharedStrings.xml'
21:36:54.651 [main] DEBUG - Save part 'xl/styles.xml'
21:36:54.651 [main] DEBUG - Save part 'xl/theme/theme1.xml'
21:36:54.652 [main] DEBUG - Save part 'xl/workbook.xml'
21:36:54.652 [main] DEBUG - Save part 'xl/worksheets/sheet1.xml'
21:36:54.652 [main] DEBUG - Save part 'xl/worksheets/sheet2.xml'
21:36:54.652 [main] DEBUG - Save part 'xl/worksheets/sheet3.xml'
21:36:54.653 [main] DEBUG - Parsing relationship: /xl/_rels/workbook.xml.rels
21:36:54.654 [main] DEBUG - Parsing relationship: /_rels/.rels
21:36:54.661 [main] DEBUG - Save content types part
21:36:54.662 [main] DEBUG - Save package relationships
21:36:54.662 [main] DEBUG - Save part 'docProps/app.xml'
21:36:54.662 [main] DEBUG - Save part 'docProps/core.xml'
21:36:54.663 [main] DEBUG - Save part 'docProps/custom.xml'
21:36:54.663 [main] DEBUG - Save part 'xl/sharedStrings.xml'
21:36:54.663 [main] DEBUG - Save part 'xl/styles.xml'
21:36:54.663 [main] DEBUG - Save part 'xl/theme/theme1.xml'
21:36:54.663 [main] DEBUG - Save part 'xl/workbook.xml'
21:36:54.663 [main] DEBUG - Save part 'xl/worksheets/sheet1.xml'
21:36:54.663 [main] DEBUG - Save part 'xl/worksheets/sheet2.xml'
21:36:54.664 [main] DEBUG - Save part 'xl/worksheets/sheet3.xml'
21:36:54.665 [main] DEBUG - Parsing relationship: /xl/_rels/workbook.xml.rels
21:36:54.665 [main] DEBUG - Parsing relationship: /_rels/.rels
21:36:54.670 [main] DEBUG - Save content types part
21:36:54.671 [main] DEBUG - Save package relationships
21:36:54.671 [main] DEBUG - Save part 'docProps/app.xml'
21:36:54.671 [main] DEBUG - Save part 'docProps/core.xml'
21:36:54.672 [main] DEBUG - Save part 'docProps/custom.xml'
21:36:54.672 [main] DEBUG - Save part 'xl/sharedStrings.xml'
21:36:54.672 [main] DEBUG - Save part 'xl/styles.xml'
21:36:54.672 [main] DEBUG - Save part 'xl/theme/theme1.xml'
21:36:54.672 [main] DEBUG - Save part 'xl/workbook.xml'
21:36:54.673 [main] DEBUG - Save part 'xl/worksheets/sheet1.xml'
21:36:54.673 [main] DEBUG - Save part 'xl/worksheets/sheet2.xml'
21:36:54.673 [main] DEBUG - Save part 'xl/worksheets/sheet3.xml'
21:36:54.675 [main] DEBUG - Parsing relationship: /xl/_rels/workbook.xml.rels
21:36:54.675 [main] DEBUG - Parsing relationship: /_rels/.rels
21:36:54.684 [main] DEBUG - Save content types part
21:36:54.684 [main] DEBUG - Save package relationships
21:36:54.685 [main] DEBUG - Save part 'docProps/app.xml'
21:36:54.685 [main] DEBUG - Save part 'docProps/core.xml'
21:36:54.685 [main] DEBUG - Save part 'docProps/custom.xml'
21:36:54.685 [main] DEBUG - Save part 'xl/sharedStrings.xml'
21:36:54.685 [main] DEBUG - Save part 'xl/styles.xml'
21:36:54.686 [main] DEBUG - Save part 'xl/theme/theme1.xml'
21:36:54.686 [main] DEBUG - Save part 'xl/workbook.xml'
21:36:54.686 [main] DEBUG - Save part 'xl/worksheets/sheet1.xml'
21:36:54.686 [main] DEBUG - Save part 'xl/worksheets/sheet2.xml'
21:36:54.686 [main] DEBUG - Save part 'xl/worksheets/sheet3.xml'
21:36:54.690 [main] DEBUG - Parsing relationship: /xl/_rels/workbook.xml.rels
21:36:54.690 [main] DEBUG - Parsing relationship: /_rels/.rels
21:36:54.698 [main] DEBUG - Save content types part
21:36:54.698 [main] DEBUG - Save package relationships
21:36:54.699 [main] DEBUG - Save part 'docProps/app.xml'
21:36:54.699 [main] DEBUG - Save part 'docProps/core.xml'
21:36:54.699 [main] DEBUG - Save part 'docProps/custom.xml'
21:36:54.699 [main] DEBUG - Save part 'xl/sharedStrings.xml'
21:36:54.699 [main] DEBUG - Save part 'xl/styles.xml'
21:36:54.700 [main] DEBUG - Save part 'xl/theme/theme1.xml'
21:36:54.700 [main] DEBUG - Save part 'xl/workbook.xml'
21:36:54.700 [main] DEBUG - Save part 'xl/worksheets/sheet1.xml'
21:36:54.700 [main] DEBUG - Save part 'xl/worksheets/sheet2.xml'
21:36:54.700 [main] DEBUG - Save part 'xl/worksheets/sheet3.xml'
21:36:54.702 [main] DEBUG - Parsing relationship: /xl/_rels/workbook.xml.rels
21:36:54.702 [main] DEBUG - Parsing relationship: /_rels/.rels
21:36:54.707 [main] DEBUG - Save content types part
21:36:54.707 [main] DEBUG - Save package relationships
21:36:54.707 [main] DEBUG - Save part 'docProps/app.xml'
21:36:54.707 [main] DEBUG - Save part 'docProps/core.xml'
21:36:54.708 [main] DEBUG - Save part 'docProps/custom.xml'
21:36:54.708 [main] DEBUG - Save part 'xl/sharedStrings.xml'
21:36:54.708 [main] DEBUG - Save part 'xl/styles.xml'
21:36:54.708 [main] DEBUG - Save part 'xl/theme/theme1.xml'
21:36:54.708 [main] DEBUG - Save part 'xl/workbook.xml'
21:36:54.709 [main] DEBUG - Save part 'xl/worksheets/sheet1.xml'
21:36:54.709 [main] DEBUG - Save part 'xl/worksheets/sheet2.xml'
21:36:54.709 [main] DEBUG - Save part 'xl/worksheets/sheet3.xml'
21:36:54.711 [main] DEBUG - Parsing relationship: /xl/_rels/workbook.xml.rels
21:36:54.711 [main] DEBUG - Parsing relationship: /_rels/.rels
21:36:54.718 [main] DEBUG - Save content types part
21:36:54.718 [main] DEBUG - Save package relationships
21:36:54.718 [main] DEBUG - Save part 'docProps/app.xml'
21:36:54.718 [main] DEBUG - Save part 'docProps/core.xml'
21:36:54.719 [main] DEBUG - Save part 'docProps/custom.xml'
21:36:54.719 [main] DEBUG - Save part 'xl/sharedStrings.xml'
21:36:54.719 [main] DEBUG - Save part 'xl/styles.xml'
21:36:54.719 [main] DEBUG - Save part 'xl/theme/theme1.xml'
21:36:54.719 [main] DEBUG - Save part 'xl/workbook.xml'
21:36:54.720 [main] DEBUG - Save part 'xl/worksheets/sheet1.xml'
21:36:54.720 [main] DEBUG - Save part 'xl/worksheets/sheet2.xml'
21:36:54.720 [main] DEBUG - Save part 'xl/worksheets/sheet3.xml'
21:36:54.721 [main] DEBUG - Parsing relationship: /xl/_rels/workbook.xml.rels
21:36:54.721 [main] DEBUG - Parsing relationship: /_rels/.rels
21:36:54.729 [main] DEBUG - Save content types part
21:36:54.729 [main] DEBUG - Save package relationships
21:36:54.730 [main] DEBUG - Save part 'docProps/app.xml'
21:36:54.730 [main] DEBUG - Save part 'docProps/core.xml'
21:36:54.730 [main] DEBUG - Save part 'docProps/custom.xml'
21:36:54.730 [main] DEBUG - Save part 'xl/sharedStrings.xml'
21:36:54.730 [main] DEBUG - Save part 'xl/styles.xml'
21:36:54.730 [main] DEBUG - Save part 'xl/theme/theme1.xml'
21:36:54.731 [main] DEBUG - Save part 'xl/workbook.xml'
21:36:54.731 [main] DEBUG - Save part 'xl/worksheets/sheet1.xml'
21:36:54.731 [main] DEBUG - Save part 'xl/worksheets/sheet2.xml'
21:36:54.731 [main] DEBUG - Save part 'xl/worksheets/sheet3.xml'
21:36:54.733 [main] DEBUG - Parsing relationship: /xl/_rels/workbook.xml.rels
21:36:54.733 [main] DEBUG - Parsing relationship: /_rels/.rels
21:36:54.738 [main] DEBUG - Save content types part
21:36:54.739 [main] DEBUG - Save package relationships
21:36:54.739 [main] DEBUG - Save part 'docProps/app.xml'
21:36:54.740 [main] DEBUG - Save part 'docProps/core.xml'
21:36:54.740 [main] DEBUG - Save part 'docProps/custom.xml'
21:36:54.740 [main] DEBUG - Save part 'xl/sharedStrings.xml'
21:36:54.740 [main] DEBUG - Save part 'xl/styles.xml'
21:36:54.740 [main] DEBUG - Save part 'xl/theme/theme1.xml'
21:36:54.741 [main] DEBUG - Save part 'xl/workbook.xml'
21:36:54.741 [main] DEBUG - Save part 'xl/worksheets/sheet1.xml'
21:36:54.741 [main] DEBUG - Save part 'xl/worksheets/sheet2.xml'
21:36:54.741 [main] DEBUG - Save part 'xl/worksheets/sheet3.xml'
21:36:54.743 [main] DEBUG - Parsing relationship: /xl/_rels/workbook.xml.rels
21:36:54.743 [main] DEBUG - Parsing relationship: /_rels/.rels
21:36:54.750 [main] DEBUG - Save content types part
21:36:54.751 [main] DEBUG - Save package relationships
21:36:54.751 [main] DEBUG - Save part 'docProps/app.xml'
21:36:54.751 [main] DEBUG - Save part 'docProps/core.xml'
21:36:54.752 [main] DEBUG - Save part 'docProps/custom.xml'
21:36:54.752 [main] DEBUG - Save part 'xl/sharedStrings.xml'
21:36:54.752 [main] DEBUG - Save part 'xl/styles.xml'
21:36:54.752 [main] DEBUG - Save part 'xl/theme/theme1.xml'
21:36:54.752 [main] DEBUG - Save part 'xl/workbook.xml'
21:36:54.753 [main] DEBUG - Save part 'xl/worksheets/sheet1.xml'
21:36:54.753 [main] DEBUG - Save part 'xl/worksheets/sheet2.xml'
21:36:54.753 [main] DEBUG - Save part 'xl/worksheets/sheet3.xml'
21:36:54.754 [main] DEBUG - Parsing relationship: /xl/_rels/workbook.xml.rels
21:36:54.754 [main] DEBUG - Parsing relationship: /_rels/.rels
21:36:54.762 [main] DEBUG - Save content types part
21:36:54.762 [main] DEBUG - Save package relationships
21:36:54.762 [main] DEBUG - Save part 'docProps/app.xml'
21:36:54.762 [main] DEBUG - Save part 'docProps/core.xml'
21:36:54.763 [main] DEBUG - Save part 'docProps/custom.xml'
21:36:54.763 [main] DEBUG - Save part 'xl/sharedStrings.xml'
21:36:54.763 [main] DEBUG - Save part 'xl/styles.xml'
21:36:54.763 [main] DEBUG - Save part 'xl/theme/theme1.xml'
21:36:54.763 [main] DEBUG - Save part 'xl/workbook.xml'
21:36:54.764 [main] DEBUG - Save part 'xl/worksheets/sheet1.xml'
21:36:54.764 [main] DEBUG - Save part 'xl/worksheets/sheet2.xml'
21:36:54.764 [main] DEBUG - Save part 'xl/worksheets/sheet3.xml'
21:36:54.765 [main] DEBUG - Parsing relationship: /xl/_rels/workbook.xml.rels
21:36:54.766 [main] DEBUG - Parsing relationship: /_rels/.rels
21:36:54.772 [main] DEBUG - Save content types part
21:36:54.772 [main] DEBUG - Save package relationships
21:36:54.772 [main] DEBUG - Save part 'docProps/app.xml'
21:36:54.772 [main] DEBUG - Save part 'docProps/core.xml'
21:36:54.773 [main] DEBUG - Save part 'docProps/custom.xml'
21:36:54.773 [main] DEBUG - Save part 'xl/sharedStrings.xml'
21:36:54.773 [main] DEBUG - Save part 'xl/styles.xml'
21:36:54.773 [main] DEBUG - Save part 'xl/theme/theme1.xml'
21:36:54.773 [main] DEBUG - Save part 'xl/workbook.xml'
21:36:54.774 [main] DEBUG - Save part 'xl/worksheets/sheet1.xml'
21:36:54.774 [main] DEBUG - Save part 'xl/worksheets/sheet2.xml'
21:36:54.774 [main] DEBUG - Save part 'xl/worksheets/sheet3.xml'
21:36:54.776 [main] DEBUG - Parsing relationship: /xl/_rels/workbook.xml.rels
21:36:54.776 [main] DEBUG - Parsing relationship: /_rels/.rels
21:36:54.786 [main] DEBUG - Save content types part
21:36:54.786 [main] DEBUG - Save package relationships
21:36:54.786 [main] DEBUG - Save part 'docProps/app.xml'
21:36:54.786 [main] DEBUG - Save part 'docProps/core.xml'
21:36:54.787 [main] DEBUG - Save part 'docProps/custom.xml'
21:36:54.787 [main] DEBUG - Save part 'xl/sharedStrings.xml'
21:36:54.787 [main] DEBUG - Save part 'xl/styles.xml'
21:36:54.787 [main] DEBUG - Save part 'xl/theme/theme1.xml'
21:36:54.787 [main] DEBUG - Save part 'xl/workbook.xml'
21:36:54.787 [main] DEBUG - Save part 'xl/worksheets/sheet1.xml'
21:36:54.787 [main] DEBUG - Save part 'xl/worksheets/sheet2.xml'
21:36:54.788 [main] DEBUG - Save part 'xl/worksheets/sheet3.xml'
21:36:54.789 [main] DEBUG - Parsing relationship: /xl/_rels/workbook.xml.rels
21:36:54.789 [main] DEBUG - Parsing relationship: /_rels/.rels
21:36:54.797 [main] DEBUG - Save content types part
21:36:54.797 [main] DEBUG - Save package relationships
21:36:54.798 [main] DEBUG - Save part 'docProps/app.xml'
21:36:54.798 [main] DEBUG - Save part 'docProps/core.xml'
21:36:54.798 [main] DEBUG - Save part 'docProps/custom.xml'
21:36:54.798 [main] DEBUG - Save part 'xl/sharedStrings.xml'
21:36:54.798 [main] DEBUG - Save part 'xl/styles.xml'
21:36:54.798 [main] DEBUG - Save part 'xl/theme/theme1.xml'
21:36:54.799 [main] DEBUG - Save part 'xl/workbook.xml'
21:36:54.799 [main] DEBUG - Save part 'xl/worksheets/sheet1.xml'
21:36:54.799 [main] DEBUG - Save part 'xl/worksheets/sheet2.xml'
21:36:54.799 [main] DEBUG - Save part 'xl/worksheets/sheet3.xml'
21:36:54.801 [main] DEBUG - Parsing relationship: /xl/_rels/workbook.xml.rels
21:36:54.801 [main] DEBUG - Parsing relationship: /_rels/.rels
21:36:54.806 [main] DEBUG - Save content types part
21:36:54.807 [main] DEBUG - Save package relationships
21:36:54.807 [main] DEBUG - Save part 'docProps/app.xml'
21:36:54.807 [main] DEBUG - Save part 'docProps/core.xml'
21:36:54.808 [main] DEBUG - Save part 'docProps/custom.xml'
21:36:54.808 [main] DEBUG - Save part 'xl/sharedStrings.xml'
21:36:54.808 [main] DEBUG - Save part 'xl/styles.xml'
21:36:54.808 [main] DEBUG - Save part 'xl/theme/theme1.xml'
21:36:54.808 [main] DEBUG - Save part 'xl/workbook.xml'
21:36:54.809 [main] DEBUG - Save part 'xl/worksheets/sheet1.xml'
21:36:54.809 [main] DEBUG - Save part 'xl/worksheets/sheet2.xml'
21:36:54.809 [main] DEBUG - Save part 'xl/worksheets/sheet3.xml'
21:36:54.811 [main] DEBUG - Parsing relationship: /xl/_rels/workbook.xml.rels
21:36:54.811 [main] DEBUG - Parsing relationship: /_rels/.rels
21:36:54.819 [main] DEBUG - Save content types part
21:36:54.819 [main] DEBUG - Save package relationships
21:36:54.820 [main] DEBUG - Save part 'docProps/app.xml'
21:36:54.820 [main] DEBUG - Save part 'docProps/core.xml'
21:36:54.820 [main] DEBUG - Save part 'docProps/custom.xml'
21:36:54.820 [main] DEBUG - Save part 'xl/sharedStrings.xml'
21:36:54.820 [main] DEBUG - Save part 'xl/styles.xml'
21:36:54.820 [main] DEBUG - Save part 'xl/theme/theme1.xml'
21:36:54.821 [main] DEBUG - Save part 'xl/workbook.xml'
21:36:54.821 [main] DEBUG - Save part 'xl/worksheets/sheet1.xml'
21:36:54.821 [main] DEBUG - Save part 'xl/worksheets/sheet2.xml'
21:36:54.821 [main] DEBUG - Save part 'xl/worksheets/sheet3.xml'
21:36:54.823 [main] DEBUG - Parsing relationship: /xl/_rels/workbook.xml.rels
21:36:54.823 [main] DEBUG - Parsing relationship: /_rels/.rels
21:36:54.831 [main] DEBUG - Save content types part
21:36:54.831 [main] DEBUG - Save package relationships
21:36:54.831 [main] DEBUG - Save part 'docProps/app.xml'
21:36:54.831 [main] DEBUG - Save part 'docProps/core.xml'
21:36:54.832 [main] DEBUG - Save part 'docProps/custom.xml'
21:36:54.832 [main] DEBUG - Save part 'xl/sharedStrings.xml'
21:36:54.832 [main] DEBUG - Save part 'xl/styles.xml'
21:36:54.832 [main] DEBUG - Save part 'xl/theme/theme1.xml'
21:36:54.832 [main] DEBUG - Save part 'xl/workbook.xml'
21:36:54.832 [main] DEBUG - Save part 'xl/worksheets/sheet1.xml'
21:36:54.832 [main] DEBUG - Save part 'xl/worksheets/sheet2.xml'
21:36:54.832 [main] DEBUG - Save part 'xl/worksheets/sheet3.xml'
21:36:54.834 [main] DEBUG - Parsing relationship: /xl/_rels/workbook.xml.rels
21:36:54.834 [main] DEBUG - Parsing relationship: /_rels/.rels
21:36:54.840 [main] DEBUG - Save content types part
21:36:54.840 [main] DEBUG - Save package relationships
21:36:54.840 [main] DEBUG - Save part 'docProps/app.xml'
21:36:54.841 [main] DEBUG - Save part 'docProps/core.xml'
21:36:54.841 [main] DEBUG - Save part 'docProps/custom.xml'
21:36:54.841 [main] DEBUG - Save part 'xl/sharedStrings.xml'
21:36:54.841 [main] DEBUG - Save part 'xl/styles.xml'
21:36:54.841 [main] DEBUG - Save part 'xl/theme/theme1.xml'
21:36:54.841 [main] DEBUG - Save part 'xl/workbook.xml'
21:36:54.842 [main] DEBUG - Save part 'xl/worksheets/sheet1.xml'
21:36:54.842 [main] DEBUG - Save part 'xl/worksheets/sheet2.xml'
21:36:54.842 [main] DEBUG - Save part 'xl/worksheets/sheet3.xml'
21:36:54.844 [main] DEBUG - Parsing relationship: /xl/_rels/workbook.xml.rels
21:36:54.844 [main] DEBUG - Parsing relationship: /_rels/.rels
21:36:54.852 [main] DEBUG - Save content types part
21:36:54.853 [main] DEBUG - Save package relationships
21:36:54.853 [main] DEBUG - Save part 'docProps/app.xml'
21:36:54.853 [main] DEBUG - Save part 'docProps/core.xml'
21:36:54.853 [main] DEBUG - Save part 'docProps/custom.xml'
21:36:54.853 [main] DEBUG - Save part 'xl/sharedStrings.xml'
21:36:54.853 [main] DEBUG - Save part 'xl/styles.xml'
21:36:54.854 [main] DEBUG - Save part 'xl/theme/theme1.xml'
21:36:54.854 [main] DEBUG - Save part 'xl/workbook.xml'
21:36:54.854 [main] DEBUG - Save part 'xl/worksheets/sheet1.xml'
21:36:54.854 [main] DEBUG - Save part 'xl/worksheets/sheet2.xml'
21:36:54.854 [main] DEBUG - Save part 'xl/worksheets/sheet3.xml'
21:36:54.856 [main] DEBUG - Parsing relationship: /xl/_rels/workbook.xml.rels
21:36:54.856 [main] DEBUG - Parsing relationship: /_rels/.rels
21:36:54.863 [main] DEBUG - Save content types part
21:36:54.863 [main] DEBUG - Save package relationships
21:36:54.863 [main] DEBUG - Save part 'docProps/app.xml'
21:36:54.863 [main] DEBUG - Save part 'docProps/core.xml'
21:36:54.864 [main] DEBUG - Save part 'docProps/custom.xml'
21:36:54.864 [main] DEBUG - Save part 'xl/sharedStrings.xml'
21:36:54.864 [main] DEBUG - Save part 'xl/styles.xml'
21:36:54.864 [main] DEBUG - Save part 'xl/theme/theme1.xml'
21:36:54.864 [main] DEBUG - Save part 'xl/workbook.xml'
21:36:54.864 [main] DEBUG - Save part 'xl/worksheets/sheet1.xml'
21:36:54.865 [main] DEBUG - Save part 'xl/worksheets/sheet2.xml'
21:36:54.865 [main] DEBUG - Save part 'xl/worksheets/sheet3.xml'
21:36:54.866 [main] DEBUG - Parsing relationship: /xl/_rels/workbook.xml.rels
21:36:54.866 [main] DEBUG - Parsing relationship: /_rels/.rels
21:36:54.871 [main] DEBUG - Save content types part
21:36:54.872 [main] DEBUG - Save package relationships
21:36:54.872 [main] DEBUG - Save part 'docProps/app.xml'
21:36:54.872 [main] DEBUG - Save part 'docProps/core.xml'
21:36:54.872 [main] DEBUG - Save part 'docProps/custom.xml'
21:36:54.873 [main] DEBUG - Save part 'xl/sharedStrings.xml'
21:36:54.873 [main] DEBUG - Save part 'xl/styles.xml'
21:36:54.873 [main] DEBUG - Save part 'xl/theme/theme1.xml'
21:36:54.873 [main] DEBUG - Save part 'xl/workbook.xml'
21:36:54.873 [main] DEBUG - Save part 'xl/worksheets/sheet1.xml'
21:36:54.873 [main] DEBUG - Save part 'xl/worksheets/sheet2.xml'
21:36:54.874 [main] DEBUG - Save part 'xl/worksheets/sheet3.xml'
21:36:54.875 [main] DEBUG - Parsing relationship: /xl/_rels/workbook.xml.rels
21:36:54.875 [main] DEBUG - Parsing relationship: /_rels/.rels
21:36:54.882 [main] DEBUG - Save content types part
21:36:54.883 [main] DEBUG - Save package relationships
21:36:54.883 [main] DEBUG - Save part 'docProps/app.xml'
21:36:54.883 [main] DEBUG - Save part 'docProps/core.xml'
21:36:54.883 [main] DEBUG - Save part 'docProps/custom.xml'
21:36:54.883 [main] DEBUG - Save part 'xl/sharedStrings.xml'
21:36:54.883 [main] DEBUG - Save part 'xl/styles.xml'
21:36:54.884 [main] DEBUG - Save part 'xl/theme/theme1.xml'
21:36:54.884 [main] DEBUG - Save part 'xl/workbook.xml'
21:36:54.884 [main] DEBUG - Save part 'xl/worksheets/sheet1.xml'
21:36:54.884 [main] DEBUG - Save part 'xl/worksheets/sheet2.xml'
21:36:54.884 [main] DEBUG - Save part 'xl/worksheets/sheet3.xml'
21:36:54.886 [main] DEBUG - Parsing relationship: /xl/_rels/workbook.xml.rels
21:36:54.886 [main] DEBUG - Parsing relationship: /_rels/.rels
21:36:54.892 [main] DEBUG - Save content types part
21:36:54.892 [main] DEBUG - Save package relationships
21:36:54.893 [main] DEBUG - Save part 'docProps/app.xml'
21:36:54.893 [main] DEBUG - Save part 'docProps/core.xml'
21:36:54.893 [main] DEBUG - Save part 'docProps/custom.xml'
21:36:54.893 [main] DEBUG - Save part 'xl/sharedStrings.xml'
21:36:54.893 [main] DEBUG - Save part 'xl/styles.xml'
21:36:54.893 [main] DEBUG - Save part 'xl/theme/theme1.xml'
21:36:54.893 [main] DEBUG - Save part 'xl/workbook.xml'
21:36:54.893 [main] DEBUG - Save part 'xl/worksheets/sheet1.xml'
21:36:54.894 [main] DEBUG - Save part 'xl/worksheets/sheet2.xml'
21:36:54.894 [main] DEBUG - Save part 'xl/worksheets/sheet3.xml'
21:36:54.895 [main] DEBUG - Parsing relationship: /xl/_rels/workbook.xml.rels
21:36:54.895 [main] DEBUG - Parsing relationship: /_rels/.rels
21:36:54.899 [main] DEBUG - Save content types part
21:36:54.900 [main] DEBUG - Save package relationships
21:36:54.900 [main] DEBUG - Save part 'docProps/app.xml'
21:36:54.900 [main] DEBUG - Save part 'docProps/core.xml'
21:36:54.901 [main] DEBUG - Save part 'docProps/custom.xml'
21:36:54.901 [main] DEBUG - Save part 'xl/sharedStrings.xml'
21:36:54.901 [main] DEBUG - Save part 'xl/styles.xml'
21:36:54.901 [main] DEBUG - Save part 'xl/theme/theme1.xml'
21:36:54.901 [main] DEBUG - Save part 'xl/workbook.xml'
21:36:54.902 [main] DEBUG - Save part 'xl/worksheets/sheet1.xml'
21:36:54.902 [main] DEBUG - Save part 'xl/worksheets/sheet2.xml'
21:36:54.902 [main] DEBUG - Save part 'xl/worksheets/sheet3.xml'
21:36:54.903 [main] DEBUG - Parsing relationship: /xl/_rels/workbook.xml.rels
21:36:54.904 [main] DEBUG - Parsing relationship: /_rels/.rels
21:36:54.911 [main] DEBUG - Save content types part
21:36:54.912 [main] DEBUG - Save package relationships
21:36:54.912 [main] DEBUG - Save part 'docProps/app.xml'
21:36:54.912 [main] DEBUG - Save part 'docProps/core.xml'
21:36:54.912 [main] DEBUG - Save part 'docProps/custom.xml'
21:36:54.912 [main] DEBUG - Save part 'xl/sharedStrings.xml'
21:36:54.913 [main] DEBUG - Save part 'xl/styles.xml'
21:36:54.913 [main] DEBUG - Save part 'xl/theme/theme1.xml'
21:36:54.913 [main] DEBUG - Save part 'xl/workbook.xml'
21:36:54.913 [main] DEBUG - Save part 'xl/worksheets/sheet1.xml'
21:36:54.913 [main] DEBUG - Save part 'xl/worksheets/sheet2.xml'
21:36:54.913 [main] DEBUG - Save part 'xl/worksheets/sheet3.xml'
21:36:54.915 [main] DEBUG - Parsing relationship: /xl/_rels/workbook.xml.rels
21:36:54.915 [main] DEBUG - Parsing relationship: /_rels/.rels
21:36:54.922 [main] DEBUG - Save content types part
21:36:54.922 [main] DEBUG - Save package relationships
21:36:54.922 [main] DEBUG - Save part 'docProps/app.xml'
21:36:54.922 [main] DEBUG - Save part 'docProps/core.xml'
21:36:54.923 [main] DEBUG - Save part 'docProps/custom.xml'
21:36:54.923 [main] DEBUG - Save part 'xl/sharedStrings.xml'
21:36:54.923 [main] DEBUG - Save part 'xl/styles.xml'
21:36:54.923 [main] DEBUG - Save part 'xl/theme/theme1.xml'
21:36:54.923 [main] DEBUG - Save part 'xl/workbook.xml'
21:36:54.923 [main] DEBUG - Save part 'xl/worksheets/sheet1.xml'
21:36:54.923 [main] DEBUG - Save part 'xl/worksheets/sheet2.xml'
21:36:54.923 [main] DEBUG - Save part 'xl/worksheets/sheet3.xml'
21:36:54.925 [main] DEBUG - Parsing relationship: /xl/_rels/workbook.xml.rels
21:36:54.925 [main] DEBUG - Parsing relationship: /_rels/.rels
21:36:54.929 [main] DEBUG - Save content types part
21:36:54.930 [main] DEBUG - Save package relationships
21:36:54.930 [main] DEBUG - Save part 'docProps/app.xml'
21:36:54.930 [main] DEBUG - Save part 'docProps/core.xml'
21:36:54.930 [main] DEBUG - Save part 'docProps/custom.xml'
21:36:54.930 [main] DEBUG - Save part 'xl/sharedStrings.xml'
21:36:54.930 [main] DEBUG - Save part 'xl/styles.xml'
21:36:54.931 [main] DEBUG - Save part 'xl/theme/theme1.xml'
21:36:54.931 [main] DEBUG - Save part 'xl/workbook.xml'
21:36:54.931 [main] DEBUG - Save part 'xl/worksheets/sheet1.xml'
21:36:54.931 [main] DEBUG - Save part 'xl/worksheets/sheet2.xml'
21:36:54.931 [main] DEBUG - Save part 'xl/worksheets/sheet3.xml'
21:36:54.933 [main] DEBUG - Parsing relationship: /xl/_rels/workbook.xml.rels
21:36:54.934 [main] DEBUG - Parsing relationship: /_rels/.rels
21:36:54.940 [main] DEBUG - Save content types part
21:36:54.941 [main] DEBUG - Save package relationships
21:36:54.941 [main] DEBUG - Save part 'docProps/app.xml'
21:36:54.941 [main] DEBUG - Save part 'docProps/core.xml'
21:36:54.941 [main] DEBUG - Save part 'docProps/custom.xml'
21:36:54.942 [main] DEBUG - Save part 'xl/sharedStrings.xml'
21:36:54.942 [main] DEBUG - Save part 'xl/styles.xml'
21:36:54.942 [main] DEBUG - Save part 'xl/theme/theme1.xml'
21:36:54.942 [main] DEBUG - Save part 'xl/workbook.xml'
21:36:54.943 [main] DEBUG - Save part 'xl/worksheets/sheet1.xml'
21:36:54.943 [main] DEBUG - Save part 'xl/worksheets/sheet2.xml'
21:36:54.943 [main] DEBUG - Save part 'xl/worksheets/sheet3.xml'
21:36:54.944 [main] DEBUG - Parsing relationship: /xl/_rels/workbook.xml.rels
21:36:54.945 [main] DEBUG - Parsing relationship: /_rels/.rels
21:36:54.952 [main] DEBUG - Save content types part
21:36:54.953 [main] DEBUG - Save package relationships
21:36:54.953 [main] DEBUG - Save part 'docProps/app.xml'
21:36:54.953 [main] DEBUG - Save part 'docProps/core.xml'
21:36:54.953 [main] DEBUG - Save part 'docProps/custom.xml'
21:36:54.953 [main] DEBUG - Save part 'xl/sharedStrings.xml'
21:36:54.953 [main] DEBUG - Save part 'xl/styles.xml'
21:36:54.953 [main] DEBUG - Save part 'xl/theme/theme1.xml'
21:36:54.954 [main] DEBUG - Save part 'xl/workbook.xml'
21:36:54.954 [main] DEBUG - Save part 'xl/worksheets/sheet1.xml'
21:36:54.954 [main] DEBUG - Save part 'xl/worksheets/sheet2.xml'
21:36:54.954 [main] DEBUG - Save part 'xl/worksheets/sheet3.xml'
21:36:54.956 [main] DEBUG - Parsing relationship: /xl/_rels/workbook.xml.rels
21:36:54.956 [main] DEBUG - Parsing relationship: /_rels/.rels
21:36:54.961 [main] DEBUG - Save content types part
21:36:54.961 [main] DEBUG - Save package relationships
21:36:54.962 [main] DEBUG - Save part 'docProps/app.xml'
21:36:54.962 [main] DEBUG - Save part 'docProps/core.xml'
21:36:54.962 [main] DEBUG - Save part 'docProps/custom.xml'
21:36:54.962 [main] DEBUG - Save part 'xl/sharedStrings.xml'
21:36:54.962 [main] DEBUG - Save part 'xl/styles.xml'
21:36:54.962 [main] DEBUG - Save part 'xl/theme/theme1.xml'
21:36:54.963 [main] DEBUG - Save part 'xl/workbook.xml'
21:36:54.963 [main] DEBUG - Save part 'xl/worksheets/sheet1.xml'
21:36:54.963 [main] DEBUG - Save part 'xl/worksheets/sheet2.xml'
21:36:54.963 [main] DEBUG - Save part 'xl/worksheets/sheet3.xml'
21:36:54.965 [main] DEBUG - Parsing relationship: /xl/_rels/workbook.xml.rels
21:36:54.965 [main] DEBUG - Parsing relationship: /_rels/.rels
21:36:54.972 [main] DEBUG - Save content types part
21:36:54.973 [main] DEBUG - Save package relationships
21:36:54.973 [main] DEBUG - Save part 'docProps/app.xml'
21:36:54.973 [main] DEBUG - Save part 'docProps/core.xml'
21:36:54.973 [main] DEBUG - Save part 'docProps/custom.xml'
21:36:54.973 [main] DEBUG - Save part 'xl/sharedStrings.xml'
21:36:54.973 [main] DEBUG - Save part 'xl/styles.xml'
21:36:54.974 [main] DEBUG - Save part 'xl/theme/theme1.xml'
21:36:54.974 [main] DEBUG - Save part 'xl/workbook.xml'
21:36:54.974 [main] DEBUG - Save part 'xl/worksheets/sheet1.xml'
21:36:54.974 [main] DEBUG - Save part 'xl/worksheets/sheet2.xml'
21:36:54.974 [main] DEBUG - Save part 'xl/worksheets/sheet3.xml'
21:36:54.976 [main] DEBUG - Parsing relationship: /xl/_rels/workbook.xml.rels
21:36:54.976 [main] DEBUG - Parsing relationship: /_rels/.rels
21:36:54.985 [main] DEBUG - Save content types part
21:36:54.986 [main] DEBUG - Save package relationships
21:36:54.986 [main] DEBUG - Save part 'docProps/app.xml'
21:36:54.986 [main] DEBUG - Save part 'docProps/core.xml'
21:36:54.986 [main] DEBUG - Save part 'docProps/custom.xml'
21:36:54.986 [main] DEBUG - Save part 'xl/sharedStrings.xml'
21:36:54.986 [main] DEBUG - Save part 'xl/styles.xml'
21:36:54.986 [main] DEBUG - Save part 'xl/theme/theme1.xml'
21:36:54.987 [main] DEBUG - Save part 'xl/workbook.xml'
21:36:54.987 [main] DEBUG - Save part 'xl/worksheets/sheet1.xml'
21:36:54.987 [main] DEBUG - Save part 'xl/worksheets/sheet2.xml'
21:36:54.987 [main] DEBUG - Save part 'xl/worksheets/sheet3.xml'
21:36:54.989 [main] DEBUG - Parsing relationship: /xl/_rels/workbook.xml.rels
21:36:54.989 [main] DEBUG - Parsing relationship: /_rels/.rels
21:36:54.994 [main] DEBUG - Save content types part
21:36:54.995 [main] DEBUG - Save package relationships
21:36:54.995 [main] DEBUG - Save part 'docProps/app.xml'
21:36:54.995 [main] DEBUG - Save part 'docProps/core.xml'
21:36:54.996 [main] DEBUG - Save part 'docProps/custom.xml'
21:36:54.996 [main] DEBUG - Save part 'xl/sharedStrings.xml'
21:36:54.996 [main] DEBUG - Save part 'xl/styles.xml'
21:36:54.996 [main] DEBUG - Save part 'xl/theme/theme1.xml'
21:36:54.996 [main] DEBUG - Save part 'xl/workbook.xml'
21:36:54.997 [main] DEBUG - Save part 'xl/worksheets/sheet1.xml'
21:36:54.997 [main] DEBUG - Save part 'xl/worksheets/sheet2.xml'
21:36:54.997 [main] DEBUG - Save part 'xl/worksheets/sheet3.xml'
21:36:54.998 [main] DEBUG - Parsing relationship: /xl/_rels/workbook.xml.rels
21:36:54.999 [main] DEBUG - Parsing relationship: /_rels/.rels
21:36:55.005 [main] DEBUG - Save content types part
21:36:55.006 [main] DEBUG - Save package relationships
21:36:55.006 [main] DEBUG - Save part 'docProps/app.xml'
21:36:55.006 [main] DEBUG - Save part 'docProps/core.xml'
21:36:55.006 [main] DEBUG - Save part 'docProps/custom.xml'
21:36:55.006 [main] DEBUG - Save part 'xl/sharedStrings.xml'
21:36:55.006 [main] DEBUG - Save part 'xl/styles.xml'
21:36:55.007 [main] DEBUG - Save part 'xl/theme/theme1.xml'
21:36:55.007 [main] DEBUG - Save part 'xl/workbook.xml'
21:36:55.007 [main] DEBUG - Save part 'xl/worksheets/sheet1.xml'
21:36:55.007 [main] DEBUG - Save part 'xl/worksheets/sheet2.xml'
21:36:55.007 [main] DEBUG - Save part 'xl/worksheets/sheet3.xml'
21:36:55.009 [main] DEBUG - Parsing relationship: /xl/_rels/workbook.xml.rels
21:36:55.009 [main] DEBUG - Parsing relationship: /_rels/.rels
21:36:55.016 [main] DEBUG - Save content types part
21:36:55.017 [main] DEBUG - Save package relationships
21:36:55.017 [main] DEBUG - Save part 'docProps/app.xml'
21:36:55.017 [main] DEBUG - Save part 'docProps/core.xml'
21:36:55.017 [main] DEBUG - Save part 'docProps/custom.xml'
21:36:55.017 [main] DEBUG - Save part 'xl/sharedStrings.xml'
21:36:55.018 [main] DEBUG - Save part 'xl/styles.xml'
21:36:55.018 [main] DEBUG - Save part 'xl/theme/theme1.xml'
21:36:55.018 [main] DEBUG - Save part 'xl/workbook.xml'
21:36:55.018 [main] DEBUG - Save part 'xl/worksheets/sheet1.xml'
21:36:55.018 [main] DEBUG - Save part 'xl/worksheets/sheet2.xml'
21:36:55.018 [main] DEBUG - Save part 'xl/worksheets/sheet3.xml'
21:36:55.020 [main] DEBUG - Parsing relationship: /xl/_rels/workbook.xml.rels
21:36:55.020 [main] DEBUG - Parsing relationship: /_rels/.rels
21:36:55.025 [main] DEBUG - Save content types part
21:36:55.025 [main] DEBUG - Save package relationships
21:36:55.025 [main] DEBUG - Save part 'docProps/app.xml'
21:36:55.026 [main] DEBUG - Save part 'docProps/core.xml'
21:36:55.026 [main] DEBUG - Save part 'docProps/custom.xml'
21:36:55.026 [main] DEBUG - Save part 'xl/sharedStrings.xml'
21:36:55.026 [main] DEBUG - Save part 'xl/styles.xml'
21:36:55.026 [main] DEBUG - Save part 'xl/theme/theme1.xml'
21:36:55.026 [main] DEBUG - Save part 'xl/workbook.xml'
21:36:55.027 [main] DEBUG - Save part 'xl/worksheets/sheet1.xml'
21:36:55.027 [main] DEBUG - Save part 'xl/worksheets/sheet2.xml'
21:36:55.027 [main] DEBUG - Save part 'xl/worksheets/sheet3.xml'
21:36:55.029 [main] DEBUG - Parsing relationship: /xl/_rels/workbook.xml.rels
21:36:55.029 [main] DEBUG - Parsing relationship: /_rels/.rels
21:36:55.038 [main] DEBUG - Save content types part
21:36:55.039 [main] DEBUG - Save package relationships
21:36:55.039 [main] DEBUG - Save part 'docProps/app.xml'
21:36:55.039 [main] DEBUG - Save part 'docProps/core.xml'
21:36:55.040 [main] DEBUG - Save part 'docProps/custom.xml'
21:36:55.040 [main] DEBUG - Save part 'xl/sharedStrings.xml'
21:36:55.040 [main] DEBUG - Save part 'xl/styles.xml'
21:36:55.040 [main] DEBUG - Save part 'xl/theme/theme1.xml'
21:36:55.040 [main] DEBUG - Save part 'xl/workbook.xml'
21:36:55.040 [main] DEBUG - Save part 'xl/worksheets/sheet1.xml'
21:36:55.040 [main] DEBUG - Save part 'xl/worksheets/sheet2.xml'
21:36:55.040 [main] DEBUG - Save part 'xl/worksheets/sheet3.xml'
21:36:55.042 [main] DEBUG - Parsing relationship: /xl/_rels/workbook.xml.rels
21:36:55.042 [main] DEBUG - Parsing relationship: /_rels/.rels
21:36:55.049 [main] DEBUG - Save content types part
21:36:55.049 [main] DEBUG - Save package relationships
21:36:55.049 [main] DEBUG - Save part 'docProps/app.xml'
21:36:55.049 [main] DEBUG - Save part 'docProps/core.xml'
21:36:55.050 [main] DEBUG - Save part 'docProps/custom.xml'
21:36:55.050 [main] DEBUG - Save part 'xl/sharedStrings.xml'
21:36:55.050 [main] DEBUG - Save part 'xl/styles.xml'
21:36:55.050 [main] DEBUG - Save part 'xl/theme/theme1.xml'
21:36:55.050 [main] DEBUG - Save part 'xl/workbook.xml'
21:36:55.050 [main] DEBUG - Save part 'xl/worksheets/sheet1.xml'
21:36:55.050 [main] DEBUG - Save part 'xl/worksheets/sheet2.xml'
21:36:55.050 [main] DEBUG - Save part 'xl/worksheets/sheet3.xml'
21:36:55.052 [main] DEBUG - Parsing relationship: /xl/_rels/workbook.xml.rels
21:36:55.052 [main] DEBUG - Parsing relationship: /_rels/.rels
21:36:55.057 [main] DEBUG - Save content types part
21:36:55.059 [main] DEBUG - Save package relationships
21:36:55.059 [main] DEBUG - Save part 'docProps/app.xml'
21:36:55.060 [main] DEBUG - Save part 'docProps/core.xml'
21:36:55.060 [main] DEBUG - Save part 'docProps/custom.xml'
21:36:55.060 [main] DEBUG - Save part 'xl/sharedStrings.xml'
21:36:55.060 [main] DEBUG - Save part 'xl/styles.xml'
21:36:55.060 [main] DEBUG - Save part 'xl/theme/theme1.xml'
21:36:55.060 [main] DEBUG - Save part 'xl/workbook.xml'
21:36:55.061 [main] DEBUG - Save part 'xl/worksheets/sheet1.xml'
21:36:55.061 [main] DEBUG - Save part 'xl/worksheets/sheet2.xml'
21:36:55.061 [main] DEBUG - Save part 'xl/worksheets/sheet3.xml'
21:36:55.062 [main] DEBUG - Parsing relationship: /xl/_rels/workbook.xml.rels
21:36:55.063 [main] DEBUG - Parsing relationship: /_rels/.rels
21:36:55.069 [main] DEBUG - Save content types part
21:36:55.069 [main] DEBUG - Save package relationships
21:36:55.070 [main] DEBUG - Save part 'docProps/app.xml'
21:36:55.070 [main] DEBUG - Save part 'docProps/core.xml'
21:36:55.070 [main] DEBUG - Save part 'docProps/custom.xml'
21:36:55.070 [main] DEBUG - Save part 'xl/sharedStrings.xml'
21:36:55.070 [main] DEBUG - Save part 'xl/styles.xml'
21:36:55.070 [main] DEBUG - Save part 'xl/theme/theme1.xml'
21:36:55.070 [main] DEBUG - Save part 'xl/workbook.xml'
21:36:55.070 [main] DEBUG - Save part 'xl/worksheets/sheet1.xml'
21:36:55.071 [main] DEBUG - Save part 'xl/worksheets/sheet2.xml'
21:36:55.071 [main] DEBUG - Save part 'xl/worksheets/sheet3.xml'
21:36:55.072 [main] DEBUG - Parsing relationship: /xl/_rels/workbook.xml.rels
21:36:55.072 [main] DEBUG - Parsing relationship: /_rels/.rels
21:36:55.077 [main] DEBUG - Save content types part
21:36:55.078 [main] DEBUG - Save package relationships
21:36:55.078 [main] DEBUG - Save part 'docProps/app.xml'
21:36:55.078 [main] DEBUG - Save part 'docProps/core.xml'
21:36:55.078 [main] DEBUG - Save part 'docProps/custom.xml'
21:36:55.078 [main] DEBUG - Save part 'xl/sharedStrings.xml'
21:36:55.078 [main] DEBUG - Save part 'xl/styles.xml'
21:36:55.078 [main] DEBUG - Save part 'xl/theme/theme1.xml'
21:36:55.078 [main] DEBUG - Save part 'xl/workbook.xml'
21:36:55.079 [main] DEBUG - Save part 'xl/worksheets/sheet1.xml'
