22:23:03.102 [main] TRACE - Resolving type for handle stylesheet5d8bdoctype
22:23:03.107 [main] TRACE - Resolving type for handle ctstylesheet4257type
22:23:03.109 [main] TRACE - Resolving type for handle ctfonts6623type
22:23:03.115 [main] TRACE - Resolving type for handle ctfont14d8type
22:23:03.120 [main] TRACE - Resolving type for handle ctfills2c6ftype
22:23:03.121 [main] TRACE - Resolving type for handle ctfill550ctype
22:23:03.122 [main] TRACE - Resolving type for handle ctborders0d66type
22:23:03.123 [main] TRACE - Resolving type for handle ctborderf935type
22:23:03.124 [main] TRACE - Resolving type for handle ctcellxfs1322type
22:23:03.125 [main] TRACE - Resolving type for handle ctxf97f7type
22:23:03.126 [main] TRACE - Resolving type for handle ctcellstylexfsa81ftype
22:23:03.127 [main] TRACE - Resolving type for handle ctdxfsb26atype
22:23:03.127 [main] TRACE - Resolving type for handle cttablestyles872ftype
22:23:03.128 [main] TRACE - Resolving type for handle sstf81fdoctype
22:23:03.130 [main] TRACE - Resolving type for handle ctsst44f3type
22:23:03.133 [main] TRACE - Resolving type for handle ctrsta472type
22:23:03.139 [main] DEBUG - using default POIXMLDocumentPart for http://schemas.openxmlformats.org/officeDocument/2006/relationships/printerSettings
22:23:03.139 [main] TRACE - Resolving type for handle workbookec17doctype
22:23:03.142 [main] TRACE - Resolving type for handle ctworkbook83c3type
22:23:03.144 [main] TRACE - Resolving type for handle ctsheets49fdtype
22:23:03.144 [main] TRACE - Resolving type for handle ctsheet4dbetype
22:23:03.145 [main] TRACE - Resolving type for handle strelationshipid1e94type
22:23:03.146 [main] TRACE - Resolving type for handle worksheetf539doctype
22:23:03.148 [main] TRACE - Resolving type for handle ctworksheet530dtype
22:23:03.151 [main] TRACE - Resolving type for handle ctsheetdata8408type
22:23:03.151 [main] TRACE - Resolving type for handle ctrowdd39type
22:23:03.153 [main] TRACE - Resolving type for handle ctcell842btype
22:23:03.156 [main] TRACE - Resolving type for handle stcellrefe4e0type
22:23:03.158 [main] TRACE - Resolving type for handle ctcols627ctype
22:23:03.160 [main] TRACE - Resolving type for handle ctcola95ftype
22:23:03.165 [main] TRACE - Resolving type for handle cthyperlinks6416type
22:23:03.166 [main] TRACE - Resolving type for handle cthyperlink0c85type
22:23:03.169 [main] TRACE - Resolving type for handle stxstringf179type
22:23:03.170 [main] TRACE - Resolving type for handle stcelltypebf95type
22:23:54.019 [main] INFO  - Goto my account-->Click on Login.. 
22:23:54.353 [main] DEBUG - Parsing relationship: /xl/_rels/workbook.xml.rels
22:23:54.354 [main] DEBUG - Parsing relationship: /xl/worksheets/_rels/sheet1.xml.rels
22:23:54.355 [main] DEBUG - Parsing relationship: /_rels/.rels
22:23:54.413 [main] TRACE - Loading type system org.apache.poi.schemas.ooxml.system.ooxml
22:23:54.414 [main] TRACE - Loading type system org.apache.xmlbeans.metadata.system.sXMLCONFIG
22:23:54.414 [main] TRACE - Loading type system org.apache.xmlbeans.metadata.system.sXMLLANG
22:23:54.414 [main] TRACE - Loading type system org.apache.xmlbeans.metadata.system.sXMLSCHEMA
22:23:54.415 [main] TRACE - Loading type system org.apache.xmlbeans.metadata.system.sXMLTOOLS
22:23:54.415 [main] TRACE - Reading unresolved handles for type system org.apache.xmlbeans.metadata.system.sXMLTOOLS
22:23:54.420 [main] TRACE - Finished loading type system org.apache.xmlbeans.metadata.system.sXMLTOOLS
22:23:54.420 [main] TRACE - Reading unresolved handles for type system org.apache.xmlbeans.metadata.system.sXMLSCHEMA
22:23:54.426 [main] TRACE - Finished loading type system org.apache.xmlbeans.metadata.system.sXMLSCHEMA
22:23:54.426 [main] TRACE - Reading unresolved handles for type system org.apache.xmlbeans.metadata.system.sXMLLANG
22:23:54.427 [main] TRACE - Finished loading type system org.apache.xmlbeans.metadata.system.sXMLLANG
22:23:54.427 [main] TRACE - Reading unresolved handles for type system org.apache.xmlbeans.metadata.system.sXMLCONFIG
22:23:54.427 [main] TRACE - Finished loading type system org.apache.xmlbeans.metadata.system.sXMLCONFIG
22:23:54.427 [main] TRACE - Reading unresolved handles for type system org.apache.poi.schemas.ooxml.system.ooxml
22:23:54.461 [main] TRACE - Finished loading type system org.apache.poi.schemas.ooxml.system.ooxml
22:23:54.462 [main] TRACE - Resolving type for handle themefd26doctype
22:23:54.482 [main] TRACE - Resolving type for handle stylesheet5d8bdoctype
22:23:54.485 [main] TRACE - Resolving type for handle ctstylesheet4257type
22:23:54.487 [main] TRACE - Resolving type for handle ctfonts6623type
22:23:54.490 [main] TRACE - Resolving type for handle ctfont14d8type
22:23:54.492 [main] TRACE - Resolving type for handle ctfills2c6ftype
22:23:54.493 [main] TRACE - Resolving type for handle ctfill550ctype
22:23:54.495 [main] TRACE - Resolving type for handle ctborders0d66type
22:23:54.496 [main] TRACE - Resolving type for handle ctborderf935type
22:23:54.498 [main] TRACE - Resolving type for handle ctcellxfs1322type
22:23:54.499 [main] TRACE - Resolving type for handle ctxf97f7type
22:23:54.500 [main] TRACE - Resolving type for handle ctcellstylexfsa81ftype
22:23:54.501 [main] TRACE - Resolving type for handle ctdxfsb26atype
22:23:54.502 [main] TRACE - Resolving type for handle cttablestyles872ftype
22:23:54.503 [main] TRACE - Resolving type for handle sstf81fdoctype
22:23:54.505 [main] TRACE - Resolving type for handle ctsst44f3type
22:23:54.508 [main] TRACE - Resolving type for handle ctrsta472type
22:23:54.514 [main] DEBUG - using default POIXMLDocumentPart for http://schemas.openxmlformats.org/officeDocument/2006/relationships/printerSettings
22:23:54.514 [main] TRACE - Resolving type for handle workbookec17doctype
22:23:54.516 [main] TRACE - Resolving type for handle ctworkbook83c3type
22:23:54.518 [main] TRACE - Resolving type for handle ctsheets49fdtype
22:23:54.519 [main] TRACE - Resolving type for handle ctsheet4dbetype
22:23:54.520 [main] TRACE - Resolving type for handle strelationshipid1e94type
22:23:54.521 [main] TRACE - Resolving type for handle worksheetf539doctype
22:23:54.523 [main] TRACE - Resolving type for handle ctworksheet530dtype
22:23:54.526 [main] TRACE - Resolving type for handle ctsheetdata8408type
22:23:54.526 [main] TRACE - Resolving type for handle ctrowdd39type
22:23:54.528 [main] TRACE - Resolving type for handle ctcell842btype
22:23:54.531 [main] TRACE - Resolving type for handle stcellrefe4e0type
22:23:54.534 [main] TRACE - Resolving type for handle ctcols627ctype
22:23:54.536 [main] TRACE - Resolving type for handle ctcola95ftype
22:23:54.541 [main] TRACE - Resolving type for handle cthyperlinks6416type
22:23:54.542 [main] TRACE - Resolving type for handle cthyperlink0c85type
22:23:54.544 [main] TRACE - Resolving type for handle stxstringf179type
22:23:54.547 [main] TRACE - Resolving type for handle stcelltypebf95type
12:05:38.770 [main] INFO  - Goto my account-->Click on Login.. 
12:05:39.247 [main] DEBUG - Parsing relationship: /xl/_rels/workbook.xml.rels
12:05:39.248 [main] DEBUG - Parsing relationship: /xl/worksheets/_rels/sheet1.xml.rels
12:05:39.249 [main] DEBUG - Parsing relationship: /_rels/.rels
12:05:39.307 [main] TRACE - Loading type system org.apache.poi.schemas.ooxml.system.ooxml
12:05:39.308 [main] TRACE - Loading type system org.apache.xmlbeans.metadata.system.sXMLCONFIG
12:05:39.309 [main] TRACE - Loading type system org.apache.xmlbeans.metadata.system.sXMLLANG
12:05:39.309 [main] TRACE - Loading type system org.apache.xmlbeans.metadata.system.sXMLSCHEMA
12:05:39.309 [main] TRACE - Loading type system org.apache.xmlbeans.metadata.system.sXMLTOOLS
12:05:39.309 [main] TRACE - Reading unresolved handles for type system org.apache.xmlbeans.metadata.system.sXMLTOOLS
12:05:39.315 [main] TRACE - Finished loading type system org.apache.xmlbeans.metadata.system.sXMLTOOLS
12:05:39.315 [main] TRACE - Reading unresolved handles for type system org.apache.xmlbeans.metadata.system.sXMLSCHEMA
12:05:39.321 [main] TRACE - Finished loading type system org.apache.xmlbeans.metadata.system.sXMLSCHEMA
12:05:39.321 [main] TRACE - Reading unresolved handles for type system org.apache.xmlbeans.metadata.system.sXMLLANG
12:05:39.321 [main] TRACE - Finished loading type system org.apache.xmlbeans.metadata.system.sXMLLANG
12:05:39.322 [main] TRACE - Reading unresolved handles for type system org.apache.xmlbeans.metadata.system.sXMLCONFIG
12:05:39.322 [main] TRACE - Finished loading type system org.apache.xmlbeans.metadata.system.sXMLCONFIG
12:05:39.322 [main] TRACE - Reading unresolved handles for type system org.apache.poi.schemas.ooxml.system.ooxml
12:05:39.355 [main] TRACE - Finished loading type system org.apache.poi.schemas.ooxml.system.ooxml
12:05:39.356 [main] TRACE - Resolving type for handle themefd26doctype
12:05:39.377 [main] TRACE - Resolving type for handle stylesheet5d8bdoctype
12:05:39.380 [main] TRACE - Resolving type for handle ctstylesheet4257type
12:05:39.382 [main] TRACE - Resolving type for handle ctfonts6623type
12:05:39.384 [main] TRACE - Resolving type for handle ctfont14d8type
12:05:39.386 [main] TRACE - Resolving type for handle ctfills2c6ftype
12:05:39.387 [main] TRACE - Resolving type for handle ctfill550ctype
12:05:39.388 [main] TRACE - Resolving type for handle ctborders0d66type
12:05:39.389 [main] TRACE - Resolving type for handle ctborderf935type
12:05:39.390 [main] TRACE - Resolving type for handle ctcellxfs1322type
12:05:39.391 [main] TRACE - Resolving type for handle ctxf97f7type
12:05:39.392 [main] TRACE - Resolving type for handle ctcellstylexfsa81ftype
12:05:39.393 [main] TRACE - Resolving type for handle ctdxfsb26atype
12:05:39.394 [main] TRACE - Resolving type for handle cttablestyles872ftype
12:05:39.395 [main] TRACE - Resolving type for handle sstf81fdoctype
12:05:39.397 [main] TRACE - Resolving type for handle ctsst44f3type
12:05:39.400 [main] TRACE - Resolving type for handle ctrsta472type
12:05:39.406 [main] DEBUG - using default POIXMLDocumentPart for http://schemas.openxmlformats.org/officeDocument/2006/relationships/printerSettings
12:05:39.406 [main] TRACE - Resolving type for handle workbookec17doctype
12:05:39.408 [main] TRACE - Resolving type for handle ctworkbook83c3type
12:05:39.411 [main] TRACE - Resolving type for handle ctsheets49fdtype
12:05:39.411 [main] TRACE - Resolving type for handle ctsheet4dbetype
12:05:39.412 [main] TRACE - Resolving type for handle strelationshipid1e94type
12:05:39.413 [main] TRACE - Resolving type for handle worksheetf539doctype
12:05:39.415 [main] TRACE - Resolving type for handle ctworksheet530dtype
12:05:39.418 [main] TRACE - Resolving type for handle ctsheetdata8408type
12:05:39.418 [main] TRACE - Resolving type for handle ctrowdd39type
12:05:39.420 [main] TRACE - Resolving type for handle ctcell842btype
12:05:39.423 [main] TRACE - Resolving type for handle stcellrefe4e0type
12:05:39.425 [main] TRACE - Resolving type for handle ctcols627ctype
12:05:39.427 [main] TRACE - Resolving type for handle ctcola95ftype
12:05:39.434 [main] TRACE - Resolving type for handle cthyperlinks6416type
12:05:39.435 [main] TRACE - Resolving type for handle cthyperlink0c85type
12:05:39.439 [main] TRACE - Resolving type for handle stxstringf179type
12:05:39.441 [main] TRACE - Resolving type for handle stcelltypebf95type
13:08:59.621 [main] INFO  - Goto my account-->Click on Login.. 
13:09:00.102 [main] DEBUG - Parsing relationship: /xl/_rels/workbook.xml.rels
13:09:00.103 [main] DEBUG - Parsing relationship: /xl/worksheets/_rels/sheet1.xml.rels
13:09:00.104 [main] DEBUG - Parsing relationship: /_rels/.rels
13:09:00.163 [main] TRACE - Loading type system org.apache.poi.schemas.ooxml.system.ooxml
13:09:00.164 [main] TRACE - Loading type system org.apache.xmlbeans.metadata.system.sXMLCONFIG
13:09:00.164 [main] TRACE - Loading type system org.apache.xmlbeans.metadata.system.sXMLLANG
13:09:00.164 [main] TRACE - Loading type system org.apache.xmlbeans.metadata.system.sXMLSCHEMA
13:09:00.165 [main] TRACE - Loading type system org.apache.xmlbeans.metadata.system.sXMLTOOLS
13:09:00.165 [main] TRACE - Reading unresolved handles for type system org.apache.xmlbeans.metadata.system.sXMLTOOLS
13:09:00.170 [main] TRACE - Finished loading type system org.apache.xmlbeans.metadata.system.sXMLTOOLS
13:09:00.171 [main] TRACE - Reading unresolved handles for type system org.apache.xmlbeans.metadata.system.sXMLSCHEMA
13:09:00.177 [main] TRACE - Finished loading type system org.apache.xmlbeans.metadata.system.sXMLSCHEMA
13:09:00.177 [main] TRACE - Reading unresolved handles for type system org.apache.xmlbeans.metadata.system.sXMLLANG
13:09:00.177 [main] TRACE - Finished loading type system org.apache.xmlbeans.metadata.system.sXMLLANG
13:09:00.177 [main] TRACE - Reading unresolved handles for type system org.apache.xmlbeans.metadata.system.sXMLCONFIG
13:09:00.178 [main] TRACE - Finished loading type system org.apache.xmlbeans.metadata.system.sXMLCONFIG
13:09:00.178 [main] TRACE - Reading unresolved handles for type system org.apache.poi.schemas.ooxml.system.ooxml
13:09:00.210 [main] TRACE - Finished loading type system org.apache.poi.schemas.ooxml.system.ooxml
13:09:00.211 [main] TRACE - Resolving type for handle themefd26doctype
13:09:00.232 [main] TRACE - Resolving type for handle stylesheet5d8bdoctype
13:09:00.237 [main] TRACE - Resolving type for handle ctstylesheet4257type
13:09:00.239 [main] TRACE - Resolving type for handle ctfonts6623type
13:09:00.241 [main] TRACE - Resolving type for handle ctfont14d8type
13:09:00.244 [main] TRACE - Resolving type for handle ctfills2c6ftype
13:09:00.245 [main] TRACE - Resolving type for handle ctfill550ctype
13:09:00.246 [main] TRACE - Resolving type for handle ctborders0d66type
13:09:00.248 [main] TRACE - Resolving type for handle ctborderf935type
13:09:00.249 [main] TRACE - Resolving type for handle ctcellxfs1322type
13:09:00.250 [main] TRACE - Resolving type for handle ctxf97f7type
13:09:00.251 [main] TRACE - Resolving type for handle ctcellstylexfsa81ftype
13:09:00.252 [main] TRACE - Resolving type for handle ctdxfsb26atype
13:09:00.253 [main] TRACE - Resolving type for handle cttablestyles872ftype
13:09:00.254 [main] TRACE - Resolving type for handle sstf81fdoctype
13:09:00.255 [main] TRACE - Resolving type for handle ctsst44f3type
13:09:00.258 [main] TRACE - Resolving type for handle ctrsta472type
13:09:00.264 [main] DEBUG - using default POIXMLDocumentPart for http://schemas.openxmlformats.org/officeDocument/2006/relationships/printerSettings
13:09:00.264 [main] TRACE - Resolving type for handle workbookec17doctype
13:09:00.267 [main] TRACE - Resolving type for handle ctworkbook83c3type
13:09:00.269 [main] TRACE - Resolving type for handle ctsheets49fdtype
13:09:00.270 [main] TRACE - Resolving type for handle ctsheet4dbetype
13:09:00.271 [main] TRACE - Resolving type for handle strelationshipid1e94type
13:09:00.272 [main] TRACE - Resolving type for handle worksheetf539doctype
13:09:00.274 [main] TRACE - Resolving type for handle ctworksheet530dtype
13:09:00.277 [main] TRACE - Resolving type for handle ctsheetdata8408type
13:09:00.278 [main] TRACE - Resolving type for handle ctrowdd39type
13:09:00.280 [main] TRACE - Resolving type for handle ctcell842btype
13:09:00.282 [main] TRACE - Resolving type for handle stcellrefe4e0type
13:09:00.285 [main] TRACE - Resolving type for handle ctcols627ctype
13:09:00.287 [main] TRACE - Resolving type for handle ctcola95ftype
13:09:00.293 [main] TRACE - Resolving type for handle cthyperlinks6416type
13:09:00.294 [main] TRACE - Resolving type for handle cthyperlink0c85type
13:09:00.297 [main] TRACE - Resolving type for handle stxstringf179type
13:09:00.298 [main] TRACE - Resolving type for handle stcelltypebf95type
13:09:04.002 [main] INFO  - Goto my account-->Click on Login.. 
13:09:04.302 [main] DEBUG - Parsing relationship: /xl/_rels/workbook.xml.rels
13:09:04.302 [main] DEBUG - Parsing relationship: /xl/worksheets/_rels/sheet1.xml.rels
13:09:04.303 [main] DEBUG - Parsing relationship: /_rels/.rels
13:09:04.314 [main] DEBUG - using default POIXMLDocumentPart for http://schemas.openxmlformats.org/officeDocument/2006/relationships/printerSettings
13:09:07.867 [main] INFO  - Goto my account-->Click on Login.. 
13:09:08.118 [main] DEBUG - Parsing relationship: /xl/_rels/workbook.xml.rels
13:09:08.119 [main] DEBUG - Parsing relationship: /xl/worksheets/_rels/sheet1.xml.rels
13:09:08.120 [main] DEBUG - Parsing relationship: /_rels/.rels
13:09:08.126 [main] DEBUG - using default POIXMLDocumentPart for http://schemas.openxmlformats.org/officeDocument/2006/relationships/printerSettings
13:28:43.147 [main] INFO  - Goto my account-->Click on Login.. 
13:28:43.647 [main] DEBUG - Parsing relationship: /xl/_rels/workbook.xml.rels
13:28:43.649 [main] DEBUG - Parsing relationship: /xl/worksheets/_rels/sheet1.xml.rels
13:28:43.650 [main] DEBUG - Parsing relationship: /_rels/.rels
13:28:43.720 [main] TRACE - Loading type system org.apache.poi.schemas.ooxml.system.ooxml
13:28:43.721 [main] TRACE - Loading type system org.apache.xmlbeans.metadata.system.sXMLCONFIG
13:28:43.721 [main] TRACE - Loading type system org.apache.xmlbeans.metadata.system.sXMLLANG
13:28:43.722 [main] TRACE - Loading type system org.apache.xmlbeans.metadata.system.sXMLSCHEMA
13:28:43.722 [main] TRACE - Loading type system org.apache.xmlbeans.metadata.system.sXMLTOOLS
13:28:43.722 [main] TRACE - Reading unresolved handles for type system org.apache.xmlbeans.metadata.system.sXMLTOOLS
13:28:43.727 [main] TRACE - Finished loading type system org.apache.xmlbeans.metadata.system.sXMLTOOLS
13:28:43.727 [main] TRACE - Reading unresolved handles for type system org.apache.xmlbeans.metadata.system.sXMLSCHEMA
13:28:43.731 [main] TRACE - Finished loading type system org.apache.xmlbeans.metadata.system.sXMLSCHEMA
13:28:43.731 [main] TRACE - Reading unresolved handles for type system org.apache.xmlbeans.metadata.system.sXMLLANG
13:28:43.731 [main] TRACE - Finished loading type system org.apache.xmlbeans.metadata.system.sXMLLANG
13:28:43.732 [main] TRACE - Reading unresolved handles for type system org.apache.xmlbeans.metadata.system.sXMLCONFIG
13:28:43.732 [main] TRACE - Finished loading type system org.apache.xmlbeans.metadata.system.sXMLCONFIG
13:28:43.732 [main] TRACE - Reading unresolved handles for type system org.apache.poi.schemas.ooxml.system.ooxml
13:28:43.771 [main] TRACE - Finished loading type system org.apache.poi.schemas.ooxml.system.ooxml
13:28:43.772 [main] TRACE - Resolving type for handle themefd26doctype
13:28:43.794 [main] TRACE - Resolving type for handle stylesheet5d8bdoctype
13:28:43.797 [main] TRACE - Resolving type for handle ctstylesheet4257type
13:28:43.800 [main] TRACE - Resolving type for handle ctfonts6623type
13:28:43.802 [main] TRACE - Resolving type for handle ctfont14d8type
13:28:43.805 [main] TRACE - Resolving type for handle ctfills2c6ftype
13:28:43.806 [main] TRACE - Resolving type for handle ctfill550ctype
13:28:43.807 [main] TRACE - Resolving type for handle ctborders0d66type
13:28:43.807 [main] TRACE - Resolving type for handle ctborderf935type
13:28:43.809 [main] TRACE - Resolving type for handle ctcellxfs1322type
13:28:43.810 [main] TRACE - Resolving type for handle ctxf97f7type
13:28:43.811 [main] TRACE - Resolving type for handle ctcellstylexfsa81ftype
13:28:43.813 [main] TRACE - Resolving type for handle ctdxfsb26atype
13:28:43.814 [main] TRACE - Resolving type for handle cttablestyles872ftype
13:28:43.815 [main] TRACE - Resolving type for handle sstf81fdoctype
13:28:43.816 [main] TRACE - Resolving type for handle ctsst44f3type
13:28:43.819 [main] TRACE - Resolving type for handle ctrsta472type
13:28:43.827 [main] DEBUG - using default POIXMLDocumentPart for http://schemas.openxmlformats.org/officeDocument/2006/relationships/printerSettings
13:28:43.827 [main] TRACE - Resolving type for handle workbookec17doctype
13:28:43.830 [main] TRACE - Resolving type for handle ctworkbook83c3type
13:28:43.832 [main] TRACE - Resolving type for handle ctsheets49fdtype
13:28:43.833 [main] TRACE - Resolving type for handle ctsheet4dbetype
13:28:43.834 [main] TRACE - Resolving type for handle strelationshipid1e94type
13:28:43.835 [main] TRACE - Resolving type for handle worksheetf539doctype
13:28:43.837 [main] TRACE - Resolving type for handle ctworksheet530dtype
13:28:43.840 [main] TRACE - Resolving type for handle ctsheetdata8408type
13:28:43.841 [main] TRACE - Resolving type for handle ctrowdd39type
13:28:43.842 [main] TRACE - Resolving type for handle ctcell842btype
13:28:43.845 [main] TRACE - Resolving type for handle stcellrefe4e0type
13:28:43.848 [main] TRACE - Resolving type for handle ctcols627ctype
13:28:43.850 [main] TRACE - Resolving type for handle ctcola95ftype
13:28:43.856 [main] TRACE - Resolving type for handle cthyperlinks6416type
13:28:43.857 [main] TRACE - Resolving type for handle cthyperlink0c85type
13:28:43.859 [main] TRACE - Resolving type for handle stxstringf179type
13:28:43.860 [main] TRACE - Resolving type for handle stcelltypebf95type
13:28:47.115 [main] INFO  - Goto my account-->Click on Login.. 
13:28:47.377 [main] DEBUG - Parsing relationship: /xl/_rels/workbook.xml.rels
13:28:47.379 [main] DEBUG - Parsing relationship: /xl/worksheets/_rels/sheet1.xml.rels
13:28:47.380 [main] DEBUG - Parsing relationship: /_rels/.rels
13:28:47.390 [main] DEBUG - using default POIXMLDocumentPart for http://schemas.openxmlformats.org/officeDocument/2006/relationships/printerSettings
13:28:50.927 [main] INFO  - Goto my account-->Click on Login.. 
13:28:51.214 [main] DEBUG - Parsing relationship: /xl/_rels/workbook.xml.rels
13:28:51.215 [main] DEBUG - Parsing relationship: /xl/worksheets/_rels/sheet1.xml.rels
13:28:51.216 [main] DEBUG - Parsing relationship: /_rels/.rels
13:28:51.224 [main] DEBUG - using default POIXMLDocumentPart for http://schemas.openxmlformats.org/officeDocument/2006/relationships/printerSettings
13:29:44.656 [main] INFO  - Goto my account-->Click on Login.. 
13:29:44.973 [main] DEBUG - Parsing relationship: /xl/_rels/workbook.xml.rels
13:29:44.974 [main] DEBUG - Parsing relationship: /xl/worksheets/_rels/sheet1.xml.rels
13:29:44.975 [main] DEBUG - Parsing relationship: /_rels/.rels
13:29:45.032 [main] TRACE - Loading type system org.apache.poi.schemas.ooxml.system.ooxml
13:29:45.033 [main] TRACE - Loading type system org.apache.xmlbeans.metadata.system.sXMLCONFIG
13:29:45.034 [main] TRACE - Loading type system org.apache.xmlbeans.metadata.system.sXMLLANG
13:29:45.034 [main] TRACE - Loading type system org.apache.xmlbeans.metadata.system.sXMLSCHEMA
13:29:45.034 [main] TRACE - Loading type system org.apache.xmlbeans.metadata.system.sXMLTOOLS
13:29:45.034 [main] TRACE - Reading unresolved handles for type system org.apache.xmlbeans.metadata.system.sXMLTOOLS
13:29:45.039 [main] TRACE - Finished loading type system org.apache.xmlbeans.metadata.system.sXMLTOOLS
13:29:45.040 [main] TRACE - Reading unresolved handles for type system org.apache.xmlbeans.metadata.system.sXMLSCHEMA
13:29:45.046 [main] TRACE - Finished loading type system org.apache.xmlbeans.metadata.system.sXMLSCHEMA
13:29:45.046 [main] TRACE - Reading unresolved handles for type system org.apache.xmlbeans.metadata.system.sXMLLANG
13:29:45.046 [main] TRACE - Finished loading type system org.apache.xmlbeans.metadata.system.sXMLLANG
13:29:45.047 [main] TRACE - Reading unresolved handles for type system org.apache.xmlbeans.metadata.system.sXMLCONFIG
13:29:45.047 [main] TRACE - Finished loading type system org.apache.xmlbeans.metadata.system.sXMLCONFIG
13:29:45.047 [main] TRACE - Reading unresolved handles for type system org.apache.poi.schemas.ooxml.system.ooxml
13:29:45.083 [main] TRACE - Finished loading type system org.apache.poi.schemas.ooxml.system.ooxml
13:29:45.084 [main] TRACE - Resolving type for handle themefd26doctype
13:29:45.104 [main] TRACE - Resolving type for handle stylesheet5d8bdoctype
13:29:45.107 [main] TRACE - Resolving type for handle ctstylesheet4257type
13:29:45.108 [main] TRACE - Resolving type for handle ctfonts6623type
13:29:45.110 [main] TRACE - Resolving type for handle ctfont14d8type
13:29:45.114 [main] TRACE - Resolving type for handle ctfills2c6ftype
13:29:45.115 [main] TRACE - Resolving type for handle ctfill550ctype
13:29:45.117 [main] TRACE - Resolving type for handle ctborders0d66type
13:29:45.118 [main] TRACE - Resolving type for handle ctborderf935type
13:29:45.119 [main] TRACE - Resolving type for handle ctcellxfs1322type
13:29:45.120 [main] TRACE - Resolving type for handle ctxf97f7type
13:29:45.121 [main] TRACE - Resolving type for handle ctcellstylexfsa81ftype
13:29:45.122 [main] TRACE - Resolving type for handle ctdxfsb26atype
13:29:45.122 [main] TRACE - Resolving type for handle cttablestyles872ftype
13:29:45.123 [main] TRACE - Resolving type for handle sstf81fdoctype
13:29:45.125 [main] TRACE - Resolving type for handle ctsst44f3type
13:29:45.127 [main] TRACE - Resolving type for handle ctrsta472type
13:29:45.133 [main] DEBUG - using default POIXMLDocumentPart for http://schemas.openxmlformats.org/officeDocument/2006/relationships/printerSettings
13:29:45.134 [main] TRACE - Resolving type for handle workbookec17doctype
13:29:45.136 [main] TRACE - Resolving type for handle ctworkbook83c3type
13:29:45.138 [main] TRACE - Resolving type for handle ctsheets49fdtype
13:29:45.139 [main] TRACE - Resolving type for handle ctsheet4dbetype
13:29:45.139 [main] TRACE - Resolving type for handle strelationshipid1e94type
13:29:45.140 [main] TRACE - Resolving type for handle worksheetf539doctype
13:29:45.143 [main] TRACE - Resolving type for handle ctworksheet530dtype
13:29:45.146 [main] TRACE - Resolving type for handle ctsheetdata8408type
13:29:45.148 [main] TRACE - Resolving type for handle ctrowdd39type
13:29:45.154 [main] TRACE - Resolving type for handle ctcell842btype
13:29:45.158 [main] TRACE - Resolving type for handle stcellrefe4e0type
13:29:45.162 [main] TRACE - Resolving type for handle ctcols627ctype
13:29:45.164 [main] TRACE - Resolving type for handle ctcola95ftype
13:29:45.171 [main] TRACE - Resolving type for handle cthyperlinks6416type
13:29:45.172 [main] TRACE - Resolving type for handle cthyperlink0c85type
13:29:45.175 [main] TRACE - Resolving type for handle stxstringf179type
13:29:45.176 [main] TRACE - Resolving type for handle stcelltypebf95type
13:29:48.580 [main] INFO  - Goto my account-->Click on Login.. 
13:29:48.833 [main] DEBUG - Parsing relationship: /xl/_rels/workbook.xml.rels
13:29:48.834 [main] DEBUG - Parsing relationship: /xl/worksheets/_rels/sheet1.xml.rels
13:29:48.835 [main] DEBUG - Parsing relationship: /_rels/.rels
13:29:48.846 [main] DEBUG - using default POIXMLDocumentPart for http://schemas.openxmlformats.org/officeDocument/2006/relationships/printerSettings
13:29:52.394 [main] INFO  - Goto my account-->Click on Login.. 
13:29:52.675 [main] DEBUG - Parsing relationship: /xl/_rels/workbook.xml.rels
13:29:52.676 [main] DEBUG - Parsing relationship: /xl/worksheets/_rels/sheet1.xml.rels
13:29:52.677 [main] DEBUG - Parsing relationship: /_rels/.rels
13:29:52.685 [main] DEBUG - using default POIXMLDocumentPart for http://schemas.openxmlformats.org/officeDocument/2006/relationships/printerSettings
13:46:47.618 [main] INFO  - Goto my account-->Click on Login.. 
13:46:48.081 [main] DEBUG - Parsing relationship: /xl/_rels/workbook.xml.rels
13:46:48.082 [main] DEBUG - Parsing relationship: /xl/worksheets/_rels/sheet1.xml.rels
13:46:48.083 [main] DEBUG - Parsing relationship: /_rels/.rels
13:46:48.140 [main] TRACE - Loading type system org.apache.poi.schemas.ooxml.system.ooxml
13:46:48.141 [main] TRACE - Loading type system org.apache.xmlbeans.metadata.system.sXMLCONFIG
13:46:48.142 [main] TRACE - Loading type system org.apache.xmlbeans.metadata.system.sXMLLANG
13:46:48.142 [main] TRACE - Loading type system org.apache.xmlbeans.metadata.system.sXMLSCHEMA
13:46:48.142 [main] TRACE - Loading type system org.apache.xmlbeans.metadata.system.sXMLTOOLS
13:46:48.143 [main] TRACE - Reading unresolved handles for type system org.apache.xmlbeans.metadata.system.sXMLTOOLS
13:46:48.147 [main] TRACE - Finished loading type system org.apache.xmlbeans.metadata.system.sXMLTOOLS
13:46:48.148 [main] TRACE - Reading unresolved handles for type system org.apache.xmlbeans.metadata.system.sXMLSCHEMA
13:46:48.153 [main] TRACE - Finished loading type system org.apache.xmlbeans.metadata.system.sXMLSCHEMA
13:46:48.154 [main] TRACE - Reading unresolved handles for type system org.apache.xmlbeans.metadata.system.sXMLLANG
13:46:48.154 [main] TRACE - Finished loading type system org.apache.xmlbeans.metadata.system.sXMLLANG
13:46:48.155 [main] TRACE - Reading unresolved handles for type system org.apache.xmlbeans.metadata.system.sXMLCONFIG
13:46:48.155 [main] TRACE - Finished loading type system org.apache.xmlbeans.metadata.system.sXMLCONFIG
13:46:48.155 [main] TRACE - Reading unresolved handles for type system org.apache.poi.schemas.ooxml.system.ooxml
13:46:48.185 [main] TRACE - Finished loading type system org.apache.poi.schemas.ooxml.system.ooxml
13:46:48.185 [main] TRACE - Resolving type for handle themefd26doctype
13:46:48.206 [main] TRACE - Resolving type for handle stylesheet5d8bdoctype
13:46:48.209 [main] TRACE - Resolving type for handle ctstylesheet4257type
13:46:48.212 [main] TRACE - Resolving type for handle ctfonts6623type
13:46:48.214 [main] TRACE - Resolving type for handle ctfont14d8type
13:46:48.217 [main] TRACE - Resolving type for handle ctfills2c6ftype
13:46:48.218 [main] TRACE - Resolving type for handle ctfill550ctype
13:46:48.218 [main] TRACE - Resolving type for handle ctborders0d66type
13:46:48.219 [main] TRACE - Resolving type for handle ctborderf935type
13:46:48.220 [main] TRACE - Resolving type for handle ctcellxfs1322type
13:46:48.221 [main] TRACE - Resolving type for handle ctxf97f7type
13:46:48.222 [main] TRACE - Resolving type for handle ctcellstylexfsa81ftype
13:46:48.223 [main] TRACE - Resolving type for handle ctdxfsb26atype
13:46:48.224 [main] TRACE - Resolving type for handle cttablestyles872ftype
13:46:48.225 [main] TRACE - Resolving type for handle sstf81fdoctype
13:46:48.227 [main] TRACE - Resolving type for handle ctsst44f3type
13:46:48.230 [main] TRACE - Resolving type for handle ctrsta472type
13:46:48.235 [main] DEBUG - using default POIXMLDocumentPart for http://schemas.openxmlformats.org/officeDocument/2006/relationships/printerSettings
13:46:48.236 [main] TRACE - Resolving type for handle workbookec17doctype
13:46:48.238 [main] TRACE - Resolving type for handle ctworkbook83c3type
13:46:48.240 [main] TRACE - Resolving type for handle ctsheets49fdtype
13:46:48.241 [main] TRACE - Resolving type for handle ctsheet4dbetype
13:46:48.242 [main] TRACE - Resolving type for handle strelationshipid1e94type
13:46:48.243 [main] TRACE - Resolving type for handle worksheetf539doctype
13:46:48.245 [main] TRACE - Resolving type for handle ctworksheet530dtype
13:46:48.247 [main] TRACE - Resolving type for handle ctsheetdata8408type
13:46:48.248 [main] TRACE - Resolving type for handle ctrowdd39type
13:46:48.250 [main] TRACE - Resolving type for handle ctcell842btype
13:46:48.252 [main] TRACE - Resolving type for handle stcellrefe4e0type
13:46:48.254 [main] TRACE - Resolving type for handle ctcols627ctype
13:46:48.256 [main] TRACE - Resolving type for handle ctcola95ftype
13:46:48.262 [main] TRACE - Resolving type for handle cthyperlinks6416type
13:46:48.263 [main] TRACE - Resolving type for handle cthyperlink0c85type
13:46:48.265 [main] TRACE - Resolving type for handle stxstringf179type
13:46:48.266 [main] TRACE - Resolving type for handle stcelltypebf95type
13:46:51.340 [main] INFO  - Goto my account-->Click on Login.. 
13:46:51.569 [main] DEBUG - Parsing relationship: /xl/_rels/workbook.xml.rels
13:46:51.570 [main] DEBUG - Parsing relationship: /xl/worksheets/_rels/sheet1.xml.rels
13:46:51.571 [main] DEBUG - Parsing relationship: /_rels/.rels
13:46:51.580 [main] DEBUG - using default POIXMLDocumentPart for http://schemas.openxmlformats.org/officeDocument/2006/relationships/printerSettings
13:48:03.434 [main] INFO  - Goto my account-->Click on Login.. 
13:48:03.900 [main] INFO  - Entering email and password.. 
13:48:04.696 [main] INFO  - clicked on login button...
13:48:06.946 [main] INFO  - Goto my account-->Click on Login.. 
13:48:07.212 [main] INFO  - Entering email and password.. 
13:48:07.810 [main] INFO  - clicked on login button...
13:48:09.995 [main] INFO  - Goto my account-->Click on Login.. 
13:48:10.255 [main] INFO  - Entering email and password.. 
13:48:10.994 [main] INFO  - clicked on login button...
13:48:13.778 [main] INFO  - Goto my account-->Click on Login.. 
13:48:14.065 [main] DEBUG - Parsing relationship: /xl/_rels/workbook.xml.rels
13:48:14.066 [main] DEBUG - Parsing relationship: /xl/worksheets/_rels/sheet1.xml.rels
13:48:14.066 [main] DEBUG - Parsing relationship: /_rels/.rels
13:48:14.131 [main] TRACE - Loading type system org.apache.poi.schemas.ooxml.system.ooxml
13:48:14.132 [main] TRACE - Loading type system org.apache.xmlbeans.metadata.system.sXMLCONFIG
13:48:14.132 [main] TRACE - Loading type system org.apache.xmlbeans.metadata.system.sXMLLANG
13:48:14.132 [main] TRACE - Loading type system org.apache.xmlbeans.metadata.system.sXMLSCHEMA
13:48:14.133 [main] TRACE - Loading type system org.apache.xmlbeans.metadata.system.sXMLTOOLS
13:48:14.133 [main] TRACE - Reading unresolved handles for type system org.apache.xmlbeans.metadata.system.sXMLTOOLS
13:48:14.137 [main] TRACE - Finished loading type system org.apache.xmlbeans.metadata.system.sXMLTOOLS
13:48:14.138 [main] TRACE - Reading unresolved handles for type system org.apache.xmlbeans.metadata.system.sXMLSCHEMA
13:48:14.140 [main] TRACE - Finished loading type system org.apache.xmlbeans.metadata.system.sXMLSCHEMA
13:48:14.140 [main] TRACE - Reading unresolved handles for type system org.apache.xmlbeans.metadata.system.sXMLLANG
13:48:14.141 [main] TRACE - Finished loading type system org.apache.xmlbeans.metadata.system.sXMLLANG
13:48:14.141 [main] TRACE - Reading unresolved handles for type system org.apache.xmlbeans.metadata.system.sXMLCONFIG
13:48:14.141 [main] TRACE - Finished loading type system org.apache.xmlbeans.metadata.system.sXMLCONFIG
13:48:14.141 [main] TRACE - Reading unresolved handles for type system org.apache.poi.schemas.ooxml.system.ooxml
13:48:14.171 [main] TRACE - Finished loading type system org.apache.poi.schemas.ooxml.system.ooxml
13:48:14.172 [main] TRACE - Resolving type for handle themefd26doctype
13:48:14.191 [main] TRACE - Resolving type for handle stylesheet5d8bdoctype
13:48:14.195 [main] TRACE - Resolving type for handle ctstylesheet4257type
13:48:14.197 [main] TRACE - Resolving type for handle ctfonts6623type
13:48:14.198 [main] TRACE - Resolving type for handle ctfont14d8type
13:48:14.201 [main] TRACE - Resolving type for handle ctfills2c6ftype
13:48:14.201 [main] TRACE - Resolving type for handle ctfill550ctype
13:48:14.202 [main] TRACE - Resolving type for handle ctborders0d66type
13:48:14.203 [main] TRACE - Resolving type for handle ctborderf935type
13:48:14.204 [main] TRACE - Resolving type for handle ctcellxfs1322type
13:48:14.205 [main] TRACE - Resolving type for handle ctxf97f7type
13:48:14.206 [main] TRACE - Resolving type for handle ctcellstylexfsa81ftype
13:48:14.207 [main] TRACE - Resolving type for handle ctdxfsb26atype
13:48:14.208 [main] TRACE - Resolving type for handle cttablestyles872ftype
13:48:14.209 [main] TRACE - Resolving type for handle sstf81fdoctype
13:48:14.210 [main] TRACE - Resolving type for handle ctsst44f3type
13:48:14.213 [main] TRACE - Resolving type for handle ctrsta472type
13:48:14.219 [main] DEBUG - using default POIXMLDocumentPart for http://schemas.openxmlformats.org/officeDocument/2006/relationships/printerSettings
13:48:14.219 [main] TRACE - Resolving type for handle workbookec17doctype
13:48:14.221 [main] TRACE - Resolving type for handle ctworkbook83c3type
13:48:14.223 [main] TRACE - Resolving type for handle ctsheets49fdtype
13:48:14.224 [main] TRACE - Resolving type for handle ctsheet4dbetype
13:48:14.224 [main] TRACE - Resolving type for handle strelationshipid1e94type
13:48:14.225 [main] TRACE - Resolving type for handle worksheetf539doctype
13:48:14.228 [main] TRACE - Resolving type for handle ctworksheet530dtype
13:48:14.231 [main] TRACE - Resolving type for handle ctsheetdata8408type
13:48:14.232 [main] TRACE - Resolving type for handle ctrowdd39type
13:48:14.233 [main] TRACE - Resolving type for handle ctcell842btype
13:48:14.236 [main] TRACE - Resolving type for handle stcellrefe4e0type
13:48:14.239 [main] TRACE - Resolving type for handle ctcols627ctype
13:48:14.240 [main] TRACE - Resolving type for handle ctcola95ftype
13:48:14.245 [main] TRACE - Resolving type for handle cthyperlinks6416type
13:48:14.246 [main] TRACE - Resolving type for handle cthyperlink0c85type
13:48:14.249 [main] TRACE - Resolving type for handle stxstringf179type
13:48:14.250 [main] TRACE - Resolving type for handle stcelltypebf95type
13:48:17.653 [main] INFO  - Goto my account-->Click on Login.. 
13:48:17.876 [main] DEBUG - Parsing relationship: /xl/_rels/workbook.xml.rels
13:48:17.877 [main] DEBUG - Parsing relationship: /xl/worksheets/_rels/sheet1.xml.rels
13:48:17.878 [main] DEBUG - Parsing relationship: /_rels/.rels
13:48:17.888 [main] DEBUG - using default POIXMLDocumentPart for http://schemas.openxmlformats.org/officeDocument/2006/relationships/printerSettings
15:23:37.231 [main] INFO  - Goto my account-->Click on Login.. 
15:23:37.717 [main] DEBUG - Parsing relationship: /xl/_rels/workbook.xml.rels
15:23:37.718 [main] DEBUG - Parsing relationship: /xl/worksheets/_rels/sheet1.xml.rels
15:23:37.719 [main] DEBUG - Parsing relationship: /_rels/.rels
15:23:37.780 [main] TRACE - Loading type system org.apache.poi.schemas.ooxml.system.ooxml
15:23:37.782 [main] TRACE - Loading type system org.apache.xmlbeans.metadata.system.sXMLCONFIG
15:23:37.782 [main] TRACE - Loading type system org.apache.xmlbeans.metadata.system.sXMLLANG
15:23:37.782 [main] TRACE - Loading type system org.apache.xmlbeans.metadata.system.sXMLSCHEMA
15:23:37.783 [main] TRACE - Loading type system org.apache.xmlbeans.metadata.system.sXMLTOOLS
15:23:37.783 [main] TRACE - Reading unresolved handles for type system org.apache.xmlbeans.metadata.system.sXMLTOOLS
15:23:37.787 [main] TRACE - Finished loading type system org.apache.xmlbeans.metadata.system.sXMLTOOLS
15:23:37.788 [main] TRACE - Reading unresolved handles for type system org.apache.xmlbeans.metadata.system.sXMLSCHEMA
15:23:37.793 [main] TRACE - Finished loading type system org.apache.xmlbeans.metadata.system.sXMLSCHEMA
15:23:37.794 [main] TRACE - Reading unresolved handles for type system org.apache.xmlbeans.metadata.system.sXMLLANG
15:23:37.794 [main] TRACE - Finished loading type system org.apache.xmlbeans.metadata.system.sXMLLANG
15:23:37.794 [main] TRACE - Reading unresolved handles for type system org.apache.xmlbeans.metadata.system.sXMLCONFIG
15:23:37.795 [main] TRACE - Finished loading type system org.apache.xmlbeans.metadata.system.sXMLCONFIG
15:23:37.795 [main] TRACE - Reading unresolved handles for type system org.apache.poi.schemas.ooxml.system.ooxml
15:23:37.824 [main] TRACE - Finished loading type system org.apache.poi.schemas.ooxml.system.ooxml
15:23:37.824 [main] TRACE - Resolving type for handle themefd26doctype
15:23:37.846 [main] TRACE - Resolving type for handle stylesheet5d8bdoctype
15:23:37.849 [main] TRACE - Resolving type for handle ctstylesheet4257type
15:23:37.852 [main] TRACE - Resolving type for handle ctfonts6623type
15:23:37.855 [main] TRACE - Resolving type for handle ctfont14d8type
15:23:37.857 [main] TRACE - Resolving type for handle ctfills2c6ftype
15:23:37.858 [main] TRACE - Resolving type for handle ctfill550ctype
15:23:37.858 [main] TRACE - Resolving type for handle ctborders0d66type
15:23:37.859 [main] TRACE - Resolving type for handle ctborderf935type
15:23:37.860 [main] TRACE - Resolving type for handle ctcellxfs1322type
15:23:37.861 [main] TRACE - Resolving type for handle ctxf97f7type
15:23:37.862 [main] TRACE - Resolving type for handle ctcellstylexfsa81ftype
15:23:37.863 [main] TRACE - Resolving type for handle ctdxfsb26atype
15:23:37.864 [main] TRACE - Resolving type for handle cttablestyles872ftype
15:23:37.865 [main] TRACE - Resolving type for handle sstf81fdoctype
15:23:37.867 [main] TRACE - Resolving type for handle ctsst44f3type
15:23:37.870 [main] TRACE - Resolving type for handle ctrsta472type
15:23:37.876 [main] DEBUG - using default POIXMLDocumentPart for http://schemas.openxmlformats.org/officeDocument/2006/relationships/printerSettings
15:23:37.876 [main] TRACE - Resolving type for handle workbookec17doctype
15:23:37.878 [main] TRACE - Resolving type for handle ctworkbook83c3type
15:23:37.881 [main] TRACE - Resolving type for handle ctsheets49fdtype
15:23:37.882 [main] TRACE - Resolving type for handle ctsheet4dbetype
15:23:37.883 [main] TRACE - Resolving type for handle strelationshipid1e94type
15:23:37.884 [main] TRACE - Resolving type for handle worksheetf539doctype
15:23:37.886 [main] TRACE - Resolving type for handle ctworksheet530dtype
15:23:37.889 [main] TRACE - Resolving type for handle ctsheetdata8408type
15:23:37.890 [main] TRACE - Resolving type for handle ctrowdd39type
15:23:37.892 [main] TRACE - Resolving type for handle ctcell842btype
15:23:37.894 [main] TRACE - Resolving type for handle stcellrefe4e0type
15:23:37.897 [main] TRACE - Resolving type for handle ctcols627ctype
15:23:37.899 [main] TRACE - Resolving type for handle ctcola95ftype
15:23:37.904 [main] TRACE - Resolving type for handle cthyperlinks6416type
15:23:37.905 [main] TRACE - Resolving type for handle cthyperlink0c85type
15:23:37.908 [main] TRACE - Resolving type for handle stxstringf179type
15:23:37.909 [main] TRACE - Resolving type for handle stcelltypebf95type
15:23:41.243 [main] INFO  - Goto my account-->Click on Login.. 
15:23:41.484 [main] DEBUG - Parsing relationship: /xl/_rels/workbook.xml.rels
15:23:41.484 [main] DEBUG - Parsing relationship: /xl/worksheets/_rels/sheet1.xml.rels
15:23:41.485 [main] DEBUG - Parsing relationship: /_rels/.rels
15:23:41.494 [main] DEBUG - using default POIXMLDocumentPart for http://schemas.openxmlformats.org/officeDocument/2006/relationships/printerSettings
15:24:00.920 [main] INFO  - Goto my account-->Click on Login.. 
15:24:01.202 [main] INFO  - Entering email and password.. 
15:24:01.858 [main] INFO  - clicked on login button...
15:24:04.117 [main] INFO  - Goto my account-->Click on Login.. 
15:24:04.444 [main] DEBUG - Parsing relationship: /xl/_rels/workbook.xml.rels
15:24:04.445 [main] DEBUG - Parsing relationship: /xl/worksheets/_rels/sheet1.xml.rels
15:24:04.446 [main] DEBUG - Parsing relationship: /_rels/.rels
15:24:04.506 [main] TRACE - Loading type system org.apache.poi.schemas.ooxml.system.ooxml
15:24:04.507 [main] TRACE - Loading type system org.apache.xmlbeans.metadata.system.sXMLCONFIG
15:24:04.508 [main] TRACE - Loading type system org.apache.xmlbeans.metadata.system.sXMLLANG
15:24:04.508 [main] TRACE - Loading type system org.apache.xmlbeans.metadata.system.sXMLSCHEMA
15:24:04.508 [main] TRACE - Loading type system org.apache.xmlbeans.metadata.system.sXMLTOOLS
15:24:04.508 [main] TRACE - Reading unresolved handles for type system org.apache.xmlbeans.metadata.system.sXMLTOOLS
15:24:04.513 [main] TRACE - Finished loading type system org.apache.xmlbeans.metadata.system.sXMLTOOLS
15:24:04.513 [main] TRACE - Reading unresolved handles for type system org.apache.xmlbeans.metadata.system.sXMLSCHEMA
15:24:04.516 [main] TRACE - Finished loading type system org.apache.xmlbeans.metadata.system.sXMLSCHEMA
15:24:04.516 [main] TRACE - Reading unresolved handles for type system org.apache.xmlbeans.metadata.system.sXMLLANG
15:24:04.517 [main] TRACE - Finished loading type system org.apache.xmlbeans.metadata.system.sXMLLANG
15:24:04.517 [main] TRACE - Reading unresolved handles for type system org.apache.xmlbeans.metadata.system.sXMLCONFIG
15:24:04.517 [main] TRACE - Finished loading type system org.apache.xmlbeans.metadata.system.sXMLCONFIG
15:24:04.517 [main] TRACE - Reading unresolved handles for type system org.apache.poi.schemas.ooxml.system.ooxml
15:24:04.546 [main] TRACE - Finished loading type system org.apache.poi.schemas.ooxml.system.ooxml
15:24:04.546 [main] TRACE - Resolving type for handle themefd26doctype
15:24:04.567 [main] TRACE - Resolving type for handle stylesheet5d8bdoctype
15:24:04.569 [main] TRACE - Resolving type for handle ctstylesheet4257type
15:24:04.571 [main] TRACE - Resolving type for handle ctfonts6623type
15:24:04.573 [main] TRACE - Resolving type for handle ctfont14d8type
15:24:04.576 [main] TRACE - Resolving type for handle ctfills2c6ftype
15:24:04.577 [main] TRACE - Resolving type for handle ctfill550ctype
15:24:04.577 [main] TRACE - Resolving type for handle ctborders0d66type
15:24:04.578 [main] TRACE - Resolving type for handle ctborderf935type
15:24:04.579 [main] TRACE - Resolving type for handle ctcellxfs1322type
15:24:04.580 [main] TRACE - Resolving type for handle ctxf97f7type
15:24:04.581 [main] TRACE - Resolving type for handle ctcellstylexfsa81ftype
15:24:04.582 [main] TRACE - Resolving type for handle ctdxfsb26atype
15:24:04.582 [main] TRACE - Resolving type for handle cttablestyles872ftype
15:24:04.583 [main] TRACE - Resolving type for handle sstf81fdoctype
15:24:04.586 [main] TRACE - Resolving type for handle ctsst44f3type
15:24:04.591 [main] TRACE - Resolving type for handle ctrsta472type
15:24:04.597 [main] DEBUG - using default POIXMLDocumentPart for http://schemas.openxmlformats.org/officeDocument/2006/relationships/printerSettings
15:24:04.597 [main] TRACE - Resolving type for handle workbookec17doctype
15:24:04.599 [main] TRACE - Resolving type for handle ctworkbook83c3type
15:24:04.601 [main] TRACE - Resolving type for handle ctsheets49fdtype
15:24:04.602 [main] TRACE - Resolving type for handle ctsheet4dbetype
15:24:04.602 [main] TRACE - Resolving type for handle strelationshipid1e94type
15:24:04.603 [main] TRACE - Resolving type for handle worksheetf539doctype
15:24:04.605 [main] TRACE - Resolving type for handle ctworksheet530dtype
15:24:04.608 [main] TRACE - Resolving type for handle ctsheetdata8408type
15:24:04.608 [main] TRACE - Resolving type for handle ctrowdd39type
15:24:04.610 [main] TRACE - Resolving type for handle ctcell842btype
15:24:04.613 [main] TRACE - Resolving type for handle stcellrefe4e0type
15:24:04.616 [main] TRACE - Resolving type for handle ctcols627ctype
15:24:04.618 [main] TRACE - Resolving type for handle ctcola95ftype
15:24:04.625 [main] TRACE - Resolving type for handle cthyperlinks6416type
15:24:04.626 [main] TRACE - Resolving type for handle cthyperlink0c85type
15:24:04.629 [main] TRACE - Resolving type for handle stxstringf179type
15:24:04.630 [main] TRACE - Resolving type for handle stcelltypebf95type
15:24:07.798 [main] INFO  - Goto my account-->Click on Login.. 
15:24:08.064 [main] DEBUG - Parsing relationship: /xl/_rels/workbook.xml.rels
15:24:08.065 [main] DEBUG - Parsing relationship: /xl/worksheets/_rels/sheet1.xml.rels
15:24:08.066 [main] DEBUG - Parsing relationship: /_rels/.rels
15:24:08.076 [main] DEBUG - using default POIXMLDocumentPart for http://schemas.openxmlformats.org/officeDocument/2006/relationships/printerSettings
20:26:18.337 [main] INFO  - Goto my account-->Click on Login.. 
20:26:18.827 [main] DEBUG - Parsing relationship: /xl/_rels/workbook.xml.rels
20:26:18.828 [main] DEBUG - Parsing relationship: /xl/worksheets/_rels/sheet1.xml.rels
20:26:18.829 [main] DEBUG - Parsing relationship: /_rels/.rels
20:26:18.887 [main] TRACE - Loading type system org.apache.poi.schemas.ooxml.system.ooxml
20:26:18.889 [main] TRACE - Loading type system org.apache.xmlbeans.metadata.system.sXMLCONFIG
20:26:18.889 [main] TRACE - Loading type system org.apache.xmlbeans.metadata.system.sXMLLANG
20:26:18.889 [main] TRACE - Loading type system org.apache.xmlbeans.metadata.system.sXMLSCHEMA
20:26:18.889 [main] TRACE - Loading type system org.apache.xmlbeans.metadata.system.sXMLTOOLS
20:26:18.889 [main] TRACE - Reading unresolved handles for type system org.apache.xmlbeans.metadata.system.sXMLTOOLS
20:26:18.895 [main] TRACE - Finished loading type system org.apache.xmlbeans.metadata.system.sXMLTOOLS
20:26:18.895 [main] TRACE - Reading unresolved handles for type system org.apache.xmlbeans.metadata.system.sXMLSCHEMA
20:26:18.901 [main] TRACE - Finished loading type system org.apache.xmlbeans.metadata.system.sXMLSCHEMA
20:26:18.901 [main] TRACE - Reading unresolved handles for type system org.apache.xmlbeans.metadata.system.sXMLLANG
20:26:18.902 [main] TRACE - Finished loading type system org.apache.xmlbeans.metadata.system.sXMLLANG
20:26:18.902 [main] TRACE - Reading unresolved handles for type system org.apache.xmlbeans.metadata.system.sXMLCONFIG
20:26:18.902 [main] TRACE - Finished loading type system org.apache.xmlbeans.metadata.system.sXMLCONFIG
20:26:18.902 [main] TRACE - Reading unresolved handles for type system org.apache.poi.schemas.ooxml.system.ooxml
20:26:18.933 [main] TRACE - Finished loading type system org.apache.poi.schemas.ooxml.system.ooxml
20:26:18.933 [main] TRACE - Resolving type for handle themefd26doctype
20:26:18.955 [main] TRACE - Resolving type for handle stylesheet5d8bdoctype
20:26:18.959 [main] TRACE - Resolving type for handle ctstylesheet4257type
20:26:18.963 [main] TRACE - Resolving type for handle ctfonts6623type
20:26:18.965 [main] TRACE - Resolving type for handle ctfont14d8type
20:26:18.968 [main] TRACE - Resolving type for handle ctfills2c6ftype
20:26:18.969 [main] TRACE - Resolving type for handle ctfill550ctype
20:26:18.970 [main] TRACE - Resolving type for handle ctborders0d66type
