21:47:49.469 [main] DEBUG - Save part 'docProps/core.xml'
21:47:49.477 [main] DEBUG - Save part 'docProps/custom.xml'
21:47:49.477 [main] DEBUG - Save part 'xl/sharedStrings.xml'
21:47:49.477 [main] DEBUG - Save part 'xl/styles.xml'
21:47:49.477 [main] DEBUG - Save part 'xl/theme/theme1.xml'
21:47:49.478 [main] DEBUG - Save part 'xl/workbook.xml'
21:47:49.478 [main] DEBUG - Save part 'xl/worksheets/sheet1.xml'
21:47:49.478 [main] DEBUG - Save part 'xl/worksheets/sheet2.xml'
21:47:49.478 [main] DEBUG - Save part 'xl/worksheets/sheet3.xml'
21:47:49.478 [main] DEBUG - Save part 'xl/worksheets/sheet4.xml'
21:47:49.480 [main] DEBUG - Parsing relationship: /xl/_rels/workbook.xml.rels
21:47:49.480 [main] DEBUG - Parsing relationship: /_rels/.rels
21:47:49.489 [main] DEBUG - Save content types part
21:47:49.490 [main] DEBUG - Save package relationships
21:47:49.490 [main] DEBUG - Save part 'docProps/app.xml'
21:47:49.490 [main] DEBUG - Save part 'docProps/core.xml'
21:47:49.490 [main] DEBUG - Save part 'docProps/custom.xml'
21:47:49.490 [main] DEBUG - Save part 'xl/sharedStrings.xml'
21:47:49.490 [main] DEBUG - Save part 'xl/styles.xml'
21:47:49.491 [main] DEBUG - Save part 'xl/theme/theme1.xml'
21:47:49.491 [main] DEBUG - Save part 'xl/workbook.xml'
21:47:49.491 [main] DEBUG - Save part 'xl/worksheets/sheet1.xml'
21:47:49.491 [main] DEBUG - Save part 'xl/worksheets/sheet2.xml'
21:47:49.491 [main] DEBUG - Save part 'xl/worksheets/sheet3.xml'
21:47:49.491 [main] DEBUG - Save part 'xl/worksheets/sheet4.xml'
21:47:49.507 [main] DEBUG - Parsing relationship: /xl/_rels/workbook.xml.rels
21:47:49.507 [main] DEBUG - Parsing relationship: /_rels/.rels
21:47:49.514 [main] DEBUG - Save content types part
21:47:49.514 [main] DEBUG - Save package relationships
21:47:49.514 [main] DEBUG - Save part 'docProps/app.xml'
21:47:49.514 [main] DEBUG - Save part 'docProps/core.xml'
21:47:49.515 [main] DEBUG - Save part 'docProps/custom.xml'
21:47:49.515 [main] DEBUG - Save part 'xl/sharedStrings.xml'
21:47:49.515 [main] DEBUG - Save part 'xl/styles.xml'
21:47:49.515 [main] DEBUG - Save part 'xl/theme/theme1.xml'
21:47:49.515 [main] DEBUG - Save part 'xl/workbook.xml'
21:47:49.516 [main] DEBUG - Save part 'xl/worksheets/sheet1.xml'
21:47:49.516 [main] DEBUG - Save part 'xl/worksheets/sheet2.xml'
21:47:49.516 [main] DEBUG - Save part 'xl/worksheets/sheet3.xml'
21:47:49.516 [main] DEBUG - Save part 'xl/worksheets/sheet4.xml'
21:47:49.518 [main] DEBUG - Parsing relationship: /xl/_rels/workbook.xml.rels
21:47:49.518 [main] DEBUG - Parsing relationship: /_rels/.rels
21:47:49.527 [main] DEBUG - Save content types part
21:47:49.527 [main] DEBUG - Save package relationships
21:47:49.528 [main] DEBUG - Save part 'docProps/app.xml'
21:47:49.528 [main] DEBUG - Save part 'docProps/core.xml'
21:47:49.528 [main] DEBUG - Save part 'docProps/custom.xml'
21:47:49.528 [main] DEBUG - Save part 'xl/sharedStrings.xml'
21:47:49.528 [main] DEBUG - Save part 'xl/styles.xml'
21:47:49.528 [main] DEBUG - Save part 'xl/theme/theme1.xml'
21:47:49.529 [main] DEBUG - Save part 'xl/workbook.xml'
21:47:49.529 [main] DEBUG - Save part 'xl/worksheets/sheet1.xml'
21:47:49.529 [main] DEBUG - Save part 'xl/worksheets/sheet2.xml'
21:47:49.529 [main] DEBUG - Save part 'xl/worksheets/sheet3.xml'
21:47:49.529 [main] DEBUG - Save part 'xl/worksheets/sheet4.xml'
21:47:49.531 [main] DEBUG - Parsing relationship: /xl/_rels/workbook.xml.rels
21:47:49.531 [main] DEBUG - Parsing relationship: /_rels/.rels
21:47:49.541 [main] DEBUG - Save content types part
21:47:49.541 [main] DEBUG - Save package relationships
21:47:49.541 [main] DEBUG - Save part 'docProps/app.xml'
21:47:49.541 [main] DEBUG - Save part 'docProps/core.xml'
21:47:49.542 [main] DEBUG - Save part 'docProps/custom.xml'
21:47:49.542 [main] DEBUG - Save part 'xl/sharedStrings.xml'
21:47:49.542 [main] DEBUG - Save part 'xl/styles.xml'
21:47:49.542 [main] DEBUG - Save part 'xl/theme/theme1.xml'
21:47:49.542 [main] DEBUG - Save part 'xl/workbook.xml'
21:47:49.543 [main] DEBUG - Save part 'xl/worksheets/sheet1.xml'
21:47:49.543 [main] DEBUG - Save part 'xl/worksheets/sheet2.xml'
21:47:49.543 [main] DEBUG - Save part 'xl/worksheets/sheet3.xml'
21:47:49.543 [main] DEBUG - Save part 'xl/worksheets/sheet4.xml'
21:47:54.113 [main] INFO  - Goto my account-->Click on Login.. 
21:47:54.356 [main] INFO  - Entering email and password.. 
21:48:07.721 [main] DEBUG - Parsing relationship: /xl/_rels/workbook.xml.rels
21:48:07.722 [main] DEBUG - Parsing relationship: /_rels/.rels
21:48:07.732 [main] DEBUG - Save content types part
21:48:07.733 [main] DEBUG - Save package relationships
21:48:07.733 [main] DEBUG - Save part 'docProps/app.xml'
21:48:07.733 [main] DEBUG - Save part 'docProps/core.xml'
21:48:07.733 [main] DEBUG - Save part 'docProps/custom.xml'
21:48:07.734 [main] DEBUG - Save part 'xl/sharedStrings.xml'
21:48:07.734 [main] DEBUG - Save part 'xl/styles.xml'
21:48:07.734 [main] DEBUG - Save part 'xl/theme/theme1.xml'
21:48:07.734 [main] DEBUG - Save part 'xl/workbook.xml'
21:48:07.735 [main] DEBUG - Save part 'xl/worksheets/sheet1.xml'
21:48:07.735 [main] DEBUG - Save part 'xl/worksheets/sheet2.xml'
21:48:07.735 [main] DEBUG - Save part 'xl/worksheets/sheet3.xml'
21:48:07.735 [main] DEBUG - Save part 'xl/worksheets/sheet4.xml'
21:48:07.738 [main] DEBUG - Parsing relationship: /xl/_rels/workbook.xml.rels
21:48:07.738 [main] DEBUG - Parsing relationship: /_rels/.rels
21:48:07.748 [main] DEBUG - Save content types part
21:48:07.749 [main] DEBUG - Save package relationships
21:48:07.749 [main] DEBUG - Save part 'docProps/app.xml'
21:48:07.749 [main] DEBUG - Save part 'docProps/core.xml'
21:48:07.749 [main] DEBUG - Save part 'docProps/custom.xml'
21:48:07.749 [main] DEBUG - Save part 'xl/sharedStrings.xml'
21:48:07.749 [main] DEBUG - Save part 'xl/styles.xml'
21:48:07.750 [main] DEBUG - Save part 'xl/theme/theme1.xml'
21:48:07.750 [main] DEBUG - Save part 'xl/workbook.xml'
21:48:07.751 [main] DEBUG - Save part 'xl/worksheets/sheet1.xml'
21:48:07.751 [main] DEBUG - Save part 'xl/worksheets/sheet2.xml'
21:48:07.751 [main] DEBUG - Save part 'xl/worksheets/sheet3.xml'
21:48:07.751 [main] DEBUG - Save part 'xl/worksheets/sheet4.xml'
21:48:07.753 [main] DEBUG - Parsing relationship: /xl/_rels/workbook.xml.rels
21:48:07.753 [main] DEBUG - Parsing relationship: /_rels/.rels
21:48:07.761 [main] DEBUG - Save content types part
21:48:07.762 [main] DEBUG - Save package relationships
21:48:07.762 [main] DEBUG - Save part 'docProps/app.xml'
21:48:07.762 [main] DEBUG - Save part 'docProps/core.xml'
21:48:07.763 [main] DEBUG - Save part 'docProps/custom.xml'
21:48:07.763 [main] DEBUG - Save part 'xl/sharedStrings.xml'
21:48:07.763 [main] DEBUG - Save part 'xl/styles.xml'
21:48:07.763 [main] DEBUG - Save part 'xl/theme/theme1.xml'
21:48:07.763 [main] DEBUG - Save part 'xl/workbook.xml'
21:48:07.763 [main] DEBUG - Save part 'xl/worksheets/sheet1.xml'
21:48:07.763 [main] DEBUG - Save part 'xl/worksheets/sheet2.xml'
21:48:07.763 [main] DEBUG - Save part 'xl/worksheets/sheet3.xml'
21:48:07.763 [main] DEBUG - Save part 'xl/worksheets/sheet4.xml'
21:48:07.779 [main] DEBUG - Parsing relationship: /xl/_rels/workbook.xml.rels
21:48:07.779 [main] DEBUG - Parsing relationship: /_rels/.rels
21:48:07.784 [main] DEBUG - Save content types part
21:48:07.785 [main] DEBUG - Save package relationships
21:48:07.785 [main] DEBUG - Save part 'docProps/app.xml'
21:48:07.785 [main] DEBUG - Save part 'docProps/core.xml'
21:48:07.785 [main] DEBUG - Save part 'docProps/custom.xml'
21:48:07.785 [main] DEBUG - Save part 'xl/sharedStrings.xml'
21:48:07.785 [main] DEBUG - Save part 'xl/styles.xml'
21:48:07.786 [main] DEBUG - Save part 'xl/theme/theme1.xml'
21:48:07.786 [main] DEBUG - Save part 'xl/workbook.xml'
21:48:07.786 [main] DEBUG - Save part 'xl/worksheets/sheet1.xml'
21:48:07.786 [main] DEBUG - Save part 'xl/worksheets/sheet2.xml'
21:48:07.786 [main] DEBUG - Save part 'xl/worksheets/sheet3.xml'
21:48:07.787 [main] DEBUG - Save part 'xl/worksheets/sheet4.xml'
21:48:07.789 [main] DEBUG - Parsing relationship: /xl/_rels/workbook.xml.rels
21:48:07.789 [main] DEBUG - Parsing relationship: /_rels/.rels
21:48:07.796 [main] DEBUG - Save content types part
21:48:07.796 [main] DEBUG - Save package relationships
21:48:07.796 [main] DEBUG - Save part 'docProps/app.xml'
21:48:07.797 [main] DEBUG - Save part 'docProps/core.xml'
21:48:07.797 [main] DEBUG - Save part 'docProps/custom.xml'
21:48:07.797 [main] DEBUG - Save part 'xl/sharedStrings.xml'
21:48:07.797 [main] DEBUG - Save part 'xl/styles.xml'
21:48:07.797 [main] DEBUG - Save part 'xl/theme/theme1.xml'
21:48:07.797 [main] DEBUG - Save part 'xl/workbook.xml'
21:48:07.798 [main] DEBUG - Save part 'xl/worksheets/sheet1.xml'
21:48:07.798 [main] DEBUG - Save part 'xl/worksheets/sheet2.xml'
21:48:07.798 [main] DEBUG - Save part 'xl/worksheets/sheet3.xml'
21:48:07.798 [main] DEBUG - Save part 'xl/worksheets/sheet4.xml'
21:48:07.799 [main] DEBUG - Parsing relationship: /xl/_rels/workbook.xml.rels
21:48:07.799 [main] DEBUG - Parsing relationship: /_rels/.rels
21:48:07.807 [main] DEBUG - Save content types part
21:48:07.807 [main] DEBUG - Save package relationships
21:48:07.808 [main] DEBUG - Save part 'docProps/app.xml'
21:48:07.808 [main] DEBUG - Save part 'docProps/core.xml'
21:48:07.808 [main] DEBUG - Save part 'docProps/custom.xml'
21:48:07.808 [main] DEBUG - Save part 'xl/sharedStrings.xml'
21:48:07.808 [main] DEBUG - Save part 'xl/styles.xml'
21:48:07.808 [main] DEBUG - Save part 'xl/theme/theme1.xml'
21:48:07.808 [main] DEBUG - Save part 'xl/workbook.xml'
21:48:07.809 [main] DEBUG - Save part 'xl/worksheets/sheet1.xml'
21:48:07.809 [main] DEBUG - Save part 'xl/worksheets/sheet2.xml'
21:48:07.809 [main] DEBUG - Save part 'xl/worksheets/sheet3.xml'
21:48:07.809 [main] DEBUG - Save part 'xl/worksheets/sheet4.xml'
21:48:07.825 [main] DEBUG - Parsing relationship: /xl/_rels/workbook.xml.rels
21:48:07.825 [main] DEBUG - Parsing relationship: /_rels/.rels
21:48:07.830 [main] DEBUG - Save content types part
21:48:07.831 [main] DEBUG - Save package relationships
21:48:07.831 [main] DEBUG - Save part 'docProps/app.xml'
21:48:07.831 [main] DEBUG - Save part 'docProps/core.xml'
21:48:07.831 [main] DEBUG - Save part 'docProps/custom.xml'
21:48:07.831 [main] DEBUG - Save part 'xl/sharedStrings.xml'
21:48:07.831 [main] DEBUG - Save part 'xl/styles.xml'
21:48:07.832 [main] DEBUG - Save part 'xl/theme/theme1.xml'
21:48:07.832 [main] DEBUG - Save part 'xl/workbook.xml'
21:48:07.832 [main] DEBUG - Save part 'xl/worksheets/sheet1.xml'
21:48:07.832 [main] DEBUG - Save part 'xl/worksheets/sheet2.xml'
21:48:07.832 [main] DEBUG - Save part 'xl/worksheets/sheet3.xml'
21:48:07.833 [main] DEBUG - Save part 'xl/worksheets/sheet4.xml'
21:48:07.834 [main] DEBUG - Parsing relationship: /xl/_rels/workbook.xml.rels
21:48:07.835 [main] DEBUG - Parsing relationship: /_rels/.rels
21:48:07.843 [main] DEBUG - Save content types part
21:48:07.843 [main] DEBUG - Save package relationships
21:48:07.843 [main] DEBUG - Save part 'docProps/app.xml'
21:48:07.843 [main] DEBUG - Save part 'docProps/core.xml'
21:48:07.844 [main] DEBUG - Save part 'docProps/custom.xml'
21:48:07.844 [main] DEBUG - Save part 'xl/sharedStrings.xml'
21:48:07.844 [main] DEBUG - Save part 'xl/styles.xml'
21:48:07.844 [main] DEBUG - Save part 'xl/theme/theme1.xml'
21:48:07.844 [main] DEBUG - Save part 'xl/workbook.xml'
21:48:07.844 [main] DEBUG - Save part 'xl/worksheets/sheet1.xml'
21:48:07.844 [main] DEBUG - Save part 'xl/worksheets/sheet2.xml'
21:48:07.844 [main] DEBUG - Save part 'xl/worksheets/sheet3.xml'
21:48:07.845 [main] DEBUG - Save part 'xl/worksheets/sheet4.xml'
21:48:07.849 [main] DEBUG - Parsing relationship: /xl/_rels/workbook.xml.rels
21:48:07.849 [main] DEBUG - Parsing relationship: /_rels/.rels
21:48:07.858 [main] DEBUG - Save content types part
21:48:07.858 [main] DEBUG - Save package relationships
21:48:07.858 [main] DEBUG - Save part 'docProps/app.xml'
21:48:07.858 [main] DEBUG - Save part 'docProps/core.xml'
21:48:07.859 [main] DEBUG - Save part 'docProps/custom.xml'
21:48:07.859 [main] DEBUG - Save part 'xl/sharedStrings.xml'
21:48:07.859 [main] DEBUG - Save part 'xl/styles.xml'
21:48:07.859 [main] DEBUG - Save part 'xl/theme/theme1.xml'
21:48:07.859 [main] DEBUG - Save part 'xl/workbook.xml'
21:48:07.859 [main] DEBUG - Save part 'xl/worksheets/sheet1.xml'
21:48:07.859 [main] DEBUG - Save part 'xl/worksheets/sheet2.xml'
21:48:07.860 [main] DEBUG - Save part 'xl/worksheets/sheet3.xml'
21:48:07.860 [main] DEBUG - Save part 'xl/worksheets/sheet4.xml'
21:48:07.876 [main] DEBUG - Parsing relationship: /xl/_rels/workbook.xml.rels
21:48:07.876 [main] DEBUG - Parsing relationship: /_rels/.rels
21:48:07.882 [main] DEBUG - Save content types part
21:48:07.882 [main] DEBUG - Save package relationships
21:48:07.882 [main] DEBUG - Save part 'docProps/app.xml'
21:48:07.883 [main] DEBUG - Save part 'docProps/core.xml'
21:48:07.883 [main] DEBUG - Save part 'docProps/custom.xml'
21:48:07.883 [main] DEBUG - Save part 'xl/sharedStrings.xml'
21:48:07.883 [main] DEBUG - Save part 'xl/styles.xml'
21:48:07.883 [main] DEBUG - Save part 'xl/theme/theme1.xml'
21:48:07.883 [main] DEBUG - Save part 'xl/workbook.xml'
21:48:07.884 [main] DEBUG - Save part 'xl/worksheets/sheet1.xml'
21:48:07.884 [main] DEBUG - Save part 'xl/worksheets/sheet2.xml'
21:48:07.884 [main] DEBUG - Save part 'xl/worksheets/sheet3.xml'
21:48:07.884 [main] DEBUG - Save part 'xl/worksheets/sheet4.xml'
21:48:07.885 [main] DEBUG - Parsing relationship: /xl/_rels/workbook.xml.rels
21:48:07.886 [main] DEBUG - Parsing relationship: /_rels/.rels
21:48:07.893 [main] DEBUG - Save content types part
21:48:07.893 [main] DEBUG - Save package relationships
21:48:07.893 [main] DEBUG - Save part 'docProps/app.xml'
21:48:07.894 [main] DEBUG - Save part 'docProps/core.xml'
21:48:07.894 [main] DEBUG - Save part 'docProps/custom.xml'
21:48:07.894 [main] DEBUG - Save part 'xl/sharedStrings.xml'
21:48:07.894 [main] DEBUG - Save part 'xl/styles.xml'
21:48:07.894 [main] DEBUG - Save part 'xl/theme/theme1.xml'
21:48:07.895 [main] DEBUG - Save part 'xl/workbook.xml'
21:48:07.895 [main] DEBUG - Save part 'xl/worksheets/sheet1.xml'
21:48:07.895 [main] DEBUG - Save part 'xl/worksheets/sheet2.xml'
21:48:07.895 [main] DEBUG - Save part 'xl/worksheets/sheet3.xml'
21:48:07.896 [main] DEBUG - Save part 'xl/worksheets/sheet4.xml'
21:48:07.897 [main] DEBUG - Parsing relationship: /xl/_rels/workbook.xml.rels
21:48:07.898 [main] DEBUG - Parsing relationship: /_rels/.rels
21:48:07.906 [main] DEBUG - Save content types part
21:48:07.907 [main] DEBUG - Save package relationships
21:48:07.908 [main] DEBUG - Save part 'docProps/app.xml'
21:48:07.908 [main] DEBUG - Save part 'docProps/core.xml'
21:48:07.909 [main] DEBUG - Save part 'docProps/custom.xml'
21:48:07.909 [main] DEBUG - Save part 'xl/sharedStrings.xml'
21:48:07.909 [main] DEBUG - Save part 'xl/styles.xml'
21:48:07.909 [main] DEBUG - Save part 'xl/theme/theme1.xml'
21:48:07.910 [main] DEBUG - Save part 'xl/workbook.xml'
21:48:07.910 [main] DEBUG - Save part 'xl/worksheets/sheet1.xml'
21:48:07.910 [main] DEBUG - Save part 'xl/worksheets/sheet2.xml'
21:48:07.910 [main] DEBUG - Save part 'xl/worksheets/sheet3.xml'
21:48:07.911 [main] DEBUG - Save part 'xl/worksheets/sheet4.xml'
21:48:07.929 [main] DEBUG - Parsing relationship: /xl/_rels/workbook.xml.rels
21:48:07.929 [main] DEBUG - Parsing relationship: /_rels/.rels
21:48:07.934 [main] DEBUG - Save content types part
21:48:07.934 [main] DEBUG - Save package relationships
21:48:07.934 [main] DEBUG - Save part 'docProps/app.xml'
21:48:07.935 [main] DEBUG - Save part 'docProps/core.xml'
21:48:07.935 [main] DEBUG - Save part 'docProps/custom.xml'
21:48:07.935 [main] DEBUG - Save part 'xl/sharedStrings.xml'
21:48:07.935 [main] DEBUG - Save part 'xl/styles.xml'
21:48:07.935 [main] DEBUG - Save part 'xl/theme/theme1.xml'
21:48:07.935 [main] DEBUG - Save part 'xl/workbook.xml'
21:48:07.936 [main] DEBUG - Save part 'xl/worksheets/sheet1.xml'
21:48:07.936 [main] DEBUG - Save part 'xl/worksheets/sheet2.xml'
21:48:07.936 [main] DEBUG - Save part 'xl/worksheets/sheet3.xml'
21:48:07.936 [main] DEBUG - Save part 'xl/worksheets/sheet4.xml'
21:48:07.938 [main] DEBUG - Parsing relationship: /xl/_rels/workbook.xml.rels
21:48:07.938 [main] DEBUG - Parsing relationship: /_rels/.rels
21:48:07.944 [main] DEBUG - Save content types part
21:48:07.944 [main] DEBUG - Save package relationships
21:48:07.945 [main] DEBUG - Save part 'docProps/app.xml'
21:48:07.945 [main] DEBUG - Save part 'docProps/core.xml'
21:48:07.945 [main] DEBUG - Save part 'docProps/custom.xml'
21:48:07.945 [main] DEBUG - Save part 'xl/sharedStrings.xml'
21:48:07.945 [main] DEBUG - Save part 'xl/styles.xml'
21:48:07.945 [main] DEBUG - Save part 'xl/theme/theme1.xml'
21:48:07.945 [main] DEBUG - Save part 'xl/workbook.xml'
21:48:07.946 [main] DEBUG - Save part 'xl/worksheets/sheet1.xml'
21:48:07.946 [main] DEBUG - Save part 'xl/worksheets/sheet2.xml'
21:48:07.946 [main] DEBUG - Save part 'xl/worksheets/sheet3.xml'
21:48:07.946 [main] DEBUG - Save part 'xl/worksheets/sheet4.xml'
21:48:07.947 [main] DEBUG - Parsing relationship: /xl/_rels/workbook.xml.rels
21:48:07.947 [main] DEBUG - Parsing relationship: /_rels/.rels
21:48:07.952 [main] DEBUG - Save content types part
21:48:07.953 [main] DEBUG - Save package relationships
21:48:07.953 [main] DEBUG - Save part 'docProps/app.xml'
21:48:07.953 [main] DEBUG - Save part 'docProps/core.xml'
21:48:07.953 [main] DEBUG - Save part 'docProps/custom.xml'
21:48:07.954 [main] DEBUG - Save part 'xl/sharedStrings.xml'
21:48:07.954 [main] DEBUG - Save part 'xl/styles.xml'
21:48:07.954 [main] DEBUG - Save part 'xl/theme/theme1.xml'
21:48:07.954 [main] DEBUG - Save part 'xl/workbook.xml'
21:48:07.954 [main] DEBUG - Save part 'xl/worksheets/sheet1.xml'
21:48:07.954 [main] DEBUG - Save part 'xl/worksheets/sheet2.xml'
21:48:07.954 [main] DEBUG - Save part 'xl/worksheets/sheet3.xml'
21:48:07.954 [main] DEBUG - Save part 'xl/worksheets/sheet4.xml'
21:48:07.969 [main] DEBUG - Parsing relationship: /xl/_rels/workbook.xml.rels
21:48:07.969 [main] DEBUG - Parsing relationship: /_rels/.rels
21:48:07.974 [main] DEBUG - Save content types part
21:48:07.974 [main] DEBUG - Save package relationships
21:48:07.974 [main] DEBUG - Save part 'docProps/app.xml'
21:48:07.975 [main] DEBUG - Save part 'docProps/core.xml'
21:48:07.975 [main] DEBUG - Save part 'docProps/custom.xml'
21:48:07.975 [main] DEBUG - Save part 'xl/sharedStrings.xml'
21:48:07.975 [main] DEBUG - Save part 'xl/styles.xml'
21:48:07.975 [main] DEBUG - Save part 'xl/theme/theme1.xml'
21:48:07.975 [main] DEBUG - Save part 'xl/workbook.xml'
21:48:07.976 [main] DEBUG - Save part 'xl/worksheets/sheet1.xml'
21:48:07.976 [main] DEBUG - Save part 'xl/worksheets/sheet2.xml'
21:48:07.976 [main] DEBUG - Save part 'xl/worksheets/sheet3.xml'
21:48:07.976 [main] DEBUG - Save part 'xl/worksheets/sheet4.xml'
21:48:07.977 [main] DEBUG - Parsing relationship: /xl/_rels/workbook.xml.rels
21:48:07.978 [main] DEBUG - Parsing relationship: /_rels/.rels
21:48:07.983 [main] DEBUG - Save content types part
21:48:07.984 [main] DEBUG - Save package relationships
21:48:07.984 [main] DEBUG - Save part 'docProps/app.xml'
21:48:07.984 [main] DEBUG - Save part 'docProps/core.xml'
21:48:07.984 [main] DEBUG - Save part 'docProps/custom.xml'
21:48:07.984 [main] DEBUG - Save part 'xl/sharedStrings.xml'
21:48:07.984 [main] DEBUG - Save part 'xl/styles.xml'
21:48:07.985 [main] DEBUG - Save part 'xl/theme/theme1.xml'
21:48:07.985 [main] DEBUG - Save part 'xl/workbook.xml'
21:48:07.985 [main] DEBUG - Save part 'xl/worksheets/sheet1.xml'
21:48:07.985 [main] DEBUG - Save part 'xl/worksheets/sheet2.xml'
21:48:07.985 [main] DEBUG - Save part 'xl/worksheets/sheet3.xml'
21:48:07.986 [main] DEBUG - Save part 'xl/worksheets/sheet4.xml'
21:48:07.987 [main] DEBUG - Parsing relationship: /xl/_rels/workbook.xml.rels
21:48:07.987 [main] DEBUG - Parsing relationship: /_rels/.rels
21:48:07.993 [main] DEBUG - Save content types part
21:48:07.994 [main] DEBUG - Save package relationships
21:48:07.994 [main] DEBUG - Save part 'docProps/app.xml'
21:48:07.994 [main] DEBUG - Save part 'docProps/core.xml'
21:48:07.994 [main] DEBUG - Save part 'docProps/custom.xml'
21:48:07.994 [main] DEBUG - Save part 'xl/sharedStrings.xml'
21:48:07.994 [main] DEBUG - Save part 'xl/styles.xml'
21:48:07.994 [main] DEBUG - Save part 'xl/theme/theme1.xml'
21:48:07.995 [main] DEBUG - Save part 'xl/workbook.xml'
21:48:07.995 [main] DEBUG - Save part 'xl/worksheets/sheet1.xml'
21:48:07.995 [main] DEBUG - Save part 'xl/worksheets/sheet2.xml'
21:48:07.995 [main] DEBUG - Save part 'xl/worksheets/sheet3.xml'
21:48:07.995 [main] DEBUG - Save part 'xl/worksheets/sheet4.xml'
21:48:08.010 [main] DEBUG - Parsing relationship: /xl/_rels/workbook.xml.rels
21:48:08.011 [main] DEBUG - Parsing relationship: /_rels/.rels
21:48:08.015 [main] DEBUG - Save content types part
21:48:08.015 [main] DEBUG - Save package relationships
21:48:08.015 [main] DEBUG - Save part 'docProps/app.xml'
21:48:08.015 [main] DEBUG - Save part 'docProps/core.xml'
21:48:08.015 [main] DEBUG - Save part 'docProps/custom.xml'
21:48:08.016 [main] DEBUG - Save part 'xl/sharedStrings.xml'
21:48:08.016 [main] DEBUG - Save part 'xl/styles.xml'
21:48:08.016 [main] DEBUG - Save part 'xl/theme/theme1.xml'
21:48:08.016 [main] DEBUG - Save part 'xl/workbook.xml'
21:48:08.016 [main] DEBUG - Save part 'xl/worksheets/sheet1.xml'
21:48:08.016 [main] DEBUG - Save part 'xl/worksheets/sheet2.xml'
21:48:08.016 [main] DEBUG - Save part 'xl/worksheets/sheet3.xml'
21:48:08.017 [main] DEBUG - Save part 'xl/worksheets/sheet4.xml'
21:48:08.018 [main] DEBUG - Parsing relationship: /xl/_rels/workbook.xml.rels
21:48:08.018 [main] DEBUG - Parsing relationship: /_rels/.rels
21:48:08.026 [main] DEBUG - Save content types part
21:48:08.026 [main] DEBUG - Save package relationships
21:48:08.026 [main] DEBUG - Save part 'docProps/app.xml'
21:48:08.027 [main] DEBUG - Save part 'docProps/core.xml'
21:48:08.027 [main] DEBUG - Save part 'docProps/custom.xml'
21:48:08.027 [main] DEBUG - Save part 'xl/sharedStrings.xml'
21:48:08.027 [main] DEBUG - Save part 'xl/styles.xml'
21:48:08.027 [main] DEBUG - Save part 'xl/theme/theme1.xml'
21:48:08.027 [main] DEBUG - Save part 'xl/workbook.xml'
21:48:08.027 [main] DEBUG - Save part 'xl/worksheets/sheet1.xml'
21:48:08.028 [main] DEBUG - Save part 'xl/worksheets/sheet2.xml'
21:48:08.028 [main] DEBUG - Save part 'xl/worksheets/sheet3.xml'
21:48:08.028 [main] DEBUG - Save part 'xl/worksheets/sheet4.xml'
21:48:08.029 [main] DEBUG - Parsing relationship: /xl/_rels/workbook.xml.rels
21:48:08.029 [main] DEBUG - Parsing relationship: /_rels/.rels
21:48:08.035 [main] DEBUG - Save content types part
21:48:08.035 [main] DEBUG - Save package relationships
21:48:08.035 [main] DEBUG - Save part 'docProps/app.xml'
21:48:08.035 [main] DEBUG - Save part 'docProps/core.xml'
21:48:08.035 [main] DEBUG - Save part 'docProps/custom.xml'
21:48:08.035 [main] DEBUG - Save part 'xl/sharedStrings.xml'
21:48:08.035 [main] DEBUG - Save part 'xl/styles.xml'
21:48:08.036 [main] DEBUG - Save part 'xl/theme/theme1.xml'
21:48:08.036 [main] DEBUG - Save part 'xl/workbook.xml'
21:48:08.036 [main] DEBUG - Save part 'xl/worksheets/sheet1.xml'
21:48:08.036 [main] DEBUG - Save part 'xl/worksheets/sheet2.xml'
21:48:08.036 [main] DEBUG - Save part 'xl/worksheets/sheet3.xml'
21:48:08.036 [main] DEBUG - Save part 'xl/worksheets/sheet4.xml'
21:48:08.050 [main] DEBUG - Parsing relationship: /xl/_rels/workbook.xml.rels
21:48:08.051 [main] DEBUG - Parsing relationship: /_rels/.rels
21:48:08.055 [main] DEBUG - Save content types part
21:48:08.056 [main] DEBUG - Save package relationships
21:48:08.056 [main] DEBUG - Save part 'docProps/app.xml'
21:48:08.056 [main] DEBUG - Save part 'docProps/core.xml'
21:48:08.056 [main] DEBUG - Save part 'docProps/custom.xml'
21:48:08.056 [main] DEBUG - Save part 'xl/sharedStrings.xml'
21:48:08.057 [main] DEBUG - Save part 'xl/styles.xml'
21:48:08.057 [main] DEBUG - Save part 'xl/theme/theme1.xml'
21:48:08.057 [main] DEBUG - Save part 'xl/workbook.xml'
21:48:08.057 [main] DEBUG - Save part 'xl/worksheets/sheet1.xml'
21:48:08.057 [main] DEBUG - Save part 'xl/worksheets/sheet2.xml'
21:48:08.057 [main] DEBUG - Save part 'xl/worksheets/sheet3.xml'
21:48:08.057 [main] DEBUG - Save part 'xl/worksheets/sheet4.xml'
21:48:08.059 [main] DEBUG - Parsing relationship: /xl/_rels/workbook.xml.rels
21:48:08.060 [main] DEBUG - Parsing relationship: /_rels/.rels
21:48:08.066 [main] DEBUG - Save content types part
21:48:08.066 [main] DEBUG - Save package relationships
21:48:08.066 [main] DEBUG - Save part 'docProps/app.xml'
21:48:08.066 [main] DEBUG - Save part 'docProps/core.xml'
21:48:08.067 [main] DEBUG - Save part 'docProps/custom.xml'
21:48:08.067 [main] DEBUG - Save part 'xl/sharedStrings.xml'
21:48:08.067 [main] DEBUG - Save part 'xl/styles.xml'
21:48:08.067 [main] DEBUG - Save part 'xl/theme/theme1.xml'
21:48:08.067 [main] DEBUG - Save part 'xl/workbook.xml'
21:48:08.068 [main] DEBUG - Save part 'xl/worksheets/sheet1.xml'
21:48:08.068 [main] DEBUG - Save part 'xl/worksheets/sheet2.xml'
21:48:08.068 [main] DEBUG - Save part 'xl/worksheets/sheet3.xml'
21:48:08.068 [main] DEBUG - Save part 'xl/worksheets/sheet4.xml'
21:48:08.069 [main] DEBUG - Parsing relationship: /xl/_rels/workbook.xml.rels
21:48:08.069 [main] DEBUG - Parsing relationship: /_rels/.rels
21:48:08.074 [main] DEBUG - Save content types part
21:48:08.074 [main] DEBUG - Save package relationships
21:48:08.075 [main] DEBUG - Save part 'docProps/app.xml'
21:48:08.075 [main] DEBUG - Save part 'docProps/core.xml'
21:48:08.075 [main] DEBUG - Save part 'docProps/custom.xml'
21:48:08.075 [main] DEBUG - Save part 'xl/sharedStrings.xml'
21:48:08.075 [main] DEBUG - Save part 'xl/styles.xml'
21:48:08.075 [main] DEBUG - Save part 'xl/theme/theme1.xml'
21:48:08.075 [main] DEBUG - Save part 'xl/workbook.xml'
21:48:08.075 [main] DEBUG - Save part 'xl/worksheets/sheet1.xml'
21:48:08.076 [main] DEBUG - Save part 'xl/worksheets/sheet2.xml'
21:48:08.076 [main] DEBUG - Save part 'xl/worksheets/sheet3.xml'
21:48:08.076 [main] DEBUG - Save part 'xl/worksheets/sheet4.xml'
21:48:08.090 [main] DEBUG - Parsing relationship: /xl/_rels/workbook.xml.rels
21:48:08.090 [main] DEBUG - Parsing relationship: /_rels/.rels
21:48:08.094 [main] DEBUG - Save content types part
21:48:08.095 [main] DEBUG - Save package relationships
21:48:08.095 [main] DEBUG - Save part 'docProps/app.xml'
21:48:08.095 [main] DEBUG - Save part 'docProps/core.xml'
21:48:08.095 [main] DEBUG - Save part 'docProps/custom.xml'
21:48:08.095 [main] DEBUG - Save part 'xl/sharedStrings.xml'
21:48:08.095 [main] DEBUG - Save part 'xl/styles.xml'
21:48:08.096 [main] DEBUG - Save part 'xl/theme/theme1.xml'
21:48:08.096 [main] DEBUG - Save part 'xl/workbook.xml'
21:48:08.096 [main] DEBUG - Save part 'xl/worksheets/sheet1.xml'
21:48:08.097 [main] DEBUG - Save part 'xl/worksheets/sheet2.xml'
21:48:08.097 [main] DEBUG - Save part 'xl/worksheets/sheet3.xml'
21:48:08.097 [main] DEBUG - Save part 'xl/worksheets/sheet4.xml'
21:48:08.098 [main] DEBUG - Parsing relationship: /xl/_rels/workbook.xml.rels
21:48:08.099 [main] DEBUG - Parsing relationship: /_rels/.rels
21:48:08.104 [main] DEBUG - Save content types part
21:48:08.105 [main] DEBUG - Save package relationships
21:48:08.105 [main] DEBUG - Save part 'docProps/app.xml'
21:48:08.105 [main] DEBUG - Save part 'docProps/core.xml'
21:48:08.105 [main] DEBUG - Save part 'docProps/custom.xml'
21:48:08.105 [main] DEBUG - Save part 'xl/sharedStrings.xml'
21:48:08.105 [main] DEBUG - Save part 'xl/styles.xml'
21:48:08.106 [main] DEBUG - Save part 'xl/theme/theme1.xml'
21:48:08.106 [main] DEBUG - Save part 'xl/workbook.xml'
21:48:08.106 [main] DEBUG - Save part 'xl/worksheets/sheet1.xml'
21:48:08.106 [main] DEBUG - Save part 'xl/worksheets/sheet2.xml'
21:48:08.106 [main] DEBUG - Save part 'xl/worksheets/sheet3.xml'
21:48:08.106 [main] DEBUG - Save part 'xl/worksheets/sheet4.xml'
21:48:08.107 [main] DEBUG - Parsing relationship: /xl/_rels/workbook.xml.rels
21:48:08.108 [main] DEBUG - Parsing relationship: /_rels/.rels
21:48:08.112 [main] DEBUG - Save content types part
21:48:08.113 [main] DEBUG - Save package relationships
21:48:08.113 [main] DEBUG - Save part 'docProps/app.xml'
21:48:08.113 [main] DEBUG - Save part 'docProps/core.xml'
21:48:08.113 [main] DEBUG - Save part 'docProps/custom.xml'
21:48:08.113 [main] DEBUG - Save part 'xl/sharedStrings.xml'
21:48:08.114 [main] DEBUG - Save part 'xl/styles.xml'
21:48:08.114 [main] DEBUG - Save part 'xl/theme/theme1.xml'
21:48:08.114 [main] DEBUG - Save part 'xl/workbook.xml'
21:48:08.114 [main] DEBUG - Save part 'xl/worksheets/sheet1.xml'
21:48:08.114 [main] DEBUG - Save part 'xl/worksheets/sheet2.xml'
21:48:08.114 [main] DEBUG - Save part 'xl/worksheets/sheet3.xml'
21:48:08.114 [main] DEBUG - Save part 'xl/worksheets/sheet4.xml'
21:48:08.129 [main] DEBUG - Parsing relationship: /xl/_rels/workbook.xml.rels
21:48:08.130 [main] DEBUG - Parsing relationship: /_rels/.rels
21:48:08.134 [main] DEBUG - Save content types part
21:48:08.135 [main] DEBUG - Save package relationships
21:48:08.135 [main] DEBUG - Save part 'docProps/app.xml'
21:48:08.135 [main] DEBUG - Save part 'docProps/core.xml'
21:48:08.135 [main] DEBUG - Save part 'docProps/custom.xml'
21:48:08.136 [main] DEBUG - Save part 'xl/sharedStrings.xml'
21:48:08.136 [main] DEBUG - Save part 'xl/styles.xml'
21:48:08.136 [main] DEBUG - Save part 'xl/theme/theme1.xml'
21:48:08.136 [main] DEBUG - Save part 'xl/workbook.xml'
21:48:08.136 [main] DEBUG - Save part 'xl/worksheets/sheet1.xml'
21:48:08.136 [main] DEBUG - Save part 'xl/worksheets/sheet2.xml'
21:48:08.137 [main] DEBUG - Save part 'xl/worksheets/sheet3.xml'
21:48:08.137 [main] DEBUG - Save part 'xl/worksheets/sheet4.xml'
21:48:08.138 [main] DEBUG - Parsing relationship: /xl/_rels/workbook.xml.rels
21:48:08.139 [main] DEBUG - Parsing relationship: /_rels/.rels
21:48:08.144 [main] DEBUG - Save content types part
21:48:08.144 [main] DEBUG - Save package relationships
21:48:08.144 [main] DEBUG - Save part 'docProps/app.xml'
21:48:08.145 [main] DEBUG - Save part 'docProps/core.xml'
21:48:08.145 [main] DEBUG - Save part 'docProps/custom.xml'
21:48:08.145 [main] DEBUG - Save part 'xl/sharedStrings.xml'
21:48:08.145 [main] DEBUG - Save part 'xl/styles.xml'
21:48:08.145 [main] DEBUG - Save part 'xl/theme/theme1.xml'
21:48:08.145 [main] DEBUG - Save part 'xl/workbook.xml'
21:48:08.146 [main] DEBUG - Save part 'xl/worksheets/sheet1.xml'
21:48:08.146 [main] DEBUG - Save part 'xl/worksheets/sheet2.xml'
21:48:08.146 [main] DEBUG - Save part 'xl/worksheets/sheet3.xml'
21:48:08.146 [main] DEBUG - Save part 'xl/worksheets/sheet4.xml'
21:48:08.147 [main] DEBUG - Parsing relationship: /xl/_rels/workbook.xml.rels
21:48:08.147 [main] DEBUG - Parsing relationship: /_rels/.rels
21:48:08.152 [main] DEBUG - Save content types part
21:48:08.152 [main] DEBUG - Save package relationships
21:48:08.152 [main] DEBUG - Save part 'docProps/app.xml'
21:48:08.152 [main] DEBUG - Save part 'docProps/core.xml'
21:48:08.152 [main] DEBUG - Save part 'docProps/custom.xml'
21:48:08.152 [main] DEBUG - Save part 'xl/sharedStrings.xml'
21:48:08.152 [main] DEBUG - Save part 'xl/styles.xml'
21:48:08.153 [main] DEBUG - Save part 'xl/theme/theme1.xml'
21:48:08.153 [main] DEBUG - Save part 'xl/workbook.xml'
21:48:08.153 [main] DEBUG - Save part 'xl/worksheets/sheet1.xml'
21:48:08.153 [main] DEBUG - Save part 'xl/worksheets/sheet2.xml'
21:48:08.153 [main] DEBUG - Save part 'xl/worksheets/sheet3.xml'
21:48:08.153 [main] DEBUG - Save part 'xl/worksheets/sheet4.xml'
21:48:13.793 [main] INFO  - Goto my account-->Click on Login.. 
21:48:14.034 [main] INFO  - Entering email and password.. 
21:48:27.607 [main] DEBUG - Parsing relationship: /xl/_rels/workbook.xml.rels
21:48:27.608 [main] DEBUG - Parsing relationship: /_rels/.rels
21:48:27.616 [main] DEBUG - Save content types part
21:48:27.617 [main] DEBUG - Save package relationships
21:48:27.617 [main] DEBUG - Save part 'docProps/app.xml'
21:48:27.618 [main] DEBUG - Save part 'docProps/core.xml'
21:48:27.618 [main] DEBUG - Save part 'docProps/custom.xml'
21:48:27.618 [main] DEBUG - Save part 'xl/sharedStrings.xml'
21:48:27.618 [main] DEBUG - Save part 'xl/styles.xml'
21:48:27.618 [main] DEBUG - Save part 'xl/theme/theme1.xml'
21:48:27.619 [main] DEBUG - Save part 'xl/workbook.xml'
21:48:27.619 [main] DEBUG - Save part 'xl/worksheets/sheet1.xml'
21:48:27.619 [main] DEBUG - Save part 'xl/worksheets/sheet2.xml'
21:48:27.619 [main] DEBUG - Save part 'xl/worksheets/sheet3.xml'
21:48:27.619 [main] DEBUG - Save part 'xl/worksheets/sheet4.xml'
21:48:27.622 [main] DEBUG - Parsing relationship: /xl/_rels/workbook.xml.rels
21:48:27.622 [main] DEBUG - Parsing relationship: /_rels/.rels
21:48:27.629 [main] DEBUG - Save content types part
21:48:27.629 [main] DEBUG - Save package relationships
21:48:27.629 [main] DEBUG - Save part 'docProps/app.xml'
21:48:27.629 [main] DEBUG - Save part 'docProps/core.xml'
21:48:27.629 [main] DEBUG - Save part 'docProps/custom.xml'
21:48:27.630 [main] DEBUG - Save part 'xl/sharedStrings.xml'
21:48:27.630 [main] DEBUG - Save part 'xl/styles.xml'
21:48:27.630 [main] DEBUG - Save part 'xl/theme/theme1.xml'
21:48:27.630 [main] DEBUG - Save part 'xl/workbook.xml'
21:48:27.631 [main] DEBUG - Save part 'xl/worksheets/sheet1.xml'
21:48:27.631 [main] DEBUG - Save part 'xl/worksheets/sheet2.xml'
21:48:27.631 [main] DEBUG - Save part 'xl/worksheets/sheet3.xml'
21:48:27.631 [main] DEBUG - Save part 'xl/worksheets/sheet4.xml'
21:48:27.633 [main] DEBUG - Parsing relationship: /xl/_rels/workbook.xml.rels
21:48:27.633 [main] DEBUG - Parsing relationship: /_rels/.rels
21:48:27.639 [main] DEBUG - Save content types part
21:48:27.639 [main] DEBUG - Save package relationships
21:48:27.639 [main] DEBUG - Save part 'docProps/app.xml'
21:48:27.639 [main] DEBUG - Save part 'docProps/core.xml'
21:48:27.640 [main] DEBUG - Save part 'docProps/custom.xml'
21:48:27.640 [main] DEBUG - Save part 'xl/sharedStrings.xml'
21:48:27.640 [main] DEBUG - Save part 'xl/styles.xml'
21:48:27.640 [main] DEBUG - Save part 'xl/theme/theme1.xml'
21:48:27.640 [main] DEBUG - Save part 'xl/workbook.xml'
21:48:27.640 [main] DEBUG - Save part 'xl/worksheets/sheet1.xml'
21:48:27.641 [main] DEBUG - Save part 'xl/worksheets/sheet2.xml'
21:48:27.641 [main] DEBUG - Save part 'xl/worksheets/sheet3.xml'
21:48:27.641 [main] DEBUG - Save part 'xl/worksheets/sheet4.xml'
21:48:27.655 [main] DEBUG - Parsing relationship: /xl/_rels/workbook.xml.rels
21:48:27.656 [main] DEBUG - Parsing relationship: /_rels/.rels
21:48:27.660 [main] DEBUG - Save content types part
21:48:27.661 [main] DEBUG - Save package relationships
21:48:27.661 [main] DEBUG - Save part 'docProps/app.xml'
21:48:27.661 [main] DEBUG - Save part 'docProps/core.xml'
21:48:27.661 [main] DEBUG - Save part 'docProps/custom.xml'
21:48:27.661 [main] DEBUG - Save part 'xl/sharedStrings.xml'
21:48:27.661 [main] DEBUG - Save part 'xl/styles.xml'
21:48:27.662 [main] DEBUG - Save part 'xl/theme/theme1.xml'
21:48:27.662 [main] DEBUG - Save part 'xl/workbook.xml'
21:48:27.662 [main] DEBUG - Save part 'xl/worksheets/sheet1.xml'
21:48:27.662 [main] DEBUG - Save part 'xl/worksheets/sheet2.xml'
21:48:27.662 [main] DEBUG - Save part 'xl/worksheets/sheet3.xml'
21:48:27.662 [main] DEBUG - Save part 'xl/worksheets/sheet4.xml'
21:48:27.664 [main] DEBUG - Parsing relationship: /xl/_rels/workbook.xml.rels
21:48:27.664 [main] DEBUG - Parsing relationship: /_rels/.rels
21:48:27.670 [main] DEBUG - Save content types part
21:48:27.671 [main] DEBUG - Save package relationships
21:48:27.671 [main] DEBUG - Save part 'docProps/app.xml'
21:48:27.672 [main] DEBUG - Save part 'docProps/core.xml'
21:48:27.672 [main] DEBUG - Save part 'docProps/custom.xml'
21:48:27.672 [main] DEBUG - Save part 'xl/sharedStrings.xml'
21:48:27.672 [main] DEBUG - Save part 'xl/styles.xml'
21:48:27.672 [main] DEBUG - Save part 'xl/theme/theme1.xml'
21:48:27.672 [main] DEBUG - Save part 'xl/workbook.xml'
21:48:27.673 [main] DEBUG - Save part 'xl/worksheets/sheet1.xml'
21:48:27.673 [main] DEBUG - Save part 'xl/worksheets/sheet2.xml'
21:48:27.673 [main] DEBUG - Save part 'xl/worksheets/sheet3.xml'
21:48:27.673 [main] DEBUG - Save part 'xl/worksheets/sheet4.xml'
21:48:27.676 [main] DEBUG - Parsing relationship: /xl/_rels/workbook.xml.rels
21:48:27.677 [main] DEBUG - Parsing relationship: /_rels/.rels
21:48:27.690 [main] DEBUG - Save content types part
21:48:27.690 [main] DEBUG - Save package relationships
21:48:27.690 [main] DEBUG - Save part 'docProps/app.xml'
21:48:27.690 [main] DEBUG - Save part 'docProps/core.xml'
21:48:27.691 [main] DEBUG - Save part 'docProps/custom.xml'
21:48:27.691 [main] DEBUG - Save part 'xl/sharedStrings.xml'
21:48:27.691 [main] DEBUG - Save part 'xl/styles.xml'
21:48:27.691 [main] DEBUG - Save part 'xl/theme/theme1.xml'
21:48:27.691 [main] DEBUG - Save part 'xl/workbook.xml'
21:48:27.691 [main] DEBUG - Save part 'xl/worksheets/sheet1.xml'
21:48:27.691 [main] DEBUG - Save part 'xl/worksheets/sheet2.xml'
21:48:27.691 [main] DEBUG - Save part 'xl/worksheets/sheet3.xml'
21:48:27.691 [main] DEBUG - Save part 'xl/worksheets/sheet4.xml'
21:48:27.706 [main] DEBUG - Parsing relationship: /xl/_rels/workbook.xml.rels
21:48:27.706 [main] DEBUG - Parsing relationship: /_rels/.rels
21:48:27.710 [main] DEBUG - Save content types part
21:48:27.710 [main] DEBUG - Save package relationships
21:48:27.711 [main] DEBUG - Save part 'docProps/app.xml'
21:48:27.711 [main] DEBUG - Save part 'docProps/core.xml'
21:48:27.711 [main] DEBUG - Save part 'docProps/custom.xml'
21:48:27.711 [main] DEBUG - Save part 'xl/sharedStrings.xml'
21:48:27.711 [main] DEBUG - Save part 'xl/styles.xml'
21:48:27.711 [main] DEBUG - Save part 'xl/theme/theme1.xml'
21:48:27.711 [main] DEBUG - Save part 'xl/workbook.xml'
21:48:27.712 [main] DEBUG - Save part 'xl/worksheets/sheet1.xml'
21:48:27.712 [main] DEBUG - Save part 'xl/worksheets/sheet2.xml'
21:48:27.712 [main] DEBUG - Save part 'xl/worksheets/sheet3.xml'
21:48:27.712 [main] DEBUG - Save part 'xl/worksheets/sheet4.xml'
21:48:27.713 [main] DEBUG - Parsing relationship: /xl/_rels/workbook.xml.rels
21:48:27.714 [main] DEBUG - Parsing relationship: /_rels/.rels
21:48:27.719 [main] DEBUG - Save content types part
21:48:27.719 [main] DEBUG - Save package relationships
21:48:27.719 [main] DEBUG - Save part 'docProps/app.xml'
21:48:27.719 [main] DEBUG - Save part 'docProps/core.xml'
21:48:27.720 [main] DEBUG - Save part 'docProps/custom.xml'
21:48:27.720 [main] DEBUG - Save part 'xl/sharedStrings.xml'
21:48:27.720 [main] DEBUG - Save part 'xl/styles.xml'
21:48:27.720 [main] DEBUG - Save part 'xl/theme/theme1.xml'
21:48:27.720 [main] DEBUG - Save part 'xl/workbook.xml'
21:48:27.721 [main] DEBUG - Save part 'xl/worksheets/sheet1.xml'
21:48:27.721 [main] DEBUG - Save part 'xl/worksheets/sheet2.xml'
21:48:27.721 [main] DEBUG - Save part 'xl/worksheets/sheet3.xml'
21:48:27.721 [main] DEBUG - Save part 'xl/worksheets/sheet4.xml'
21:48:27.723 [main] DEBUG - Parsing relationship: /xl/_rels/workbook.xml.rels
21:48:27.723 [main] DEBUG - Parsing relationship: /_rels/.rels
21:48:27.728 [main] DEBUG - Save content types part
21:48:27.729 [main] DEBUG - Save package relationships
21:48:27.729 [main] DEBUG - Save part 'docProps/app.xml'
21:48:27.729 [main] DEBUG - Save part 'docProps/core.xml'
21:48:27.729 [main] DEBUG - Save part 'docProps/custom.xml'
21:48:27.729 [main] DEBUG - Save part 'xl/sharedStrings.xml'
21:48:27.729 [main] DEBUG - Save part 'xl/styles.xml'
21:48:27.729 [main] DEBUG - Save part 'xl/theme/theme1.xml'
21:48:27.729 [main] DEBUG - Save part 'xl/workbook.xml'
21:48:27.730 [main] DEBUG - Save part 'xl/worksheets/sheet1.xml'
21:48:27.730 [main] DEBUG - Save part 'xl/worksheets/sheet2.xml'
21:48:27.730 [main] DEBUG - Save part 'xl/worksheets/sheet3.xml'
21:48:27.730 [main] DEBUG - Save part 'xl/worksheets/sheet4.xml'
21:48:27.744 [main] DEBUG - Parsing relationship: /xl/_rels/workbook.xml.rels
21:48:27.745 [main] DEBUG - Parsing relationship: /_rels/.rels
21:48:27.753 [main] DEBUG - Save content types part
21:48:27.753 [main] DEBUG - Save package relationships
21:48:27.753 [main] DEBUG - Save part 'docProps/app.xml'
21:48:27.753 [main] DEBUG - Save part 'docProps/core.xml'
21:48:27.754 [main] DEBUG - Save part 'docProps/custom.xml'
21:48:27.754 [main] DEBUG - Save part 'xl/sharedStrings.xml'
21:48:27.754 [main] DEBUG - Save part 'xl/styles.xml'
21:48:27.755 [main] DEBUG - Save part 'xl/theme/theme1.xml'
21:48:27.755 [main] DEBUG - Save part 'xl/workbook.xml'
21:48:27.755 [main] DEBUG - Save part 'xl/worksheets/sheet1.xml'
21:48:27.755 [main] DEBUG - Save part 'xl/worksheets/sheet2.xml'
21:48:27.755 [main] DEBUG - Save part 'xl/worksheets/sheet3.xml'
21:48:27.755 [main] DEBUG - Save part 'xl/worksheets/sheet4.xml'
21:48:27.757 [main] DEBUG - Parsing relationship: /xl/_rels/workbook.xml.rels
21:48:27.757 [main] DEBUG - Parsing relationship: /_rels/.rels
21:48:27.763 [main] DEBUG - Save content types part
21:48:27.763 [main] DEBUG - Save package relationships
21:48:27.763 [main] DEBUG - Save part 'docProps/app.xml'
21:48:27.763 [main] DEBUG - Save part 'docProps/core.xml'
21:48:27.764 [main] DEBUG - Save part 'docProps/custom.xml'
21:48:27.764 [main] DEBUG - Save part 'xl/sharedStrings.xml'
21:48:27.764 [main] DEBUG - Save part 'xl/styles.xml'
21:48:27.764 [main] DEBUG - Save part 'xl/theme/theme1.xml'
21:48:27.764 [main] DEBUG - Save part 'xl/workbook.xml'
21:48:27.765 [main] DEBUG - Save part 'xl/worksheets/sheet1.xml'
21:48:27.765 [main] DEBUG - Save part 'xl/worksheets/sheet2.xml'
21:48:27.765 [main] DEBUG - Save part 'xl/worksheets/sheet3.xml'
21:48:27.765 [main] DEBUG - Save part 'xl/worksheets/sheet4.xml'
21:48:27.766 [main] DEBUG - Parsing relationship: /xl/_rels/workbook.xml.rels
21:48:27.766 [main] DEBUG - Parsing relationship: /_rels/.rels
21:48:27.771 [main] DEBUG - Save content types part
21:48:27.772 [main] DEBUG - Save package relationships
21:48:27.772 [main] DEBUG - Save part 'docProps/app.xml'
21:48:27.772 [main] DEBUG - Save part 'docProps/core.xml'
21:48:27.772 [main] DEBUG - Save part 'docProps/custom.xml'
21:48:27.772 [main] DEBUG - Save part 'xl/sharedStrings.xml'
21:48:27.772 [main] DEBUG - Save part 'xl/styles.xml'
21:48:27.773 [main] DEBUG - Save part 'xl/theme/theme1.xml'
21:48:27.773 [main] DEBUG - Save part 'xl/workbook.xml'
21:48:27.773 [main] DEBUG - Save part 'xl/worksheets/sheet1.xml'
21:48:27.773 [main] DEBUG - Save part 'xl/worksheets/sheet2.xml'
21:48:27.773 [main] DEBUG - Save part 'xl/worksheets/sheet3.xml'
21:48:27.773 [main] DEBUG - Save part 'xl/worksheets/sheet4.xml'
21:48:27.788 [main] DEBUG - Parsing relationship: /xl/_rels/workbook.xml.rels
21:48:27.788 [main] DEBUG - Parsing relationship: /_rels/.rels
21:48:27.792 [main] DEBUG - Save content types part
21:48:27.792 [main] DEBUG - Save package relationships
21:48:27.792 [main] DEBUG - Save part 'docProps/app.xml'
21:48:27.792 [main] DEBUG - Save part 'docProps/core.xml'
21:48:27.792 [main] DEBUG - Save part 'docProps/custom.xml'
21:48:27.793 [main] DEBUG - Save part 'xl/sharedStrings.xml'
21:48:27.793 [main] DEBUG - Save part 'xl/styles.xml'
21:48:27.793 [main] DEBUG - Save part 'xl/theme/theme1.xml'
21:48:27.793 [main] DEBUG - Save part 'xl/workbook.xml'
21:48:27.793 [main] DEBUG - Save part 'xl/worksheets/sheet1.xml'
21:48:27.793 [main] DEBUG - Save part 'xl/worksheets/sheet2.xml'
21:48:27.793 [main] DEBUG - Save part 'xl/worksheets/sheet3.xml'
21:48:27.794 [main] DEBUG - Save part 'xl/worksheets/sheet4.xml'
21:48:27.795 [main] DEBUG - Parsing relationship: /xl/_rels/workbook.xml.rels
21:48:27.795 [main] DEBUG - Parsing relationship: /_rels/.rels
21:48:27.799 [main] DEBUG - Save content types part
21:48:27.800 [main] DEBUG - Save package relationships
21:48:27.800 [main] DEBUG - Save part 'docProps/app.xml'
21:48:27.800 [main] DEBUG - Save part 'docProps/core.xml'
21:48:27.800 [main] DEBUG - Save part 'docProps/custom.xml'
21:48:27.800 [main] DEBUG - Save part 'xl/sharedStrings.xml'
21:48:27.800 [main] DEBUG - Save part 'xl/styles.xml'
21:48:27.800 [main] DEBUG - Save part 'xl/theme/theme1.xml'
21:48:27.801 [main] DEBUG - Save part 'xl/workbook.xml'
21:48:27.801 [main] DEBUG - Save part 'xl/worksheets/sheet1.xml'
21:48:27.801 [main] DEBUG - Save part 'xl/worksheets/sheet2.xml'
21:48:27.801 [main] DEBUG - Save part 'xl/worksheets/sheet3.xml'
21:48:27.801 [main] DEBUG - Save part 'xl/worksheets/sheet4.xml'
21:48:27.802 [main] DEBUG - Parsing relationship: /xl/_rels/workbook.xml.rels
21:48:27.802 [main] DEBUG - Parsing relationship: /_rels/.rels
21:48:27.807 [main] DEBUG - Save content types part
21:48:27.807 [main] DEBUG - Save package relationships
21:48:27.807 [main] DEBUG - Save part 'docProps/app.xml'
21:48:27.807 [main] DEBUG - Save part 'docProps/core.xml'
21:48:27.807 [main] DEBUG - Save part 'docProps/custom.xml'
21:48:27.808 [main] DEBUG - Save part 'xl/sharedStrings.xml'
21:48:27.808 [main] DEBUG - Save part 'xl/styles.xml'
21:48:27.808 [main] DEBUG - Save part 'xl/theme/theme1.xml'
21:48:27.808 [main] DEBUG - Save part 'xl/workbook.xml'
21:48:27.808 [main] DEBUG - Save part 'xl/worksheets/sheet1.xml'
21:48:27.808 [main] DEBUG - Save part 'xl/worksheets/sheet2.xml'
21:48:27.808 [main] DEBUG - Save part 'xl/worksheets/sheet3.xml'
21:48:27.808 [main] DEBUG - Save part 'xl/worksheets/sheet4.xml'
21:48:27.823 [main] DEBUG - Parsing relationship: /xl/_rels/workbook.xml.rels
21:48:27.823 [main] DEBUG - Parsing relationship: /_rels/.rels
21:48:27.826 [main] DEBUG - Save content types part
21:48:27.826 [main] DEBUG - Save package relationships
21:48:27.827 [main] DEBUG - Save part 'docProps/app.xml'
21:48:27.827 [main] DEBUG - Save part 'docProps/core.xml'
21:48:27.827 [main] DEBUG - Save part 'docProps/custom.xml'
21:48:27.827 [main] DEBUG - Save part 'xl/sharedStrings.xml'
21:48:27.827 [main] DEBUG - Save part 'xl/styles.xml'
21:48:27.827 [main] DEBUG - Save part 'xl/theme/theme1.xml'
21:48:27.827 [main] DEBUG - Save part 'xl/workbook.xml'
21:48:27.828 [main] DEBUG - Save part 'xl/worksheets/sheet1.xml'
21:48:27.828 [main] DEBUG - Save part 'xl/worksheets/sheet2.xml'
21:48:27.828 [main] DEBUG - Save part 'xl/worksheets/sheet3.xml'
21:48:27.828 [main] DEBUG - Save part 'xl/worksheets/sheet4.xml'
21:48:27.829 [main] DEBUG - Parsing relationship: /xl/_rels/workbook.xml.rels
21:48:27.830 [main] DEBUG - Parsing relationship: /_rels/.rels
21:48:27.834 [main] DEBUG - Save content types part
21:48:27.835 [main] DEBUG - Save package relationships
21:48:27.835 [main] DEBUG - Save part 'docProps/app.xml'
21:48:27.835 [main] DEBUG - Save part 'docProps/core.xml'
21:48:27.835 [main] DEBUG - Save part 'docProps/custom.xml'
21:48:27.835 [main] DEBUG - Save part 'xl/sharedStrings.xml'
21:48:27.835 [main] DEBUG - Save part 'xl/styles.xml'
21:48:27.835 [main] DEBUG - Save part 'xl/theme/theme1.xml'
21:48:27.835 [main] DEBUG - Save part 'xl/workbook.xml'
21:48:27.836 [main] DEBUG - Save part 'xl/worksheets/sheet1.xml'
21:48:27.836 [main] DEBUG - Save part 'xl/worksheets/sheet2.xml'
21:48:27.836 [main] DEBUG - Save part 'xl/worksheets/sheet3.xml'
21:48:27.836 [main] DEBUG - Save part 'xl/worksheets/sheet4.xml'
21:48:27.837 [main] DEBUG - Parsing relationship: /xl/_rels/workbook.xml.rels
21:48:27.837 [main] DEBUG - Parsing relationship: /_rels/.rels
21:48:27.841 [main] DEBUG - Save content types part
21:48:27.842 [main] DEBUG - Save package relationships
21:48:27.842 [main] DEBUG - Save part 'docProps/app.xml'
21:48:27.842 [main] DEBUG - Save part 'docProps/core.xml'
21:48:27.842 [main] DEBUG - Save part 'docProps/custom.xml'
21:48:27.842 [main] DEBUG - Save part 'xl/sharedStrings.xml'
21:48:27.842 [main] DEBUG - Save part 'xl/styles.xml'
21:48:27.843 [main] DEBUG - Save part 'xl/theme/theme1.xml'
21:48:27.843 [main] DEBUG - Save part 'xl/workbook.xml'
21:48:27.843 [main] DEBUG - Save part 'xl/worksheets/sheet1.xml'
21:48:27.843 [main] DEBUG - Save part 'xl/worksheets/sheet2.xml'
21:48:27.843 [main] DEBUG - Save part 'xl/worksheets/sheet3.xml'
21:48:27.843 [main] DEBUG - Save part 'xl/worksheets/sheet4.xml'
21:48:27.858 [main] DEBUG - Parsing relationship: /xl/_rels/workbook.xml.rels
21:48:27.858 [main] DEBUG - Parsing relationship: /_rels/.rels
21:48:27.861 [main] DEBUG - Save content types part
21:48:27.861 [main] DEBUG - Save package relationships
21:48:27.862 [main] DEBUG - Save part 'docProps/app.xml'
21:48:27.862 [main] DEBUG - Save part 'docProps/core.xml'
21:48:27.862 [main] DEBUG - Save part 'docProps/custom.xml'
21:48:27.862 [main] DEBUG - Save part 'xl/sharedStrings.xml'
21:48:27.862 [main] DEBUG - Save part 'xl/styles.xml'
21:48:27.862 [main] DEBUG - Save part 'xl/theme/theme1.xml'
21:48:27.862 [main] DEBUG - Save part 'xl/workbook.xml'
21:48:27.863 [main] DEBUG - Save part 'xl/worksheets/sheet1.xml'
21:48:27.863 [main] DEBUG - Save part 'xl/worksheets/sheet2.xml'
21:48:27.863 [main] DEBUG - Save part 'xl/worksheets/sheet3.xml'
21:48:27.863 [main] DEBUG - Save part 'xl/worksheets/sheet4.xml'
21:48:27.864 [main] DEBUG - Parsing relationship: /xl/_rels/workbook.xml.rels
21:48:27.864 [main] DEBUG - Parsing relationship: /_rels/.rels
21:48:27.868 [main] DEBUG - Save content types part
21:48:27.869 [main] DEBUG - Save package relationships
21:48:27.869 [main] DEBUG - Save part 'docProps/app.xml'
21:48:27.869 [main] DEBUG - Save part 'docProps/core.xml'
21:48:27.869 [main] DEBUG - Save part 'docProps/custom.xml'
21:48:27.869 [main] DEBUG - Save part 'xl/sharedStrings.xml'
21:48:27.869 [main] DEBUG - Save part 'xl/styles.xml'
21:48:27.869 [main] DEBUG - Save part 'xl/theme/theme1.xml'
21:48:27.870 [main] DEBUG - Save part 'xl/workbook.xml'
21:48:27.870 [main] DEBUG - Save part 'xl/worksheets/sheet1.xml'
