20:00:05.011 [main] DEBUG - Save part 'xl/worksheets/sheet2.xml'
20:00:05.016 [main] DEBUG - Save part 'xl/worksheets/sheet3.xml'
20:00:05.016 [main] DEBUG - Save part 'xl/worksheets/sheet4.xml'
20:00:05.018 [main] DEBUG - Parsing relationship: /xl/_rels/workbook.xml.rels
20:00:05.018 [main] DEBUG - Parsing relationship: /_rels/.rels
20:00:05.029 [main] DEBUG - Save content types part
20:00:05.029 [main] DEBUG - Save package relationships
20:00:05.030 [main] DEBUG - Save part 'docProps/app.xml'
20:00:05.030 [main] DEBUG - Save part 'docProps/core.xml'
20:00:05.030 [main] DEBUG - Save part 'docProps/custom.xml'
20:00:05.030 [main] DEBUG - Save part 'xl/sharedStrings.xml'
20:00:05.030 [main] DEBUG - Save part 'xl/styles.xml'
20:00:05.030 [main] DEBUG - Save part 'xl/theme/theme1.xml'
20:00:05.031 [main] DEBUG - Save part 'xl/workbook.xml'
20:00:05.031 [main] DEBUG - Save part 'xl/worksheets/sheet1.xml'
20:00:05.031 [main] DEBUG - Save part 'xl/worksheets/sheet2.xml'
20:00:05.031 [main] DEBUG - Save part 'xl/worksheets/sheet3.xml'
20:00:05.031 [main] DEBUG - Save part 'xl/worksheets/sheet4.xml'
20:00:05.033 [main] DEBUG - Parsing relationship: /xl/_rels/workbook.xml.rels
20:00:05.033 [main] DEBUG - Parsing relationship: /_rels/.rels
20:00:05.044 [main] DEBUG - Save content types part
20:00:05.044 [main] DEBUG - Save package relationships
20:00:05.045 [main] DEBUG - Save part 'docProps/app.xml'
20:00:05.045 [main] DEBUG - Save part 'docProps/core.xml'
20:00:05.045 [main] DEBUG - Save part 'docProps/custom.xml'
20:00:05.045 [main] DEBUG - Save part 'xl/sharedStrings.xml'
20:00:05.045 [main] DEBUG - Save part 'xl/styles.xml'
20:00:05.045 [main] DEBUG - Save part 'xl/theme/theme1.xml'
20:00:05.045 [main] DEBUG - Save part 'xl/workbook.xml'
20:00:05.046 [main] DEBUG - Save part 'xl/worksheets/sheet1.xml'
20:00:05.046 [main] DEBUG - Save part 'xl/worksheets/sheet2.xml'
20:00:05.046 [main] DEBUG - Save part 'xl/worksheets/sheet3.xml'
20:00:05.046 [main] DEBUG - Save part 'xl/worksheets/sheet4.xml'
20:00:05.062 [main] DEBUG - Parsing relationship: /xl/_rels/workbook.xml.rels
20:00:05.063 [main] DEBUG - Parsing relationship: /_rels/.rels
20:00:05.068 [main] DEBUG - Save content types part
20:00:05.069 [main] DEBUG - Save package relationships
20:00:05.069 [main] DEBUG - Save part 'docProps/app.xml'
20:00:05.069 [main] DEBUG - Save part 'docProps/core.xml'
20:00:05.070 [main] DEBUG - Save part 'docProps/custom.xml'
20:00:05.070 [main] DEBUG - Save part 'xl/sharedStrings.xml'
20:00:05.070 [main] DEBUG - Save part 'xl/styles.xml'
20:00:05.070 [main] DEBUG - Save part 'xl/theme/theme1.xml'
20:00:05.070 [main] DEBUG - Save part 'xl/workbook.xml'
20:00:05.071 [main] DEBUG - Save part 'xl/worksheets/sheet1.xml'
20:00:05.071 [main] DEBUG - Save part 'xl/worksheets/sheet2.xml'
20:00:05.071 [main] DEBUG - Save part 'xl/worksheets/sheet3.xml'
20:00:05.071 [main] DEBUG - Save part 'xl/worksheets/sheet4.xml'
20:00:05.073 [main] DEBUG - Parsing relationship: /xl/_rels/workbook.xml.rels
20:00:05.073 [main] DEBUG - Parsing relationship: /_rels/.rels
20:00:05.082 [main] DEBUG - Save content types part
20:00:05.083 [main] DEBUG - Save package relationships
20:00:05.083 [main] DEBUG - Save part 'docProps/app.xml'
20:00:05.083 [main] DEBUG - Save part 'docProps/core.xml'
20:00:05.083 [main] DEBUG - Save part 'docProps/custom.xml'
20:00:05.083 [main] DEBUG - Save part 'xl/sharedStrings.xml'
20:00:05.083 [main] DEBUG - Save part 'xl/styles.xml'
20:00:05.084 [main] DEBUG - Save part 'xl/theme/theme1.xml'
20:00:05.084 [main] DEBUG - Save part 'xl/workbook.xml'
20:00:05.084 [main] DEBUG - Save part 'xl/worksheets/sheet1.xml'
20:00:05.084 [main] DEBUG - Save part 'xl/worksheets/sheet2.xml'
20:00:05.084 [main] DEBUG - Save part 'xl/worksheets/sheet3.xml'
20:00:05.084 [main] DEBUG - Save part 'xl/worksheets/sheet4.xml'
20:00:05.086 [main] DEBUG - Parsing relationship: /xl/_rels/workbook.xml.rels
20:00:05.087 [main] DEBUG - Parsing relationship: /_rels/.rels
20:00:05.095 [main] DEBUG - Save content types part
20:00:05.095 [main] DEBUG - Save package relationships
20:00:05.096 [main] DEBUG - Save part 'docProps/app.xml'
20:00:05.096 [main] DEBUG - Save part 'docProps/core.xml'
20:00:05.096 [main] DEBUG - Save part 'docProps/custom.xml'
20:00:05.096 [main] DEBUG - Save part 'xl/sharedStrings.xml'
20:00:05.096 [main] DEBUG - Save part 'xl/styles.xml'
20:00:05.096 [main] DEBUG - Save part 'xl/theme/theme1.xml'
20:00:05.096 [main] DEBUG - Save part 'xl/workbook.xml'
20:00:05.097 [main] DEBUG - Save part 'xl/worksheets/sheet1.xml'
20:00:05.097 [main] DEBUG - Save part 'xl/worksheets/sheet2.xml'
20:00:05.097 [main] DEBUG - Save part 'xl/worksheets/sheet3.xml'
20:00:05.097 [main] DEBUG - Save part 'xl/worksheets/sheet4.xml'
20:00:05.114 [main] DEBUG - Parsing relationship: /xl/_rels/workbook.xml.rels
20:00:05.114 [main] DEBUG - Parsing relationship: /_rels/.rels
20:00:05.122 [main] DEBUG - Save content types part
20:00:05.123 [main] DEBUG - Save package relationships
20:00:05.123 [main] DEBUG - Save part 'docProps/app.xml'
20:00:05.123 [main] DEBUG - Save part 'docProps/core.xml'
20:00:05.124 [main] DEBUG - Save part 'docProps/custom.xml'
20:00:05.124 [main] DEBUG - Save part 'xl/sharedStrings.xml'
20:00:05.124 [main] DEBUG - Save part 'xl/styles.xml'
20:00:05.124 [main] DEBUG - Save part 'xl/theme/theme1.xml'
20:00:05.124 [main] DEBUG - Save part 'xl/workbook.xml'
20:00:05.125 [main] DEBUG - Save part 'xl/worksheets/sheet1.xml'
20:00:05.125 [main] DEBUG - Save part 'xl/worksheets/sheet2.xml'
20:00:05.125 [main] DEBUG - Save part 'xl/worksheets/sheet3.xml'
20:00:05.125 [main] DEBUG - Save part 'xl/worksheets/sheet4.xml'
20:00:05.127 [main] DEBUG - Parsing relationship: /xl/_rels/workbook.xml.rels
20:00:05.127 [main] DEBUG - Parsing relationship: /_rels/.rels
20:00:05.136 [main] DEBUG - Save content types part
20:00:05.136 [main] DEBUG - Save package relationships
20:00:05.136 [main] DEBUG - Save part 'docProps/app.xml'
20:00:05.137 [main] DEBUG - Save part 'docProps/core.xml'
20:00:05.137 [main] DEBUG - Save part 'docProps/custom.xml'
20:00:05.137 [main] DEBUG - Save part 'xl/sharedStrings.xml'
20:00:05.137 [main] DEBUG - Save part 'xl/styles.xml'
20:00:05.137 [main] DEBUG - Save part 'xl/theme/theme1.xml'
20:00:05.137 [main] DEBUG - Save part 'xl/workbook.xml'
20:00:05.138 [main] DEBUG - Save part 'xl/worksheets/sheet1.xml'
20:00:05.138 [main] DEBUG - Save part 'xl/worksheets/sheet2.xml'
20:00:05.138 [main] DEBUG - Save part 'xl/worksheets/sheet3.xml'
20:00:05.138 [main] DEBUG - Save part 'xl/worksheets/sheet4.xml'
20:00:05.139 [main] DEBUG - Parsing relationship: /xl/_rels/workbook.xml.rels
20:00:05.140 [main] DEBUG - Parsing relationship: /_rels/.rels
20:00:05.148 [main] DEBUG - Save content types part
20:00:05.148 [main] DEBUG - Save package relationships
20:00:05.149 [main] DEBUG - Save part 'docProps/app.xml'
20:00:05.149 [main] DEBUG - Save part 'docProps/core.xml'
20:00:05.149 [main] DEBUG - Save part 'docProps/custom.xml'
20:00:05.149 [main] DEBUG - Save part 'xl/sharedStrings.xml'
20:00:05.149 [main] DEBUG - Save part 'xl/styles.xml'
20:00:05.150 [main] DEBUG - Save part 'xl/theme/theme1.xml'
20:00:05.150 [main] DEBUG - Save part 'xl/workbook.xml'
20:00:05.150 [main] DEBUG - Save part 'xl/worksheets/sheet1.xml'
20:00:05.150 [main] DEBUG - Save part 'xl/worksheets/sheet2.xml'
20:00:05.150 [main] DEBUG - Save part 'xl/worksheets/sheet3.xml'
20:00:05.151 [main] DEBUG - Save part 'xl/worksheets/sheet4.xml'
20:00:05.164 [main] DEBUG - Parsing relationship: /xl/_rels/workbook.xml.rels
20:00:05.164 [main] DEBUG - Parsing relationship: /_rels/.rels
20:00:05.170 [main] DEBUG - Save content types part
20:00:05.171 [main] DEBUG - Save package relationships
20:00:05.171 [main] DEBUG - Save part 'docProps/app.xml'
20:00:05.171 [main] DEBUG - Save part 'docProps/core.xml'
20:00:05.171 [main] DEBUG - Save part 'docProps/custom.xml'
20:00:05.171 [main] DEBUG - Save part 'xl/sharedStrings.xml'
20:00:05.172 [main] DEBUG - Save part 'xl/styles.xml'
20:00:05.172 [main] DEBUG - Save part 'xl/theme/theme1.xml'
20:00:05.172 [main] DEBUG - Save part 'xl/workbook.xml'
20:00:05.172 [main] DEBUG - Save part 'xl/worksheets/sheet1.xml'
20:00:05.172 [main] DEBUG - Save part 'xl/worksheets/sheet2.xml'
20:00:05.173 [main] DEBUG - Save part 'xl/worksheets/sheet3.xml'
20:00:05.173 [main] DEBUG - Save part 'xl/worksheets/sheet4.xml'
20:00:05.174 [main] DEBUG - Parsing relationship: /xl/_rels/workbook.xml.rels
20:00:05.175 [main] DEBUG - Parsing relationship: /_rels/.rels
20:00:05.186 [main] DEBUG - Save content types part
20:00:05.186 [main] DEBUG - Save package relationships
20:00:05.186 [main] DEBUG - Save part 'docProps/app.xml'
20:00:05.186 [main] DEBUG - Save part 'docProps/core.xml'
20:00:05.187 [main] DEBUG - Save part 'docProps/custom.xml'
20:00:05.187 [main] DEBUG - Save part 'xl/sharedStrings.xml'
20:00:05.187 [main] DEBUG - Save part 'xl/styles.xml'
20:00:05.187 [main] DEBUG - Save part 'xl/theme/theme1.xml'
20:00:05.187 [main] DEBUG - Save part 'xl/workbook.xml'
20:00:05.187 [main] DEBUG - Save part 'xl/worksheets/sheet1.xml'
20:00:05.187 [main] DEBUG - Save part 'xl/worksheets/sheet2.xml'
20:00:05.188 [main] DEBUG - Save part 'xl/worksheets/sheet3.xml'
20:00:05.188 [main] DEBUG - Save part 'xl/worksheets/sheet4.xml'
20:00:05.189 [main] DEBUG - Parsing relationship: /xl/_rels/workbook.xml.rels
20:00:05.189 [main] DEBUG - Parsing relationship: /_rels/.rels
20:00:05.198 [main] DEBUG - Save content types part
20:00:05.198 [main] DEBUG - Save package relationships
20:00:05.198 [main] DEBUG - Save part 'docProps/app.xml'
20:00:05.198 [main] DEBUG - Save part 'docProps/core.xml'
20:00:05.199 [main] DEBUG - Save part 'docProps/custom.xml'
20:00:05.199 [main] DEBUG - Save part 'xl/sharedStrings.xml'
20:00:05.199 [main] DEBUG - Save part 'xl/styles.xml'
20:00:05.199 [main] DEBUG - Save part 'xl/theme/theme1.xml'
20:00:05.199 [main] DEBUG - Save part 'xl/workbook.xml'
20:00:05.199 [main] DEBUG - Save part 'xl/worksheets/sheet1.xml'
20:00:05.200 [main] DEBUG - Save part 'xl/worksheets/sheet2.xml'
20:00:05.200 [main] DEBUG - Save part 'xl/worksheets/sheet3.xml'
20:00:05.200 [main] DEBUG - Save part 'xl/worksheets/sheet4.xml'
20:00:05.214 [main] DEBUG - Parsing relationship: /xl/_rels/workbook.xml.rels
20:00:05.214 [main] DEBUG - Parsing relationship: /_rels/.rels
20:00:05.219 [main] DEBUG - Save content types part
20:00:05.220 [main] DEBUG - Save package relationships
20:00:05.220 [main] DEBUG - Save part 'docProps/app.xml'
20:00:05.220 [main] DEBUG - Save part 'docProps/core.xml'
20:00:05.221 [main] DEBUG - Save part 'docProps/custom.xml'
20:00:05.221 [main] DEBUG - Save part 'xl/sharedStrings.xml'
20:00:05.221 [main] DEBUG - Save part 'xl/styles.xml'
20:00:05.221 [main] DEBUG - Save part 'xl/theme/theme1.xml'
20:00:05.221 [main] DEBUG - Save part 'xl/workbook.xml'
20:00:05.221 [main] DEBUG - Save part 'xl/worksheets/sheet1.xml'
20:00:05.222 [main] DEBUG - Save part 'xl/worksheets/sheet2.xml'
20:00:05.222 [main] DEBUG - Save part 'xl/worksheets/sheet3.xml'
20:00:05.222 [main] DEBUG - Save part 'xl/worksheets/sheet4.xml'
20:00:05.224 [main] DEBUG - Parsing relationship: /xl/_rels/workbook.xml.rels
20:00:05.224 [main] DEBUG - Parsing relationship: /_rels/.rels
20:00:05.232 [main] DEBUG - Save content types part
20:00:05.233 [main] DEBUG - Save package relationships
20:00:05.233 [main] DEBUG - Save part 'docProps/app.xml'
20:00:05.233 [main] DEBUG - Save part 'docProps/core.xml'
20:00:05.233 [main] DEBUG - Save part 'docProps/custom.xml'
20:00:05.233 [main] DEBUG - Save part 'xl/sharedStrings.xml'
20:00:05.234 [main] DEBUG - Save part 'xl/styles.xml'
20:00:05.234 [main] DEBUG - Save part 'xl/theme/theme1.xml'
20:00:05.234 [main] DEBUG - Save part 'xl/workbook.xml'
20:00:05.234 [main] DEBUG - Save part 'xl/worksheets/sheet1.xml'
20:00:05.234 [main] DEBUG - Save part 'xl/worksheets/sheet2.xml'
20:00:05.234 [main] DEBUG - Save part 'xl/worksheets/sheet3.xml'
20:00:05.235 [main] DEBUG - Save part 'xl/worksheets/sheet4.xml'
20:00:05.237 [main] DEBUG - Parsing relationship: /xl/_rels/workbook.xml.rels
20:00:05.237 [main] DEBUG - Parsing relationship: /_rels/.rels
20:00:05.246 [main] DEBUG - Save content types part
20:00:05.246 [main] DEBUG - Save package relationships
20:00:05.247 [main] DEBUG - Save part 'docProps/app.xml'
20:00:05.247 [main] DEBUG - Save part 'docProps/core.xml'
20:00:05.247 [main] DEBUG - Save part 'docProps/custom.xml'
20:00:05.247 [main] DEBUG - Save part 'xl/sharedStrings.xml'
20:00:05.247 [main] DEBUG - Save part 'xl/styles.xml'
20:00:05.248 [main] DEBUG - Save part 'xl/theme/theme1.xml'
20:00:05.248 [main] DEBUG - Save part 'xl/workbook.xml'
20:00:05.248 [main] DEBUG - Save part 'xl/worksheets/sheet1.xml'
20:00:05.248 [main] DEBUG - Save part 'xl/worksheets/sheet2.xml'
20:00:05.248 [main] DEBUG - Save part 'xl/worksheets/sheet3.xml'
20:00:05.248 [main] DEBUG - Save part 'xl/worksheets/sheet4.xml'
20:00:10.584 [main] INFO  - Goto my account-->Click on Login.. 
20:00:10.810 [main] INFO  - Entering email and password.. 
20:00:24.378 [main] DEBUG - Parsing relationship: /xl/_rels/workbook.xml.rels
20:00:24.379 [main] DEBUG - Parsing relationship: /_rels/.rels
20:00:24.390 [main] DEBUG - Save content types part
20:00:24.390 [main] DEBUG - Save package relationships
20:00:24.391 [main] DEBUG - Save part 'docProps/app.xml'
20:00:24.391 [main] DEBUG - Save part 'docProps/core.xml'
20:00:24.391 [main] DEBUG - Save part 'docProps/custom.xml'
20:00:24.391 [main] DEBUG - Save part 'xl/sharedStrings.xml'
20:00:24.392 [main] DEBUG - Save part 'xl/styles.xml'
20:00:24.392 [main] DEBUG - Save part 'xl/theme/theme1.xml'
20:00:24.392 [main] DEBUG - Save part 'xl/workbook.xml'
20:00:24.393 [main] DEBUG - Save part 'xl/worksheets/sheet1.xml'
20:00:24.393 [main] DEBUG - Save part 'xl/worksheets/sheet2.xml'
20:00:24.393 [main] DEBUG - Save part 'xl/worksheets/sheet3.xml'
20:00:24.393 [main] DEBUG - Save part 'xl/worksheets/sheet4.xml'
20:00:24.395 [main] DEBUG - Parsing relationship: /xl/_rels/workbook.xml.rels
20:00:24.396 [main] DEBUG - Parsing relationship: /_rels/.rels
20:00:24.406 [main] DEBUG - Save content types part
20:00:24.406 [main] DEBUG - Save package relationships
20:00:24.406 [main] DEBUG - Save part 'docProps/app.xml'
20:00:24.406 [main] DEBUG - Save part 'docProps/core.xml'
20:00:24.407 [main] DEBUG - Save part 'docProps/custom.xml'
20:00:24.407 [main] DEBUG - Save part 'xl/sharedStrings.xml'
20:00:24.407 [main] DEBUG - Save part 'xl/styles.xml'
20:00:24.407 [main] DEBUG - Save part 'xl/theme/theme1.xml'
20:00:24.407 [main] DEBUG - Save part 'xl/workbook.xml'
20:00:24.408 [main] DEBUG - Save part 'xl/worksheets/sheet1.xml'
20:00:24.408 [main] DEBUG - Save part 'xl/worksheets/sheet2.xml'
20:00:24.408 [main] DEBUG - Save part 'xl/worksheets/sheet3.xml'
20:00:24.408 [main] DEBUG - Save part 'xl/worksheets/sheet4.xml'
20:00:24.410 [main] DEBUG - Parsing relationship: /xl/_rels/workbook.xml.rels
20:00:24.410 [main] DEBUG - Parsing relationship: /_rels/.rels
20:00:24.418 [main] DEBUG - Save content types part
20:00:24.418 [main] DEBUG - Save package relationships
20:00:24.419 [main] DEBUG - Save part 'docProps/app.xml'
20:00:24.419 [main] DEBUG - Save part 'docProps/core.xml'
20:00:24.419 [main] DEBUG - Save part 'docProps/custom.xml'
20:00:24.419 [main] DEBUG - Save part 'xl/sharedStrings.xml'
20:00:24.419 [main] DEBUG - Save part 'xl/styles.xml'
20:00:24.419 [main] DEBUG - Save part 'xl/theme/theme1.xml'
20:00:24.420 [main] DEBUG - Save part 'xl/workbook.xml'
20:00:24.420 [main] DEBUG - Save part 'xl/worksheets/sheet1.xml'
20:00:24.420 [main] DEBUG - Save part 'xl/worksheets/sheet2.xml'
20:00:24.420 [main] DEBUG - Save part 'xl/worksheets/sheet3.xml'
20:00:24.421 [main] DEBUG - Save part 'xl/worksheets/sheet4.xml'
20:00:24.435 [main] DEBUG - Parsing relationship: /xl/_rels/workbook.xml.rels
20:00:24.435 [main] DEBUG - Parsing relationship: /_rels/.rels
20:00:24.440 [main] DEBUG - Save content types part
20:00:24.441 [main] DEBUG - Save package relationships
20:00:24.441 [main] DEBUG - Save part 'docProps/app.xml'
20:00:24.441 [main] DEBUG - Save part 'docProps/core.xml'
20:00:24.442 [main] DEBUG - Save part 'docProps/custom.xml'
20:00:24.442 [main] DEBUG - Save part 'xl/sharedStrings.xml'
20:00:24.442 [main] DEBUG - Save part 'xl/styles.xml'
20:00:24.442 [main] DEBUG - Save part 'xl/theme/theme1.xml'
20:00:24.442 [main] DEBUG - Save part 'xl/workbook.xml'
20:00:24.443 [main] DEBUG - Save part 'xl/worksheets/sheet1.xml'
20:00:24.443 [main] DEBUG - Save part 'xl/worksheets/sheet2.xml'
20:00:24.443 [main] DEBUG - Save part 'xl/worksheets/sheet3.xml'
20:00:24.443 [main] DEBUG - Save part 'xl/worksheets/sheet4.xml'
20:00:24.445 [main] DEBUG - Parsing relationship: /xl/_rels/workbook.xml.rels
20:00:24.445 [main] DEBUG - Parsing relationship: /_rels/.rels
20:00:24.452 [main] DEBUG - Save content types part
20:00:24.452 [main] DEBUG - Save package relationships
20:00:24.453 [main] DEBUG - Save part 'docProps/app.xml'
20:00:24.453 [main] DEBUG - Save part 'docProps/core.xml'
20:00:24.453 [main] DEBUG - Save part 'docProps/custom.xml'
20:00:24.453 [main] DEBUG - Save part 'xl/sharedStrings.xml'
20:00:24.453 [main] DEBUG - Save part 'xl/styles.xml'
20:00:24.454 [main] DEBUG - Save part 'xl/theme/theme1.xml'
20:00:24.454 [main] DEBUG - Save part 'xl/workbook.xml'
20:00:24.454 [main] DEBUG - Save part 'xl/worksheets/sheet1.xml'
20:00:24.454 [main] DEBUG - Save part 'xl/worksheets/sheet2.xml'
20:00:24.454 [main] DEBUG - Save part 'xl/worksheets/sheet3.xml'
20:00:24.454 [main] DEBUG - Save part 'xl/worksheets/sheet4.xml'
20:00:24.456 [main] DEBUG - Parsing relationship: /xl/_rels/workbook.xml.rels
20:00:24.456 [main] DEBUG - Parsing relationship: /_rels/.rels
20:00:24.463 [main] DEBUG - Save content types part
20:00:24.464 [main] DEBUG - Save package relationships
20:00:24.464 [main] DEBUG - Save part 'docProps/app.xml'
20:00:24.464 [main] DEBUG - Save part 'docProps/core.xml'
20:00:24.464 [main] DEBUG - Save part 'docProps/custom.xml'
20:00:24.464 [main] DEBUG - Save part 'xl/sharedStrings.xml'
20:00:24.464 [main] DEBUG - Save part 'xl/styles.xml'
20:00:24.465 [main] DEBUG - Save part 'xl/theme/theme1.xml'
20:00:24.465 [main] DEBUG - Save part 'xl/workbook.xml'
20:00:24.465 [main] DEBUG - Save part 'xl/worksheets/sheet1.xml'
20:00:24.465 [main] DEBUG - Save part 'xl/worksheets/sheet2.xml'
20:00:24.465 [main] DEBUG - Save part 'xl/worksheets/sheet3.xml'
20:00:24.466 [main] DEBUG - Save part 'xl/worksheets/sheet4.xml'
20:00:24.479 [main] DEBUG - Parsing relationship: /xl/_rels/workbook.xml.rels
20:00:24.479 [main] DEBUG - Parsing relationship: /_rels/.rels
20:00:24.487 [main] DEBUG - Save content types part
20:00:24.488 [main] DEBUG - Save package relationships
20:00:24.488 [main] DEBUG - Save part 'docProps/app.xml'
20:00:24.488 [main] DEBUG - Save part 'docProps/core.xml'
20:00:24.488 [main] DEBUG - Save part 'docProps/custom.xml'
20:00:24.489 [main] DEBUG - Save part 'xl/sharedStrings.xml'
20:00:24.489 [main] DEBUG - Save part 'xl/styles.xml'
20:00:24.489 [main] DEBUG - Save part 'xl/theme/theme1.xml'
20:00:24.489 [main] DEBUG - Save part 'xl/workbook.xml'
20:00:24.489 [main] DEBUG - Save part 'xl/worksheets/sheet1.xml'
20:00:24.490 [main] DEBUG - Save part 'xl/worksheets/sheet2.xml'
20:00:24.490 [main] DEBUG - Save part 'xl/worksheets/sheet3.xml'
20:00:24.490 [main] DEBUG - Save part 'xl/worksheets/sheet4.xml'
20:00:24.492 [main] DEBUG - Parsing relationship: /xl/_rels/workbook.xml.rels
20:00:24.492 [main] DEBUG - Parsing relationship: /_rels/.rels
20:00:24.499 [main] DEBUG - Save content types part
20:00:24.499 [main] DEBUG - Save package relationships
20:00:24.499 [main] DEBUG - Save part 'docProps/app.xml'
20:00:24.500 [main] DEBUG - Save part 'docProps/core.xml'
20:00:24.500 [main] DEBUG - Save part 'docProps/custom.xml'
20:00:24.500 [main] DEBUG - Save part 'xl/sharedStrings.xml'
20:00:24.500 [main] DEBUG - Save part 'xl/styles.xml'
20:00:24.500 [main] DEBUG - Save part 'xl/theme/theme1.xml'
20:00:24.500 [main] DEBUG - Save part 'xl/workbook.xml'
20:00:24.501 [main] DEBUG - Save part 'xl/worksheets/sheet1.xml'
20:00:24.501 [main] DEBUG - Save part 'xl/worksheets/sheet2.xml'
20:00:24.501 [main] DEBUG - Save part 'xl/worksheets/sheet3.xml'
20:00:24.501 [main] DEBUG - Save part 'xl/worksheets/sheet4.xml'
20:00:24.502 [main] DEBUG - Parsing relationship: /xl/_rels/workbook.xml.rels
20:00:24.502 [main] DEBUG - Parsing relationship: /_rels/.rels
20:00:24.510 [main] DEBUG - Save content types part
20:00:24.510 [main] DEBUG - Save package relationships
20:00:24.510 [main] DEBUG - Save part 'docProps/app.xml'
20:00:24.510 [main] DEBUG - Save part 'docProps/core.xml'
20:00:24.511 [main] DEBUG - Save part 'docProps/custom.xml'
20:00:24.511 [main] DEBUG - Save part 'xl/sharedStrings.xml'
20:00:24.511 [main] DEBUG - Save part 'xl/styles.xml'
20:00:24.511 [main] DEBUG - Save part 'xl/theme/theme1.xml'
20:00:24.511 [main] DEBUG - Save part 'xl/workbook.xml'
20:00:24.511 [main] DEBUG - Save part 'xl/worksheets/sheet1.xml'
20:00:24.511 [main] DEBUG - Save part 'xl/worksheets/sheet2.xml'
20:00:24.512 [main] DEBUG - Save part 'xl/worksheets/sheet3.xml'
20:00:24.512 [main] DEBUG - Save part 'xl/worksheets/sheet4.xml'
20:00:24.527 [main] DEBUG - Parsing relationship: /xl/_rels/workbook.xml.rels
20:00:24.528 [main] DEBUG - Parsing relationship: /_rels/.rels
20:00:24.533 [main] DEBUG - Save content types part
20:00:24.534 [main] DEBUG - Save package relationships
20:00:24.534 [main] DEBUG - Save part 'docProps/app.xml'
20:00:24.534 [main] DEBUG - Save part 'docProps/core.xml'
20:00:24.535 [main] DEBUG - Save part 'docProps/custom.xml'
20:00:24.535 [main] DEBUG - Save part 'xl/sharedStrings.xml'
20:00:24.535 [main] DEBUG - Save part 'xl/styles.xml'
20:00:24.535 [main] DEBUG - Save part 'xl/theme/theme1.xml'
20:00:24.536 [main] DEBUG - Save part 'xl/workbook.xml'
20:00:24.537 [main] DEBUG - Save part 'xl/worksheets/sheet1.xml'
20:00:24.537 [main] DEBUG - Save part 'xl/worksheets/sheet2.xml'
20:00:24.537 [main] DEBUG - Save part 'xl/worksheets/sheet3.xml'
20:00:24.537 [main] DEBUG - Save part 'xl/worksheets/sheet4.xml'
20:00:24.540 [main] DEBUG - Parsing relationship: /xl/_rels/workbook.xml.rels
20:00:24.540 [main] DEBUG - Parsing relationship: /_rels/.rels
20:00:24.551 [main] DEBUG - Save content types part
20:00:24.552 [main] DEBUG - Save package relationships
20:00:24.552 [main] DEBUG - Save part 'docProps/app.xml'
20:00:24.552 [main] DEBUG - Save part 'docProps/core.xml'
20:00:24.552 [main] DEBUG - Save part 'docProps/custom.xml'
20:00:24.552 [main] DEBUG - Save part 'xl/sharedStrings.xml'
20:00:24.552 [main] DEBUG - Save part 'xl/styles.xml'
20:00:24.552 [main] DEBUG - Save part 'xl/theme/theme1.xml'
20:00:24.553 [main] DEBUG - Save part 'xl/workbook.xml'
20:00:24.553 [main] DEBUG - Save part 'xl/worksheets/sheet1.xml'
20:00:24.553 [main] DEBUG - Save part 'xl/worksheets/sheet2.xml'
20:00:24.553 [main] DEBUG - Save part 'xl/worksheets/sheet3.xml'
20:00:24.553 [main] DEBUG - Save part 'xl/worksheets/sheet4.xml'
20:00:24.555 [main] DEBUG - Parsing relationship: /xl/_rels/workbook.xml.rels
20:00:24.555 [main] DEBUG - Parsing relationship: /_rels/.rels
20:00:24.562 [main] DEBUG - Save content types part
20:00:24.562 [main] DEBUG - Save package relationships
20:00:24.562 [main] DEBUG - Save part 'docProps/app.xml'
20:00:24.562 [main] DEBUG - Save part 'docProps/core.xml'
20:00:24.563 [main] DEBUG - Save part 'docProps/custom.xml'
20:00:24.563 [main] DEBUG - Save part 'xl/sharedStrings.xml'
20:00:24.563 [main] DEBUG - Save part 'xl/styles.xml'
20:00:24.563 [main] DEBUG - Save part 'xl/theme/theme1.xml'
20:00:24.563 [main] DEBUG - Save part 'xl/workbook.xml'
20:00:24.563 [main] DEBUG - Save part 'xl/worksheets/sheet1.xml'
20:00:24.563 [main] DEBUG - Save part 'xl/worksheets/sheet2.xml'
20:00:24.563 [main] DEBUG - Save part 'xl/worksheets/sheet3.xml'
20:00:24.564 [main] DEBUG - Save part 'xl/worksheets/sheet4.xml'
20:00:24.577 [main] DEBUG - Parsing relationship: /xl/_rels/workbook.xml.rels
20:00:24.577 [main] DEBUG - Parsing relationship: /_rels/.rels
20:00:24.582 [main] DEBUG - Save content types part
20:00:24.582 [main] DEBUG - Save package relationships
20:00:24.582 [main] DEBUG - Save part 'docProps/app.xml'
20:00:24.582 [main] DEBUG - Save part 'docProps/core.xml'
20:00:24.583 [main] DEBUG - Save part 'docProps/custom.xml'
20:00:24.583 [main] DEBUG - Save part 'xl/sharedStrings.xml'
20:00:24.583 [main] DEBUG - Save part 'xl/styles.xml'
20:00:24.583 [main] DEBUG - Save part 'xl/theme/theme1.xml'
20:00:24.583 [main] DEBUG - Save part 'xl/workbook.xml'
20:00:24.584 [main] DEBUG - Save part 'xl/worksheets/sheet1.xml'
20:00:24.584 [main] DEBUG - Save part 'xl/worksheets/sheet2.xml'
20:00:24.584 [main] DEBUG - Save part 'xl/worksheets/sheet3.xml'
20:00:24.584 [main] DEBUG - Save part 'xl/worksheets/sheet4.xml'
20:00:24.585 [main] DEBUG - Parsing relationship: /xl/_rels/workbook.xml.rels
20:00:24.586 [main] DEBUG - Parsing relationship: /_rels/.rels
20:00:24.593 [main] DEBUG - Save content types part
20:00:24.593 [main] DEBUG - Save package relationships
20:00:24.593 [main] DEBUG - Save part 'docProps/app.xml'
20:00:24.593 [main] DEBUG - Save part 'docProps/core.xml'
20:00:24.594 [main] DEBUG - Save part 'docProps/custom.xml'
20:00:24.594 [main] DEBUG - Save part 'xl/sharedStrings.xml'
20:00:24.594 [main] DEBUG - Save part 'xl/styles.xml'
20:00:24.594 [main] DEBUG - Save part 'xl/theme/theme1.xml'
20:00:24.594 [main] DEBUG - Save part 'xl/workbook.xml'
20:00:24.594 [main] DEBUG - Save part 'xl/worksheets/sheet1.xml'
20:00:24.594 [main] DEBUG - Save part 'xl/worksheets/sheet2.xml'
20:00:24.594 [main] DEBUG - Save part 'xl/worksheets/sheet3.xml'
20:00:24.594 [main] DEBUG - Save part 'xl/worksheets/sheet4.xml'
20:00:24.596 [main] DEBUG - Parsing relationship: /xl/_rels/workbook.xml.rels
20:00:24.596 [main] DEBUG - Parsing relationship: /_rels/.rels
20:00:24.602 [main] DEBUG - Save content types part
20:00:24.602 [main] DEBUG - Save package relationships
20:00:24.602 [main] DEBUG - Save part 'docProps/app.xml'
20:00:24.602 [main] DEBUG - Save part 'docProps/core.xml'
20:00:24.603 [main] DEBUG - Save part 'docProps/custom.xml'
20:00:24.603 [main] DEBUG - Save part 'xl/sharedStrings.xml'
20:00:24.603 [main] DEBUG - Save part 'xl/styles.xml'
20:00:24.603 [main] DEBUG - Save part 'xl/theme/theme1.xml'
20:00:24.603 [main] DEBUG - Save part 'xl/workbook.xml'
20:00:24.604 [main] DEBUG - Save part 'xl/worksheets/sheet1.xml'
20:00:24.604 [main] DEBUG - Save part 'xl/worksheets/sheet2.xml'
20:00:24.604 [main] DEBUG - Save part 'xl/worksheets/sheet3.xml'
20:00:24.604 [main] DEBUG - Save part 'xl/worksheets/sheet4.xml'
20:00:24.617 [main] DEBUG - Parsing relationship: /xl/_rels/workbook.xml.rels
20:00:24.618 [main] DEBUG - Parsing relationship: /_rels/.rels
20:00:24.625 [main] DEBUG - Save content types part
20:00:24.626 [main] DEBUG - Save package relationships
20:00:24.626 [main] DEBUG - Save part 'docProps/app.xml'
20:00:24.626 [main] DEBUG - Save part 'docProps/core.xml'
20:00:24.626 [main] DEBUG - Save part 'docProps/custom.xml'
20:00:24.626 [main] DEBUG - Save part 'xl/sharedStrings.xml'
20:00:24.627 [main] DEBUG - Save part 'xl/styles.xml'
20:00:24.627 [main] DEBUG - Save part 'xl/theme/theme1.xml'
20:00:24.627 [main] DEBUG - Save part 'xl/workbook.xml'
20:00:24.627 [main] DEBUG - Save part 'xl/worksheets/sheet1.xml'
20:00:24.627 [main] DEBUG - Save part 'xl/worksheets/sheet2.xml'
20:00:24.627 [main] DEBUG - Save part 'xl/worksheets/sheet3.xml'
20:00:24.628 [main] DEBUG - Save part 'xl/worksheets/sheet4.xml'
20:00:24.629 [main] DEBUG - Parsing relationship: /xl/_rels/workbook.xml.rels
20:00:24.629 [main] DEBUG - Parsing relationship: /_rels/.rels
20:00:24.636 [main] DEBUG - Save content types part
20:00:24.636 [main] DEBUG - Save package relationships
20:00:24.637 [main] DEBUG - Save part 'docProps/app.xml'
20:00:24.637 [main] DEBUG - Save part 'docProps/core.xml'
20:00:24.637 [main] DEBUG - Save part 'docProps/custom.xml'
20:00:24.637 [main] DEBUG - Save part 'xl/sharedStrings.xml'
20:00:24.637 [main] DEBUG - Save part 'xl/styles.xml'
20:00:24.637 [main] DEBUG - Save part 'xl/theme/theme1.xml'
20:00:24.638 [main] DEBUG - Save part 'xl/workbook.xml'
20:00:24.638 [main] DEBUG - Save part 'xl/worksheets/sheet1.xml'
20:00:24.638 [main] DEBUG - Save part 'xl/worksheets/sheet2.xml'
20:00:24.638 [main] DEBUG - Save part 'xl/worksheets/sheet3.xml'
20:00:24.638 [main] DEBUG - Save part 'xl/worksheets/sheet4.xml'
20:00:24.639 [main] DEBUG - Parsing relationship: /xl/_rels/workbook.xml.rels
20:00:24.640 [main] DEBUG - Parsing relationship: /_rels/.rels
20:00:24.646 [main] DEBUG - Save content types part
20:00:24.647 [main] DEBUG - Save package relationships
20:00:24.647 [main] DEBUG - Save part 'docProps/app.xml'
20:00:24.647 [main] DEBUG - Save part 'docProps/core.xml'
20:00:24.647 [main] DEBUG - Save part 'docProps/custom.xml'
20:00:24.647 [main] DEBUG - Save part 'xl/sharedStrings.xml'
20:00:24.647 [main] DEBUG - Save part 'xl/styles.xml'
20:00:24.648 [main] DEBUG - Save part 'xl/theme/theme1.xml'
20:00:24.648 [main] DEBUG - Save part 'xl/workbook.xml'
20:00:24.648 [main] DEBUG - Save part 'xl/worksheets/sheet1.xml'
20:00:24.648 [main] DEBUG - Save part 'xl/worksheets/sheet2.xml'
20:00:24.648 [main] DEBUG - Save part 'xl/worksheets/sheet3.xml'
20:00:24.648 [main] DEBUG - Save part 'xl/worksheets/sheet4.xml'
20:00:24.662 [main] DEBUG - Parsing relationship: /xl/_rels/workbook.xml.rels
20:00:24.662 [main] DEBUG - Parsing relationship: /_rels/.rels
20:00:24.667 [main] DEBUG - Save content types part
20:00:24.667 [main] DEBUG - Save package relationships
20:00:24.667 [main] DEBUG - Save part 'docProps/app.xml'
20:00:24.667 [main] DEBUG - Save part 'docProps/core.xml'
20:00:24.668 [main] DEBUG - Save part 'docProps/custom.xml'
20:00:24.668 [main] DEBUG - Save part 'xl/sharedStrings.xml'
20:00:24.668 [main] DEBUG - Save part 'xl/styles.xml'
20:00:24.668 [main] DEBUG - Save part 'xl/theme/theme1.xml'
20:00:24.668 [main] DEBUG - Save part 'xl/workbook.xml'
20:00:24.668 [main] DEBUG - Save part 'xl/worksheets/sheet1.xml'
20:00:24.668 [main] DEBUG - Save part 'xl/worksheets/sheet2.xml'
20:00:24.668 [main] DEBUG - Save part 'xl/worksheets/sheet3.xml'
20:00:24.669 [main] DEBUG - Save part 'xl/worksheets/sheet4.xml'
20:00:24.670 [main] DEBUG - Parsing relationship: /xl/_rels/workbook.xml.rels
20:00:24.671 [main] DEBUG - Parsing relationship: /_rels/.rels
20:00:24.677 [main] DEBUG - Save content types part
20:00:24.677 [main] DEBUG - Save package relationships
20:00:24.677 [main] DEBUG - Save part 'docProps/app.xml'
20:00:24.677 [main] DEBUG - Save part 'docProps/core.xml'
20:00:24.678 [main] DEBUG - Save part 'docProps/custom.xml'
20:00:24.678 [main] DEBUG - Save part 'xl/sharedStrings.xml'
20:00:24.678 [main] DEBUG - Save part 'xl/styles.xml'
20:00:24.678 [main] DEBUG - Save part 'xl/theme/theme1.xml'
20:00:24.678 [main] DEBUG - Save part 'xl/workbook.xml'
20:00:24.678 [main] DEBUG - Save part 'xl/worksheets/sheet1.xml'
20:00:24.678 [main] DEBUG - Save part 'xl/worksheets/sheet2.xml'
20:00:24.678 [main] DEBUG - Save part 'xl/worksheets/sheet3.xml'
20:00:24.679 [main] DEBUG - Save part 'xl/worksheets/sheet4.xml'
20:00:24.680 [main] DEBUG - Parsing relationship: /xl/_rels/workbook.xml.rels
20:00:24.680 [main] DEBUG - Parsing relationship: /_rels/.rels
20:00:24.686 [main] DEBUG - Save content types part
20:00:24.686 [main] DEBUG - Save package relationships
20:00:24.687 [main] DEBUG - Save part 'docProps/app.xml'
20:00:24.687 [main] DEBUG - Save part 'docProps/core.xml'
20:00:24.687 [main] DEBUG - Save part 'docProps/custom.xml'
20:00:24.687 [main] DEBUG - Save part 'xl/sharedStrings.xml'
20:00:24.687 [main] DEBUG - Save part 'xl/styles.xml'
20:00:24.687 [main] DEBUG - Save part 'xl/theme/theme1.xml'
20:00:24.687 [main] DEBUG - Save part 'xl/workbook.xml'
20:00:24.688 [main] DEBUG - Save part 'xl/worksheets/sheet1.xml'
20:00:24.688 [main] DEBUG - Save part 'xl/worksheets/sheet2.xml'
20:00:24.688 [main] DEBUG - Save part 'xl/worksheets/sheet3.xml'
20:00:24.688 [main] DEBUG - Save part 'xl/worksheets/sheet4.xml'
20:00:24.701 [main] DEBUG - Parsing relationship: /xl/_rels/workbook.xml.rels
20:00:24.701 [main] DEBUG - Parsing relationship: /_rels/.rels
20:00:24.706 [main] DEBUG - Save content types part
20:00:24.706 [main] DEBUG - Save package relationships
20:00:24.706 [main] DEBUG - Save part 'docProps/app.xml'
20:00:24.706 [main] DEBUG - Save part 'docProps/core.xml'
20:00:24.707 [main] DEBUG - Save part 'docProps/custom.xml'
20:00:24.707 [main] DEBUG - Save part 'xl/sharedStrings.xml'
20:00:24.707 [main] DEBUG - Save part 'xl/styles.xml'
20:00:24.707 [main] DEBUG - Save part 'xl/theme/theme1.xml'
20:00:24.707 [main] DEBUG - Save part 'xl/workbook.xml'
20:00:24.707 [main] DEBUG - Save part 'xl/worksheets/sheet1.xml'
20:00:24.708 [main] DEBUG - Save part 'xl/worksheets/sheet2.xml'
20:00:24.708 [main] DEBUG - Save part 'xl/worksheets/sheet3.xml'
20:00:24.708 [main] DEBUG - Save part 'xl/worksheets/sheet4.xml'
20:00:24.709 [main] DEBUG - Parsing relationship: /xl/_rels/workbook.xml.rels
20:00:24.710 [main] DEBUG - Parsing relationship: /_rels/.rels
20:00:24.716 [main] DEBUG - Save content types part
20:00:24.716 [main] DEBUG - Save package relationships
20:00:24.716 [main] DEBUG - Save part 'docProps/app.xml'
20:00:24.716 [main] DEBUG - Save part 'docProps/core.xml'
20:00:24.717 [main] DEBUG - Save part 'docProps/custom.xml'
20:00:24.717 [main] DEBUG - Save part 'xl/sharedStrings.xml'
20:00:24.717 [main] DEBUG - Save part 'xl/styles.xml'
20:00:24.717 [main] DEBUG - Save part 'xl/theme/theme1.xml'
20:00:24.717 [main] DEBUG - Save part 'xl/workbook.xml'
20:00:24.717 [main] DEBUG - Save part 'xl/worksheets/sheet1.xml'
20:00:24.717 [main] DEBUG - Save part 'xl/worksheets/sheet2.xml'
20:00:24.717 [main] DEBUG - Save part 'xl/worksheets/sheet3.xml'
20:00:24.718 [main] DEBUG - Save part 'xl/worksheets/sheet4.xml'
20:00:24.719 [main] DEBUG - Parsing relationship: /xl/_rels/workbook.xml.rels
20:00:24.719 [main] DEBUG - Parsing relationship: /_rels/.rels
20:00:24.726 [main] DEBUG - Save content types part
20:00:24.726 [main] DEBUG - Save package relationships
20:00:24.726 [main] DEBUG - Save part 'docProps/app.xml'
20:00:24.726 [main] DEBUG - Save part 'docProps/core.xml'
20:00:24.727 [main] DEBUG - Save part 'docProps/custom.xml'
20:00:24.727 [main] DEBUG - Save part 'xl/sharedStrings.xml'
20:00:24.727 [main] DEBUG - Save part 'xl/styles.xml'
20:00:24.727 [main] DEBUG - Save part 'xl/theme/theme1.xml'
20:00:24.727 [main] DEBUG - Save part 'xl/workbook.xml'
20:00:24.727 [main] DEBUG - Save part 'xl/worksheets/sheet1.xml'
20:00:24.727 [main] DEBUG - Save part 'xl/worksheets/sheet2.xml'
20:00:24.727 [main] DEBUG - Save part 'xl/worksheets/sheet3.xml'
20:00:24.728 [main] DEBUG - Save part 'xl/worksheets/sheet4.xml'
20:00:24.740 [main] DEBUG - Parsing relationship: /xl/_rels/workbook.xml.rels
20:00:24.740 [main] DEBUG - Parsing relationship: /_rels/.rels
20:00:24.747 [main] DEBUG - Save content types part
20:00:24.748 [main] DEBUG - Save package relationships
20:00:24.748 [main] DEBUG - Save part 'docProps/app.xml'
20:00:24.748 [main] DEBUG - Save part 'docProps/core.xml'
20:00:24.748 [main] DEBUG - Save part 'docProps/custom.xml'
20:00:24.748 [main] DEBUG - Save part 'xl/sharedStrings.xml'
20:00:24.748 [main] DEBUG - Save part 'xl/styles.xml'
20:00:24.749 [main] DEBUG - Save part 'xl/theme/theme1.xml'
20:00:24.749 [main] DEBUG - Save part 'xl/workbook.xml'
20:00:24.749 [main] DEBUG - Save part 'xl/worksheets/sheet1.xml'
20:00:24.749 [main] DEBUG - Save part 'xl/worksheets/sheet2.xml'
20:00:24.749 [main] DEBUG - Save part 'xl/worksheets/sheet3.xml'
20:00:24.749 [main] DEBUG - Save part 'xl/worksheets/sheet4.xml'
20:00:24.751 [main] DEBUG - Parsing relationship: /xl/_rels/workbook.xml.rels
20:00:24.751 [main] DEBUG - Parsing relationship: /_rels/.rels
20:00:24.757 [main] DEBUG - Save content types part
20:00:24.757 [main] DEBUG - Save package relationships
20:00:24.758 [main] DEBUG - Save part 'docProps/app.xml'
20:00:24.758 [main] DEBUG - Save part 'docProps/core.xml'
20:00:24.758 [main] DEBUG - Save part 'docProps/custom.xml'
20:00:24.758 [main] DEBUG - Save part 'xl/sharedStrings.xml'
20:00:24.758 [main] DEBUG - Save part 'xl/styles.xml'
20:00:24.758 [main] DEBUG - Save part 'xl/theme/theme1.xml'
20:00:24.758 [main] DEBUG - Save part 'xl/workbook.xml'
20:00:24.759 [main] DEBUG - Save part 'xl/worksheets/sheet1.xml'
20:00:24.759 [main] DEBUG - Save part 'xl/worksheets/sheet2.xml'
20:00:24.759 [main] DEBUG - Save part 'xl/worksheets/sheet3.xml'
20:00:24.759 [main] DEBUG - Save part 'xl/worksheets/sheet4.xml'
20:00:24.760 [main] DEBUG - Parsing relationship: /xl/_rels/workbook.xml.rels
20:00:24.760 [main] DEBUG - Parsing relationship: /_rels/.rels
20:00:24.766 [main] DEBUG - Save content types part
20:00:24.767 [main] DEBUG - Save package relationships
20:00:24.767 [main] DEBUG - Save part 'docProps/app.xml'
20:00:24.767 [main] DEBUG - Save part 'docProps/core.xml'
20:00:24.767 [main] DEBUG - Save part 'docProps/custom.xml'
20:00:24.767 [main] DEBUG - Save part 'xl/sharedStrings.xml'
20:00:24.767 [main] DEBUG - Save part 'xl/styles.xml'
20:00:24.767 [main] DEBUG - Save part 'xl/theme/theme1.xml'
20:00:24.767 [main] DEBUG - Save part 'xl/workbook.xml'
20:00:24.768 [main] DEBUG - Save part 'xl/worksheets/sheet1.xml'
20:00:24.768 [main] DEBUG - Save part 'xl/worksheets/sheet2.xml'
20:00:24.768 [main] DEBUG - Save part 'xl/worksheets/sheet3.xml'
20:00:24.768 [main] DEBUG - Save part 'xl/worksheets/sheet4.xml'
20:00:24.781 [main] DEBUG - Parsing relationship: /xl/_rels/workbook.xml.rels
20:00:24.781 [main] DEBUG - Parsing relationship: /_rels/.rels
20:00:24.786 [main] DEBUG - Save content types part
20:00:24.786 [main] DEBUG - Save package relationships
20:00:24.786 [main] DEBUG - Save part 'docProps/app.xml'
20:00:24.786 [main] DEBUG - Save part 'docProps/core.xml'
20:00:24.787 [main] DEBUG - Save part 'docProps/custom.xml'
20:00:24.787 [main] DEBUG - Save part 'xl/sharedStrings.xml'
20:00:24.787 [main] DEBUG - Save part 'xl/styles.xml'
20:00:24.787 [main] DEBUG - Save part 'xl/theme/theme1.xml'
20:00:24.787 [main] DEBUG - Save part 'xl/workbook.xml'
20:00:24.787 [main] DEBUG - Save part 'xl/worksheets/sheet1.xml'
20:00:24.788 [main] DEBUG - Save part 'xl/worksheets/sheet2.xml'
20:00:24.788 [main] DEBUG - Save part 'xl/worksheets/sheet3.xml'
20:00:24.788 [main] DEBUG - Save part 'xl/worksheets/sheet4.xml'
20:00:24.789 [main] DEBUG - Parsing relationship: /xl/_rels/workbook.xml.rels
20:00:24.790 [main] DEBUG - Parsing relationship: /_rels/.rels
20:00:24.795 [main] DEBUG - Save content types part
20:00:24.796 [main] DEBUG - Save package relationships
20:00:24.796 [main] DEBUG - Save part 'docProps/app.xml'
20:00:24.796 [main] DEBUG - Save part 'docProps/core.xml'
20:00:24.796 [main] DEBUG - Save part 'docProps/custom.xml'
20:00:24.796 [main] DEBUG - Save part 'xl/sharedStrings.xml'
20:00:24.796 [main] DEBUG - Save part 'xl/styles.xml'
20:00:24.797 [main] DEBUG - Save part 'xl/theme/theme1.xml'
20:00:24.797 [main] DEBUG - Save part 'xl/workbook.xml'
20:00:24.797 [main] DEBUG - Save part 'xl/worksheets/sheet1.xml'
20:00:24.797 [main] DEBUG - Save part 'xl/worksheets/sheet2.xml'
20:00:24.797 [main] DEBUG - Save part 'xl/worksheets/sheet3.xml'
20:00:24.797 [main] DEBUG - Save part 'xl/worksheets/sheet4.xml'
20:00:24.799 [main] DEBUG - Parsing relationship: /xl/_rels/workbook.xml.rels
20:00:24.799 [main] DEBUG - Parsing relationship: /_rels/.rels
20:00:24.805 [main] DEBUG - Save content types part
20:00:24.805 [main] DEBUG - Save package relationships
20:00:24.805 [main] DEBUG - Save part 'docProps/app.xml'
20:00:24.805 [main] DEBUG - Save part 'docProps/core.xml'
20:00:24.806 [main] DEBUG - Save part 'docProps/custom.xml'
20:00:24.806 [main] DEBUG - Save part 'xl/sharedStrings.xml'
20:00:24.806 [main] DEBUG - Save part 'xl/styles.xml'
20:00:24.806 [main] DEBUG - Save part 'xl/theme/theme1.xml'
20:00:24.806 [main] DEBUG - Save part 'xl/workbook.xml'
20:00:24.806 [main] DEBUG - Save part 'xl/worksheets/sheet1.xml'
20:00:24.806 [main] DEBUG - Save part 'xl/worksheets/sheet2.xml'
20:00:24.806 [main] DEBUG - Save part 'xl/worksheets/sheet3.xml'
20:00:24.806 [main] DEBUG - Save part 'xl/worksheets/sheet4.xml'
20:00:35.775 [main] INFO  - Goto my account-->Click on Login.. 
20:00:35.982 [main] INFO  - Entering email and password.. 
20:00:49.721 [main] DEBUG - Parsing relationship: /xl/_rels/workbook.xml.rels
20:00:49.722 [main] DEBUG - Parsing relationship: /_rels/.rels
20:00:49.728 [main] DEBUG - Save content types part
20:00:49.729 [main] DEBUG - Save package relationships
20:00:49.730 [main] DEBUG - Save part 'docProps/app.xml'
20:00:49.730 [main] DEBUG - Save part 'docProps/core.xml'
20:00:49.730 [main] DEBUG - Save part 'docProps/custom.xml'
20:00:49.730 [main] DEBUG - Save part 'xl/sharedStrings.xml'
20:00:49.730 [main] DEBUG - Save part 'xl/styles.xml'
20:00:49.731 [main] DEBUG - Save part 'xl/theme/theme1.xml'
20:00:49.731 [main] DEBUG - Save part 'xl/workbook.xml'
20:00:49.731 [main] DEBUG - Save part 'xl/worksheets/sheet1.xml'
20:00:49.732 [main] DEBUG - Save part 'xl/worksheets/sheet2.xml'
20:00:49.732 [main] DEBUG - Save part 'xl/worksheets/sheet3.xml'
20:00:49.732 [main] DEBUG - Save part 'xl/worksheets/sheet4.xml'
20:00:49.734 [main] DEBUG - Parsing relationship: /xl/_rels/workbook.xml.rels
20:00:49.734 [main] DEBUG - Parsing relationship: /_rels/.rels
20:00:49.747 [main] DEBUG - Save content types part
20:00:49.747 [main] DEBUG - Save package relationships
20:00:49.747 [main] DEBUG - Save part 'docProps/app.xml'
20:00:49.747 [main] DEBUG - Save part 'docProps/core.xml'
20:00:49.748 [main] DEBUG - Save part 'docProps/custom.xml'
20:00:49.748 [main] DEBUG - Save part 'xl/sharedStrings.xml'
20:00:49.748 [main] DEBUG - Save part 'xl/styles.xml'
20:00:49.748 [main] DEBUG - Save part 'xl/theme/theme1.xml'
20:00:49.748 [main] DEBUG - Save part 'xl/workbook.xml'
20:00:49.748 [main] DEBUG - Save part 'xl/worksheets/sheet1.xml'
20:00:49.749 [main] DEBUG - Save part 'xl/worksheets/sheet2.xml'
20:00:49.749 [main] DEBUG - Save part 'xl/worksheets/sheet3.xml'
20:00:49.749 [main] DEBUG - Save part 'xl/worksheets/sheet4.xml'
20:00:49.750 [main] DEBUG - Parsing relationship: /xl/_rels/workbook.xml.rels
20:00:49.750 [main] DEBUG - Parsing relationship: /_rels/.rels
20:00:49.757 [main] DEBUG - Save content types part
20:00:49.757 [main] DEBUG - Save package relationships
20:00:49.757 [main] DEBUG - Save part 'docProps/app.xml'
20:00:49.757 [main] DEBUG - Save part 'docProps/core.xml'
20:00:49.758 [main] DEBUG - Save part 'docProps/custom.xml'
20:00:49.758 [main] DEBUG - Save part 'xl/sharedStrings.xml'
20:00:49.758 [main] DEBUG - Save part 'xl/styles.xml'
20:00:49.758 [main] DEBUG - Save part 'xl/theme/theme1.xml'
20:00:49.758 [main] DEBUG - Save part 'xl/workbook.xml'
20:00:49.759 [main] DEBUG - Save part 'xl/worksheets/sheet1.xml'
20:00:49.759 [main] DEBUG - Save part 'xl/worksheets/sheet2.xml'
20:00:49.759 [main] DEBUG - Save part 'xl/worksheets/sheet3.xml'
20:00:49.759 [main] DEBUG - Save part 'xl/worksheets/sheet4.xml'
20:00:49.772 [main] DEBUG - Parsing relationship: /xl/_rels/workbook.xml.rels
20:00:49.772 [main] DEBUG - Parsing relationship: /_rels/.rels
20:00:49.777 [main] DEBUG - Save content types part
20:00:49.777 [main] DEBUG - Save package relationships
20:00:49.777 [main] DEBUG - Save part 'docProps/app.xml'
20:00:49.778 [main] DEBUG - Save part 'docProps/core.xml'
20:00:49.778 [main] DEBUG - Save part 'docProps/custom.xml'
20:00:49.778 [main] DEBUG - Save part 'xl/sharedStrings.xml'
20:00:49.778 [main] DEBUG - Save part 'xl/styles.xml'
20:00:49.778 [main] DEBUG - Save part 'xl/theme/theme1.xml'
20:00:49.778 [main] DEBUG - Save part 'xl/workbook.xml'
20:00:49.779 [main] DEBUG - Save part 'xl/worksheets/sheet1.xml'
20:00:49.779 [main] DEBUG - Save part 'xl/worksheets/sheet2.xml'
20:00:49.779 [main] DEBUG - Save part 'xl/worksheets/sheet3.xml'
20:00:49.779 [main] DEBUG - Save part 'xl/worksheets/sheet4.xml'
20:00:49.780 [main] DEBUG - Parsing relationship: /xl/_rels/workbook.xml.rels
20:00:49.781 [main] DEBUG - Parsing relationship: /_rels/.rels
20:00:49.786 [main] DEBUG - Save content types part
20:00:49.787 [main] DEBUG - Save package relationships
20:00:49.787 [main] DEBUG - Save part 'docProps/app.xml'
20:00:49.787 [main] DEBUG - Save part 'docProps/core.xml'
20:00:49.788 [main] DEBUG - Save part 'docProps/custom.xml'
20:00:49.788 [main] DEBUG - Save part 'xl/sharedStrings.xml'
20:00:49.788 [main] DEBUG - Save part 'xl/styles.xml'
20:00:49.788 [main] DEBUG - Save part 'xl/theme/theme1.xml'
20:00:49.788 [main] DEBUG - Save part 'xl/workbook.xml'
20:00:49.788 [main] DEBUG - Save part 'xl/worksheets/sheet1.xml'
20:00:49.788 [main] DEBUG - Save part 'xl/worksheets/sheet2.xml'
20:00:49.788 [main] DEBUG - Save part 'xl/worksheets/sheet3.xml'
20:00:49.789 [main] DEBUG - Save part 'xl/worksheets/sheet4.xml'
20:00:49.790 [main] DEBUG - Parsing relationship: /xl/_rels/workbook.xml.rels
20:00:49.790 [main] DEBUG - Parsing relationship: /_rels/.rels
20:00:49.796 [main] DEBUG - Save content types part
20:00:49.796 [main] DEBUG - Save package relationships
20:00:49.796 [main] DEBUG - Save part 'docProps/app.xml'
20:00:49.796 [main] DEBUG - Save part 'docProps/core.xml'
20:00:49.796 [main] DEBUG - Save part 'docProps/custom.xml'
20:00:49.796 [main] DEBUG - Save part 'xl/sharedStrings.xml'
20:00:49.797 [main] DEBUG - Save part 'xl/styles.xml'
20:00:49.797 [main] DEBUG - Save part 'xl/theme/theme1.xml'
20:00:49.797 [main] DEBUG - Save part 'xl/workbook.xml'
20:00:49.797 [main] DEBUG - Save part 'xl/worksheets/sheet1.xml'
20:00:49.797 [main] DEBUG - Save part 'xl/worksheets/sheet2.xml'
20:00:49.797 [main] DEBUG - Save part 'xl/worksheets/sheet3.xml'
20:00:49.797 [main] DEBUG - Save part 'xl/worksheets/sheet4.xml'
20:00:49.810 [main] DEBUG - Parsing relationship: /xl/_rels/workbook.xml.rels
20:00:49.810 [main] DEBUG - Parsing relationship: /_rels/.rels
20:00:49.814 [main] DEBUG - Save content types part
20:00:49.814 [main] DEBUG - Save package relationships
20:00:49.814 [main] DEBUG - Save part 'docProps/app.xml'
20:00:49.815 [main] DEBUG - Save part 'docProps/core.xml'
20:00:49.815 [main] DEBUG - Save part 'docProps/custom.xml'
20:00:49.815 [main] DEBUG - Save part 'xl/sharedStrings.xml'
20:00:49.815 [main] DEBUG - Save part 'xl/styles.xml'
20:00:49.815 [main] DEBUG - Save part 'xl/theme/theme1.xml'
20:00:49.815 [main] DEBUG - Save part 'xl/workbook.xml'
20:00:49.816 [main] DEBUG - Save part 'xl/worksheets/sheet1.xml'
20:00:49.816 [main] DEBUG - Save part 'xl/worksheets/sheet2.xml'
20:00:49.816 [main] DEBUG - Save part 'xl/worksheets/sheet3.xml'
20:00:49.816 [main] DEBUG - Save part 'xl/worksheets/sheet4.xml'
20:00:49.817 [main] DEBUG - Parsing relationship: /xl/_rels/workbook.xml.rels
20:00:49.817 [main] DEBUG - Parsing relationship: /_rels/.rels
20:00:49.823 [main] DEBUG - Save content types part
20:00:49.824 [main] DEBUG - Save package relationships
20:00:49.824 [main] DEBUG - Save part 'docProps/app.xml'
20:00:49.824 [main] DEBUG - Save part 'docProps/core.xml'
20:00:49.824 [main] DEBUG - Save part 'docProps/custom.xml'
20:00:49.824 [main] DEBUG - Save part 'xl/sharedStrings.xml'
20:00:49.824 [main] DEBUG - Save part 'xl/styles.xml'
20:00:49.824 [main] DEBUG - Save part 'xl/theme/theme1.xml'
20:00:49.824 [main] DEBUG - Save part 'xl/workbook.xml'
20:00:49.825 [main] DEBUG - Save part 'xl/worksheets/sheet1.xml'
20:00:49.825 [main] DEBUG - Save part 'xl/worksheets/sheet2.xml'
20:00:49.825 [main] DEBUG - Save part 'xl/worksheets/sheet3.xml'
20:00:49.825 [main] DEBUG - Save part 'xl/worksheets/sheet4.xml'
20:00:49.826 [main] DEBUG - Parsing relationship: /xl/_rels/workbook.xml.rels
20:00:49.826 [main] DEBUG - Parsing relationship: /_rels/.rels
20:00:49.831 [main] DEBUG - Save content types part
20:00:49.831 [main] DEBUG - Save package relationships
20:00:49.832 [main] DEBUG - Save part 'docProps/app.xml'
20:00:49.832 [main] DEBUG - Save part 'docProps/core.xml'
20:00:49.832 [main] DEBUG - Save part 'docProps/custom.xml'
20:00:49.832 [main] DEBUG - Save part 'xl/sharedStrings.xml'
20:00:49.832 [main] DEBUG - Save part 'xl/styles.xml'
20:00:49.832 [main] DEBUG - Save part 'xl/theme/theme1.xml'
20:00:49.832 [main] DEBUG - Save part 'xl/workbook.xml'
20:00:49.833 [main] DEBUG - Save part 'xl/worksheets/sheet1.xml'
20:00:49.833 [main] DEBUG - Save part 'xl/worksheets/sheet2.xml'
20:00:49.833 [main] DEBUG - Save part 'xl/worksheets/sheet3.xml'
20:00:49.833 [main] DEBUG - Save part 'xl/worksheets/sheet4.xml'
20:00:49.846 [main] DEBUG - Parsing relationship: /xl/_rels/workbook.xml.rels
20:00:49.846 [main] DEBUG - Parsing relationship: /_rels/.rels
20:00:49.849 [main] DEBUG - Save content types part
20:00:49.850 [main] DEBUG - Save package relationships
20:00:49.850 [main] DEBUG - Save part 'docProps/app.xml'
20:00:49.850 [main] DEBUG - Save part 'docProps/core.xml'
20:00:49.850 [main] DEBUG - Save part 'docProps/custom.xml'
20:00:49.850 [main] DEBUG - Save part 'xl/sharedStrings.xml'
20:00:49.850 [main] DEBUG - Save part 'xl/styles.xml'
20:00:49.851 [main] DEBUG - Save part 'xl/theme/theme1.xml'
20:00:49.851 [main] DEBUG - Save part 'xl/workbook.xml'
20:00:49.851 [main] DEBUG - Save part 'xl/worksheets/sheet1.xml'
20:00:49.851 [main] DEBUG - Save part 'xl/worksheets/sheet2.xml'
20:00:49.851 [main] DEBUG - Save part 'xl/worksheets/sheet3.xml'
20:00:49.851 [main] DEBUG - Save part 'xl/worksheets/sheet4.xml'
20:00:49.853 [main] DEBUG - Parsing relationship: /xl/_rels/workbook.xml.rels
20:00:49.853 [main] DEBUG - Parsing relationship: /_rels/.rels
20:00:49.858 [main] DEBUG - Save content types part
20:00:49.859 [main] DEBUG - Save package relationships
