23:04:36.892 [main] DEBUG - Parsing relationship: /_rels/.rels
23:04:41.512 [main] DEBUG - Parsing relationship: /xl/_rels/workbook.xml.rels
23:04:41.513 [main] DEBUG - Parsing relationship: /_rels/.rels
23:04:41.530 [main] TRACE - Resolving type for handle stcelltypebf95type
23:04:41.532 [main] DEBUG - Save content types part
23:04:41.533 [main] DEBUG - Save package relationships
23:04:41.533 [main] DEBUG - Save part 'docProps/app.xml'
23:04:41.534 [main] DEBUG - Save part 'docProps/core.xml'
23:04:41.534 [main] DEBUG - Save part 'docProps/custom.xml'
23:04:41.534 [main] DEBUG - Save part 'xl/sharedStrings.xml'
23:04:41.534 [main] DEBUG - Save part 'xl/styles.xml'
23:04:41.535 [main] DEBUG - Save part 'xl/theme/theme1.xml'
23:04:41.535 [main] DEBUG - Save part 'xl/workbook.xml'
23:04:41.536 [main] DEBUG - Save part 'xl/worksheets/sheet1.xml'
23:04:41.536 [main] DEBUG - Save part 'xl/worksheets/sheet2.xml'
23:04:41.536 [main] DEBUG - Save part 'xl/worksheets/sheet3.xml'
23:04:41.541 [main] DEBUG - Parsing relationship: /xl/_rels/workbook.xml.rels
23:04:41.542 [main] DEBUG - Parsing relationship: /_rels/.rels
23:04:41.555 [main] TRACE - Resolving type for handle stcellstylexfid70c7type
23:04:41.556 [main] TRACE - Resolving type for handle ctsheetdimensiond310type
23:04:41.558 [main] TRACE - Resolving type for handle stref90a2type
23:04:41.565 [main] TRACE - Resolving type for handle propertiesee84doctype
23:04:41.566 [main] TRACE - Resolving type for handle ctproperties3f10type
23:04:41.568 [main] TRACE - Resolving type for handle properties288cdoctype
23:04:41.569 [main] TRACE - Resolving type for handle ctproperties2c18type
23:04:41.572 [main] DEBUG - Save content types part
23:04:41.572 [main] DEBUG - Save package relationships
23:04:41.573 [main] DEBUG - Save part 'docProps/app.xml'
23:04:41.573 [main] DEBUG - Save part 'docProps/core.xml'
23:04:41.573 [main] DEBUG - Save part 'docProps/custom.xml'
23:04:41.573 [main] DEBUG - Save part 'xl/sharedStrings.xml'
23:04:41.574 [main] DEBUG - Save part 'xl/styles.xml'
23:04:41.574 [main] DEBUG - Save part 'xl/theme/theme1.xml'
23:04:41.574 [main] DEBUG - Save part 'xl/workbook.xml'
23:04:41.574 [main] DEBUG - Save part 'xl/worksheets/sheet1.xml'
23:04:41.575 [main] DEBUG - Save part 'xl/worksheets/sheet2.xml'
23:04:41.575 [main] DEBUG - Save part 'xl/worksheets/sheet3.xml'
23:04:41.578 [main] DEBUG - Parsing relationship: /xl/_rels/workbook.xml.rels
23:04:41.578 [main] DEBUG - Parsing relationship: /_rels/.rels
23:04:41.592 [main] DEBUG - Save content types part
23:04:41.592 [main] DEBUG - Save package relationships
23:04:41.593 [main] DEBUG - Save part 'docProps/app.xml'
23:04:41.593 [main] DEBUG - Save part 'docProps/core.xml'
23:04:41.594 [main] DEBUG - Save part 'docProps/custom.xml'
23:04:41.594 [main] DEBUG - Save part 'xl/sharedStrings.xml'
23:04:41.594 [main] DEBUG - Save part 'xl/styles.xml'
23:04:41.594 [main] DEBUG - Save part 'xl/theme/theme1.xml'
23:04:41.594 [main] DEBUG - Save part 'xl/workbook.xml'
23:04:41.595 [main] DEBUG - Save part 'xl/worksheets/sheet1.xml'
23:04:41.595 [main] DEBUG - Save part 'xl/worksheets/sheet2.xml'
23:04:41.595 [main] DEBUG - Save part 'xl/worksheets/sheet3.xml'
23:04:41.598 [main] DEBUG - Parsing relationship: /xl/_rels/workbook.xml.rels
23:04:41.598 [main] DEBUG - Parsing relationship: /_rels/.rels
23:04:41.606 [main] DEBUG - Save content types part
23:04:41.606 [main] DEBUG - Save package relationships
23:04:41.607 [main] DEBUG - Save part 'docProps/app.xml'
23:04:41.607 [main] DEBUG - Save part 'docProps/core.xml'
23:04:41.608 [main] DEBUG - Save part 'docProps/custom.xml'
23:04:41.608 [main] DEBUG - Save part 'xl/sharedStrings.xml'
23:04:41.608 [main] DEBUG - Save part 'xl/styles.xml'
23:04:41.608 [main] DEBUG - Save part 'xl/theme/theme1.xml'
23:04:41.608 [main] DEBUG - Save part 'xl/workbook.xml'
23:04:41.609 [main] DEBUG - Save part 'xl/worksheets/sheet1.xml'
23:04:41.609 [main] DEBUG - Save part 'xl/worksheets/sheet2.xml'
23:04:41.609 [main] DEBUG - Save part 'xl/worksheets/sheet3.xml'
23:04:41.612 [main] DEBUG - Parsing relationship: /xl/_rels/workbook.xml.rels
23:04:41.613 [main] DEBUG - Parsing relationship: /_rels/.rels
23:04:41.624 [main] DEBUG - Save content types part
23:04:41.625 [main] DEBUG - Save package relationships
23:04:41.625 [main] DEBUG - Save part 'docProps/app.xml'
23:04:41.625 [main] DEBUG - Save part 'docProps/core.xml'
23:04:41.626 [main] DEBUG - Save part 'docProps/custom.xml'
23:04:41.626 [main] DEBUG - Save part 'xl/sharedStrings.xml'
23:04:41.626 [main] DEBUG - Save part 'xl/styles.xml'
23:04:41.627 [main] DEBUG - Save part 'xl/theme/theme1.xml'
23:04:41.627 [main] DEBUG - Save part 'xl/workbook.xml'
23:04:41.627 [main] DEBUG - Save part 'xl/worksheets/sheet1.xml'
23:04:41.627 [main] DEBUG - Save part 'xl/worksheets/sheet2.xml'
23:04:41.627 [main] DEBUG - Save part 'xl/worksheets/sheet3.xml'
23:04:41.630 [main] DEBUG - Parsing relationship: /xl/_rels/workbook.xml.rels
23:04:41.630 [main] DEBUG - Parsing relationship: /_rels/.rels
23:04:41.641 [main] DEBUG - Save content types part
23:04:41.641 [main] DEBUG - Save package relationships
23:04:41.642 [main] DEBUG - Save part 'docProps/app.xml'
23:04:41.642 [main] DEBUG - Save part 'docProps/core.xml'
23:04:41.642 [main] DEBUG - Save part 'docProps/custom.xml'
23:04:41.642 [main] DEBUG - Save part 'xl/sharedStrings.xml'
23:04:41.643 [main] DEBUG - Save part 'xl/styles.xml'
23:04:41.643 [main] DEBUG - Save part 'xl/theme/theme1.xml'
23:04:41.643 [main] DEBUG - Save part 'xl/workbook.xml'
23:04:41.643 [main] DEBUG - Save part 'xl/worksheets/sheet1.xml'
23:04:41.644 [main] DEBUG - Save part 'xl/worksheets/sheet2.xml'
23:04:41.644 [main] DEBUG - Save part 'xl/worksheets/sheet3.xml'
23:04:41.646 [main] DEBUG - Parsing relationship: /xl/_rels/workbook.xml.rels
23:04:41.646 [main] DEBUG - Parsing relationship: /_rels/.rels
23:04:41.655 [main] DEBUG - Save content types part
23:04:41.655 [main] DEBUG - Save package relationships
23:04:41.656 [main] DEBUG - Save part 'docProps/app.xml'
23:04:41.656 [main] DEBUG - Save part 'docProps/core.xml'
23:04:41.656 [main] DEBUG - Save part 'docProps/custom.xml'
23:04:41.657 [main] DEBUG - Save part 'xl/sharedStrings.xml'
23:04:41.657 [main] DEBUG - Save part 'xl/styles.xml'
23:04:41.657 [main] DEBUG - Save part 'xl/theme/theme1.xml'
23:04:41.657 [main] DEBUG - Save part 'xl/workbook.xml'
23:04:41.658 [main] DEBUG - Save part 'xl/worksheets/sheet1.xml'
23:04:41.658 [main] DEBUG - Save part 'xl/worksheets/sheet2.xml'
23:04:41.658 [main] DEBUG - Save part 'xl/worksheets/sheet3.xml'
23:04:41.661 [main] DEBUG - Parsing relationship: /xl/_rels/workbook.xml.rels
23:04:41.661 [main] DEBUG - Parsing relationship: /_rels/.rels
23:04:41.671 [main] DEBUG - Save content types part
23:04:41.672 [main] DEBUG - Save package relationships
23:04:41.673 [main] DEBUG - Save part 'docProps/app.xml'
23:04:41.673 [main] DEBUG - Save part 'docProps/core.xml'
23:04:41.673 [main] DEBUG - Save part 'docProps/custom.xml'
23:04:41.674 [main] DEBUG - Save part 'xl/sharedStrings.xml'
23:04:41.674 [main] DEBUG - Save part 'xl/styles.xml'
23:04:41.674 [main] DEBUG - Save part 'xl/theme/theme1.xml'
23:04:41.674 [main] DEBUG - Save part 'xl/workbook.xml'
23:04:41.675 [main] DEBUG - Save part 'xl/worksheets/sheet1.xml'
23:04:41.675 [main] DEBUG - Save part 'xl/worksheets/sheet2.xml'
23:04:41.675 [main] DEBUG - Save part 'xl/worksheets/sheet3.xml'
23:04:41.678 [main] DEBUG - Parsing relationship: /xl/_rels/workbook.xml.rels
23:04:41.679 [main] DEBUG - Parsing relationship: /_rels/.rels
23:04:41.690 [main] DEBUG - Save content types part
23:04:41.690 [main] DEBUG - Save package relationships
23:04:41.691 [main] DEBUG - Save part 'docProps/app.xml'
23:04:41.691 [main] DEBUG - Save part 'docProps/core.xml'
23:04:41.691 [main] DEBUG - Save part 'docProps/custom.xml'
23:04:41.691 [main] DEBUG - Save part 'xl/sharedStrings.xml'
23:04:41.691 [main] DEBUG - Save part 'xl/styles.xml'
23:04:41.692 [main] DEBUG - Save part 'xl/theme/theme1.xml'
23:04:41.692 [main] DEBUG - Save part 'xl/workbook.xml'
23:04:41.692 [main] DEBUG - Save part 'xl/worksheets/sheet1.xml'
23:04:41.692 [main] DEBUG - Save part 'xl/worksheets/sheet2.xml'
23:04:41.692 [main] DEBUG - Save part 'xl/worksheets/sheet3.xml'
23:04:41.694 [main] DEBUG - Parsing relationship: /xl/_rels/workbook.xml.rels
23:04:41.695 [main] DEBUG - Parsing relationship: /_rels/.rels
23:04:41.700 [main] DEBUG - Save content types part
23:04:41.701 [main] DEBUG - Save package relationships
23:04:41.701 [main] DEBUG - Save part 'docProps/app.xml'
23:04:41.702 [main] DEBUG - Save part 'docProps/core.xml'
23:04:41.702 [main] DEBUG - Save part 'docProps/custom.xml'
23:04:41.702 [main] DEBUG - Save part 'xl/sharedStrings.xml'
23:04:41.702 [main] DEBUG - Save part 'xl/styles.xml'
23:04:41.703 [main] DEBUG - Save part 'xl/theme/theme1.xml'
23:04:41.703 [main] DEBUG - Save part 'xl/workbook.xml'
23:04:41.703 [main] DEBUG - Save part 'xl/worksheets/sheet1.xml'
23:04:41.703 [main] DEBUG - Save part 'xl/worksheets/sheet2.xml'
23:04:41.704 [main] DEBUG - Save part 'xl/worksheets/sheet3.xml'
23:04:41.706 [main] DEBUG - Parsing relationship: /xl/_rels/workbook.xml.rels
23:04:41.706 [main] DEBUG - Parsing relationship: /_rels/.rels
23:04:41.715 [main] DEBUG - Save content types part
23:04:41.716 [main] DEBUG - Save package relationships
23:04:41.716 [main] DEBUG - Save part 'docProps/app.xml'
23:04:41.716 [main] DEBUG - Save part 'docProps/core.xml'
23:04:41.717 [main] DEBUG - Save part 'docProps/custom.xml'
23:04:41.717 [main] DEBUG - Save part 'xl/sharedStrings.xml'
23:04:41.717 [main] DEBUG - Save part 'xl/styles.xml'
23:04:41.717 [main] DEBUG - Save part 'xl/theme/theme1.xml'
23:04:41.717 [main] DEBUG - Save part 'xl/workbook.xml'
23:04:41.718 [main] DEBUG - Save part 'xl/worksheets/sheet1.xml'
23:04:41.718 [main] DEBUG - Save part 'xl/worksheets/sheet2.xml'
23:04:41.718 [main] DEBUG - Save part 'xl/worksheets/sheet3.xml'
23:04:41.720 [main] DEBUG - Parsing relationship: /xl/_rels/workbook.xml.rels
23:04:41.720 [main] DEBUG - Parsing relationship: /_rels/.rels
23:04:41.729 [main] DEBUG - Save content types part
23:04:41.730 [main] DEBUG - Save package relationships
23:04:41.730 [main] DEBUG - Save part 'docProps/app.xml'
23:04:41.730 [main] DEBUG - Save part 'docProps/core.xml'
23:04:41.731 [main] DEBUG - Save part 'docProps/custom.xml'
23:04:41.731 [main] DEBUG - Save part 'xl/sharedStrings.xml'
23:04:41.731 [main] DEBUG - Save part 'xl/styles.xml'
23:04:41.731 [main] DEBUG - Save part 'xl/theme/theme1.xml'
23:04:41.731 [main] DEBUG - Save part 'xl/workbook.xml'
23:04:41.732 [main] DEBUG - Save part 'xl/worksheets/sheet1.xml'
23:04:41.732 [main] DEBUG - Save part 'xl/worksheets/sheet2.xml'
23:04:41.732 [main] DEBUG - Save part 'xl/worksheets/sheet3.xml'
23:04:41.734 [main] DEBUG - Parsing relationship: /xl/_rels/workbook.xml.rels
23:04:41.734 [main] DEBUG - Parsing relationship: /_rels/.rels
23:04:41.740 [main] DEBUG - Save content types part
23:04:41.740 [main] DEBUG - Save package relationships
23:04:41.741 [main] DEBUG - Save part 'docProps/app.xml'
23:04:41.741 [main] DEBUG - Save part 'docProps/core.xml'
23:04:41.742 [main] DEBUG - Save part 'docProps/custom.xml'
23:04:41.742 [main] DEBUG - Save part 'xl/sharedStrings.xml'
23:04:41.742 [main] DEBUG - Save part 'xl/styles.xml'
23:04:41.742 [main] DEBUG - Save part 'xl/theme/theme1.xml'
23:04:41.742 [main] DEBUG - Save part 'xl/workbook.xml'
23:04:41.743 [main] DEBUG - Save part 'xl/worksheets/sheet1.xml'
23:04:41.743 [main] DEBUG - Save part 'xl/worksheets/sheet2.xml'
23:04:41.743 [main] DEBUG - Save part 'xl/worksheets/sheet3.xml'
23:04:41.745 [main] DEBUG - Parsing relationship: /xl/_rels/workbook.xml.rels
23:04:41.746 [main] DEBUG - Parsing relationship: /_rels/.rels
23:04:41.757 [main] DEBUG - Save content types part
23:04:41.757 [main] DEBUG - Save package relationships
23:04:41.757 [main] DEBUG - Save part 'docProps/app.xml'
23:04:41.757 [main] DEBUG - Save part 'docProps/core.xml'
23:04:41.758 [main] DEBUG - Save part 'docProps/custom.xml'
23:04:41.758 [main] DEBUG - Save part 'xl/sharedStrings.xml'
23:04:41.758 [main] DEBUG - Save part 'xl/styles.xml'
23:04:41.758 [main] DEBUG - Save part 'xl/theme/theme1.xml'
23:04:41.758 [main] DEBUG - Save part 'xl/workbook.xml'
23:04:41.759 [main] DEBUG - Save part 'xl/worksheets/sheet1.xml'
23:04:41.759 [main] DEBUG - Save part 'xl/worksheets/sheet2.xml'
23:04:41.759 [main] DEBUG - Save part 'xl/worksheets/sheet3.xml'
23:04:41.761 [main] DEBUG - Parsing relationship: /xl/_rels/workbook.xml.rels
23:04:41.761 [main] DEBUG - Parsing relationship: /_rels/.rels
23:04:41.770 [main] DEBUG - Save content types part
23:04:41.770 [main] DEBUG - Save package relationships
23:04:41.770 [main] DEBUG - Save part 'docProps/app.xml'
23:04:41.770 [main] DEBUG - Save part 'docProps/core.xml'
23:04:41.771 [main] DEBUG - Save part 'docProps/custom.xml'
23:04:41.771 [main] DEBUG - Save part 'xl/sharedStrings.xml'
23:04:41.771 [main] DEBUG - Save part 'xl/styles.xml'
23:04:41.771 [main] DEBUG - Save part 'xl/theme/theme1.xml'
23:04:41.771 [main] DEBUG - Save part 'xl/workbook.xml'
23:04:41.772 [main] DEBUG - Save part 'xl/worksheets/sheet1.xml'
23:04:41.772 [main] DEBUG - Save part 'xl/worksheets/sheet2.xml'
23:04:41.772 [main] DEBUG - Save part 'xl/worksheets/sheet3.xml'
23:04:41.774 [main] DEBUG - Parsing relationship: /xl/_rels/workbook.xml.rels
23:04:41.774 [main] DEBUG - Parsing relationship: /_rels/.rels
23:04:41.779 [main] DEBUG - Save content types part
23:04:41.780 [main] DEBUG - Save package relationships
23:04:41.780 [main] DEBUG - Save part 'docProps/app.xml'
23:04:41.780 [main] DEBUG - Save part 'docProps/core.xml'
23:04:41.781 [main] DEBUG - Save part 'docProps/custom.xml'
23:04:41.781 [main] DEBUG - Save part 'xl/sharedStrings.xml'
23:04:41.781 [main] DEBUG - Save part 'xl/styles.xml'
23:04:41.781 [main] DEBUG - Save part 'xl/theme/theme1.xml'
23:04:41.781 [main] DEBUG - Save part 'xl/workbook.xml'
23:04:41.782 [main] DEBUG - Save part 'xl/worksheets/sheet1.xml'
23:04:41.782 [main] DEBUG - Save part 'xl/worksheets/sheet2.xml'
23:04:41.782 [main] DEBUG - Save part 'xl/worksheets/sheet3.xml'
23:04:41.784 [main] DEBUG - Parsing relationship: /xl/_rels/workbook.xml.rels
23:04:41.784 [main] DEBUG - Parsing relationship: /_rels/.rels
23:04:41.793 [main] DEBUG - Save content types part
23:04:41.794 [main] DEBUG - Save package relationships
23:04:41.794 [main] DEBUG - Save part 'docProps/app.xml'
23:04:41.794 [main] DEBUG - Save part 'docProps/core.xml'
23:04:41.795 [main] DEBUG - Save part 'docProps/custom.xml'
23:04:41.795 [main] DEBUG - Save part 'xl/sharedStrings.xml'
23:04:41.795 [main] DEBUG - Save part 'xl/styles.xml'
23:04:41.795 [main] DEBUG - Save part 'xl/theme/theme1.xml'
23:04:41.795 [main] DEBUG - Save part 'xl/workbook.xml'
23:04:41.796 [main] DEBUG - Save part 'xl/worksheets/sheet1.xml'
23:04:41.796 [main] DEBUG - Save part 'xl/worksheets/sheet2.xml'
23:04:41.796 [main] DEBUG - Save part 'xl/worksheets/sheet3.xml'
23:04:41.798 [main] DEBUG - Parsing relationship: /xl/_rels/workbook.xml.rels
23:04:41.798 [main] DEBUG - Parsing relationship: /_rels/.rels
23:04:41.807 [main] DEBUG - Save content types part
23:04:41.808 [main] DEBUG - Save package relationships
23:04:41.808 [main] DEBUG - Save part 'docProps/app.xml'
23:04:41.808 [main] DEBUG - Save part 'docProps/core.xml'
23:04:41.809 [main] DEBUG - Save part 'docProps/custom.xml'
23:04:41.809 [main] DEBUG - Save part 'xl/sharedStrings.xml'
23:04:41.809 [main] DEBUG - Save part 'xl/styles.xml'
23:04:41.809 [main] DEBUG - Save part 'xl/theme/theme1.xml'
23:04:41.809 [main] DEBUG - Save part 'xl/workbook.xml'
23:04:41.809 [main] DEBUG - Save part 'xl/worksheets/sheet1.xml'
23:04:41.810 [main] DEBUG - Save part 'xl/worksheets/sheet2.xml'
23:04:41.810 [main] DEBUG - Save part 'xl/worksheets/sheet3.xml'
23:04:41.812 [main] DEBUG - Parsing relationship: /xl/_rels/workbook.xml.rels
23:04:41.812 [main] DEBUG - Parsing relationship: /_rels/.rels
23:04:41.818 [main] DEBUG - Save content types part
23:04:41.819 [main] DEBUG - Save package relationships
23:04:41.819 [main] DEBUG - Save part 'docProps/app.xml'
23:04:41.819 [main] DEBUG - Save part 'docProps/core.xml'
23:04:41.820 [main] DEBUG - Save part 'docProps/custom.xml'
23:04:41.820 [main] DEBUG - Save part 'xl/sharedStrings.xml'
23:04:41.820 [main] DEBUG - Save part 'xl/styles.xml'
23:04:41.820 [main] DEBUG - Save part 'xl/theme/theme1.xml'
23:04:41.820 [main] DEBUG - Save part 'xl/workbook.xml'
23:04:41.821 [main] DEBUG - Save part 'xl/worksheets/sheet1.xml'
23:04:41.821 [main] DEBUG - Save part 'xl/worksheets/sheet2.xml'
23:04:41.821 [main] DEBUG - Save part 'xl/worksheets/sheet3.xml'
23:04:41.823 [main] DEBUG - Parsing relationship: /xl/_rels/workbook.xml.rels
23:04:41.823 [main] DEBUG - Parsing relationship: /_rels/.rels
23:04:41.832 [main] DEBUG - Save content types part
23:04:41.833 [main] DEBUG - Save package relationships
23:04:41.833 [main] DEBUG - Save part 'docProps/app.xml'
23:04:41.833 [main] DEBUG - Save part 'docProps/core.xml'
23:04:41.833 [main] DEBUG - Save part 'docProps/custom.xml'
23:04:41.833 [main] DEBUG - Save part 'xl/sharedStrings.xml'
23:04:41.834 [main] DEBUG - Save part 'xl/styles.xml'
23:04:41.834 [main] DEBUG - Save part 'xl/theme/theme1.xml'
23:04:41.834 [main] DEBUG - Save part 'xl/workbook.xml'
23:04:41.834 [main] DEBUG - Save part 'xl/worksheets/sheet1.xml'
23:04:41.834 [main] DEBUG - Save part 'xl/worksheets/sheet2.xml'
23:04:41.834 [main] DEBUG - Save part 'xl/worksheets/sheet3.xml'
23:04:41.836 [main] DEBUG - Parsing relationship: /xl/_rels/workbook.xml.rels
23:04:41.836 [main] DEBUG - Parsing relationship: /_rels/.rels
23:04:41.845 [main] DEBUG - Save content types part
23:04:41.846 [main] DEBUG - Save package relationships
23:04:41.846 [main] DEBUG - Save part 'docProps/app.xml'
23:04:41.846 [main] DEBUG - Save part 'docProps/core.xml'
23:04:41.846 [main] DEBUG - Save part 'docProps/custom.xml'
23:04:41.846 [main] DEBUG - Save part 'xl/sharedStrings.xml'
23:04:41.846 [main] DEBUG - Save part 'xl/styles.xml'
23:04:41.847 [main] DEBUG - Save part 'xl/theme/theme1.xml'
23:04:41.847 [main] DEBUG - Save part 'xl/workbook.xml'
23:04:41.847 [main] DEBUG - Save part 'xl/worksheets/sheet1.xml'
23:04:41.847 [main] DEBUG - Save part 'xl/worksheets/sheet2.xml'
23:04:41.847 [main] DEBUG - Save part 'xl/worksheets/sheet3.xml'
23:04:41.849 [main] DEBUG - Parsing relationship: /xl/_rels/workbook.xml.rels
23:04:41.849 [main] DEBUG - Parsing relationship: /_rels/.rels
23:04:41.855 [main] DEBUG - Save content types part
23:04:41.855 [main] DEBUG - Save package relationships
23:04:41.855 [main] DEBUG - Save part 'docProps/app.xml'
23:04:41.856 [main] DEBUG - Save part 'docProps/core.xml'
23:04:41.856 [main] DEBUG - Save part 'docProps/custom.xml'
23:04:41.856 [main] DEBUG - Save part 'xl/sharedStrings.xml'
23:04:41.856 [main] DEBUG - Save part 'xl/styles.xml'
23:04:41.856 [main] DEBUG - Save part 'xl/theme/theme1.xml'
23:04:41.857 [main] DEBUG - Save part 'xl/workbook.xml'
23:04:41.857 [main] DEBUG - Save part 'xl/worksheets/sheet1.xml'
23:04:41.857 [main] DEBUG - Save part 'xl/worksheets/sheet2.xml'
23:04:41.857 [main] DEBUG - Save part 'xl/worksheets/sheet3.xml'
23:04:41.860 [main] DEBUG - Parsing relationship: /xl/_rels/workbook.xml.rels
23:04:41.860 [main] DEBUG - Parsing relationship: /_rels/.rels
23:04:41.872 [main] DEBUG - Save content types part
23:04:41.873 [main] DEBUG - Save package relationships
23:04:41.873 [main] DEBUG - Save part 'docProps/app.xml'
23:04:41.873 [main] DEBUG - Save part 'docProps/core.xml'
23:04:41.873 [main] DEBUG - Save part 'docProps/custom.xml'
23:04:41.873 [main] DEBUG - Save part 'xl/sharedStrings.xml'
23:04:41.873 [main] DEBUG - Save part 'xl/styles.xml'
23:04:41.874 [main] DEBUG - Save part 'xl/theme/theme1.xml'
23:04:41.874 [main] DEBUG - Save part 'xl/workbook.xml'
23:04:41.874 [main] DEBUG - Save part 'xl/worksheets/sheet1.xml'
23:04:41.874 [main] DEBUG - Save part 'xl/worksheets/sheet2.xml'
23:04:41.874 [main] DEBUG - Save part 'xl/worksheets/sheet3.xml'
23:04:41.876 [main] DEBUG - Parsing relationship: /xl/_rels/workbook.xml.rels
23:04:41.876 [main] DEBUG - Parsing relationship: /_rels/.rels
23:04:41.889 [main] DEBUG - Save content types part
23:04:41.889 [main] DEBUG - Save package relationships
23:04:41.889 [main] DEBUG - Save part 'docProps/app.xml'
23:04:41.890 [main] DEBUG - Save part 'docProps/core.xml'
23:04:41.890 [main] DEBUG - Save part 'docProps/custom.xml'
23:04:41.890 [main] DEBUG - Save part 'xl/sharedStrings.xml'
23:04:41.890 [main] DEBUG - Save part 'xl/styles.xml'
23:04:41.890 [main] DEBUG - Save part 'xl/theme/theme1.xml'
23:04:41.890 [main] DEBUG - Save part 'xl/workbook.xml'
23:04:41.891 [main] DEBUG - Save part 'xl/worksheets/sheet1.xml'
23:04:41.891 [main] DEBUG - Save part 'xl/worksheets/sheet2.xml'
23:04:41.891 [main] DEBUG - Save part 'xl/worksheets/sheet3.xml'
23:04:41.893 [main] DEBUG - Parsing relationship: /xl/_rels/workbook.xml.rels
23:04:41.893 [main] DEBUG - Parsing relationship: /_rels/.rels
23:04:41.899 [main] DEBUG - Save content types part
23:04:41.900 [main] DEBUG - Save package relationships
23:04:41.900 [main] DEBUG - Save part 'docProps/app.xml'
23:04:41.900 [main] DEBUG - Save part 'docProps/core.xml'
23:04:41.901 [main] DEBUG - Save part 'docProps/custom.xml'
23:04:41.901 [main] DEBUG - Save part 'xl/sharedStrings.xml'
23:04:41.901 [main] DEBUG - Save part 'xl/styles.xml'
23:04:41.901 [main] DEBUG - Save part 'xl/theme/theme1.xml'
23:04:41.901 [main] DEBUG - Save part 'xl/workbook.xml'
23:04:41.902 [main] DEBUG - Save part 'xl/worksheets/sheet1.xml'
23:04:41.902 [main] DEBUG - Save part 'xl/worksheets/sheet2.xml'
23:04:41.902 [main] DEBUG - Save part 'xl/worksheets/sheet3.xml'
23:04:41.905 [main] DEBUG - Parsing relationship: /xl/_rels/workbook.xml.rels
23:04:41.905 [main] DEBUG - Parsing relationship: /_rels/.rels
23:04:41.916 [main] DEBUG - Save content types part
23:04:41.916 [main] DEBUG - Save package relationships
23:04:41.916 [main] DEBUG - Save part 'docProps/app.xml'
23:04:41.917 [main] DEBUG - Save part 'docProps/core.xml'
23:04:41.917 [main] DEBUG - Save part 'docProps/custom.xml'
23:04:41.917 [main] DEBUG - Save part 'xl/sharedStrings.xml'
23:04:41.917 [main] DEBUG - Save part 'xl/styles.xml'
23:04:41.917 [main] DEBUG - Save part 'xl/theme/theme1.xml'
23:04:41.918 [main] DEBUG - Save part 'xl/workbook.xml'
23:04:41.919 [main] DEBUG - Save part 'xl/worksheets/sheet1.xml'
23:04:41.919 [main] DEBUG - Save part 'xl/worksheets/sheet2.xml'
23:04:41.919 [main] DEBUG - Save part 'xl/worksheets/sheet3.xml'
23:04:41.921 [main] DEBUG - Parsing relationship: /xl/_rels/workbook.xml.rels
23:04:41.921 [main] DEBUG - Parsing relationship: /_rels/.rels
23:04:41.928 [main] DEBUG - Save content types part
23:04:41.928 [main] DEBUG - Save package relationships
23:04:41.929 [main] DEBUG - Save part 'docProps/app.xml'
23:04:41.929 [main] DEBUG - Save part 'docProps/core.xml'
23:04:41.929 [main] DEBUG - Save part 'docProps/custom.xml'
23:04:41.929 [main] DEBUG - Save part 'xl/sharedStrings.xml'
23:04:41.929 [main] DEBUG - Save part 'xl/styles.xml'
23:04:41.929 [main] DEBUG - Save part 'xl/theme/theme1.xml'
23:04:41.930 [main] DEBUG - Save part 'xl/workbook.xml'
23:04:41.930 [main] DEBUG - Save part 'xl/worksheets/sheet1.xml'
23:04:41.930 [main] DEBUG - Save part 'xl/worksheets/sheet2.xml'
23:04:41.930 [main] DEBUG - Save part 'xl/worksheets/sheet3.xml'
23:04:41.932 [main] DEBUG - Parsing relationship: /xl/_rels/workbook.xml.rels
23:04:41.932 [main] DEBUG - Parsing relationship: /_rels/.rels
23:04:41.937 [main] DEBUG - Save content types part
23:04:41.937 [main] DEBUG - Save package relationships
23:04:41.937 [main] DEBUG - Save part 'docProps/app.xml'
23:04:41.938 [main] DEBUG - Save part 'docProps/core.xml'
23:04:41.938 [main] DEBUG - Save part 'docProps/custom.xml'
23:04:41.938 [main] DEBUG - Save part 'xl/sharedStrings.xml'
23:04:41.938 [main] DEBUG - Save part 'xl/styles.xml'
23:04:41.938 [main] DEBUG - Save part 'xl/theme/theme1.xml'
23:04:41.939 [main] DEBUG - Save part 'xl/workbook.xml'
23:04:41.939 [main] DEBUG - Save part 'xl/worksheets/sheet1.xml'
23:04:41.939 [main] DEBUG - Save part 'xl/worksheets/sheet2.xml'
23:04:41.939 [main] DEBUG - Save part 'xl/worksheets/sheet3.xml'
23:04:41.941 [main] DEBUG - Parsing relationship: /xl/_rels/workbook.xml.rels
23:04:41.941 [main] DEBUG - Parsing relationship: /_rels/.rels
23:04:41.948 [main] DEBUG - Save content types part
23:04:41.949 [main] DEBUG - Save package relationships
23:04:41.949 [main] DEBUG - Save part 'docProps/app.xml'
23:04:41.949 [main] DEBUG - Save part 'docProps/core.xml'
23:04:41.949 [main] DEBUG - Save part 'docProps/custom.xml'
23:04:41.949 [main] DEBUG - Save part 'xl/sharedStrings.xml'
23:04:41.949 [main] DEBUG - Save part 'xl/styles.xml'
23:04:41.950 [main] DEBUG - Save part 'xl/theme/theme1.xml'
23:04:41.950 [main] DEBUG - Save part 'xl/workbook.xml'
23:04:41.950 [main] DEBUG - Save part 'xl/worksheets/sheet1.xml'
23:04:41.950 [main] DEBUG - Save part 'xl/worksheets/sheet2.xml'
23:04:41.950 [main] DEBUG - Save part 'xl/worksheets/sheet3.xml'
23:04:41.952 [main] DEBUG - Parsing relationship: /xl/_rels/workbook.xml.rels
23:04:41.952 [main] DEBUG - Parsing relationship: /_rels/.rels
23:04:41.959 [main] DEBUG - Save content types part
23:04:41.960 [main] DEBUG - Save package relationships
23:04:41.960 [main] DEBUG - Save part 'docProps/app.xml'
23:04:41.960 [main] DEBUG - Save part 'docProps/core.xml'
23:04:41.960 [main] DEBUG - Save part 'docProps/custom.xml'
23:04:41.960 [main] DEBUG - Save part 'xl/sharedStrings.xml'
23:04:41.960 [main] DEBUG - Save part 'xl/styles.xml'
23:04:41.961 [main] DEBUG - Save part 'xl/theme/theme1.xml'
23:04:41.961 [main] DEBUG - Save part 'xl/workbook.xml'
23:04:41.961 [main] DEBUG - Save part 'xl/worksheets/sheet1.xml'
23:04:41.961 [main] DEBUG - Save part 'xl/worksheets/sheet2.xml'
23:04:41.961 [main] DEBUG - Save part 'xl/worksheets/sheet3.xml'
23:04:41.963 [main] DEBUG - Parsing relationship: /xl/_rels/workbook.xml.rels
23:04:41.963 [main] DEBUG - Parsing relationship: /_rels/.rels
23:04:41.967 [main] DEBUG - Save content types part
23:04:41.968 [main] DEBUG - Save package relationships
23:04:41.968 [main] DEBUG - Save part 'docProps/app.xml'
23:04:41.968 [main] DEBUG - Save part 'docProps/core.xml'
23:04:41.969 [main] DEBUG - Save part 'docProps/custom.xml'
23:04:41.969 [main] DEBUG - Save part 'xl/sharedStrings.xml'
23:04:41.969 [main] DEBUG - Save part 'xl/styles.xml'
23:04:41.969 [main] DEBUG - Save part 'xl/theme/theme1.xml'
23:04:41.969 [main] DEBUG - Save part 'xl/workbook.xml'
23:04:41.970 [main] DEBUG - Save part 'xl/worksheets/sheet1.xml'
23:04:41.970 [main] DEBUG - Save part 'xl/worksheets/sheet2.xml'
23:04:41.970 [main] DEBUG - Save part 'xl/worksheets/sheet3.xml'
23:04:41.972 [main] DEBUG - Parsing relationship: /xl/_rels/workbook.xml.rels
23:04:41.972 [main] DEBUG - Parsing relationship: /_rels/.rels
23:04:41.978 [main] DEBUG - Save content types part
23:04:41.979 [main] DEBUG - Save package relationships
23:04:41.979 [main] DEBUG - Save part 'docProps/app.xml'
23:04:41.979 [main] DEBUG - Save part 'docProps/core.xml'
23:04:41.980 [main] DEBUG - Save part 'docProps/custom.xml'
23:04:41.980 [main] DEBUG - Save part 'xl/sharedStrings.xml'
23:04:41.980 [main] DEBUG - Save part 'xl/styles.xml'
23:04:41.980 [main] DEBUG - Save part 'xl/theme/theme1.xml'
23:04:41.980 [main] DEBUG - Save part 'xl/workbook.xml'
23:04:41.980 [main] DEBUG - Save part 'xl/worksheets/sheet1.xml'
23:04:41.980 [main] DEBUG - Save part 'xl/worksheets/sheet2.xml'
23:04:41.980 [main] DEBUG - Save part 'xl/worksheets/sheet3.xml'
23:04:41.982 [main] DEBUG - Parsing relationship: /xl/_rels/workbook.xml.rels
23:04:41.982 [main] DEBUG - Parsing relationship: /_rels/.rels
23:04:41.991 [main] DEBUG - Save content types part
23:04:41.991 [main] DEBUG - Save package relationships
23:04:41.991 [main] DEBUG - Save part 'docProps/app.xml'
23:04:41.992 [main] DEBUG - Save part 'docProps/core.xml'
23:04:41.992 [main] DEBUG - Save part 'docProps/custom.xml'
23:04:41.992 [main] DEBUG - Save part 'xl/sharedStrings.xml'
23:04:41.992 [main] DEBUG - Save part 'xl/styles.xml'
23:04:41.992 [main] DEBUG - Save part 'xl/theme/theme1.xml'
23:04:41.992 [main] DEBUG - Save part 'xl/workbook.xml'
23:04:41.992 [main] DEBUG - Save part 'xl/worksheets/sheet1.xml'
23:04:41.993 [main] DEBUG - Save part 'xl/worksheets/sheet2.xml'
23:04:41.993 [main] DEBUG - Save part 'xl/worksheets/sheet3.xml'
23:04:41.994 [main] DEBUG - Parsing relationship: /xl/_rels/workbook.xml.rels
23:04:41.994 [main] DEBUG - Parsing relationship: /_rels/.rels
23:04:41.999 [main] DEBUG - Save content types part
23:04:42.000 [main] DEBUG - Save package relationships
23:04:42.000 [main] DEBUG - Save part 'docProps/app.xml'
23:04:42.000 [main] DEBUG - Save part 'docProps/core.xml'
23:04:42.000 [main] DEBUG - Save part 'docProps/custom.xml'
23:04:42.000 [main] DEBUG - Save part 'xl/sharedStrings.xml'
23:04:42.000 [main] DEBUG - Save part 'xl/styles.xml'
23:04:42.001 [main] DEBUG - Save part 'xl/theme/theme1.xml'
23:04:42.001 [main] DEBUG - Save part 'xl/workbook.xml'
23:04:42.001 [main] DEBUG - Save part 'xl/worksheets/sheet1.xml'
23:04:42.002 [main] DEBUG - Save part 'xl/worksheets/sheet2.xml'
23:04:42.002 [main] DEBUG - Save part 'xl/worksheets/sheet3.xml'
23:04:42.003 [main] DEBUG - Parsing relationship: /xl/_rels/workbook.xml.rels
23:04:42.004 [main] DEBUG - Parsing relationship: /_rels/.rels
23:04:42.010 [main] DEBUG - Save content types part
23:04:42.011 [main] DEBUG - Save package relationships
23:04:42.011 [main] DEBUG - Save part 'docProps/app.xml'
23:04:42.011 [main] DEBUG - Save part 'docProps/core.xml'
23:04:42.011 [main] DEBUG - Save part 'docProps/custom.xml'
23:04:42.011 [main] DEBUG - Save part 'xl/sharedStrings.xml'
23:04:42.011 [main] DEBUG - Save part 'xl/styles.xml'
23:04:42.012 [main] DEBUG - Save part 'xl/theme/theme1.xml'
23:04:42.012 [main] DEBUG - Save part 'xl/workbook.xml'
23:04:42.012 [main] DEBUG - Save part 'xl/worksheets/sheet1.xml'
23:04:42.012 [main] DEBUG - Save part 'xl/worksheets/sheet2.xml'
23:04:42.012 [main] DEBUG - Save part 'xl/worksheets/sheet3.xml'
23:04:42.014 [main] DEBUG - Parsing relationship: /xl/_rels/workbook.xml.rels
23:04:42.014 [main] DEBUG - Parsing relationship: /_rels/.rels
23:04:42.022 [main] DEBUG - Save content types part
23:04:42.023 [main] DEBUG - Save package relationships
23:04:42.023 [main] DEBUG - Save part 'docProps/app.xml'
23:04:42.023 [main] DEBUG - Save part 'docProps/core.xml'
23:04:42.023 [main] DEBUG - Save part 'docProps/custom.xml'
23:04:42.023 [main] DEBUG - Save part 'xl/sharedStrings.xml'
23:04:42.023 [main] DEBUG - Save part 'xl/styles.xml'
23:04:42.024 [main] DEBUG - Save part 'xl/theme/theme1.xml'
23:04:42.024 [main] DEBUG - Save part 'xl/workbook.xml'
23:04:42.024 [main] DEBUG - Save part 'xl/worksheets/sheet1.xml'
23:04:42.024 [main] DEBUG - Save part 'xl/worksheets/sheet2.xml'
23:04:42.024 [main] DEBUG - Save part 'xl/worksheets/sheet3.xml'
23:04:42.026 [main] DEBUG - Parsing relationship: /xl/_rels/workbook.xml.rels
23:04:42.026 [main] DEBUG - Parsing relationship: /_rels/.rels
23:04:42.031 [main] DEBUG - Save content types part
23:04:42.031 [main] DEBUG - Save package relationships
23:04:42.031 [main] DEBUG - Save part 'docProps/app.xml'
23:04:42.032 [main] DEBUG - Save part 'docProps/core.xml'
23:04:42.032 [main] DEBUG - Save part 'docProps/custom.xml'
23:04:42.032 [main] DEBUG - Save part 'xl/sharedStrings.xml'
23:04:42.032 [main] DEBUG - Save part 'xl/styles.xml'
23:04:42.032 [main] DEBUG - Save part 'xl/theme/theme1.xml'
23:04:42.032 [main] DEBUG - Save part 'xl/workbook.xml'
23:04:42.033 [main] DEBUG - Save part 'xl/worksheets/sheet1.xml'
23:04:42.033 [main] DEBUG - Save part 'xl/worksheets/sheet2.xml'
23:04:42.033 [main] DEBUG - Save part 'xl/worksheets/sheet3.xml'
23:04:42.035 [main] DEBUG - Parsing relationship: /xl/_rels/workbook.xml.rels
23:04:42.035 [main] DEBUG - Parsing relationship: /_rels/.rels
23:04:42.042 [main] DEBUG - Save content types part
23:04:42.042 [main] DEBUG - Save package relationships
23:04:42.042 [main] DEBUG - Save part 'docProps/app.xml'
23:04:42.042 [main] DEBUG - Save part 'docProps/core.xml'
23:04:42.043 [main] DEBUG - Save part 'docProps/custom.xml'
23:04:42.043 [main] DEBUG - Save part 'xl/sharedStrings.xml'
23:04:42.043 [main] DEBUG - Save part 'xl/styles.xml'
23:04:42.043 [main] DEBUG - Save part 'xl/theme/theme1.xml'
23:04:42.043 [main] DEBUG - Save part 'xl/workbook.xml'
23:04:42.043 [main] DEBUG - Save part 'xl/worksheets/sheet1.xml'
23:04:42.044 [main] DEBUG - Save part 'xl/worksheets/sheet2.xml'
23:04:42.044 [main] DEBUG - Save part 'xl/worksheets/sheet3.xml'
23:04:42.045 [main] DEBUG - Parsing relationship: /xl/_rels/workbook.xml.rels
23:04:42.045 [main] DEBUG - Parsing relationship: /_rels/.rels
23:04:42.053 [main] DEBUG - Save content types part
23:04:42.053 [main] DEBUG - Save package relationships
23:04:42.053 [main] DEBUG - Save part 'docProps/app.xml'
23:04:42.053 [main] DEBUG - Save part 'docProps/core.xml'
23:04:42.054 [main] DEBUG - Save part 'docProps/custom.xml'
23:04:42.054 [main] DEBUG - Save part 'xl/sharedStrings.xml'
23:04:42.054 [main] DEBUG - Save part 'xl/styles.xml'
23:04:42.054 [main] DEBUG - Save part 'xl/theme/theme1.xml'
23:04:42.054 [main] DEBUG - Save part 'xl/workbook.xml'
23:04:42.054 [main] DEBUG - Save part 'xl/worksheets/sheet1.xml'
23:04:42.055 [main] DEBUG - Save part 'xl/worksheets/sheet2.xml'
23:04:42.055 [main] DEBUG - Save part 'xl/worksheets/sheet3.xml'
23:04:42.056 [main] DEBUG - Parsing relationship: /xl/_rels/workbook.xml.rels
23:04:42.056 [main] DEBUG - Parsing relationship: /_rels/.rels
23:04:42.062 [main] DEBUG - Save content types part
23:04:42.062 [main] DEBUG - Save package relationships
23:04:42.062 [main] DEBUG - Save part 'docProps/app.xml'
23:04:42.063 [main] DEBUG - Save part 'docProps/core.xml'
23:04:42.063 [main] DEBUG - Save part 'docProps/custom.xml'
23:04:42.063 [main] DEBUG - Save part 'xl/sharedStrings.xml'
23:04:42.063 [main] DEBUG - Save part 'xl/styles.xml'
23:04:42.063 [main] DEBUG - Save part 'xl/theme/theme1.xml'
23:04:42.063 [main] DEBUG - Save part 'xl/workbook.xml'
23:04:42.064 [main] DEBUG - Save part 'xl/worksheets/sheet1.xml'
23:04:42.064 [main] DEBUG - Save part 'xl/worksheets/sheet2.xml'
23:04:42.064 [main] DEBUG - Save part 'xl/worksheets/sheet3.xml'
23:04:42.066 [main] DEBUG - Parsing relationship: /xl/_rels/workbook.xml.rels
23:04:42.066 [main] DEBUG - Parsing relationship: /_rels/.rels
23:04:42.074 [main] DEBUG - Save content types part
23:04:42.074 [main] DEBUG - Save package relationships
23:04:42.075 [main] DEBUG - Save part 'docProps/app.xml'
23:04:42.075 [main] DEBUG - Save part 'docProps/core.xml'
23:04:42.075 [main] DEBUG - Save part 'docProps/custom.xml'
23:04:42.075 [main] DEBUG - Save part 'xl/sharedStrings.xml'
23:04:42.075 [main] DEBUG - Save part 'xl/styles.xml'
23:04:42.075 [main] DEBUG - Save part 'xl/theme/theme1.xml'
23:04:42.075 [main] DEBUG - Save part 'xl/workbook.xml'
23:04:42.076 [main] DEBUG - Save part 'xl/worksheets/sheet1.xml'
23:04:42.076 [main] DEBUG - Save part 'xl/worksheets/sheet2.xml'
23:04:42.076 [main] DEBUG - Save part 'xl/worksheets/sheet3.xml'
23:04:42.077 [main] DEBUG - Parsing relationship: /xl/_rels/workbook.xml.rels
23:04:42.078 [main] DEBUG - Parsing relationship: /_rels/.rels
23:04:42.084 [main] DEBUG - Save content types part
23:04:42.085 [main] DEBUG - Save package relationships
23:04:42.085 [main] DEBUG - Save part 'docProps/app.xml'
23:04:42.085 [main] DEBUG - Save part 'docProps/core.xml'
23:04:42.085 [main] DEBUG - Save part 'docProps/custom.xml'
23:04:42.086 [main] DEBUG - Save part 'xl/sharedStrings.xml'
23:04:42.086 [main] DEBUG - Save part 'xl/styles.xml'
23:04:42.086 [main] DEBUG - Save part 'xl/theme/theme1.xml'
23:04:42.086 [main] DEBUG - Save part 'xl/workbook.xml'
23:04:42.086 [main] DEBUG - Save part 'xl/worksheets/sheet1.xml'
23:04:42.086 [main] DEBUG - Save part 'xl/worksheets/sheet2.xml'
23:04:42.086 [main] DEBUG - Save part 'xl/worksheets/sheet3.xml'
23:04:42.088 [main] DEBUG - Parsing relationship: /xl/_rels/workbook.xml.rels
23:04:42.089 [main] DEBUG - Parsing relationship: /_rels/.rels
23:04:42.095 [main] DEBUG - Save content types part
23:04:42.095 [main] DEBUG - Save package relationships
23:04:42.095 [main] DEBUG - Save part 'docProps/app.xml'
23:04:42.096 [main] DEBUG - Save part 'docProps/core.xml'
23:04:42.096 [main] DEBUG - Save part 'docProps/custom.xml'
23:04:42.096 [main] DEBUG - Save part 'xl/sharedStrings.xml'
23:04:42.096 [main] DEBUG - Save part 'xl/styles.xml'
23:04:42.096 [main] DEBUG - Save part 'xl/theme/theme1.xml'
23:04:42.096 [main] DEBUG - Save part 'xl/workbook.xml'
23:04:42.097 [main] DEBUG - Save part 'xl/worksheets/sheet1.xml'
23:04:42.097 [main] DEBUG - Save part 'xl/worksheets/sheet2.xml'
23:04:42.097 [main] DEBUG - Save part 'xl/worksheets/sheet3.xml'
23:04:42.099 [main] DEBUG - Parsing relationship: /xl/_rels/workbook.xml.rels
23:04:42.099 [main] DEBUG - Parsing relationship: /_rels/.rels
23:04:42.105 [main] DEBUG - Save content types part
23:04:42.105 [main] DEBUG - Save package relationships
23:04:42.106 [main] DEBUG - Save part 'docProps/app.xml'
23:04:42.106 [main] DEBUG - Save part 'docProps/core.xml'
23:04:42.106 [main] DEBUG - Save part 'docProps/custom.xml'
23:04:42.106 [main] DEBUG - Save part 'xl/sharedStrings.xml'
23:04:42.106 [main] DEBUG - Save part 'xl/styles.xml'
23:04:42.106 [main] DEBUG - Save part 'xl/theme/theme1.xml'
23:04:42.106 [main] DEBUG - Save part 'xl/workbook.xml'
23:04:42.107 [main] DEBUG - Save part 'xl/worksheets/sheet1.xml'
23:04:42.107 [main] DEBUG - Save part 'xl/worksheets/sheet2.xml'
23:04:42.107 [main] DEBUG - Save part 'xl/worksheets/sheet3.xml'
23:04:42.108 [main] DEBUG - Parsing relationship: /xl/_rels/workbook.xml.rels
23:04:42.109 [main] DEBUG - Parsing relationship: /_rels/.rels
23:04:42.115 [main] DEBUG - Save content types part
23:04:42.115 [main] DEBUG - Save package relationships
23:04:42.115 [main] DEBUG - Save part 'docProps/app.xml'
23:04:42.115 [main] DEBUG - Save part 'docProps/core.xml'
23:04:42.116 [main] DEBUG - Save part 'docProps/custom.xml'
23:04:42.116 [main] DEBUG - Save part 'xl/sharedStrings.xml'
23:04:42.116 [main] DEBUG - Save part 'xl/styles.xml'
23:04:42.116 [main] DEBUG - Save part 'xl/theme/theme1.xml'
23:04:42.116 [main] DEBUG - Save part 'xl/workbook.xml'
23:04:42.116 [main] DEBUG - Save part 'xl/worksheets/sheet1.xml'
23:04:42.116 [main] DEBUG - Save part 'xl/worksheets/sheet2.xml'
23:04:42.116 [main] DEBUG - Save part 'xl/worksheets/sheet3.xml'
23:04:42.118 [main] DEBUG - Parsing relationship: /xl/_rels/workbook.xml.rels
23:04:42.118 [main] DEBUG - Parsing relationship: /_rels/.rels
23:04:42.123 [main] DEBUG - Save content types part
23:04:42.123 [main] DEBUG - Save package relationships
23:04:42.124 [main] DEBUG - Save part 'docProps/app.xml'
23:04:42.124 [main] DEBUG - Save part 'docProps/core.xml'
23:04:42.124 [main] DEBUG - Save part 'docProps/custom.xml'
23:04:42.124 [main] DEBUG - Save part 'xl/sharedStrings.xml'
23:04:42.124 [main] DEBUG - Save part 'xl/styles.xml'
23:04:42.125 [main] DEBUG - Save part 'xl/theme/theme1.xml'
23:04:42.125 [main] DEBUG - Save part 'xl/workbook.xml'
23:04:42.125 [main] DEBUG - Save part 'xl/worksheets/sheet1.xml'
23:04:42.125 [main] DEBUG - Save part 'xl/worksheets/sheet2.xml'
23:04:42.125 [main] DEBUG - Save part 'xl/worksheets/sheet3.xml'
23:04:42.127 [main] DEBUG - Parsing relationship: /xl/_rels/workbook.xml.rels
23:04:42.127 [main] DEBUG - Parsing relationship: /_rels/.rels
23:04:42.133 [main] DEBUG - Save content types part
23:04:42.134 [main] DEBUG - Save package relationships
23:04:42.134 [main] DEBUG - Save part 'docProps/app.xml'
23:04:42.134 [main] DEBUG - Save part 'docProps/core.xml'
23:04:42.134 [main] DEBUG - Save part 'docProps/custom.xml'
23:04:42.134 [main] DEBUG - Save part 'xl/sharedStrings.xml'
23:04:42.134 [main] DEBUG - Save part 'xl/styles.xml'
23:04:42.134 [main] DEBUG - Save part 'xl/theme/theme1.xml'
23:04:42.135 [main] DEBUG - Save part 'xl/workbook.xml'
23:04:42.135 [main] DEBUG - Save part 'xl/worksheets/sheet1.xml'
23:04:42.135 [main] DEBUG - Save part 'xl/worksheets/sheet2.xml'
23:04:42.135 [main] DEBUG - Save part 'xl/worksheets/sheet3.xml'
23:04:42.136 [main] DEBUG - Parsing relationship: /xl/_rels/workbook.xml.rels
23:04:42.137 [main] DEBUG - Parsing relationship: /_rels/.rels
23:04:42.143 [main] DEBUG - Save content types part
23:04:42.143 [main] DEBUG - Save package relationships
23:04:42.143 [main] DEBUG - Save part 'docProps/app.xml'
23:04:42.143 [main] DEBUG - Save part 'docProps/core.xml'
23:04:42.143 [main] DEBUG - Save part 'docProps/custom.xml'
23:04:42.144 [main] DEBUG - Save part 'xl/sharedStrings.xml'
23:04:42.144 [main] DEBUG - Save part 'xl/styles.xml'
23:04:42.144 [main] DEBUG - Save part 'xl/theme/theme1.xml'
23:04:42.144 [main] DEBUG - Save part 'xl/workbook.xml'
23:04:42.144 [main] DEBUG - Save part 'xl/worksheets/sheet1.xml'
23:04:42.144 [main] DEBUG - Save part 'xl/worksheets/sheet2.xml'
23:04:42.144 [main] DEBUG - Save part 'xl/worksheets/sheet3.xml'
23:04:42.146 [main] DEBUG - Parsing relationship: /xl/_rels/workbook.xml.rels
23:04:42.146 [main] DEBUG - Parsing relationship: /_rels/.rels
23:04:42.150 [main] DEBUG - Save content types part
23:04:42.150 [main] DEBUG - Save package relationships
23:04:42.151 [main] DEBUG - Save part 'docProps/app.xml'
23:04:42.151 [main] DEBUG - Save part 'docProps/core.xml'
23:04:42.151 [main] DEBUG - Save part 'docProps/custom.xml'
23:04:42.151 [main] DEBUG - Save part 'xl/sharedStrings.xml'
23:04:42.151 [main] DEBUG - Save part 'xl/styles.xml'
23:04:42.151 [main] DEBUG - Save part 'xl/theme/theme1.xml'
23:04:42.151 [main] DEBUG - Save part 'xl/workbook.xml'
23:04:42.152 [main] DEBUG - Save part 'xl/worksheets/sheet1.xml'
23:04:42.152 [main] DEBUG - Save part 'xl/worksheets/sheet2.xml'
23:04:42.152 [main] DEBUG - Save part 'xl/worksheets/sheet3.xml'
23:04:42.154 [main] DEBUG - Parsing relationship: /xl/_rels/workbook.xml.rels
23:04:42.154 [main] DEBUG - Parsing relationship: /_rels/.rels
23:04:42.160 [main] DEBUG - Save content types part
23:04:42.160 [main] DEBUG - Save package relationships
23:04:42.160 [main] DEBUG - Save part 'docProps/app.xml'
23:04:42.161 [main] DEBUG - Save part 'docProps/core.xml'
23:04:42.161 [main] DEBUG - Save part 'docProps/custom.xml'
23:04:42.161 [main] DEBUG - Save part 'xl/sharedStrings.xml'
23:04:42.161 [main] DEBUG - Save part 'xl/styles.xml'
23:04:42.161 [main] DEBUG - Save part 'xl/theme/theme1.xml'
23:04:42.161 [main] DEBUG - Save part 'xl/workbook.xml'
23:04:42.162 [main] DEBUG - Save part 'xl/worksheets/sheet1.xml'
23:04:42.162 [main] DEBUG - Save part 'xl/worksheets/sheet2.xml'
23:04:42.162 [main] DEBUG - Save part 'xl/worksheets/sheet3.xml'
23:04:42.163 [main] DEBUG - Parsing relationship: /xl/_rels/workbook.xml.rels
23:04:42.164 [main] DEBUG - Parsing relationship: /_rels/.rels
23:04:42.171 [main] DEBUG - Save content types part
23:04:42.171 [main] DEBUG - Save package relationships
23:04:42.171 [main] DEBUG - Save part 'docProps/app.xml'
23:04:42.171 [main] DEBUG - Save part 'docProps/core.xml'
23:04:42.172 [main] DEBUG - Save part 'docProps/custom.xml'
23:04:42.172 [main] DEBUG - Save part 'xl/sharedStrings.xml'
23:04:42.172 [main] DEBUG - Save part 'xl/styles.xml'
23:04:42.172 [main] DEBUG - Save part 'xl/theme/theme1.xml'
23:04:42.172 [main] DEBUG - Save part 'xl/workbook.xml'
23:04:42.172 [main] DEBUG - Save part 'xl/worksheets/sheet1.xml'
23:04:42.172 [main] DEBUG - Save part 'xl/worksheets/sheet2.xml'
23:04:42.172 [main] DEBUG - Save part 'xl/worksheets/sheet3.xml'
23:04:42.174 [main] DEBUG - Parsing relationship: /xl/_rels/workbook.xml.rels
23:04:42.174 [main] DEBUG - Parsing relationship: /_rels/.rels
23:04:42.178 [main] DEBUG - Save content types part
23:04:42.179 [main] DEBUG - Save package relationships
23:04:42.179 [main] DEBUG - Save part 'docProps/app.xml'
23:04:42.179 [main] DEBUG - Save part 'docProps/core.xml'
23:04:42.179 [main] DEBUG - Save part 'docProps/custom.xml'
23:04:42.180 [main] DEBUG - Save part 'xl/sharedStrings.xml'
23:04:42.180 [main] DEBUG - Save part 'xl/styles.xml'
23:04:42.180 [main] DEBUG - Save part 'xl/theme/theme1.xml'
23:04:42.180 [main] DEBUG - Save part 'xl/workbook.xml'
23:04:42.180 [main] DEBUG - Save part 'xl/worksheets/sheet1.xml'
23:04:42.180 [main] DEBUG - Save part 'xl/worksheets/sheet2.xml'
23:04:42.181 [main] DEBUG - Save part 'xl/worksheets/sheet3.xml'
23:04:42.182 [main] DEBUG - Parsing relationship: /xl/_rels/workbook.xml.rels
23:04:42.183 [main] DEBUG - Parsing relationship: /_rels/.rels
23:04:42.191 [main] DEBUG - Save content types part
23:04:42.191 [main] DEBUG - Save package relationships
23:04:42.192 [main] DEBUG - Save part 'docProps/app.xml'
23:04:42.192 [main] DEBUG - Save part 'docProps/core.xml'
23:04:42.192 [main] DEBUG - Save part 'docProps/custom.xml'
23:04:42.192 [main] DEBUG - Save part 'xl/sharedStrings.xml'
23:04:42.192 [main] DEBUG - Save part 'xl/styles.xml'
23:04:42.192 [main] DEBUG - Save part 'xl/theme/theme1.xml'
23:04:42.192 [main] DEBUG - Save part 'xl/workbook.xml'
23:04:42.193 [main] DEBUG - Save part 'xl/worksheets/sheet1.xml'
23:04:42.193 [main] DEBUG - Save part 'xl/worksheets/sheet2.xml'
23:04:42.193 [main] DEBUG - Save part 'xl/worksheets/sheet3.xml'
23:04:42.197 [main] DEBUG - Parsing relationship: /xl/_rels/workbook.xml.rels
23:04:42.197 [main] DEBUG - Parsing relationship: /_rels/.rels
23:04:42.204 [main] DEBUG - Save content types part
23:04:42.204 [main] DEBUG - Save package relationships
23:04:42.204 [main] DEBUG - Save part 'docProps/app.xml'
23:04:42.204 [main] DEBUG - Save part 'docProps/core.xml'
23:04:42.205 [main] DEBUG - Save part 'docProps/custom.xml'
23:04:42.205 [main] DEBUG - Save part 'xl/sharedStrings.xml'
23:04:42.205 [main] DEBUG - Save part 'xl/styles.xml'
23:04:42.205 [main] DEBUG - Save part 'xl/theme/theme1.xml'
23:04:42.205 [main] DEBUG - Save part 'xl/workbook.xml'
23:04:42.205 [main] DEBUG - Save part 'xl/worksheets/sheet1.xml'
23:04:42.205 [main] DEBUG - Save part 'xl/worksheets/sheet2.xml'
23:04:42.205 [main] DEBUG - Save part 'xl/worksheets/sheet3.xml'
23:04:42.207 [main] DEBUG - Parsing relationship: /xl/_rels/workbook.xml.rels
23:04:42.208 [main] DEBUG - Parsing relationship: /_rels/.rels
23:04:42.212 [main] DEBUG - Save content types part
23:04:42.213 [main] DEBUG - Save package relationships
23:04:42.213 [main] DEBUG - Save part 'docProps/app.xml'
23:04:42.213 [main] DEBUG - Save part 'docProps/core.xml'
23:04:42.214 [main] DEBUG - Save part 'docProps/custom.xml'
23:04:42.214 [main] DEBUG - Save part 'xl/sharedStrings.xml'
23:04:42.214 [main] DEBUG - Save part 'xl/styles.xml'
23:04:42.214 [main] DEBUG - Save part 'xl/theme/theme1.xml'
23:04:42.214 [main] DEBUG - Save part 'xl/workbook.xml'
23:04:42.215 [main] DEBUG - Save part 'xl/worksheets/sheet1.xml'
23:04:42.215 [main] DEBUG - Save part 'xl/worksheets/sheet2.xml'
23:04:42.215 [main] DEBUG - Save part 'xl/worksheets/sheet3.xml'
23:04:42.216 [main] DEBUG - Parsing relationship: /xl/_rels/workbook.xml.rels
23:04:42.217 [main] DEBUG - Parsing relationship: /_rels/.rels
23:04:42.223 [main] DEBUG - Save content types part
23:04:42.224 [main] DEBUG - Save package relationships
23:04:42.224 [main] DEBUG - Save part 'docProps/app.xml'
23:04:42.224 [main] DEBUG - Save part 'docProps/core.xml'
23:04:42.224 [main] DEBUG - Save part 'docProps/custom.xml'
23:04:42.224 [main] DEBUG - Save part 'xl/sharedStrings.xml'
23:04:42.224 [main] DEBUG - Save part 'xl/styles.xml'
23:04:42.224 [main] DEBUG - Save part 'xl/theme/theme1.xml'
23:04:42.225 [main] DEBUG - Save part 'xl/workbook.xml'
23:04:42.225 [main] DEBUG - Save part 'xl/worksheets/sheet1.xml'
23:04:42.225 [main] DEBUG - Save part 'xl/worksheets/sheet2.xml'
23:04:42.225 [main] DEBUG - Save part 'xl/worksheets/sheet3.xml'
23:04:42.226 [main] DEBUG - Parsing relationship: /xl/_rels/workbook.xml.rels
23:04:42.227 [main] DEBUG - Parsing relationship: /_rels/.rels
23:04:42.233 [main] DEBUG - Save content types part
23:04:42.234 [main] DEBUG - Save package relationships
23:04:42.234 [main] DEBUG - Save part 'docProps/app.xml'
23:04:42.234 [main] DEBUG - Save part 'docProps/core.xml'
23:04:42.234 [main] DEBUG - Save part 'docProps/custom.xml'
23:04:42.234 [main] DEBUG - Save part 'xl/sharedStrings.xml'
23:04:42.234 [main] DEBUG - Save part 'xl/styles.xml'
23:04:42.235 [main] DEBUG - Save part 'xl/theme/theme1.xml'
23:04:42.235 [main] DEBUG - Save part 'xl/workbook.xml'
23:04:42.235 [main] DEBUG - Save part 'xl/worksheets/sheet1.xml'
23:04:42.235 [main] DEBUG - Save part 'xl/worksheets/sheet2.xml'
23:04:42.235 [main] DEBUG - Save part 'xl/worksheets/sheet3.xml'
23:04:42.237 [main] DEBUG - Parsing relationship: /xl/_rels/workbook.xml.rels
23:04:42.237 [main] DEBUG - Parsing relationship: /_rels/.rels
23:04:42.242 [main] DEBUG - Save content types part
23:04:42.243 [main] DEBUG - Save package relationships
23:04:42.243 [main] DEBUG - Save part 'docProps/app.xml'
23:04:42.243 [main] DEBUG - Save part 'docProps/core.xml'
23:04:42.243 [main] DEBUG - Save part 'docProps/custom.xml'
23:04:42.243 [main] DEBUG - Save part 'xl/sharedStrings.xml'
23:04:42.243 [main] DEBUG - Save part 'xl/styles.xml'
23:04:42.244 [main] DEBUG - Save part 'xl/theme/theme1.xml'
23:04:42.244 [main] DEBUG - Save part 'xl/workbook.xml'
23:04:42.244 [main] DEBUG - Save part 'xl/worksheets/sheet1.xml'
23:04:42.244 [main] DEBUG - Save part 'xl/worksheets/sheet2.xml'
23:04:42.244 [main] DEBUG - Save part 'xl/worksheets/sheet3.xml'
23:04:42.246 [main] DEBUG - Parsing relationship: /xl/_rels/workbook.xml.rels
23:04:42.246 [main] DEBUG - Parsing relationship: /_rels/.rels
